[2024-05-31T16:25:54.330+0000] {local_task_job_runner.py:120} INFO - ::group::Pre task execution logs
[2024-05-31T16:25:54.359+0000] {taskinstance.py:2076} INFO - Dependencies all met for dep_context=non-requeueable deps ti=<TaskInstance: my_weather_workflow_DAG_v04.is_api_city_api_ready manual__2024-05-31T11:14:41.858816+00:00 [queued]>
[2024-05-31T16:25:54.369+0000] {taskinstance.py:2076} INFO - Dependencies all met for dep_context=requeueable deps ti=<TaskInstance: my_weather_workflow_DAG_v04.is_api_city_api_ready manual__2024-05-31T11:14:41.858816+00:00 [queued]>
[2024-05-31T16:25:54.371+0000] {taskinstance.py:2306} INFO - Starting attempt 11 of 16
[2024-05-31T16:25:54.388+0000] {taskinstance.py:2330} INFO - Executing <Task(HttpSensor): is_api_city_api_ready> on 2024-05-31 11:14:41.858816+00:00
[2024-05-31T16:25:54.397+0000] {logging_mixin.py:188} WARNING - /home/***/.local/lib/python3.12/site-packages/***/task/task_runner/standard_task_runner.py:61 DeprecationWarning: This process (pid=1466) is multi-threaded, use of fork() may lead to deadlocks in the child.
[2024-05-31T16:25:54.399+0000] {standard_task_runner.py:63} INFO - Started process 1468 to run task
[2024-05-31T16:25:54.399+0000] {standard_task_runner.py:90} INFO - Running: ['***', 'tasks', 'run', 'my_weather_workflow_DAG_v04', 'is_api_city_api_ready', 'manual__2024-05-31T11:14:41.858816+00:00', '--job-id', '410', '--raw', '--subdir', 'DAGS_FOLDER/weather_dag.py', '--cfg-path', '/tmp/tmpqab8zym2']
[2024-05-31T16:25:54.403+0000] {standard_task_runner.py:91} INFO - Job 410: Subtask is_api_city_api_ready
[2024-05-31T16:25:54.488+0000] {task_command.py:426} INFO - Running <TaskInstance: my_weather_workflow_DAG_v04.is_api_city_api_ready manual__2024-05-31T11:14:41.858816+00:00 [running]> on host cd9caf1c47f0
[2024-05-31T16:25:54.608+0000] {taskinstance.py:2648} INFO - Exporting env vars: AIRFLOW_CTX_DAG_OWNER='Khang' AIRFLOW_CTX_DAG_ID='my_weather_workflow_DAG_v04' AIRFLOW_CTX_TASK_ID='is_api_city_api_ready' AIRFLOW_CTX_EXECUTION_DATE='2024-05-31T11:14:41.858816+00:00' AIRFLOW_CTX_TRY_NUMBER='11' AIRFLOW_CTX_DAG_RUN_ID='manual__2024-05-31T11:14:41.858816+00:00'
[2024-05-31T16:25:54.609+0000] {taskinstance.py:430} INFO - ::endgroup::
[2024-05-31T16:25:54.624+0000] {baseoperator.py:399} WARNING - HttpSensor.execute cannot be called outside TaskInstance!
[2024-05-31T16:25:54.625+0000] {http.py:137} INFO - Poking: /v1/geo/cities/Q25315
[2024-05-31T16:25:54.641+0000] {base.py:84} INFO - Using connection ID 'city_map_api_connection' for task execution.
[2024-05-31T16:25:55.167+0000] {base.py:294} INFO - Success criteria met. Exiting.
[2024-05-31T16:25:55.169+0000] {taskinstance.py:441} INFO - ::group::Post task execution logs
[2024-05-31T16:25:55.186+0000] {taskinstance.py:1206} INFO - Marking task as SUCCESS. dag_id=my_weather_workflow_DAG_v04, task_id=is_api_city_api_ready, run_id=manual__2024-05-31T11:14:41.858816+00:00, execution_date=20240531T111441, start_date=20240531T162554, end_date=20240531T162555
[2024-05-31T16:25:55.217+0000] {local_task_job_runner.py:240} INFO - Task exited with return code 0
[2024-05-31T16:25:55.237+0000] {logging_mixin.py:188} WARNING - /home/***/.local/lib/python3.12/site-packages/***/models/baseoperator.py:1296 AirflowProviderDeprecationWarning: Call to deprecated class SimpleHttpOperator. (Class `SimpleHttpOperator` is deprecated and will be removed in a future release. Please use `HttpOperator` instead.)
[2024-05-31T16:25:55.265+0000] {taskinstance.py:3498} INFO - 1 downstream tasks scheduled from follow-on schedule check
[2024-05-31T16:25:55.268+0000] {local_task_job_runner.py:222} INFO - ::endgroup::
