[2024-06-03T11:22:42.660+0000] {local_task_job_runner.py:120} INFO - ::group::Pre task execution logs
[2024-06-03T11:22:42.682+0000] {taskinstance.py:2076} INFO - Dependencies all met for dep_context=non-requeueable deps ti=<TaskInstance: city_data_workflow_DAG_final.delete_files_csv manual__2024-06-03T11:05:27.638846+00:00 [queued]>
[2024-06-03T11:22:42.691+0000] {taskinstance.py:2076} INFO - Dependencies all met for dep_context=requeueable deps ti=<TaskInstance: city_data_workflow_DAG_final.delete_files_csv manual__2024-06-03T11:05:27.638846+00:00 [queued]>
[2024-06-03T11:22:42.692+0000] {taskinstance.py:2306} INFO - Starting attempt 1 of 6
[2024-06-03T11:22:42.706+0000] {taskinstance.py:2330} INFO - Executing <Task(PythonOperator): delete_files_csv> on 2024-06-03 11:05:27.638846+00:00
[2024-06-03T11:22:42.714+0000] {logging_mixin.py:188} WARNING - /home/***/.local/lib/python3.12/site-packages/***/task/task_runner/standard_task_runner.py:61 DeprecationWarning: This process (pid=1381) is multi-threaded, use of fork() may lead to deadlocks in the child.
[2024-06-03T11:22:42.715+0000] {standard_task_runner.py:63} INFO - Started process 1385 to run task
[2024-06-03T11:22:42.714+0000] {standard_task_runner.py:90} INFO - Running: ['***', 'tasks', 'run', 'city_data_workflow_DAG_final', 'delete_files_csv', 'manual__2024-06-03T11:05:27.638846+00:00', '--job-id', '1070', '--raw', '--subdir', 'DAGS_FOLDER/tasks_flow.py', '--cfg-path', '/tmp/tmpo2ow249k']
[2024-06-03T11:22:42.716+0000] {standard_task_runner.py:91} INFO - Job 1070: Subtask delete_files_csv
[2024-06-03T11:22:42.776+0000] {task_command.py:426} INFO - Running <TaskInstance: city_data_workflow_DAG_final.delete_files_csv manual__2024-06-03T11:05:27.638846+00:00 [running]> on host cd9caf1c47f0
[2024-06-03T11:22:42.867+0000] {taskinstance.py:2648} INFO - Exporting env vars: AIRFLOW_CTX_DAG_OWNER='Khang' AIRFLOW_CTX_DAG_ID='city_data_workflow_DAG_final' AIRFLOW_CTX_TASK_ID='delete_files_csv' AIRFLOW_CTX_EXECUTION_DATE='2024-06-03T11:05:27.638846+00:00' AIRFLOW_CTX_TRY_NUMBER='1' AIRFLOW_CTX_DAG_RUN_ID='manual__2024-06-03T11:05:27.638846+00:00'
[2024-06-03T11:22:42.868+0000] {taskinstance.py:430} INFO - ::endgroup::
[2024-06-03T11:22:42.884+0000] {logging_mixin.py:188} INFO - All files deleted successfully
[2024-06-03T11:22:42.888+0000] {logging_mixin.py:188} INFO - All files deleted successfully
[2024-06-03T11:22:42.890+0000] {logging_mixin.py:188} INFO - All files deleted successfully
[2024-06-03T11:22:42.893+0000] {logging_mixin.py:188} INFO - All files deleted successfully
[2024-06-03T11:22:42.895+0000] {logging_mixin.py:188} INFO - All files deleted successfully
[2024-06-03T11:22:42.896+0000] {python.py:237} INFO - Done. Returned value was: None
[2024-06-03T11:22:42.897+0000] {taskinstance.py:441} INFO - ::group::Post task execution logs
[2024-06-03T11:22:42.908+0000] {taskinstance.py:1206} INFO - Marking task as SUCCESS. dag_id=city_data_workflow_DAG_final, task_id=delete_files_csv, run_id=manual__2024-06-03T11:05:27.638846+00:00, execution_date=20240603T110527, start_date=20240603T112242, end_date=20240603T112242
[2024-06-03T11:22:42.970+0000] {local_task_job_runner.py:240} INFO - Task exited with return code 0
[2024-06-03T11:22:42.990+0000] {logging_mixin.py:188} WARNING - /home/***/.local/lib/python3.12/site-packages/***/models/baseoperator.py:1296 AirflowProviderDeprecationWarning: Call to deprecated class PostgresOperator. (Please use `***.providers.common.sql.operators.sql.SQLExecuteQueryOperator`.Also, you can provide `hook_params={'schema': <database>}`.)
[2024-06-03T11:22:43.007+0000] {taskinstance.py:3498} INFO - 1 downstream tasks scheduled from follow-on schedule check
[2024-06-03T11:22:43.009+0000] {local_task_job_runner.py:222} INFO - ::endgroup::
