[2024-06-01T08:26:18.235+0000] {local_task_job_runner.py:120} INFO - ::group::Pre task execution logs
[2024-06-01T08:26:18.258+0000] {taskinstance.py:2076} INFO - Dependencies all met for dep_context=non-requeueable deps ti=<TaskInstance: my_weather_workflow_DAG_v04.group_tasks.check_data_weather_is_exist manual__2024-06-01T08:03:02.551642+00:00 [queued]>
[2024-06-01T08:26:18.268+0000] {taskinstance.py:2076} INFO - Dependencies all met for dep_context=requeueable deps ti=<TaskInstance: my_weather_workflow_DAG_v04.group_tasks.check_data_weather_is_exist manual__2024-06-01T08:03:02.551642+00:00 [queued]>
[2024-06-01T08:26:18.269+0000] {taskinstance.py:2306} INFO - Starting attempt 1 of 6
[2024-06-01T08:26:18.282+0000] {taskinstance.py:2330} INFO - Executing <Task(BranchPythonOperator): group_tasks.check_data_weather_is_exist> on 2024-06-01 08:03:02.551642+00:00
[2024-06-01T08:26:18.292+0000] {standard_task_runner.py:90} INFO - Running: ['***', 'tasks', 'run', 'my_weather_workflow_DAG_v04', 'group_tasks.check_data_weather_is_exist', 'manual__2024-06-01T08:03:02.551642+00:00', '--job-id', '667', '--raw', '--subdir', 'DAGS_FOLDER/tasks_flow.py', '--cfg-path', '/tmp/tmpebtlewdz']
[2024-06-01T08:26:18.292+0000] {logging_mixin.py:188} WARNING - /home/***/.local/lib/python3.12/site-packages/***/task/task_runner/standard_task_runner.py:61 DeprecationWarning: This process (pid=9270) is multi-threaded, use of fork() may lead to deadlocks in the child.
[2024-06-01T08:26:18.295+0000] {standard_task_runner.py:91} INFO - Job 667: Subtask group_tasks.check_data_weather_is_exist
[2024-06-01T08:26:18.296+0000] {standard_task_runner.py:63} INFO - Started process 9272 to run task
[2024-06-01T08:26:18.362+0000] {task_command.py:426} INFO - Running <TaskInstance: my_weather_workflow_DAG_v04.group_tasks.check_data_weather_is_exist manual__2024-06-01T08:03:02.551642+00:00 [running]> on host cd9caf1c47f0
[2024-06-01T08:26:18.483+0000] {taskinstance.py:2648} INFO - Exporting env vars: AIRFLOW_CTX_DAG_OWNER='Khang' AIRFLOW_CTX_DAG_ID='my_weather_workflow_DAG_v04' AIRFLOW_CTX_TASK_ID='group_tasks.check_data_weather_is_exist' AIRFLOW_CTX_EXECUTION_DATE='2024-06-01T08:03:02.551642+00:00' AIRFLOW_CTX_TRY_NUMBER='1' AIRFLOW_CTX_DAG_RUN_ID='manual__2024-06-01T08:03:02.551642+00:00'
[2024-06-01T08:26:18.484+0000] {taskinstance.py:430} INFO - ::endgroup::
[2024-06-01T08:26:18.499+0000] {baseoperator.py:399} WARNING - BranchPythonOperator.execute cannot be called outside TaskInstance!
[2024-06-01T08:26:18.536+0000] {base.py:84} INFO - Using connection ID 'postgres_connection_id' for task execution.
[2024-06-01T08:26:18.548+0000] {sql.py:470} INFO - Running statement: SELECT COUNT(*) FROM weathers WHERE fk_city = 'Q36167';, parameters: None
[2024-06-01T08:26:18.552+0000] {sql.py:479} INFO - Rows affected: 1
[2024-06-01T08:26:18.553+0000] {python.py:237} INFO - Done. Returned value was: group_tasks.load_csv_to_postgres
[2024-06-01T08:26:18.554+0000] {branch.py:36} INFO - Branch into group_tasks.load_csv_to_postgres
[2024-06-01T08:26:18.554+0000] {skipmixin.py:178} INFO - Following branch group_tasks.load_csv_to_postgres
[2024-06-01T08:26:18.555+0000] {taskinstance.py:441} INFO - ::group::Post task execution logs
[2024-06-01T08:26:18.570+0000] {taskinstance.py:2905} ERROR - Task failed with exception
Traceback (most recent call last):
  File "/home/airflow/.local/lib/python3.12/site-packages/airflow/models/taskinstance.py", line 465, in _execute_task
    result = _execute_callable(context=context, **execute_callable_kwargs)
             ^^^^^^^^^^^^^^^^^^^^^^^^^^^^^^^^^^^^^^^^^^^^^^^^^^^^^^^^^^^^^
  File "/home/airflow/.local/lib/python3.12/site-packages/airflow/models/taskinstance.py", line 432, in _execute_callable
    return execute_callable(context=context, **execute_callable_kwargs)
           ^^^^^^^^^^^^^^^^^^^^^^^^^^^^^^^^^^^^^^^^^^^^^^^^^^^^^^^^^^^^
  File "/home/airflow/.local/lib/python3.12/site-packages/airflow/models/baseoperator.py", line 400, in wrapper
    return func(self, *args, **kwargs)
           ^^^^^^^^^^^^^^^^^^^^^^^^^^^
  File "/home/airflow/.local/lib/python3.12/site-packages/airflow/operators/python.py", line 269, in execute
    return self.do_branch(context, super().execute(context))
           ^^^^^^^^^^^^^^^^^^^^^^^^^^^^^^^^^^^^^^^^^^^^^^^^^
  File "/home/airflow/.local/lib/python3.12/site-packages/airflow/operators/branch.py", line 37, in do_branch
    self.skip_all_except(context["ti"], branches_to_execute)
  File "/home/airflow/.local/lib/python3.12/site-packages/airflow/models/skipmixin.py", line 215, in skip_all_except
    raise AirflowException(
airflow.exceptions.AirflowException: 'branch_task_ids' must contain only valid task_ids. Invalid tasks found: {'group_tasks.load_csv_to_postgres'}.
[2024-06-01T08:26:18.576+0000] {taskinstance.py:1206} INFO - Marking task as UP_FOR_RETRY. dag_id=my_weather_workflow_DAG_v04, task_id=group_tasks.check_data_weather_is_exist, run_id=manual__2024-06-01T08:03:02.551642+00:00, execution_date=20240601T080302, start_date=20240601T082618, end_date=20240601T082618
[2024-06-01T08:26:18.590+0000] {standard_task_runner.py:110} ERROR - Failed to execute job 667 for task group_tasks.check_data_weather_is_exist ('branch_task_ids' must contain only valid task_ids. Invalid tasks found: {'group_tasks.load_csv_to_postgres'}.; 9272)
[2024-06-01T08:26:18.632+0000] {local_task_job_runner.py:240} INFO - Task exited with return code 1
[2024-06-01T08:26:18.666+0000] {taskinstance.py:3498} INFO - 0 downstream tasks scheduled from follow-on schedule check
[2024-06-01T08:26:18.669+0000] {local_task_job_runner.py:222} INFO - ::endgroup::
