[2024-06-03T09:40:29.820+0000] {local_task_job_runner.py:120} INFO - ::group::Pre task execution logs
[2024-06-03T09:40:29.841+0000] {taskinstance.py:2076} INFO - Dependencies all met for dep_context=non-requeueable deps ti=<TaskInstance: city_data_workflow_DAG_final.delete_files_csv manual__2024-06-03T09:36:21.462350+00:00 [queued]>
[2024-06-03T09:40:29.850+0000] {taskinstance.py:2076} INFO - Dependencies all met for dep_context=requeueable deps ti=<TaskInstance: city_data_workflow_DAG_final.delete_files_csv manual__2024-06-03T09:36:21.462350+00:00 [queued]>
[2024-06-03T09:40:29.851+0000] {taskinstance.py:2306} INFO - Starting attempt 1 of 6
[2024-06-03T09:40:29.865+0000] {taskinstance.py:2330} INFO - Executing <Task(PythonOperator): delete_files_csv> on 2024-06-03 09:36:21.462350+00:00
[2024-06-03T09:40:29.872+0000] {logging_mixin.py:188} WARNING - /home/***/.local/lib/python3.12/site-packages/***/task/task_runner/standard_task_runner.py:61 DeprecationWarning: This process (pid=2206) is multi-threaded, use of fork() may lead to deadlocks in the child.
[2024-06-03T09:40:29.873+0000] {standard_task_runner.py:63} INFO - Started process 2208 to run task
[2024-06-03T09:40:29.872+0000] {standard_task_runner.py:90} INFO - Running: ['***', 'tasks', 'run', 'city_data_workflow_DAG_final', 'delete_files_csv', 'manual__2024-06-03T09:36:21.462350+00:00', '--job-id', '993', '--raw', '--subdir', 'DAGS_FOLDER/tasks_flow.py', '--cfg-path', '/tmp/tmpl6an84gx']
[2024-06-03T09:40:29.874+0000] {standard_task_runner.py:91} INFO - Job 993: Subtask delete_files_csv
[2024-06-03T09:40:29.936+0000] {task_command.py:426} INFO - Running <TaskInstance: city_data_workflow_DAG_final.delete_files_csv manual__2024-06-03T09:36:21.462350+00:00 [running]> on host cd9caf1c47f0
[2024-06-03T09:40:30.040+0000] {taskinstance.py:2648} INFO - Exporting env vars: AIRFLOW_CTX_DAG_OWNER='Khang' AIRFLOW_CTX_DAG_ID='city_data_workflow_DAG_final' AIRFLOW_CTX_TASK_ID='delete_files_csv' AIRFLOW_CTX_EXECUTION_DATE='2024-06-03T09:36:21.462350+00:00' AIRFLOW_CTX_TRY_NUMBER='1' AIRFLOW_CTX_DAG_RUN_ID='manual__2024-06-03T09:36:21.462350+00:00'
[2024-06-03T09:40:30.042+0000] {taskinstance.py:430} INFO - ::endgroup::
[2024-06-03T09:40:30.060+0000] {logging_mixin.py:188} INFO - All files deleted successfully
[2024-06-03T09:40:30.064+0000] {logging_mixin.py:188} INFO - All files deleted successfully
[2024-06-03T09:40:30.067+0000] {logging_mixin.py:188} INFO - All files deleted successfully
[2024-06-03T09:40:30.070+0000] {logging_mixin.py:188} INFO - All files deleted successfully
[2024-06-03T09:40:30.073+0000] {logging_mixin.py:188} INFO - All files deleted successfully
[2024-06-03T09:40:30.076+0000] {logging_mixin.py:188} INFO - All files deleted successfully
[2024-06-03T09:40:30.079+0000] {logging_mixin.py:188} INFO - All files deleted successfully
[2024-06-03T09:40:30.079+0000] {python.py:237} INFO - Done. Returned value was: None
[2024-06-03T09:40:30.081+0000] {taskinstance.py:441} INFO - ::group::Post task execution logs
[2024-06-03T09:40:30.094+0000] {taskinstance.py:1206} INFO - Marking task as SUCCESS. dag_id=city_data_workflow_DAG_final, task_id=delete_files_csv, run_id=manual__2024-06-03T09:36:21.462350+00:00, execution_date=20240603T093621, start_date=20240603T094029, end_date=20240603T094030
[2024-06-03T09:40:30.127+0000] {local_task_job_runner.py:240} INFO - Task exited with return code 0
[2024-06-03T09:40:30.150+0000] {taskinstance.py:3498} INFO - 0 downstream tasks scheduled from follow-on schedule check
[2024-06-03T09:40:30.153+0000] {local_task_job_runner.py:222} INFO - ::endgroup::
