[2024-06-03T09:43:11.761+0000] {local_task_job_runner.py:120} INFO - ::group::Pre task execution logs
[2024-06-03T09:43:11.787+0000] {taskinstance.py:2076} INFO - Dependencies all met for dep_context=non-requeueable deps ti=<TaskInstance: city_data_workflow_DAG_final.delete_files_csv manual__2024-06-03T09:36:21.462350+00:00 [queued]>
[2024-06-03T09:43:11.797+0000] {taskinstance.py:2076} INFO - Dependencies all met for dep_context=requeueable deps ti=<TaskInstance: city_data_workflow_DAG_final.delete_files_csv manual__2024-06-03T09:36:21.462350+00:00 [queued]>
[2024-06-03T09:43:11.798+0000] {taskinstance.py:2306} INFO - Starting attempt 2 of 7
[2024-06-03T09:43:11.811+0000] {taskinstance.py:2330} INFO - Executing <Task(PythonOperator): delete_files_csv> on 2024-06-03 09:36:21.462350+00:00
[2024-06-03T09:43:11.819+0000] {logging_mixin.py:188} WARNING - /home/***/.local/lib/python3.12/site-packages/***/task/task_runner/standard_task_runner.py:61 DeprecationWarning: This process (pid=2313) is multi-threaded, use of fork() may lead to deadlocks in the child.
[2024-06-03T09:43:11.821+0000] {standard_task_runner.py:63} INFO - Started process 2321 to run task
[2024-06-03T09:43:11.819+0000] {standard_task_runner.py:90} INFO - Running: ['***', 'tasks', 'run', 'city_data_workflow_DAG_final', 'delete_files_csv', 'manual__2024-06-03T09:36:21.462350+00:00', '--job-id', '1008', '--raw', '--subdir', 'DAGS_FOLDER/tasks_flow.py', '--cfg-path', '/tmp/tmpe7rjxki0']
[2024-06-03T09:43:11.822+0000] {standard_task_runner.py:91} INFO - Job 1008: Subtask delete_files_csv
[2024-06-03T09:43:11.882+0000] {task_command.py:426} INFO - Running <TaskInstance: city_data_workflow_DAG_final.delete_files_csv manual__2024-06-03T09:36:21.462350+00:00 [running]> on host cd9caf1c47f0
[2024-06-03T09:43:11.977+0000] {taskinstance.py:2648} INFO - Exporting env vars: AIRFLOW_CTX_DAG_OWNER='Khang' AIRFLOW_CTX_DAG_ID='city_data_workflow_DAG_final' AIRFLOW_CTX_TASK_ID='delete_files_csv' AIRFLOW_CTX_EXECUTION_DATE='2024-06-03T09:36:21.462350+00:00' AIRFLOW_CTX_TRY_NUMBER='2' AIRFLOW_CTX_DAG_RUN_ID='manual__2024-06-03T09:36:21.462350+00:00'
[2024-06-03T09:43:11.978+0000] {taskinstance.py:430} INFO - ::endgroup::
[2024-06-03T09:43:11.996+0000] {logging_mixin.py:188} INFO - All files deleted successfully
[2024-06-03T09:43:11.998+0000] {logging_mixin.py:188} INFO - All files deleted successfully
[2024-06-03T09:43:12.001+0000] {logging_mixin.py:188} INFO - All files deleted successfully
[2024-06-03T09:43:12.002+0000] {python.py:237} INFO - Done. Returned value was: None
[2024-06-03T09:43:12.002+0000] {taskinstance.py:441} INFO - ::group::Post task execution logs
[2024-06-03T09:43:12.015+0000] {taskinstance.py:1206} INFO - Marking task as SUCCESS. dag_id=city_data_workflow_DAG_final, task_id=delete_files_csv, run_id=manual__2024-06-03T09:36:21.462350+00:00, execution_date=20240603T093621, start_date=20240603T094311, end_date=20240603T094312
[2024-06-03T09:43:12.076+0000] {local_task_job_runner.py:240} INFO - Task exited with return code 0
[2024-06-03T09:43:12.099+0000] {taskinstance.py:3498} INFO - 0 downstream tasks scheduled from follow-on schedule check
[2024-06-03T09:43:12.102+0000] {local_task_job_runner.py:222} INFO - ::endgroup::
