[2024-05-30T05:58:09.332+0000] {local_task_job_runner.py:120} INFO - ::group::Pre task execution logs
[2024-05-30T05:58:09.364+0000] {taskinstance.py:2076} INFO - Dependencies all met for dep_context=non-requeueable deps ti=<TaskInstance: my_weather_workflow_DAG_v04.extract_city_data_from_api manual__2024-05-30T03:47:59.479456+00:00 [queued]>
[2024-05-30T05:58:09.379+0000] {taskinstance.py:2076} INFO - Dependencies all met for dep_context=requeueable deps ti=<TaskInstance: my_weather_workflow_DAG_v04.extract_city_data_from_api manual__2024-05-30T03:47:59.479456+00:00 [queued]>
[2024-05-30T05:58:09.380+0000] {taskinstance.py:2306} INFO - Starting attempt 14 of 19
[2024-05-30T05:58:09.397+0000] {taskinstance.py:2330} INFO - Executing <Task(SimpleHttpOperator): extract_city_data_from_api> on 2024-05-30 03:47:59.479456+00:00
[2024-05-30T05:58:09.407+0000] {logging_mixin.py:188} WARNING - /home/***/.local/lib/python3.12/site-packages/***/task/task_runner/standard_task_runner.py:61 DeprecationWarning: This process (pid=4773) is multi-threaded, use of fork() may lead to deadlocks in the child.
[2024-05-30T05:58:09.408+0000] {standard_task_runner.py:63} INFO - Started process 4775 to run task
[2024-05-30T05:58:09.406+0000] {standard_task_runner.py:90} INFO - Running: ['***', 'tasks', 'run', 'my_weather_workflow_DAG_v04', 'extract_city_data_from_api', 'manual__2024-05-30T03:47:59.479456+00:00', '--job-id', '122', '--raw', '--subdir', 'DAGS_FOLDER/weather_dag.py', '--cfg-path', '/tmp/tmp78blvxem']
[2024-05-30T05:58:09.410+0000] {standard_task_runner.py:91} INFO - Job 122: Subtask extract_city_data_from_api
[2024-05-30T05:58:09.486+0000] {task_command.py:426} INFO - Running <TaskInstance: my_weather_workflow_DAG_v04.extract_city_data_from_api manual__2024-05-30T03:47:59.479456+00:00 [running]> on host cd9caf1c47f0
[2024-05-30T05:58:09.599+0000] {taskinstance.py:2648} INFO - Exporting env vars: AIRFLOW_CTX_DAG_OWNER='Khang' AIRFLOW_CTX_DAG_ID='my_weather_workflow_DAG_v04' AIRFLOW_CTX_TASK_ID='extract_city_data_from_api' AIRFLOW_CTX_EXECUTION_DATE='2024-05-30T03:47:59.479456+00:00' AIRFLOW_CTX_TRY_NUMBER='14' AIRFLOW_CTX_DAG_RUN_ID='manual__2024-05-30T03:47:59.479456+00:00'
[2024-05-30T05:58:09.600+0000] {taskinstance.py:430} INFO - ::endgroup::
[2024-05-30T05:58:09.615+0000] {http.py:169} INFO - Calling HTTP method
[2024-05-30T05:58:09.630+0000] {base.py:84} INFO - Using connection ID 'city_map_api_connection' for task execution.
[2024-05-30T05:58:09.644+0000] {base.py:84} INFO - Using connection ID 'city_map_api_connection' for task execution.
[2024-05-30T05:58:10.030+0000] {http.py:208} INFO - {"data":{"id":3453217,"wikiDataId":"Q1854","type":"CITY","city":"Ho Chi Minh City","name":"Ho Chi Minh City","country":"Vietnam","countryCode":"VN","region":"Ho Chi Minh City","regionCode":"SG","regionWdId":"Q1854","latitude":10.82302,"longitude":106.62965,"population":9389720,"timezone":"Asia__Ho_Chi_Minh","deleted":false}}
[2024-05-30T05:58:10.032+0000] {taskinstance.py:441} INFO - ::group::Post task execution logs
[2024-05-30T05:58:10.068+0000] {taskinstance.py:1206} INFO - Marking task as SUCCESS. dag_id=my_weather_workflow_DAG_v04, task_id=extract_city_data_from_api, run_id=manual__2024-05-30T03:47:59.479456+00:00, execution_date=20240530T034759, start_date=20240530T055809, end_date=20240530T055810
[2024-05-30T05:58:10.106+0000] {local_task_job_runner.py:240} INFO - Task exited with return code 0
[2024-05-30T05:58:10.128+0000] {logging_mixin.py:188} WARNING - /home/***/.local/lib/python3.12/site-packages/***/models/baseoperator.py:1296 AirflowProviderDeprecationWarning: Call to deprecated class PostgresOperator. (Please use `***.providers.common.sql.operators.sql.SQLExecuteQueryOperator`.Also, you can provide `hook_params={'schema': <database>}`.)
[2024-05-30T05:58:10.130+0000] {logging_mixin.py:188} WARNING - /home/***/.local/lib/python3.12/site-packages/***/models/baseoperator.py:1296 AirflowProviderDeprecationWarning: Call to deprecated class SimpleHttpOperator. (Class `SimpleHttpOperator` is deprecated and will be removed in a future release. Please use `HttpOperator` instead.)
[2024-05-30T05:58:10.149+0000] {taskinstance.py:3498} INFO - 1 downstream tasks scheduled from follow-on schedule check
[2024-05-30T05:58:10.152+0000] {local_task_job_runner.py:222} INFO - ::endgroup::
