[2024-05-30T06:08:42.258+0000] {local_task_job_runner.py:120} INFO - ::group::Pre task execution logs
[2024-05-30T06:08:42.287+0000] {taskinstance.py:2076} INFO - Dependencies all met for dep_context=non-requeueable deps ti=<TaskInstance: my_weather_workflow_DAG_v04.extract_city_data_from_api manual__2024-05-30T03:47:59.479456+00:00 [queued]>
[2024-05-30T06:08:42.298+0000] {taskinstance.py:2076} INFO - Dependencies all met for dep_context=requeueable deps ti=<TaskInstance: my_weather_workflow_DAG_v04.extract_city_data_from_api manual__2024-05-30T03:47:59.479456+00:00 [queued]>
[2024-05-30T06:08:42.299+0000] {taskinstance.py:2306} INFO - Starting attempt 19 of 24
[2024-05-30T06:08:42.315+0000] {taskinstance.py:2330} INFO - Executing <Task(SimpleHttpOperator): extract_city_data_from_api> on 2024-05-30 03:47:59.479456+00:00
[2024-05-30T06:08:42.322+0000] {logging_mixin.py:188} WARNING - /home/***/.local/lib/python3.12/site-packages/***/task/task_runner/standard_task_runner.py:61 DeprecationWarning: This process (pid=5124) is multi-threaded, use of fork() may lead to deadlocks in the child.
[2024-05-30T06:08:42.323+0000] {standard_task_runner.py:63} INFO - Started process 5126 to run task
[2024-05-30T06:08:42.322+0000] {standard_task_runner.py:90} INFO - Running: ['***', 'tasks', 'run', 'my_weather_workflow_DAG_v04', 'extract_city_data_from_api', 'manual__2024-05-30T03:47:59.479456+00:00', '--job-id', '149', '--raw', '--subdir', 'DAGS_FOLDER/weather_dag.py', '--cfg-path', '/tmp/tmpnwngzj5b']
[2024-05-30T06:08:42.325+0000] {standard_task_runner.py:91} INFO - Job 149: Subtask extract_city_data_from_api
[2024-05-30T06:08:42.384+0000] {task_command.py:426} INFO - Running <TaskInstance: my_weather_workflow_DAG_v04.extract_city_data_from_api manual__2024-05-30T03:47:59.479456+00:00 [running]> on host cd9caf1c47f0
[2024-05-30T06:08:42.475+0000] {taskinstance.py:2648} INFO - Exporting env vars: AIRFLOW_CTX_DAG_OWNER='Khang' AIRFLOW_CTX_DAG_ID='my_weather_workflow_DAG_v04' AIRFLOW_CTX_TASK_ID='extract_city_data_from_api' AIRFLOW_CTX_EXECUTION_DATE='2024-05-30T03:47:59.479456+00:00' AIRFLOW_CTX_TRY_NUMBER='19' AIRFLOW_CTX_DAG_RUN_ID='manual__2024-05-30T03:47:59.479456+00:00'
[2024-05-30T06:08:42.477+0000] {taskinstance.py:430} INFO - ::endgroup::
[2024-05-30T06:08:42.488+0000] {http.py:169} INFO - Calling HTTP method
[2024-05-30T06:08:42.501+0000] {base.py:84} INFO - Using connection ID 'city_map_api_connection' for task execution.
[2024-05-30T06:08:42.512+0000] {base.py:84} INFO - Using connection ID 'city_map_api_connection' for task execution.
[2024-05-30T06:08:42.956+0000] {http.py:208} INFO - {"data":{"id":3453184,"wikiDataId":"Q25282","type":"CITY","city":"Da Nang","name":"Da Nang","country":"Vietnam","countryCode":"VN","region":"Da Nang","regionCode":"DN","regionWdId":"Q25282","latitude":16.08333,"longitude":108.08333,"population":1220200,"timezone":"Asia__Ho_Chi_Minh","deleted":false}}
[2024-05-30T06:08:42.962+0000] {taskinstance.py:441} INFO - ::group::Post task execution logs
[2024-05-30T06:08:43.005+0000] {taskinstance.py:1206} INFO - Marking task as SUCCESS. dag_id=my_weather_workflow_DAG_v04, task_id=extract_city_data_from_api, run_id=manual__2024-05-30T03:47:59.479456+00:00, execution_date=20240530T034759, start_date=20240530T060842, end_date=20240530T060843
[2024-05-30T06:08:43.062+0000] {local_task_job_runner.py:240} INFO - Task exited with return code 0
[2024-05-30T06:08:43.081+0000] {logging_mixin.py:188} WARNING - /home/***/.local/lib/python3.12/site-packages/***/models/baseoperator.py:1296 AirflowProviderDeprecationWarning: Call to deprecated class PostgresOperator. (Please use `***.providers.common.sql.operators.sql.SQLExecuteQueryOperator`.Also, you can provide `hook_params={'schema': <database>}`.)
[2024-05-30T06:08:43.083+0000] {logging_mixin.py:188} WARNING - /home/***/.local/lib/python3.12/site-packages/***/models/baseoperator.py:1296 AirflowProviderDeprecationWarning: Call to deprecated class SimpleHttpOperator. (Class `SimpleHttpOperator` is deprecated and will be removed in a future release. Please use `HttpOperator` instead.)
[2024-05-30T06:08:43.100+0000] {taskinstance.py:3498} INFO - 1 downstream tasks scheduled from follow-on schedule check
[2024-05-30T06:08:43.104+0000] {local_task_job_runner.py:222} INFO - ::endgroup::
