[2024-06-01T16:47:45.601+0000] {local_task_job_runner.py:120} INFO - ::group::Pre task execution logs
[2024-06-01T16:47:45.624+0000] {taskinstance.py:2076} INFO - Dependencies all met for dep_context=non-requeueable deps ti=<TaskInstance: city_data_workflow_DAG_final.up_load_data_joined_to_s3 manual__2024-06-01T16:47:20.837201+00:00 [queued]>
[2024-06-01T16:47:45.633+0000] {taskinstance.py:2076} INFO - Dependencies all met for dep_context=requeueable deps ti=<TaskInstance: city_data_workflow_DAG_final.up_load_data_joined_to_s3 manual__2024-06-01T16:47:20.837201+00:00 [queued]>
[2024-06-01T16:47:45.634+0000] {taskinstance.py:2306} INFO - Starting attempt 1 of 6
[2024-06-01T16:47:45.648+0000] {taskinstance.py:2330} INFO - Executing <Task(PythonOperator): up_load_data_joined_to_s3> on 2024-06-01 16:47:20.837201+00:00
[2024-06-01T16:47:45.661+0000] {logging_mixin.py:188} WARNING - /home/***/.local/lib/python3.12/site-packages/***/task/task_runner/standard_task_runner.py:61 DeprecationWarning: This process (pid=4094) is multi-threaded, use of fork() may lead to deadlocks in the child.
[2024-06-01T16:47:45.663+0000] {standard_task_runner.py:63} INFO - Started process 4096 to run task
[2024-06-01T16:47:45.661+0000] {standard_task_runner.py:90} INFO - Running: ['***', 'tasks', 'run', 'city_data_workflow_DAG_final', 'up_load_data_joined_to_s3', 'manual__2024-06-01T16:47:20.837201+00:00', '--job-id', '909', '--raw', '--subdir', 'DAGS_FOLDER/tasks_flow.py', '--cfg-path', '/tmp/tmplxcbd234']
[2024-06-01T16:47:45.665+0000] {standard_task_runner.py:91} INFO - Job 909: Subtask up_load_data_joined_to_s3
[2024-06-01T16:47:45.729+0000] {task_command.py:426} INFO - Running <TaskInstance: city_data_workflow_DAG_final.up_load_data_joined_to_s3 manual__2024-06-01T16:47:20.837201+00:00 [running]> on host cd9caf1c47f0
[2024-06-01T16:47:45.821+0000] {taskinstance.py:2648} INFO - Exporting env vars: AIRFLOW_CTX_DAG_OWNER='Khang' AIRFLOW_CTX_DAG_ID='city_data_workflow_DAG_final' AIRFLOW_CTX_TASK_ID='up_load_data_joined_to_s3' AIRFLOW_CTX_EXECUTION_DATE='2024-06-01T16:47:20.837201+00:00' AIRFLOW_CTX_TRY_NUMBER='1' AIRFLOW_CTX_DAG_RUN_ID='manual__2024-06-01T16:47:20.837201+00:00'
[2024-06-01T16:47:45.822+0000] {taskinstance.py:430} INFO - ::endgroup::
[2024-06-01T16:47:45.864+0000] {base.py:84} INFO - Using connection ID 'weather_map_s3_connection' for task execution.
[2024-06-01T16:47:45.865+0000] {connection_wrapper.py:384} INFO - AWS Connection (conn_id='weather_map_s3_connection', conn_type='aws') credentials retrieved from login and password.
[2024-06-01T16:47:47.655+0000] {python.py:237} INFO - Done. Returned value was: None
[2024-06-01T16:47:47.656+0000] {taskinstance.py:441} INFO - ::group::Post task execution logs
[2024-06-01T16:47:47.672+0000] {taskinstance.py:1206} INFO - Marking task as SUCCESS. dag_id=city_data_workflow_DAG_final, task_id=up_load_data_joined_to_s3, run_id=manual__2024-06-01T16:47:20.837201+00:00, execution_date=20240601T164720, start_date=20240601T164745, end_date=20240601T164747
[2024-06-01T16:47:47.727+0000] {local_task_job_runner.py:240} INFO - Task exited with return code 0
[2024-06-01T16:47:47.758+0000] {taskinstance.py:3498} INFO - 1 downstream tasks scheduled from follow-on schedule check
[2024-06-01T16:47:47.762+0000] {local_task_job_runner.py:222} INFO - ::endgroup::
