[2024-06-01T16:50:03.575+0000] {local_task_job_runner.py:120} INFO - ::group::Pre task execution logs
[2024-06-01T16:50:03.604+0000] {taskinstance.py:2076} INFO - Dependencies all met for dep_context=non-requeueable deps ti=<TaskInstance: city_data_workflow_DAG_final.up_load_data_joined_to_s3 manual__2024-06-01T16:47:20.837201+00:00 [queued]>
[2024-06-01T16:50:03.614+0000] {taskinstance.py:2076} INFO - Dependencies all met for dep_context=requeueable deps ti=<TaskInstance: city_data_workflow_DAG_final.up_load_data_joined_to_s3 manual__2024-06-01T16:47:20.837201+00:00 [queued]>
[2024-06-01T16:50:03.615+0000] {taskinstance.py:2306} INFO - Starting attempt 2 of 7
[2024-06-01T16:50:03.632+0000] {taskinstance.py:2330} INFO - Executing <Task(PythonOperator): up_load_data_joined_to_s3> on 2024-06-01 16:47:20.837201+00:00
[2024-06-01T16:50:03.641+0000] {logging_mixin.py:188} WARNING - /home/***/.local/lib/python3.12/site-packages/***/task/task_runner/standard_task_runner.py:61 DeprecationWarning: This process (pid=4225) is multi-threaded, use of fork() may lead to deadlocks in the child.
[2024-06-01T16:50:03.643+0000] {standard_task_runner.py:63} INFO - Started process 4227 to run task
[2024-06-01T16:50:03.641+0000] {standard_task_runner.py:90} INFO - Running: ['***', 'tasks', 'run', 'city_data_workflow_DAG_final', 'up_load_data_joined_to_s3', 'manual__2024-06-01T16:47:20.837201+00:00', '--job-id', '932', '--raw', '--subdir', 'DAGS_FOLDER/tasks_flow.py', '--cfg-path', '/tmp/tmpr8lq2b9a']
[2024-06-01T16:50:03.645+0000] {standard_task_runner.py:91} INFO - Job 932: Subtask up_load_data_joined_to_s3
[2024-06-01T16:50:03.715+0000] {task_command.py:426} INFO - Running <TaskInstance: city_data_workflow_DAG_final.up_load_data_joined_to_s3 manual__2024-06-01T16:47:20.837201+00:00 [running]> on host cd9caf1c47f0
[2024-06-01T16:50:03.823+0000] {taskinstance.py:2648} INFO - Exporting env vars: AIRFLOW_CTX_DAG_OWNER='Khang' AIRFLOW_CTX_DAG_ID='city_data_workflow_DAG_final' AIRFLOW_CTX_TASK_ID='up_load_data_joined_to_s3' AIRFLOW_CTX_EXECUTION_DATE='2024-06-01T16:47:20.837201+00:00' AIRFLOW_CTX_TRY_NUMBER='2' AIRFLOW_CTX_DAG_RUN_ID='manual__2024-06-01T16:47:20.837201+00:00'
[2024-06-01T16:50:03.825+0000] {taskinstance.py:430} INFO - ::endgroup::
[2024-06-01T16:50:03.868+0000] {base.py:84} INFO - Using connection ID 'weather_map_s3_connection' for task execution.
[2024-06-01T16:50:03.869+0000] {connection_wrapper.py:384} INFO - AWS Connection (conn_id='weather_map_s3_connection', conn_type='aws') credentials retrieved from login and password.
[2024-06-01T16:50:05.727+0000] {python.py:237} INFO - Done. Returned value was: None
[2024-06-01T16:50:05.728+0000] {taskinstance.py:441} INFO - ::group::Post task execution logs
[2024-06-01T16:50:05.741+0000] {taskinstance.py:1206} INFO - Marking task as SUCCESS. dag_id=city_data_workflow_DAG_final, task_id=up_load_data_joined_to_s3, run_id=manual__2024-06-01T16:47:20.837201+00:00, execution_date=20240601T164720, start_date=20240601T165003, end_date=20240601T165005
[2024-06-01T16:50:05.790+0000] {local_task_job_runner.py:240} INFO - Task exited with return code 0
[2024-06-01T16:50:05.841+0000] {taskinstance.py:3498} INFO - 1 downstream tasks scheduled from follow-on schedule check
[2024-06-01T16:50:05.844+0000] {local_task_job_runner.py:222} INFO - ::endgroup::
