[2024-06-01T15:34:45.613+0000] {local_task_job_runner.py:120} INFO - ::group::Pre task execution logs
[2024-06-01T15:34:45.638+0000] {taskinstance.py:2076} INFO - Dependencies all met for dep_context=non-requeueable deps ti=<TaskInstance: my_weather_workflow_DAG_v04.group_tasks.extract_weather_data_from_api manual__2024-06-01T14:44:02.662915+00:00 [queued]>
[2024-06-01T15:34:45.649+0000] {taskinstance.py:2076} INFO - Dependencies all met for dep_context=requeueable deps ti=<TaskInstance: my_weather_workflow_DAG_v04.group_tasks.extract_weather_data_from_api manual__2024-06-01T14:44:02.662915+00:00 [queued]>
[2024-06-01T15:34:45.650+0000] {taskinstance.py:2306} INFO - Starting attempt 3 of 8
[2024-06-01T15:34:45.667+0000] {taskinstance.py:2330} INFO - Executing <Task(PythonOperator): group_tasks.extract_weather_data_from_api> on 2024-06-01 14:44:02.662915+00:00
[2024-06-01T15:34:45.677+0000] {logging_mixin.py:188} WARNING - /home/***/.local/lib/python3.12/site-packages/***/task/task_runner/standard_task_runner.py:61 DeprecationWarning: This process (pid=1966) is multi-threaded, use of fork() may lead to deadlocks in the child.
[2024-06-01T15:34:45.679+0000] {standard_task_runner.py:63} INFO - Started process 1974 to run task
[2024-06-01T15:34:45.677+0000] {standard_task_runner.py:90} INFO - Running: ['***', 'tasks', 'run', 'my_weather_workflow_DAG_v04', 'group_tasks.extract_weather_data_from_api', 'manual__2024-06-01T14:44:02.662915+00:00', '--job-id', '812', '--raw', '--subdir', 'DAGS_FOLDER/tasks_flow.py', '--cfg-path', '/tmp/tmp4szh_epo']
[2024-06-01T15:34:45.680+0000] {standard_task_runner.py:91} INFO - Job 812: Subtask group_tasks.extract_weather_data_from_api
[2024-06-01T15:34:45.780+0000] {task_command.py:426} INFO - Running <TaskInstance: my_weather_workflow_DAG_v04.group_tasks.extract_weather_data_from_api manual__2024-06-01T14:44:02.662915+00:00 [running]> on host cd9caf1c47f0
[2024-06-01T15:34:45.963+0000] {taskinstance.py:2648} INFO - Exporting env vars: AIRFLOW_CTX_DAG_OWNER='Khang' AIRFLOW_CTX_DAG_ID='my_weather_workflow_DAG_v04' AIRFLOW_CTX_TASK_ID='group_tasks.extract_weather_data_from_api' AIRFLOW_CTX_EXECUTION_DATE='2024-06-01T14:44:02.662915+00:00' AIRFLOW_CTX_TRY_NUMBER='3' AIRFLOW_CTX_DAG_RUN_ID='manual__2024-06-01T14:44:02.662915+00:00'
[2024-06-01T15:34:45.965+0000] {taskinstance.py:430} INFO - ::endgroup::
[2024-06-01T15:34:45.985+0000] {baseoperator.py:399} WARNING - SimpleHttpOperator.execute cannot be called outside TaskInstance!
[2024-06-01T15:34:45.986+0000] {http.py:169} INFO - Calling HTTP method
[2024-06-01T15:34:46.005+0000] {base.py:84} INFO - Using connection ID 'weather_map_api_connection' for task execution.
[2024-06-01T15:34:46.022+0000] {base.py:84} INFO - Using connection ID 'weather_map_api_connection' for task execution.
[2024-06-01T15:34:47.050+0000] {http.py:208} INFO - {"coord":{"lon":106.6296,"lat":10.823},"weather":[{"id":803,"main":"Clouds","description":"broken clouds","icon":"04n"}],"base":"stations","main":{"temp":301.16,"feels_like":306.75,"temp_min":301.16,"temp_max":302.09,"pressure":1012,"humidity":89},"visibility":8000,"wind":{"speed":1.03,"deg":0},"clouds":{"all":75},"dt":1717255949,"sys":{"type":1,"id":9314,"country":"VN","sunrise":1717194603,"sunset":1717240376},"timezone":25200,"id":1565593,"name":"Thong Tay Hoi","cod":200}
[2024-06-01T15:34:47.075+0000] {python.py:237} INFO - Done. Returned value was: None
[2024-06-01T15:34:47.076+0000] {taskinstance.py:441} INFO - ::group::Post task execution logs
[2024-06-01T15:34:47.091+0000] {taskinstance.py:1206} INFO - Marking task as SUCCESS. dag_id=my_weather_workflow_DAG_v04, task_id=group_tasks.extract_weather_data_from_api, run_id=manual__2024-06-01T14:44:02.662915+00:00, execution_date=20240601T144402, start_date=20240601T153445, end_date=20240601T153447
[2024-06-01T15:34:47.140+0000] {local_task_job_runner.py:240} INFO - Task exited with return code 0
[2024-06-01T15:34:47.159+0000] {logging_mixin.py:188} WARNING - /home/***/.local/lib/python3.12/site-packages/***/models/baseoperator.py:1296 AirflowProviderDeprecationWarning: Call to deprecated class PostgresOperator. (Please use `***.providers.common.sql.operators.sql.SQLExecuteQueryOperator`.Also, you can provide `hook_params={'schema': <database>}`.)
[2024-06-01T15:34:47.180+0000] {taskinstance.py:3498} INFO - 1 downstream tasks scheduled from follow-on schedule check
[2024-06-01T15:34:47.184+0000] {local_task_job_runner.py:222} INFO - ::endgroup::
