[2024-06-01T04:33:37.096+0000] {local_task_job_runner.py:120} INFO - ::group::Pre task execution logs
[2024-06-01T04:33:37.124+0000] {taskinstance.py:2076} INFO - Dependencies all met for dep_context=non-requeueable deps ti=<TaskInstance: my_weather_workflow_DAG_v04.group_tasks.extract_weather_data_from_api manual__2024-06-01T04:21:04.663663+00:00 [queued]>
[2024-06-01T04:33:37.135+0000] {taskinstance.py:2076} INFO - Dependencies all met for dep_context=requeueable deps ti=<TaskInstance: my_weather_workflow_DAG_v04.group_tasks.extract_weather_data_from_api manual__2024-06-01T04:21:04.663663+00:00 [queued]>
[2024-06-01T04:33:37.137+0000] {taskinstance.py:2306} INFO - Starting attempt 5 of 10
[2024-06-01T04:33:37.153+0000] {taskinstance.py:2330} INFO - Executing <Task(PythonOperator): group_tasks.extract_weather_data_from_api> on 2024-06-01 04:21:04.663663+00:00
[2024-06-01T04:33:37.165+0000] {standard_task_runner.py:90} INFO - Running: ['***', 'tasks', 'run', 'my_weather_workflow_DAG_v04', 'group_tasks.extract_weather_data_from_api', 'manual__2024-06-01T04:21:04.663663+00:00', '--job-id', '471', '--raw', '--subdir', 'DAGS_FOLDER/weather_dag.py', '--cfg-path', '/tmp/tmpvbo1zzmf']
[2024-06-01T04:33:37.169+0000] {standard_task_runner.py:91} INFO - Job 471: Subtask group_tasks.extract_weather_data_from_api
[2024-06-01T04:33:37.170+0000] {logging_mixin.py:188} WARNING - /home/***/.local/lib/python3.12/site-packages/***/task/task_runner/standard_task_runner.py:61 DeprecationWarning: This process (pid=3793) is multi-threaded, use of fork() may lead to deadlocks in the child.
[2024-06-01T04:33:37.171+0000] {standard_task_runner.py:63} INFO - Started process 3795 to run task
[2024-06-01T04:33:37.240+0000] {task_command.py:426} INFO - Running <TaskInstance: my_weather_workflow_DAG_v04.group_tasks.extract_weather_data_from_api manual__2024-06-01T04:21:04.663663+00:00 [running]> on host cd9caf1c47f0
[2024-06-01T04:33:37.395+0000] {taskinstance.py:2648} INFO - Exporting env vars: AIRFLOW_CTX_DAG_OWNER='Khang' AIRFLOW_CTX_DAG_ID='my_weather_workflow_DAG_v04' AIRFLOW_CTX_TASK_ID='group_tasks.extract_weather_data_from_api' AIRFLOW_CTX_EXECUTION_DATE='2024-06-01T04:21:04.663663+00:00' AIRFLOW_CTX_TRY_NUMBER='5' AIRFLOW_CTX_DAG_RUN_ID='manual__2024-06-01T04:21:04.663663+00:00'
[2024-06-01T04:33:37.398+0000] {taskinstance.py:430} INFO - ::endgroup::
[2024-06-01T04:33:37.415+0000] {baseoperator.py:399} WARNING - SimpleHttpOperator.execute cannot be called outside TaskInstance!
[2024-06-01T04:33:37.416+0000] {http.py:169} INFO - Calling HTTP method
[2024-06-01T04:33:37.432+0000] {base.py:84} INFO - Using connection ID 'weather_map_api_connection' for task execution.
[2024-06-01T04:33:37.445+0000] {base.py:84} INFO - Using connection ID 'weather_map_api_connection' for task execution.
[2024-06-01T04:33:37.712+0000] {http.py:208} INFO - {"coord":{"lon":108.1578,"lat":10.937},"weather":[{"id":804,"main":"Clouds","description":"overcast clouds","icon":"04d"}],"base":"stations","main":{"temp":304.61,"feels_like":309.55,"temp_min":304.61,"temp_max":304.61,"pressure":1011,"humidity":62,"sea_level":1011,"grnd_level":1005},"visibility":10000,"wind":{"speed":4.38,"deg":222,"gust":5.34},"clouds":{"all":97},"dt":1717215971,"sys":{"country":"VN","sunrise":1717194224,"sunset":1717240021},"timezone":25200,"id":1571058,"name":"Phan Thiet","cod":200}
[2024-06-01T04:33:37.715+0000] {python.py:237} INFO - Done. Returned value was: {'coord': {'lon': 108.1578, 'lat': 10.937}, 'weather': [{'id': 804, 'main': 'Clouds', 'description': 'overcast clouds', 'icon': '04d'}], 'base': 'stations', 'main': {'temp': 304.61, 'feels_like': 309.55, 'temp_min': 304.61, 'temp_max': 304.61, 'pressure': 1011, 'humidity': 62, 'sea_level': 1011, 'grnd_level': 1005}, 'visibility': 10000, 'wind': {'speed': 4.38, 'deg': 222, 'gust': 5.34}, 'clouds': {'all': 97}, 'dt': 1717215971, 'sys': {'country': 'VN', 'sunrise': 1717194224, 'sunset': 1717240021}, 'timezone': 25200, 'id': 1571058, 'name': 'Phan Thiet', 'cod': 200}
[2024-06-01T04:33:37.716+0000] {taskinstance.py:441} INFO - ::group::Post task execution logs
[2024-06-01T04:33:37.755+0000] {taskinstance.py:1206} INFO - Marking task as SUCCESS. dag_id=my_weather_workflow_DAG_v04, task_id=group_tasks.extract_weather_data_from_api, run_id=manual__2024-06-01T04:21:04.663663+00:00, execution_date=20240601T042104, start_date=20240601T043337, end_date=20240601T043337
[2024-06-01T04:33:37.788+0000] {local_task_job_runner.py:240} INFO - Task exited with return code 0
[2024-06-01T04:33:37.817+0000] {taskinstance.py:3498} INFO - 1 downstream tasks scheduled from follow-on schedule check
[2024-06-01T04:33:37.821+0000] {local_task_job_runner.py:222} INFO - ::endgroup::
