[2024-06-01T08:08:58.345+0000] {local_task_job_runner.py:120} INFO - ::group::Pre task execution logs
[2024-06-01T08:08:58.367+0000] {taskinstance.py:2076} INFO - Dependencies all met for dep_context=non-requeueable deps ti=<TaskInstance: my_weather_workflow_DAG_v04.group_tasks.is_api_weather_ready manual__2024-06-01T08:03:02.551642+00:00 [queued]>
[2024-06-01T08:08:58.376+0000] {taskinstance.py:2076} INFO - Dependencies all met for dep_context=requeueable deps ti=<TaskInstance: my_weather_workflow_DAG_v04.group_tasks.is_api_weather_ready manual__2024-06-01T08:03:02.551642+00:00 [queued]>
[2024-06-01T08:08:58.377+0000] {taskinstance.py:2306} INFO - Starting attempt 2 of 7
[2024-06-01T08:08:58.390+0000] {taskinstance.py:2330} INFO - Executing <Task(PythonOperator): group_tasks.is_api_weather_ready> on 2024-06-01 08:03:02.551642+00:00
[2024-06-01T08:08:58.399+0000] {logging_mixin.py:188} WARNING - /home/***/.local/lib/python3.12/site-packages/***/task/task_runner/standard_task_runner.py:61 DeprecationWarning: This process (pid=8754) is multi-threaded, use of fork() may lead to deadlocks in the child.
[2024-06-01T08:08:58.398+0000] {standard_task_runner.py:90} INFO - Running: ['***', 'tasks', 'run', 'my_weather_workflow_DAG_v04', 'group_tasks.is_api_weather_ready', 'manual__2024-06-01T08:03:02.551642+00:00', '--job-id', '643', '--raw', '--subdir', 'DAGS_FOLDER/tasks_flow.py', '--cfg-path', '/tmp/tmpp85c9e7f']
[2024-06-01T08:08:58.401+0000] {standard_task_runner.py:63} INFO - Started process 8756 to run task
[2024-06-01T08:08:58.401+0000] {standard_task_runner.py:91} INFO - Job 643: Subtask group_tasks.is_api_weather_ready
[2024-06-01T08:08:58.469+0000] {task_command.py:426} INFO - Running <TaskInstance: my_weather_workflow_DAG_v04.group_tasks.is_api_weather_ready manual__2024-06-01T08:03:02.551642+00:00 [running]> on host cd9caf1c47f0
[2024-06-01T08:08:58.604+0000] {taskinstance.py:2648} INFO - Exporting env vars: AIRFLOW_CTX_DAG_OWNER='Khang' AIRFLOW_CTX_DAG_ID='my_weather_workflow_DAG_v04' AIRFLOW_CTX_TASK_ID='group_tasks.is_api_weather_ready' AIRFLOW_CTX_EXECUTION_DATE='2024-06-01T08:03:02.551642+00:00' AIRFLOW_CTX_TRY_NUMBER='2' AIRFLOW_CTX_DAG_RUN_ID='manual__2024-06-01T08:03:02.551642+00:00'
[2024-06-01T08:08:58.606+0000] {taskinstance.py:430} INFO - ::endgroup::
[2024-06-01T08:08:58.620+0000] {http.py:137} INFO - Poking: /data/2.5/weather?lat=10.937&lon=108.15778&appid=cb9774016f254a4cb1aa6516bf401afa
[2024-06-01T08:08:58.634+0000] {base.py:84} INFO - Using connection ID 'weather_map_api_connection' for task execution.
[2024-06-01T08:08:59.282+0000] {python.py:237} INFO - Done. Returned value was: None
[2024-06-01T08:08:59.286+0000] {taskinstance.py:441} INFO - ::group::Post task execution logs
[2024-06-01T08:08:59.310+0000] {taskinstance.py:1206} INFO - Marking task as SUCCESS. dag_id=my_weather_workflow_DAG_v04, task_id=group_tasks.is_api_weather_ready, run_id=manual__2024-06-01T08:03:02.551642+00:00, execution_date=20240601T080302, start_date=20240601T080858, end_date=20240601T080859
[2024-06-01T08:08:59.340+0000] {local_task_job_runner.py:240} INFO - Task exited with return code 0
[2024-06-01T08:08:59.363+0000] {logging_mixin.py:188} WARNING - /home/***/.local/lib/python3.12/site-packages/***/models/baseoperator.py:1296 AirflowProviderDeprecationWarning: Call to deprecated class PostgresOperator. (Please use `***.providers.common.sql.operators.sql.SQLExecuteQueryOperator`.Also, you can provide `hook_params={'schema': <database>}`.)
[2024-06-01T08:08:59.383+0000] {taskinstance.py:3498} INFO - 1 downstream tasks scheduled from follow-on schedule check
[2024-06-01T08:08:59.387+0000] {local_task_job_runner.py:222} INFO - ::endgroup::
