[2024-06-03T11:07:39.842+0000] {local_task_job_runner.py:120} INFO - ::group::Pre task execution logs
[2024-06-03T11:07:39.864+0000] {taskinstance.py:2076} INFO - Dependencies all met for dep_context=non-requeueable deps ti=<TaskInstance: city_data_workflow_DAG_final.group_tasks.load_csv_city_to_postgres manual__2024-06-03T11:05:27.638846+00:00 [queued]>
[2024-06-03T11:07:39.874+0000] {taskinstance.py:2076} INFO - Dependencies all met for dep_context=requeueable deps ti=<TaskInstance: city_data_workflow_DAG_final.group_tasks.load_csv_city_to_postgres manual__2024-06-03T11:05:27.638846+00:00 [queued]>
[2024-06-03T11:07:39.875+0000] {taskinstance.py:2306} INFO - Starting attempt 2 of 7
[2024-06-03T11:07:39.892+0000] {taskinstance.py:2330} INFO - Executing <Task(PythonOperator): group_tasks.load_csv_city_to_postgres> on 2024-06-03 11:05:27.638846+00:00
[2024-06-03T11:07:39.902+0000] {logging_mixin.py:188} WARNING - /home/***/.local/lib/python3.12/site-packages/***/task/task_runner/standard_task_runner.py:61 DeprecationWarning: This process (pid=938) is multi-threaded, use of fork() may lead to deadlocks in the child.
[2024-06-03T11:07:39.901+0000] {standard_task_runner.py:90} INFO - Running: ['***', 'tasks', 'run', 'city_data_workflow_DAG_final', 'group_tasks.load_csv_city_to_postgres', 'manual__2024-06-03T11:05:27.638846+00:00', '--job-id', '1044', '--raw', '--subdir', 'DAGS_FOLDER/tasks_flow.py', '--cfg-path', '/tmp/tmpd5l04qdc']
[2024-06-03T11:07:39.904+0000] {standard_task_runner.py:63} INFO - Started process 942 to run task
[2024-06-03T11:07:39.904+0000] {standard_task_runner.py:91} INFO - Job 1044: Subtask group_tasks.load_csv_city_to_postgres
[2024-06-03T11:07:39.979+0000] {task_command.py:426} INFO - Running <TaskInstance: city_data_workflow_DAG_final.group_tasks.load_csv_city_to_postgres manual__2024-06-03T11:05:27.638846+00:00 [running]> on host cd9caf1c47f0
[2024-06-03T11:07:40.095+0000] {taskinstance.py:2648} INFO - Exporting env vars: AIRFLOW_CTX_DAG_OWNER='Khang' AIRFLOW_CTX_DAG_ID='city_data_workflow_DAG_final' AIRFLOW_CTX_TASK_ID='group_tasks.load_csv_city_to_postgres' AIRFLOW_CTX_EXECUTION_DATE='2024-06-03T11:05:27.638846+00:00' AIRFLOW_CTX_TRY_NUMBER='2' AIRFLOW_CTX_DAG_RUN_ID='manual__2024-06-03T11:05:27.638846+00:00'
[2024-06-03T11:07:40.097+0000] {taskinstance.py:430} INFO - ::endgroup::
[2024-06-03T11:07:40.141+0000] {base.py:84} INFO - Using connection ID 'postgres_connection_id' for task execution.
[2024-06-03T11:07:40.157+0000] {taskinstance.py:441} INFO - ::group::Post task execution logs
[2024-06-03T11:07:40.158+0000] {taskinstance.py:2905} ERROR - Task failed with exception
Traceback (most recent call last):
  File "/home/airflow/.local/lib/python3.12/site-packages/airflow/models/taskinstance.py", line 465, in _execute_task
    result = _execute_callable(context=context, **execute_callable_kwargs)
             ^^^^^^^^^^^^^^^^^^^^^^^^^^^^^^^^^^^^^^^^^^^^^^^^^^^^^^^^^^^^^
  File "/home/airflow/.local/lib/python3.12/site-packages/airflow/models/taskinstance.py", line 432, in _execute_callable
    return execute_callable(context=context, **execute_callable_kwargs)
           ^^^^^^^^^^^^^^^^^^^^^^^^^^^^^^^^^^^^^^^^^^^^^^^^^^^^^^^^^^^^
  File "/home/airflow/.local/lib/python3.12/site-packages/airflow/models/baseoperator.py", line 400, in wrapper
    return func(self, *args, **kwargs)
           ^^^^^^^^^^^^^^^^^^^^^^^^^^^
  File "/home/airflow/.local/lib/python3.12/site-packages/airflow/operators/python.py", line 235, in execute
    return_value = self.execute_callable()
                   ^^^^^^^^^^^^^^^^^^^^^^^
  File "/home/airflow/.local/lib/python3.12/site-packages/airflow/operators/python.py", line 252, in execute_callable
    return self.python_callable(*self.op_args, **self.op_kwargs)
           ^^^^^^^^^^^^^^^^^^^^^^^^^^^^^^^^^^^^^^^^^^^^^^^^^^^^^
  File "/opt/airflow/dags/tasks_flow.py", line 40, in load_csv_to_postgres
    cursor.copy_expert(f'COPY {table_name} FROM stdin WITH CSV HEADER', f)
psycopg2.errors.UniqueViolation: duplicate key value violates unique constraint "cities_pkey"
DETAIL:  Key (wiki_id)=(Q25282) already exists.
CONTEXT:  COPY cities, line 2

[2024-06-03T11:07:40.178+0000] {taskinstance.py:1206} INFO - Marking task as UP_FOR_RETRY. dag_id=city_data_workflow_DAG_final, task_id=group_tasks.load_csv_city_to_postgres, run_id=manual__2024-06-03T11:05:27.638846+00:00, execution_date=20240603T110527, start_date=20240603T110739, end_date=20240603T110740
[2024-06-03T11:07:40.195+0000] {standard_task_runner.py:110} ERROR - Failed to execute job 1044 for task group_tasks.load_csv_city_to_postgres (duplicate key value violates unique constraint "cities_pkey"
DETAIL:  Key (wiki_id)=(Q25282) already exists.
CONTEXT:  COPY cities, line 2
; 942)
[2024-06-03T11:07:40.241+0000] {local_task_job_runner.py:240} INFO - Task exited with return code 1
[2024-06-03T11:07:40.256+0000] {logging_mixin.py:188} WARNING - /home/***/.local/lib/python3.12/site-packages/***/models/baseoperator.py:1296 AirflowProviderDeprecationWarning: Call to deprecated class PostgresOperator. (Please use `***.providers.common.sql.operators.sql.SQLExecuteQueryOperator`.Also, you can provide `hook_params={'schema': <database>}`.)
[2024-06-03T11:07:40.274+0000] {taskinstance.py:3498} INFO - 0 downstream tasks scheduled from follow-on schedule check
[2024-06-03T11:07:40.277+0000] {local_task_job_runner.py:222} INFO - ::endgroup::
