[2024-06-03T11:26:38.600+0000] {local_task_job_runner.py:120} INFO - ::group::Pre task execution logs
[2024-06-03T11:26:38.621+0000] {taskinstance.py:2076} INFO - Dependencies all met for dep_context=non-requeueable deps ti=<TaskInstance: city_data_workflow_DAG_final.group_tasks.load_csv_city_to_postgres manual__2024-06-03T11:05:27.638846+00:00 [queued]>
[2024-06-03T11:26:38.630+0000] {taskinstance.py:2076} INFO - Dependencies all met for dep_context=requeueable deps ti=<TaskInstance: city_data_workflow_DAG_final.group_tasks.load_csv_city_to_postgres manual__2024-06-03T11:05:27.638846+00:00 [queued]>
[2024-06-03T11:26:38.632+0000] {taskinstance.py:2306} INFO - Starting attempt 7 of 12
[2024-06-03T11:26:38.647+0000] {taskinstance.py:2330} INFO - Executing <Task(PythonOperator): group_tasks.load_csv_city_to_postgres> on 2024-06-03 11:05:27.638846+00:00
[2024-06-03T11:26:38.654+0000] {logging_mixin.py:188} WARNING - /home/***/.local/lib/python3.12/site-packages/***/task/task_runner/standard_task_runner.py:61 DeprecationWarning: This process (pid=1495) is multi-threaded, use of fork() may lead to deadlocks in the child.
[2024-06-03T11:26:38.656+0000] {standard_task_runner.py:63} INFO - Started process 1499 to run task
[2024-06-03T11:26:38.655+0000] {standard_task_runner.py:90} INFO - Running: ['***', 'tasks', 'run', 'city_data_workflow_DAG_final', 'group_tasks.load_csv_city_to_postgres', 'manual__2024-06-03T11:05:27.638846+00:00', '--job-id', '1078', '--raw', '--subdir', 'DAGS_FOLDER/tasks_flow.py', '--cfg-path', '/tmp/tmpahznkona']
[2024-06-03T11:26:38.657+0000] {standard_task_runner.py:91} INFO - Job 1078: Subtask group_tasks.load_csv_city_to_postgres
[2024-06-03T11:26:38.716+0000] {task_command.py:426} INFO - Running <TaskInstance: city_data_workflow_DAG_final.group_tasks.load_csv_city_to_postgres manual__2024-06-03T11:05:27.638846+00:00 [running]> on host cd9caf1c47f0
[2024-06-03T11:26:38.822+0000] {taskinstance.py:2648} INFO - Exporting env vars: AIRFLOW_CTX_DAG_OWNER='Khang' AIRFLOW_CTX_DAG_ID='city_data_workflow_DAG_final' AIRFLOW_CTX_TASK_ID='group_tasks.load_csv_city_to_postgres' AIRFLOW_CTX_EXECUTION_DATE='2024-06-03T11:05:27.638846+00:00' AIRFLOW_CTX_TRY_NUMBER='7' AIRFLOW_CTX_DAG_RUN_ID='manual__2024-06-03T11:05:27.638846+00:00'
[2024-06-03T11:26:38.824+0000] {taskinstance.py:430} INFO - ::endgroup::
[2024-06-03T11:26:38.876+0000] {base.py:84} INFO - Using connection ID 'postgres_connection_id' for task execution.
[2024-06-03T11:26:38.892+0000] {python.py:237} INFO - Done. Returned value was: None
[2024-06-03T11:26:38.892+0000] {taskinstance.py:441} INFO - ::group::Post task execution logs
[2024-06-03T11:26:38.906+0000] {taskinstance.py:1206} INFO - Marking task as SUCCESS. dag_id=city_data_workflow_DAG_final, task_id=group_tasks.load_csv_city_to_postgres, run_id=manual__2024-06-03T11:05:27.638846+00:00, execution_date=20240603T110527, start_date=20240603T112638, end_date=20240603T112638
[2024-06-03T11:26:38.951+0000] {local_task_job_runner.py:240} INFO - Task exited with return code 0
[2024-06-03T11:26:38.989+0000] {logging_mixin.py:188} WARNING - /home/***/.local/lib/python3.12/site-packages/***/models/baseoperator.py:1296 AirflowProviderDeprecationWarning: Call to deprecated class PostgresOperator. (Please use `***.providers.common.sql.operators.sql.SQLExecuteQueryOperator`.Also, you can provide `hook_params={'schema': <database>}`.)
[2024-06-03T11:26:39.009+0000] {taskinstance.py:3498} INFO - 0 downstream tasks scheduled from follow-on schedule check
[2024-06-03T11:26:39.012+0000] {local_task_job_runner.py:222} INFO - ::endgroup::
