[2024-05-24T10:29:34.231+0000] {local_task_job_runner.py:120} INFO - ::group::Pre task execution logs
[2024-05-24T10:29:34.267+0000] {taskinstance.py:2076} INFO - Dependencies all met for dep_context=non-requeueable deps ti=<TaskInstance: my_weather_workflow_DAG_v03.extract_data_from_api scheduled__2024-05-23T00:00:00+00:00 [queued]>
[2024-05-24T10:29:34.282+0000] {taskinstance.py:2076} INFO - Dependencies all met for dep_context=requeueable deps ti=<TaskInstance: my_weather_workflow_DAG_v03.extract_data_from_api scheduled__2024-05-23T00:00:00+00:00 [queued]>
[2024-05-24T10:29:34.283+0000] {taskinstance.py:2306} INFO - Starting attempt 1 of 6
[2024-05-24T10:29:34.301+0000] {taskinstance.py:2330} INFO - Executing <Task(SimpleHttpOperator): extract_data_from_api> on 2024-05-23 00:00:00+00:00
[2024-05-24T10:29:34.311+0000] {standard_task_runner.py:90} INFO - Running: ['***', 'tasks', 'run', 'my_weather_workflow_DAG_v03', 'extract_data_from_api', 'scheduled__2024-05-23T00:00:00+00:00', '--job-id', '27', '--raw', '--subdir', 'DAGS_FOLDER/weather_dag.py', '--cfg-path', '/tmp/tmpca19iy22']
[2024-05-24T10:29:34.315+0000] {standard_task_runner.py:91} INFO - Job 27: Subtask extract_data_from_api
[2024-05-24T10:29:34.316+0000] {logging_mixin.py:188} WARNING - /home/***/.local/lib/python3.12/site-packages/***/task/task_runner/standard_task_runner.py:61 DeprecationWarning: This process (pid=859) is multi-threaded, use of fork() may lead to deadlocks in the child.
[2024-05-24T10:29:34.317+0000] {standard_task_runner.py:63} INFO - Started process 864 to run task
[2024-05-24T10:29:34.394+0000] {task_command.py:426} INFO - Running <TaskInstance: my_weather_workflow_DAG_v03.extract_data_from_api scheduled__2024-05-23T00:00:00+00:00 [running]> on host 6ab40057742d
[2024-05-24T10:29:34.676+0000] {taskinstance.py:2648} INFO - Exporting env vars: AIRFLOW_CTX_DAG_OWNER='Khang' AIRFLOW_CTX_DAG_ID='my_weather_workflow_DAG_v03' AIRFLOW_CTX_TASK_ID='extract_data_from_api' AIRFLOW_CTX_EXECUTION_DATE='2024-05-23T00:00:00+00:00' AIRFLOW_CTX_TRY_NUMBER='1' AIRFLOW_CTX_DAG_RUN_ID='scheduled__2024-05-23T00:00:00+00:00'
[2024-05-24T10:29:34.677+0000] {taskinstance.py:430} INFO - ::endgroup::
[2024-05-24T10:29:34.691+0000] {http.py:169} INFO - Calling HTTP method
[2024-05-24T10:29:34.704+0000] {base.py:84} INFO - Using connection ID 'weather_map_api_connection' for task execution.
[2024-05-24T10:29:34.720+0000] {base.py:84} INFO - Using connection ID 'weather_map_api_connection' for task execution.
[2024-05-24T10:29:34.867+0000] {http.py:208} INFO - {"coord":{"lon":106.6587,"lat":10.7576},"weather":[{"id":802,"main":"Clouds","description":"scattered clouds","icon":"03d"}],"base":"stations","main":{"temp":304.27,"feels_like":311.07,"temp_min":304.27,"temp_max":305.12,"pressure":1005,"humidity":70},"visibility":10000,"wind":{"speed":3.6,"deg":0},"clouds":{"all":40},"dt":1716546233,"sys":{"type":2,"id":2093009,"country":"VN","sunrise":1716503412,"sunset":1716549033},"timezone":25200,"id":1566083,"name":"Ho Chi Minh City","cod":200}
[2024-05-24T10:29:34.870+0000] {taskinstance.py:441} INFO - ::group::Post task execution logs
[2024-05-24T10:29:34.931+0000] {taskinstance.py:1206} INFO - Marking task as SUCCESS. dag_id=my_weather_workflow_DAG_v03, task_id=extract_data_from_api, run_id=scheduled__2024-05-23T00:00:00+00:00, execution_date=20240523T000000, start_date=20240524T102934, end_date=20240524T102934
[2024-05-24T10:29:34.974+0000] {local_task_job_runner.py:240} INFO - Task exited with return code 0
[2024-05-24T10:29:34.990+0000] {logging_mixin.py:188} WARNING - /home/***/.local/lib/python3.12/site-packages/***/models/baseoperator.py:1296 AirflowProviderDeprecationWarning: Call to deprecated class SimpleHttpOperator. (Class `SimpleHttpOperator` is deprecated and will be removed in a future release. Please use `HttpOperator` instead.)
[2024-05-24T10:29:35.012+0000] {taskinstance.py:3498} INFO - 1 downstream tasks scheduled from follow-on schedule check
[2024-05-24T10:29:35.016+0000] {local_task_job_runner.py:222} INFO - ::endgroup::
[2024-05-24T10:34:13.665+0000] {local_task_job_runner.py:120} INFO - ::group::Pre task execution logs
[2024-05-24T10:34:13.696+0000] {taskinstance.py:2076} INFO - Dependencies all met for dep_context=non-requeueable deps ti=<TaskInstance: my_weather_workflow_DAG_v03.extract_data_from_api scheduled__2024-05-23T00:00:00+00:00 [queued]>
[2024-05-24T10:34:13.709+0000] {taskinstance.py:2076} INFO - Dependencies all met for dep_context=requeueable deps ti=<TaskInstance: my_weather_workflow_DAG_v03.extract_data_from_api scheduled__2024-05-23T00:00:00+00:00 [queued]>
[2024-05-24T10:34:13.709+0000] {taskinstance.py:2306} INFO - Starting attempt 1 of 6
[2024-05-24T10:34:13.725+0000] {taskinstance.py:2330} INFO - Executing <Task(SimpleHttpOperator): extract_data_from_api> on 2024-05-23 00:00:00+00:00
[2024-05-24T10:34:13.733+0000] {standard_task_runner.py:90} INFO - Running: ['***', 'tasks', 'run', 'my_weather_workflow_DAG_v03', 'extract_data_from_api', 'scheduled__2024-05-23T00:00:00+00:00', '--job-id', '33', '--raw', '--subdir', 'DAGS_FOLDER/weather_dag.py', '--cfg-path', '/tmp/tmp294gi8wt']
[2024-05-24T10:34:13.736+0000] {standard_task_runner.py:91} INFO - Job 33: Subtask extract_data_from_api
[2024-05-24T10:34:13.737+0000] {logging_mixin.py:188} WARNING - /home/***/.local/lib/python3.12/site-packages/***/task/task_runner/standard_task_runner.py:61 DeprecationWarning: This process (pid=1000) is multi-threaded, use of fork() may lead to deadlocks in the child.
[2024-05-24T10:34:13.739+0000] {standard_task_runner.py:63} INFO - Started process 1002 to run task
[2024-05-24T10:34:13.809+0000] {task_command.py:426} INFO - Running <TaskInstance: my_weather_workflow_DAG_v03.extract_data_from_api scheduled__2024-05-23T00:00:00+00:00 [running]> on host 6ab40057742d
[2024-05-24T10:34:14.066+0000] {taskinstance.py:2648} INFO - Exporting env vars: AIRFLOW_CTX_DAG_OWNER='Khang' AIRFLOW_CTX_DAG_ID='my_weather_workflow_DAG_v03' AIRFLOW_CTX_TASK_ID='extract_data_from_api' AIRFLOW_CTX_EXECUTION_DATE='2024-05-23T00:00:00+00:00' AIRFLOW_CTX_TRY_NUMBER='1' AIRFLOW_CTX_DAG_RUN_ID='scheduled__2024-05-23T00:00:00+00:00'
[2024-05-24T10:34:14.067+0000] {taskinstance.py:430} INFO - ::endgroup::
[2024-05-24T10:34:14.079+0000] {http.py:169} INFO - Calling HTTP method
[2024-05-24T10:34:14.092+0000] {base.py:84} INFO - Using connection ID 'weather_map_api_connection' for task execution.
[2024-05-24T10:34:14.105+0000] {base.py:84} INFO - Using connection ID 'weather_map_api_connection' for task execution.
[2024-05-24T10:34:14.290+0000] {http.py:208} INFO - {"coord":{"lon":106.6602,"lat":10.7626},"weather":[{"id":802,"main":"Clouds","description":"scattered clouds","icon":"03d"}],"base":"stations","main":{"temp":304.85,"feels_like":311.85,"temp_min":304.85,"temp_max":305.14,"pressure":1005,"humidity":70},"visibility":10000,"wind":{"speed":3.6,"deg":0},"clouds":{"all":40},"dt":1716546851,"sys":{"type":2,"id":2093009,"country":"VN","sunrise":1716503411,"sunset":1716549033},"timezone":25200,"id":1566083,"name":"Ho Chi Minh City","cod":200}
[2024-05-24T10:34:14.292+0000] {taskinstance.py:441} INFO - ::group::Post task execution logs
[2024-05-24T10:34:14.327+0000] {taskinstance.py:1206} INFO - Marking task as SUCCESS. dag_id=my_weather_workflow_DAG_v03, task_id=extract_data_from_api, run_id=scheduled__2024-05-23T00:00:00+00:00, execution_date=20240523T000000, start_date=20240524T103413, end_date=20240524T103414
[2024-05-24T10:34:14.356+0000] {local_task_job_runner.py:240} INFO - Task exited with return code 0
[2024-05-24T10:34:14.374+0000] {logging_mixin.py:188} WARNING - /home/***/.local/lib/python3.12/site-packages/***/models/baseoperator.py:1296 AirflowProviderDeprecationWarning: Call to deprecated class SimpleHttpOperator. (Class `SimpleHttpOperator` is deprecated and will be removed in a future release. Please use `HttpOperator` instead.)
[2024-05-24T10:34:14.389+0000] {taskinstance.py:3498} INFO - 1 downstream tasks scheduled from follow-on schedule check
[2024-05-24T10:34:14.393+0000] {local_task_job_runner.py:222} INFO - ::endgroup::
[2024-05-24T10:44:20.270+0000] {local_task_job_runner.py:120} INFO - ::group::Pre task execution logs
[2024-05-24T10:44:20.298+0000] {taskinstance.py:2076} INFO - Dependencies all met for dep_context=non-requeueable deps ti=<TaskInstance: my_weather_workflow_DAG_v03.extract_data_from_api scheduled__2024-05-23T00:00:00+00:00 [queued]>
[2024-05-24T10:44:20.309+0000] {taskinstance.py:2076} INFO - Dependencies all met for dep_context=requeueable deps ti=<TaskInstance: my_weather_workflow_DAG_v03.extract_data_from_api scheduled__2024-05-23T00:00:00+00:00 [queued]>
[2024-05-24T10:44:20.310+0000] {taskinstance.py:2306} INFO - Starting attempt 1 of 6
[2024-05-24T10:44:20.326+0000] {taskinstance.py:2330} INFO - Executing <Task(SimpleHttpOperator): extract_data_from_api> on 2024-05-23 00:00:00+00:00
[2024-05-24T10:44:20.336+0000] {standard_task_runner.py:90} INFO - Running: ['***', 'tasks', 'run', 'my_weather_workflow_DAG_v03', 'extract_data_from_api', 'scheduled__2024-05-23T00:00:00+00:00', '--job-id', '40', '--raw', '--subdir', 'DAGS_FOLDER/weather_dag.py', '--cfg-path', '/tmp/tmpnlg6ihzs']
[2024-05-24T10:44:20.339+0000] {standard_task_runner.py:91} INFO - Job 40: Subtask extract_data_from_api
[2024-05-24T10:44:20.340+0000] {logging_mixin.py:188} WARNING - /home/***/.local/lib/python3.12/site-packages/***/task/task_runner/standard_task_runner.py:61 DeprecationWarning: This process (pid=1261) is multi-threaded, use of fork() may lead to deadlocks in the child.
[2024-05-24T10:44:20.341+0000] {standard_task_runner.py:63} INFO - Started process 1265 to run task
[2024-05-24T10:44:20.428+0000] {task_command.py:426} INFO - Running <TaskInstance: my_weather_workflow_DAG_v03.extract_data_from_api scheduled__2024-05-23T00:00:00+00:00 [running]> on host 6ab40057742d
[2024-05-24T10:44:20.725+0000] {taskinstance.py:2648} INFO - Exporting env vars: AIRFLOW_CTX_DAG_OWNER='Khang' AIRFLOW_CTX_DAG_ID='my_weather_workflow_DAG_v03' AIRFLOW_CTX_TASK_ID='extract_data_from_api' AIRFLOW_CTX_EXECUTION_DATE='2024-05-23T00:00:00+00:00' AIRFLOW_CTX_TRY_NUMBER='1' AIRFLOW_CTX_DAG_RUN_ID='scheduled__2024-05-23T00:00:00+00:00'
[2024-05-24T10:44:20.726+0000] {taskinstance.py:430} INFO - ::endgroup::
[2024-05-24T10:44:20.745+0000] {http.py:169} INFO - Calling HTTP method
[2024-05-24T10:44:20.762+0000] {base.py:84} INFO - Using connection ID 'weather_map_api_connection' for task execution.
[2024-05-24T10:44:20.775+0000] {base.py:84} INFO - Using connection ID 'weather_map_api_connection' for task execution.
[2024-05-24T10:44:20.937+0000] {http.py:208} INFO - {"coord":{"lon":106.6602,"lat":10.7626},"weather":[{"id":520,"main":"Rain","description":"light intensity shower rain","icon":"09d"}],"base":"stations","main":{"temp":304.29,"feels_like":311.29,"temp_min":304.14,"temp_max":304.29,"pressure":1006,"humidity":73},"visibility":8000,"wind":{"speed":4.12,"deg":90},"rain":{"1h":0.11},"clouds":{"all":40},"dt":1716547459,"sys":{"type":2,"id":2093009,"country":"VN","sunrise":1716503411,"sunset":1716549033},"timezone":25200,"id":1566083,"name":"Ho Chi Minh City","cod":200}
[2024-05-24T10:44:20.940+0000] {taskinstance.py:441} INFO - ::group::Post task execution logs
[2024-05-24T10:44:20.980+0000] {taskinstance.py:1206} INFO - Marking task as SUCCESS. dag_id=my_weather_workflow_DAG_v03, task_id=extract_data_from_api, run_id=scheduled__2024-05-23T00:00:00+00:00, execution_date=20240523T000000, start_date=20240524T104420, end_date=20240524T104420
[2024-05-24T10:44:21.039+0000] {local_task_job_runner.py:240} INFO - Task exited with return code 0
[2024-05-24T10:44:21.057+0000] {logging_mixin.py:188} WARNING - /home/***/.local/lib/python3.12/site-packages/***/models/baseoperator.py:1296 AirflowProviderDeprecationWarning: Call to deprecated class SimpleHttpOperator. (Class `SimpleHttpOperator` is deprecated and will be removed in a future release. Please use `HttpOperator` instead.)
[2024-05-24T10:44:21.074+0000] {taskinstance.py:3498} INFO - 1 downstream tasks scheduled from follow-on schedule check
[2024-05-24T10:44:21.079+0000] {local_task_job_runner.py:222} INFO - ::endgroup::
