[2024-06-03T08:25:31.317+0000] {local_task_job_runner.py:120} INFO - ::group::Pre task execution logs
[2024-06-03T08:25:31.338+0000] {taskinstance.py:2076} INFO - Dependencies all met for dep_context=non-requeueable deps ti=<TaskInstance: city_data_workflow_DAG_final.group_tasks.transform_data_weather_api scheduled__2024-06-02T00:00:00+00:00 [queued]>
[2024-06-03T08:25:31.347+0000] {taskinstance.py:2076} INFO - Dependencies all met for dep_context=requeueable deps ti=<TaskInstance: city_data_workflow_DAG_final.group_tasks.transform_data_weather_api scheduled__2024-06-02T00:00:00+00:00 [queued]>
[2024-06-03T08:25:31.348+0000] {taskinstance.py:2306} INFO - Starting attempt 1 of 6
[2024-06-03T08:25:31.363+0000] {taskinstance.py:2330} INFO - Executing <Task(PythonOperator): group_tasks.transform_data_weather_api> on 2024-06-02 00:00:00+00:00
[2024-06-03T08:25:31.370+0000] {standard_task_runner.py:90} INFO - Running: ['***', 'tasks', 'run', 'city_data_workflow_DAG_final', 'group_tasks.transform_data_weather_api', 'scheduled__2024-06-02T00:00:00+00:00', '--job-id', '953', '--raw', '--subdir', 'DAGS_FOLDER/tasks_flow.py', '--cfg-path', '/tmp/tmpt42i4d4q']
[2024-06-03T08:25:31.373+0000] {standard_task_runner.py:91} INFO - Job 953: Subtask group_tasks.transform_data_weather_api
[2024-06-03T08:25:31.373+0000] {logging_mixin.py:188} WARNING - /home/***/.local/lib/python3.12/site-packages/***/task/task_runner/standard_task_runner.py:61 DeprecationWarning: This process (pid=197) is multi-threaded, use of fork() may lead to deadlocks in the child.
[2024-06-03T08:25:31.374+0000] {standard_task_runner.py:63} INFO - Started process 199 to run task
[2024-06-03T08:25:31.431+0000] {task_command.py:426} INFO - Running <TaskInstance: city_data_workflow_DAG_final.group_tasks.transform_data_weather_api scheduled__2024-06-02T00:00:00+00:00 [running]> on host cd9caf1c47f0
[2024-06-03T08:25:31.538+0000] {taskinstance.py:2648} INFO - Exporting env vars: AIRFLOW_CTX_DAG_OWNER='Khang' AIRFLOW_CTX_DAG_ID='city_data_workflow_DAG_final' AIRFLOW_CTX_TASK_ID='group_tasks.transform_data_weather_api' AIRFLOW_CTX_EXECUTION_DATE='2024-06-02T00:00:00+00:00' AIRFLOW_CTX_TRY_NUMBER='1' AIRFLOW_CTX_DAG_RUN_ID='scheduled__2024-06-02T00:00:00+00:00'
[2024-06-03T08:25:31.539+0000] {taskinstance.py:430} INFO - ::endgroup::
[2024-06-03T08:25:31.591+0000] {python.py:237} INFO - Done. Returned value was: {'fk_city': 'Q1854', 'file_name': 'Q1854_weather_data_03-06-2024.csv'}
[2024-06-03T08:25:31.592+0000] {taskinstance.py:441} INFO - ::group::Post task execution logs
[2024-06-03T08:25:31.625+0000] {taskinstance.py:1206} INFO - Marking task as SUCCESS. dag_id=city_data_workflow_DAG_final, task_id=group_tasks.transform_data_weather_api, run_id=scheduled__2024-06-02T00:00:00+00:00, execution_date=20240602T000000, start_date=20240603T082531, end_date=20240603T082531
[2024-06-03T08:25:31.670+0000] {local_task_job_runner.py:240} INFO - Task exited with return code 0
[2024-06-03T08:25:31.708+0000] {logging_mixin.py:188} WARNING - /home/***/.local/lib/python3.12/site-packages/***/models/baseoperator.py:1296 AirflowProviderDeprecationWarning: Call to deprecated class PostgresOperator. (Please use `***.providers.common.sql.operators.sql.SQLExecuteQueryOperator`.Also, you can provide `hook_params={'schema': <database>}`.)
[2024-06-03T08:25:31.741+0000] {taskinstance.py:3498} INFO - 0 downstream tasks scheduled from follow-on schedule check
[2024-06-03T08:25:31.747+0000] {local_task_job_runner.py:222} INFO - ::endgroup::
[2024-06-03T09:34:48.937+0000] {local_task_job_runner.py:120} INFO - ::group::Pre task execution logs
[2024-06-03T09:34:48.960+0000] {taskinstance.py:2076} INFO - Dependencies all met for dep_context=non-requeueable deps ti=<TaskInstance: city_data_workflow_DAG_final.group_tasks.transform_data_weather_api scheduled__2024-06-02T00:00:00+00:00 [queued]>
[2024-06-03T09:34:48.971+0000] {taskinstance.py:2076} INFO - Dependencies all met for dep_context=requeueable deps ti=<TaskInstance: city_data_workflow_DAG_final.group_tasks.transform_data_weather_api scheduled__2024-06-02T00:00:00+00:00 [queued]>
[2024-06-03T09:34:48.972+0000] {taskinstance.py:2306} INFO - Starting attempt 1 of 6
[2024-06-03T09:34:48.985+0000] {taskinstance.py:2330} INFO - Executing <Task(PythonOperator): group_tasks.transform_data_weather_api> on 2024-06-02 00:00:00+00:00
[2024-06-03T09:34:48.993+0000] {standard_task_runner.py:90} INFO - Running: ['***', 'tasks', 'run', 'city_data_workflow_DAG_final', 'group_tasks.transform_data_weather_api', 'scheduled__2024-06-02T00:00:00+00:00', '--job-id', '970', '--raw', '--subdir', 'DAGS_FOLDER/tasks_flow.py', '--cfg-path', '/tmp/tmpq9dmdbm6']
[2024-06-03T09:34:48.997+0000] {standard_task_runner.py:91} INFO - Job 970: Subtask group_tasks.transform_data_weather_api
[2024-06-03T09:34:49.000+0000] {logging_mixin.py:188} WARNING - /home/***/.local/lib/python3.12/site-packages/***/task/task_runner/standard_task_runner.py:61 DeprecationWarning: This process (pid=1990) is multi-threaded, use of fork() may lead to deadlocks in the child.
[2024-06-03T09:34:49.001+0000] {standard_task_runner.py:63} INFO - Started process 1992 to run task
[2024-06-03T09:34:49.064+0000] {task_command.py:426} INFO - Running <TaskInstance: city_data_workflow_DAG_final.group_tasks.transform_data_weather_api scheduled__2024-06-02T00:00:00+00:00 [running]> on host cd9caf1c47f0
[2024-06-03T09:34:49.163+0000] {taskinstance.py:2648} INFO - Exporting env vars: AIRFLOW_CTX_DAG_OWNER='Khang' AIRFLOW_CTX_DAG_ID='city_data_workflow_DAG_final' AIRFLOW_CTX_TASK_ID='group_tasks.transform_data_weather_api' AIRFLOW_CTX_EXECUTION_DATE='2024-06-02T00:00:00+00:00' AIRFLOW_CTX_TRY_NUMBER='1' AIRFLOW_CTX_DAG_RUN_ID='scheduled__2024-06-02T00:00:00+00:00'
[2024-06-03T09:34:49.165+0000] {taskinstance.py:430} INFO - ::endgroup::
[2024-06-03T09:34:49.217+0000] {python.py:237} INFO - Done. Returned value was: {'fk_city': 'Q1854', 'file_name': 'Q1854_weather_data_03-06-2024.csv'}
[2024-06-03T09:34:49.217+0000] {taskinstance.py:441} INFO - ::group::Post task execution logs
[2024-06-03T09:34:49.252+0000] {taskinstance.py:1206} INFO - Marking task as SUCCESS. dag_id=city_data_workflow_DAG_final, task_id=group_tasks.transform_data_weather_api, run_id=scheduled__2024-06-02T00:00:00+00:00, execution_date=20240602T000000, start_date=20240603T093448, end_date=20240603T093449
[2024-06-03T09:34:49.296+0000] {local_task_job_runner.py:240} INFO - Task exited with return code 0
[2024-06-03T09:34:49.312+0000] {logging_mixin.py:188} WARNING - /home/***/.local/lib/python3.12/site-packages/***/models/baseoperator.py:1296 AirflowProviderDeprecationWarning: Call to deprecated class PostgresOperator. (Please use `***.providers.common.sql.operators.sql.SQLExecuteQueryOperator`.Also, you can provide `hook_params={'schema': <database>}`.)
[2024-06-03T09:34:49.323+0000] {taskinstance.py:3498} INFO - 0 downstream tasks scheduled from follow-on schedule check
[2024-06-03T09:34:49.326+0000] {local_task_job_runner.py:222} INFO - ::endgroup::
