[2024-05-31T04:18:51.413+0000] {local_task_job_runner.py:120} INFO - ::group::Pre task execution logs
[2024-05-31T04:18:51.434+0000] {taskinstance.py:2076} INFO - Dependencies all met for dep_context=non-requeueable deps ti=<TaskInstance: my_weather_workflow_DAG_v04.get_city_data_from_api manual__2024-05-31T04:06:10.739308+00:00 [queued]>
[2024-05-31T04:18:51.443+0000] {taskinstance.py:2076} INFO - Dependencies all met for dep_context=requeueable deps ti=<TaskInstance: my_weather_workflow_DAG_v04.get_city_data_from_api manual__2024-05-31T04:06:10.739308+00:00 [queued]>
[2024-05-31T04:18:51.444+0000] {taskinstance.py:2306} INFO - Starting attempt 2 of 7
[2024-05-31T04:18:51.459+0000] {taskinstance.py:2330} INFO - Executing <Task(PythonOperator): get_city_data_from_api> on 2024-05-31 04:06:10.739308+00:00
[2024-05-31T04:18:51.467+0000] {standard_task_runner.py:90} INFO - Running: ['***', 'tasks', 'run', 'my_weather_workflow_DAG_v04', 'get_city_data_from_api', 'manual__2024-05-31T04:06:10.739308+00:00', '--job-id', '180', '--raw', '--subdir', 'DAGS_FOLDER/weather_dag.py', '--cfg-path', '/tmp/tmprwdyqz2h']
[2024-05-31T04:18:51.469+0000] {standard_task_runner.py:91} INFO - Job 180: Subtask get_city_data_from_api
[2024-05-31T04:18:51.471+0000] {logging_mixin.py:188} WARNING - /home/***/.local/lib/python3.12/site-packages/***/task/task_runner/standard_task_runner.py:61 DeprecationWarning: This process (pid=1625) is multi-threaded, use of fork() may lead to deadlocks in the child.
[2024-05-31T04:18:51.472+0000] {standard_task_runner.py:63} INFO - Started process 1633 to run task
[2024-05-31T04:18:51.564+0000] {task_command.py:426} INFO - Running <TaskInstance: my_weather_workflow_DAG_v04.get_city_data_from_api manual__2024-05-31T04:06:10.739308+00:00 [running]> on host cd9caf1c47f0
[2024-05-31T04:18:51.667+0000] {taskinstance.py:2648} INFO - Exporting env vars: AIRFLOW_CTX_DAG_OWNER='Khang' AIRFLOW_CTX_DAG_ID='my_weather_workflow_DAG_v04' AIRFLOW_CTX_TASK_ID='get_city_data_from_api' AIRFLOW_CTX_EXECUTION_DATE='2024-05-31T04:06:10.739308+00:00' AIRFLOW_CTX_TRY_NUMBER='2' AIRFLOW_CTX_DAG_RUN_ID='manual__2024-05-31T04:06:10.739308+00:00'
[2024-05-31T04:18:51.668+0000] {taskinstance.py:430} INFO - ::endgroup::
[2024-05-31T04:18:51.682+0000] {baseoperator.py:399} WARNING - SimpleHttpOperator.execute cannot be called outside TaskInstance!
[2024-05-31T04:18:51.683+0000] {http.py:169} INFO - Calling HTTP method
[2024-05-31T04:18:51.695+0000] {base.py:84} INFO - Using connection ID 'city_map_api_connection' for task execution.
[2024-05-31T04:18:51.707+0000] {base.py:84} INFO - Using connection ID 'city_map_api_connection' for task execution.
[2024-05-31T04:18:52.085+0000] {http.py:208} INFO - {"data":{"id":3453184,"wikiDataId":"Q25282","type":"CITY","city":"Da Nang","name":"Da Nang","country":"Vietnam","countryCode":"VN","region":"Da Nang","regionCode":"DN","regionWdId":"Q25282","latitude":16.08333,"longitude":108.08333,"population":1220200,"timezone":"Asia__Ho_Chi_Minh","deleted":false}}
[2024-05-31T04:18:52.090+0000] {python.py:237} INFO - Done. Returned value was: {'data': {'id': 3453184, 'wikiDataId': 'Q25282', 'type': 'CITY', 'city': 'Da Nang', 'name': 'Da Nang', 'country': 'Vietnam', 'countryCode': 'VN', 'region': 'Da Nang', 'regionCode': 'DN', 'regionWdId': 'Q25282', 'latitude': 16.08333, 'longitude': 108.08333, 'population': 1220200, 'timezone': 'Asia__Ho_Chi_Minh', 'deleted': False}}
[2024-05-31T04:18:52.093+0000] {taskinstance.py:441} INFO - ::group::Post task execution logs
[2024-05-31T04:18:52.134+0000] {taskinstance.py:1206} INFO - Marking task as SUCCESS. dag_id=my_weather_workflow_DAG_v04, task_id=get_city_data_from_api, run_id=manual__2024-05-31T04:06:10.739308+00:00, execution_date=20240531T040610, start_date=20240531T041851, end_date=20240531T041852
[2024-05-31T04:18:52.170+0000] {local_task_job_runner.py:240} INFO - Task exited with return code 0
[2024-05-31T04:18:52.187+0000] {logging_mixin.py:188} WARNING - /home/***/.local/lib/python3.12/site-packages/***/models/baseoperator.py:1296 AirflowProviderDeprecationWarning: Call to deprecated class PostgresOperator. (Please use `***.providers.common.sql.operators.sql.SQLExecuteQueryOperator`.Also, you can provide `hook_params={'schema': <database>}`.)
[2024-05-31T04:18:52.207+0000] {taskinstance.py:3498} INFO - 1 downstream tasks scheduled from follow-on schedule check
[2024-05-31T04:18:52.210+0000] {local_task_job_runner.py:222} INFO - ::endgroup::
