[2024-05-31T05:01:18.328+0000] {local_task_job_runner.py:120} INFO - ::group::Pre task execution logs
[2024-05-31T05:01:18.355+0000] {taskinstance.py:2076} INFO - Dependencies all met for dep_context=non-requeueable deps ti=<TaskInstance: my_weather_workflow_DAG_v04.get_city_data_from_api manual__2024-05-31T04:06:10.739308+00:00 [queued]>
[2024-05-31T05:01:18.365+0000] {taskinstance.py:2076} INFO - Dependencies all met for dep_context=requeueable deps ti=<TaskInstance: my_weather_workflow_DAG_v04.get_city_data_from_api manual__2024-05-31T04:06:10.739308+00:00 [queued]>
[2024-05-31T05:01:18.366+0000] {taskinstance.py:2306} INFO - Starting attempt 9 of 14
[2024-05-31T05:01:18.380+0000] {taskinstance.py:2330} INFO - Executing <Task(PythonOperator): get_city_data_from_api> on 2024-05-31 04:06:10.739308+00:00
[2024-05-31T05:01:18.387+0000] {logging_mixin.py:188} WARNING - /home/***/.local/lib/python3.12/site-packages/***/task/task_runner/standard_task_runner.py:61 DeprecationWarning: This process (pid=2853) is multi-threaded, use of fork() may lead to deadlocks in the child.
[2024-05-31T05:01:18.388+0000] {standard_task_runner.py:63} INFO - Started process 2855 to run task
[2024-05-31T05:01:18.387+0000] {standard_task_runner.py:90} INFO - Running: ['***', 'tasks', 'run', 'my_weather_workflow_DAG_v04', 'get_city_data_from_api', 'manual__2024-05-31T04:06:10.739308+00:00', '--job-id', '226', '--raw', '--subdir', 'DAGS_FOLDER/weather_dag.py', '--cfg-path', '/tmp/tmp_7l0xfgs']
[2024-05-31T05:01:18.390+0000] {standard_task_runner.py:91} INFO - Job 226: Subtask get_city_data_from_api
[2024-05-31T05:01:18.450+0000] {task_command.py:426} INFO - Running <TaskInstance: my_weather_workflow_DAG_v04.get_city_data_from_api manual__2024-05-31T04:06:10.739308+00:00 [running]> on host cd9caf1c47f0
[2024-05-31T05:01:18.549+0000] {taskinstance.py:2648} INFO - Exporting env vars: AIRFLOW_CTX_DAG_OWNER='Khang' AIRFLOW_CTX_DAG_ID='my_weather_workflow_DAG_v04' AIRFLOW_CTX_TASK_ID='get_city_data_from_api' AIRFLOW_CTX_EXECUTION_DATE='2024-05-31T04:06:10.739308+00:00' AIRFLOW_CTX_TRY_NUMBER='9' AIRFLOW_CTX_DAG_RUN_ID='manual__2024-05-31T04:06:10.739308+00:00'
[2024-05-31T05:01:18.551+0000] {taskinstance.py:430} INFO - ::endgroup::
[2024-05-31T05:01:18.563+0000] {baseoperator.py:399} WARNING - SimpleHttpOperator.execute cannot be called outside TaskInstance!
[2024-05-31T05:01:18.564+0000] {http.py:169} INFO - Calling HTTP method
[2024-05-31T05:01:18.576+0000] {base.py:84} INFO - Using connection ID 'city_map_api_connection' for task execution.
[2024-05-31T05:01:18.587+0000] {base.py:84} INFO - Using connection ID 'city_map_api_connection' for task execution.
[2024-05-31T05:01:18.991+0000] {http.py:208} INFO - {"data":{"id":130805,"wikiDataId":"Q19491","type":"CITY","city":"Nha Trang","name":"Nha Trang","country":"Vietnam","countryCode":"VN","region":"Khánh Hòa","regionCode":"34","regionWdId":"Q33369","latitude":12.245,"longitude":109.191666666,"population":392279,"timezone":"Asia__Ho_Chi_Minh","deleted":false}}
[2024-05-31T05:01:18.994+0000] {python.py:237} INFO - Done. Returned value was: {'data': {'id': 130805, 'wikiDataId': 'Q19491', 'type': 'CITY', 'city': 'Nha Trang', 'name': 'Nha Trang', 'country': 'Vietnam', 'countryCode': 'VN', 'region': 'Khánh Hòa', 'regionCode': '34', 'regionWdId': 'Q33369', 'latitude': 12.245, 'longitude': 109.191666666, 'population': 392279, 'timezone': 'Asia__Ho_Chi_Minh', 'deleted': False}}
[2024-05-31T05:01:18.995+0000] {taskinstance.py:441} INFO - ::group::Post task execution logs
[2024-05-31T05:01:19.038+0000] {taskinstance.py:1206} INFO - Marking task as SUCCESS. dag_id=my_weather_workflow_DAG_v04, task_id=get_city_data_from_api, run_id=manual__2024-05-31T04:06:10.739308+00:00, execution_date=20240531T040610, start_date=20240531T050118, end_date=20240531T050119
[2024-05-31T05:01:19.086+0000] {local_task_job_runner.py:240} INFO - Task exited with return code 0
[2024-05-31T05:01:19.113+0000] {logging_mixin.py:188} WARNING - /home/***/.local/lib/python3.12/site-packages/***/models/baseoperator.py:1296 AirflowProviderDeprecationWarning: Call to deprecated class PostgresOperator. (Please use `***.providers.common.sql.operators.sql.SQLExecuteQueryOperator`.Also, you can provide `hook_params={'schema': <database>}`.)
[2024-05-31T05:01:19.150+0000] {taskinstance.py:3498} INFO - 1 downstream tasks scheduled from follow-on schedule check
[2024-05-31T05:01:19.153+0000] {local_task_job_runner.py:222} INFO - ::endgroup::
