[2024-06-01T16:47:41.754+0000] {local_task_job_runner.py:120} INFO - ::group::Pre task execution logs
[2024-06-01T16:47:41.776+0000] {taskinstance.py:2076} INFO - Dependencies all met for dep_context=non-requeueable deps ti=<TaskInstance: city_data_workflow_DAG_final.join_city_weather manual__2024-06-01T16:47:20.837201+00:00 [queued]>
[2024-06-01T16:47:41.786+0000] {taskinstance.py:2076} INFO - Dependencies all met for dep_context=requeueable deps ti=<TaskInstance: city_data_workflow_DAG_final.join_city_weather manual__2024-06-01T16:47:20.837201+00:00 [queued]>
[2024-06-01T16:47:41.788+0000] {taskinstance.py:2306} INFO - Starting attempt 1 of 6
[2024-06-01T16:47:41.802+0000] {taskinstance.py:2330} INFO - Executing <Task(PostgresOperator): join_city_weather> on 2024-06-01 16:47:20.837201+00:00
[2024-06-01T16:47:41.815+0000] {logging_mixin.py:188} WARNING - /home/***/.local/lib/python3.12/site-packages/***/task/task_runner/standard_task_runner.py:61 DeprecationWarning: This process (pid=4088) is multi-threaded, use of fork() may lead to deadlocks in the child.
[2024-06-01T16:47:41.817+0000] {standard_task_runner.py:63} INFO - Started process 4090 to run task
[2024-06-01T16:47:41.815+0000] {standard_task_runner.py:90} INFO - Running: ['***', 'tasks', 'run', 'city_data_workflow_DAG_final', 'join_city_weather', 'manual__2024-06-01T16:47:20.837201+00:00', '--job-id', '907', '--raw', '--subdir', 'DAGS_FOLDER/tasks_flow.py', '--cfg-path', '/tmp/tmp4jtpu48p']
[2024-06-01T16:47:41.819+0000] {standard_task_runner.py:91} INFO - Job 907: Subtask join_city_weather
[2024-06-01T16:47:41.887+0000] {task_command.py:426} INFO - Running <TaskInstance: city_data_workflow_DAG_final.join_city_weather manual__2024-06-01T16:47:20.837201+00:00 [running]> on host cd9caf1c47f0
[2024-06-01T16:47:41.992+0000] {taskinstance.py:2648} INFO - Exporting env vars: AIRFLOW_CTX_DAG_OWNER='Khang' AIRFLOW_CTX_DAG_ID='city_data_workflow_DAG_final' AIRFLOW_CTX_TASK_ID='join_city_weather' AIRFLOW_CTX_EXECUTION_DATE='2024-06-01T16:47:20.837201+00:00' AIRFLOW_CTX_TRY_NUMBER='1' AIRFLOW_CTX_DAG_RUN_ID='manual__2024-06-01T16:47:20.837201+00:00'
[2024-06-01T16:47:41.993+0000] {taskinstance.py:430} INFO - ::endgroup::
[2024-06-01T16:47:42.008+0000] {sql.py:276} INFO - Executing: SELECT 
    c.wiki_id AS wiki_id_city,
    name,
    country,
    population,
    latitude,
    longitude,
    weather_description,
    temperature_celsius,
    pressure,
    humidity,
    wind_speed,
    sunrise_time,
    sunset_time
FROM cities c
JOIN weathers w 
    ON c.wiki_id = w.fk_city;
[2024-06-01T16:47:42.022+0000] {base.py:84} INFO - Using connection ID 'postgres_connection_id' for task execution.
[2024-06-01T16:47:42.034+0000] {base.py:84} INFO - Using connection ID 'postgres_connection_id' for task execution.
[2024-06-01T16:47:42.043+0000] {sql.py:470} INFO - Running statement: SELECT 
    c.wiki_id AS wiki_id_city,
    name,
    country,
    population,
    latitude,
    longitude,
    weather_description,
    temperature_celsius,
    pressure,
    humidity,
    wind_speed,
    sunrise_time,
    sunset_time
FROM cities c
JOIN weathers w 
    ON c.wiki_id = w.fk_city;, parameters: None
[2024-06-01T16:47:42.046+0000] {sql.py:479} INFO - Rows affected: 2
[2024-06-01T16:47:42.047+0000] {taskinstance.py:441} INFO - ::group::Post task execution logs
[2024-06-01T16:47:42.099+0000] {taskinstance.py:1206} INFO - Marking task as SUCCESS. dag_id=city_data_workflow_DAG_final, task_id=join_city_weather, run_id=manual__2024-06-01T16:47:20.837201+00:00, execution_date=20240601T164720, start_date=20240601T164741, end_date=20240601T164742
[2024-06-01T16:47:42.153+0000] {local_task_job_runner.py:240} INFO - Task exited with return code 0
[2024-06-01T16:47:42.171+0000] {logging_mixin.py:188} WARNING - /home/***/.local/lib/python3.12/site-packages/***/models/baseoperator.py:1296 AirflowProviderDeprecationWarning: Call to deprecated class PostgresOperator. (Please use `***.providers.common.sql.operators.sql.SQLExecuteQueryOperator`.Also, you can provide `hook_params={'schema': <database>}`.)
[2024-06-01T16:47:42.191+0000] {taskinstance.py:3498} INFO - 1 downstream tasks scheduled from follow-on schedule check
[2024-06-01T16:47:42.195+0000] {local_task_job_runner.py:222} INFO - ::endgroup::
