[2024-06-03T11:35:02.993+0000] {local_task_job_runner.py:120} INFO - ::group::Pre task execution logs
[2024-06-03T11:35:03.021+0000] {taskinstance.py:2076} INFO - Dependencies all met for dep_context=non-requeueable deps ti=<TaskInstance: city_data_workflow_DAG_final.extract_city_data_from_api manual__2024-06-03T11:05:27.638846+00:00 [queued]>
[2024-06-03T11:35:03.036+0000] {taskinstance.py:2076} INFO - Dependencies all met for dep_context=requeueable deps ti=<TaskInstance: city_data_workflow_DAG_final.extract_city_data_from_api manual__2024-06-03T11:05:27.638846+00:00 [queued]>
[2024-06-03T11:35:03.038+0000] {taskinstance.py:2306} INFO - Starting attempt 6 of 11
[2024-06-03T11:35:03.059+0000] {taskinstance.py:2330} INFO - Executing <Task(SimpleHttpOperator): extract_city_data_from_api> on 2024-06-03 11:05:27.638846+00:00
[2024-06-03T11:35:03.070+0000] {logging_mixin.py:188} WARNING - /home/***/.local/lib/python3.12/site-packages/***/task/task_runner/standard_task_runner.py:61 DeprecationWarning: This process (pid=1751) is multi-threaded, use of fork() may lead to deadlocks in the child.
[2024-06-03T11:35:03.072+0000] {standard_task_runner.py:63} INFO - Started process 1753 to run task
[2024-06-03T11:35:03.071+0000] {standard_task_runner.py:90} INFO - Running: ['***', 'tasks', 'run', 'city_data_workflow_DAG_final', 'extract_city_data_from_api', 'manual__2024-06-03T11:05:27.638846+00:00', '--job-id', '1088', '--raw', '--subdir', 'DAGS_FOLDER/tasks_flow.py', '--cfg-path', '/tmp/tmp6o3q2ml1']
[2024-06-03T11:35:03.074+0000] {standard_task_runner.py:91} INFO - Job 1088: Subtask extract_city_data_from_api
[2024-06-03T11:35:03.148+0000] {task_command.py:426} INFO - Running <TaskInstance: city_data_workflow_DAG_final.extract_city_data_from_api manual__2024-06-03T11:05:27.638846+00:00 [running]> on host cd9caf1c47f0
[2024-06-03T11:35:03.261+0000] {taskinstance.py:2648} INFO - Exporting env vars: AIRFLOW_CTX_DAG_OWNER='Khang' AIRFLOW_CTX_DAG_ID='city_data_workflow_DAG_final' AIRFLOW_CTX_TASK_ID='extract_city_data_from_api' AIRFLOW_CTX_EXECUTION_DATE='2024-06-03T11:05:27.638846+00:00' AIRFLOW_CTX_TRY_NUMBER='6' AIRFLOW_CTX_DAG_RUN_ID='manual__2024-06-03T11:05:27.638846+00:00'
[2024-06-03T11:35:03.263+0000] {taskinstance.py:430} INFO - ::endgroup::
[2024-06-03T11:35:03.278+0000] {http.py:169} INFO - Calling HTTP method
[2024-06-03T11:35:03.293+0000] {base.py:84} INFO - Using connection ID 'city_map_api_connection' for task execution.
[2024-06-03T11:35:03.306+0000] {base.py:84} INFO - Using connection ID 'city_map_api_connection' for task execution.
[2024-06-03T11:35:03.739+0000] {http.py:208} INFO - {"data":{"id":3453217,"wikiDataId":"Q1854","type":"CITY","city":"Ho Chi Minh City","name":"Ho Chi Minh City","country":"Vietnam","countryCode":"VN","region":"Ho Chi Minh City","regionCode":"SG","regionWdId":"Q1854","latitude":10.82302,"longitude":106.62965,"population":9389720,"timezone":"Asia__Ho_Chi_Minh","deleted":false}}
[2024-06-03T11:35:03.743+0000] {taskinstance.py:441} INFO - ::group::Post task execution logs
[2024-06-03T11:35:03.814+0000] {taskinstance.py:1206} INFO - Marking task as SUCCESS. dag_id=city_data_workflow_DAG_final, task_id=extract_city_data_from_api, run_id=manual__2024-06-03T11:05:27.638846+00:00, execution_date=20240603T110527, start_date=20240603T113503, end_date=20240603T113503
[2024-06-03T11:35:03.852+0000] {local_task_job_runner.py:240} INFO - Task exited with return code 0
[2024-06-03T11:35:03.872+0000] {logging_mixin.py:188} WARNING - /home/***/.local/lib/python3.12/site-packages/***/models/baseoperator.py:1296 AirflowProviderDeprecationWarning: Call to deprecated class PostgresOperator. (Please use `***.providers.common.sql.operators.sql.SQLExecuteQueryOperator`.Also, you can provide `hook_params={'schema': <database>}`.)
[2024-06-03T11:35:03.878+0000] {logging_mixin.py:188} WARNING - /home/***/.local/lib/python3.12/site-packages/***/models/baseoperator.py:1296 AirflowProviderDeprecationWarning: Call to deprecated class SimpleHttpOperator. (Class `SimpleHttpOperator` is deprecated and will be removed in a future release. Please use `HttpOperator` instead.)
[2024-06-03T11:35:03.903+0000] {taskinstance.py:3498} INFO - 1 downstream tasks scheduled from follow-on schedule check
[2024-06-03T11:35:03.906+0000] {local_task_job_runner.py:222} INFO - ::endgroup::
