[2024-06-03T09:40:25.895+0000] {local_task_job_runner.py:120} INFO - ::group::Pre task execution logs
[2024-06-03T09:40:25.916+0000] {taskinstance.py:2076} INFO - Dependencies all met for dep_context=non-requeueable deps ti=<TaskInstance: city_data_workflow_DAG_final.up_load_data_joined_to_s3 manual__2024-06-03T09:36:21.462350+00:00 [queued]>
[2024-06-03T09:40:25.926+0000] {taskinstance.py:2076} INFO - Dependencies all met for dep_context=requeueable deps ti=<TaskInstance: city_data_workflow_DAG_final.up_load_data_joined_to_s3 manual__2024-06-03T09:36:21.462350+00:00 [queued]>
[2024-06-03T09:40:25.927+0000] {taskinstance.py:2306} INFO - Starting attempt 1 of 6
[2024-06-03T09:40:25.940+0000] {taskinstance.py:2330} INFO - Executing <Task(PythonOperator): up_load_data_joined_to_s3> on 2024-06-03 09:36:21.462350+00:00
[2024-06-03T09:40:25.948+0000] {logging_mixin.py:188} WARNING - /home/***/.local/lib/python3.12/site-packages/***/task/task_runner/standard_task_runner.py:61 DeprecationWarning: This process (pid=2195) is multi-threaded, use of fork() may lead to deadlocks in the child.
[2024-06-03T09:40:25.949+0000] {standard_task_runner.py:63} INFO - Started process 2197 to run task
[2024-06-03T09:40:25.948+0000] {standard_task_runner.py:90} INFO - Running: ['***', 'tasks', 'run', 'city_data_workflow_DAG_final', 'up_load_data_joined_to_s3', 'manual__2024-06-03T09:36:21.462350+00:00', '--job-id', '992', '--raw', '--subdir', 'DAGS_FOLDER/tasks_flow.py', '--cfg-path', '/tmp/tmpcghx__61']
[2024-06-03T09:40:25.951+0000] {standard_task_runner.py:91} INFO - Job 992: Subtask up_load_data_joined_to_s3
[2024-06-03T09:40:26.014+0000] {task_command.py:426} INFO - Running <TaskInstance: city_data_workflow_DAG_final.up_load_data_joined_to_s3 manual__2024-06-03T09:36:21.462350+00:00 [running]> on host cd9caf1c47f0
[2024-06-03T09:40:26.107+0000] {taskinstance.py:2648} INFO - Exporting env vars: AIRFLOW_CTX_DAG_OWNER='Khang' AIRFLOW_CTX_DAG_ID='city_data_workflow_DAG_final' AIRFLOW_CTX_TASK_ID='up_load_data_joined_to_s3' AIRFLOW_CTX_EXECUTION_DATE='2024-06-03T09:36:21.462350+00:00' AIRFLOW_CTX_TRY_NUMBER='1' AIRFLOW_CTX_DAG_RUN_ID='manual__2024-06-03T09:36:21.462350+00:00'
[2024-06-03T09:40:26.108+0000] {taskinstance.py:430} INFO - ::endgroup::
[2024-06-03T09:40:26.148+0000] {base.py:84} INFO - Using connection ID 'weather_map_s3_connection' for task execution.
[2024-06-03T09:40:26.149+0000] {connection_wrapper.py:384} INFO - AWS Connection (conn_id='weather_map_s3_connection', conn_type='aws') credentials retrieved from login and password.
[2024-06-03T09:40:28.577+0000] {python.py:237} INFO - Done. Returned value was: None
[2024-06-03T09:40:28.578+0000] {taskinstance.py:441} INFO - ::group::Post task execution logs
[2024-06-03T09:40:28.592+0000] {taskinstance.py:1206} INFO - Marking task as SUCCESS. dag_id=city_data_workflow_DAG_final, task_id=up_load_data_joined_to_s3, run_id=manual__2024-06-03T09:36:21.462350+00:00, execution_date=20240603T093621, start_date=20240603T094025, end_date=20240603T094028
[2024-06-03T09:40:28.618+0000] {local_task_job_runner.py:240} INFO - Task exited with return code 0
[2024-06-03T09:40:28.647+0000] {taskinstance.py:3498} INFO - 1 downstream tasks scheduled from follow-on schedule check
[2024-06-03T09:40:28.651+0000] {local_task_job_runner.py:222} INFO - ::endgroup::
