[2024-05-30T02:54:52.397+0000] {local_task_job_runner.py:120} INFO - ::group::Pre task execution logs
[2024-05-30T02:54:52.449+0000] {taskinstance.py:2076} INFO - Dependencies all met for dep_context=non-requeueable deps ti=<TaskInstance: my_weather_workflow_DAG_v04.is_city_api_ready manual__2024-05-30T02:54:50.957040+00:00 [queued]>
[2024-05-30T02:54:52.468+0000] {taskinstance.py:2076} INFO - Dependencies all met for dep_context=requeueable deps ti=<TaskInstance: my_weather_workflow_DAG_v04.is_city_api_ready manual__2024-05-30T02:54:50.957040+00:00 [queued]>
[2024-05-30T02:54:52.470+0000] {taskinstance.py:2306} INFO - Starting attempt 1 of 6
[2024-05-30T02:54:52.513+0000] {taskinstance.py:2330} INFO - Executing <Task(HttpSensor): is_city_api_ready> on 2024-05-30 02:54:50.957040+00:00
[2024-05-30T02:54:52.540+0000] {standard_task_runner.py:90} INFO - Running: ['***', 'tasks', 'run', 'my_weather_workflow_DAG_v04', 'is_city_api_ready', 'manual__2024-05-30T02:54:50.957040+00:00', '--job-id', '49', '--raw', '--subdir', 'DAGS_FOLDER/weather_dag.py', '--cfg-path', '/tmp/tmpi3bhxfj_']
[2024-05-30T02:54:52.551+0000] {standard_task_runner.py:91} INFO - Job 49: Subtask is_city_api_ready
[2024-05-30T02:54:52.551+0000] {logging_mixin.py:188} WARNING - /home/***/.local/lib/python3.12/site-packages/***/task/task_runner/standard_task_runner.py:61 DeprecationWarning: This process (pid=361) is multi-threaded, use of fork() may lead to deadlocks in the child.
[2024-05-30T02:54:52.554+0000] {standard_task_runner.py:63} INFO - Started process 363 to run task
[2024-05-30T02:54:52.645+0000] {task_command.py:426} INFO - Running <TaskInstance: my_weather_workflow_DAG_v04.is_city_api_ready manual__2024-05-30T02:54:50.957040+00:00 [running]> on host cd9caf1c47f0
[2024-05-30T02:54:52.860+0000] {taskinstance.py:2648} INFO - Exporting env vars: AIRFLOW_CTX_DAG_OWNER='Khang' AIRFLOW_CTX_DAG_ID='my_weather_workflow_DAG_v04' AIRFLOW_CTX_TASK_ID='is_city_api_ready' AIRFLOW_CTX_EXECUTION_DATE='2024-05-30T02:54:50.957040+00:00' AIRFLOW_CTX_TRY_NUMBER='1' AIRFLOW_CTX_DAG_RUN_ID='manual__2024-05-30T02:54:50.957040+00:00'
[2024-05-30T02:54:52.861+0000] {taskinstance.py:430} INFO - ::endgroup::
[2024-05-30T02:54:52.885+0000] {baseoperator.py:399} WARNING - HttpSensor.execute cannot be called outside TaskInstance!
[2024-05-30T02:54:52.886+0000] {http.py:137} INFO - Poking: /v1/geo/cities/Q1854
[2024-05-30T02:54:52.916+0000] {base.py:84} INFO - Using connection ID 'city_map_api_connection' for task execution.
[2024-05-30T02:54:53.377+0000] {base.py:294} INFO - Success criteria met. Exiting.
[2024-05-30T02:54:53.378+0000] {taskinstance.py:441} INFO - ::group::Post task execution logs
[2024-05-30T02:54:53.394+0000] {taskinstance.py:1206} INFO - Marking task as SUCCESS. dag_id=my_weather_workflow_DAG_v04, task_id=is_city_api_ready, run_id=manual__2024-05-30T02:54:50.957040+00:00, execution_date=20240530T025450, start_date=20240530T025452, end_date=20240530T025453
[2024-05-30T02:54:53.453+0000] {local_task_job_runner.py:240} INFO - Task exited with return code 0
[2024-05-30T02:54:53.479+0000] {taskinstance.py:3498} INFO - 0 downstream tasks scheduled from follow-on schedule check
[2024-05-30T02:54:53.482+0000] {local_task_job_runner.py:222} INFO - ::endgroup::
