[2024-05-30T02:58:18.868+0000] {local_task_job_runner.py:120} INFO - ::group::Pre task execution logs
[2024-05-30T02:58:18.895+0000] {taskinstance.py:2076} INFO - Dependencies all met for dep_context=non-requeueable deps ti=<TaskInstance: my_weather_workflow_DAG_v04.is_city_api_ready manual__2024-05-30T02:54:50.957040+00:00 [queued]>
[2024-05-30T02:58:18.905+0000] {taskinstance.py:2076} INFO - Dependencies all met for dep_context=requeueable deps ti=<TaskInstance: my_weather_workflow_DAG_v04.is_city_api_ready manual__2024-05-30T02:54:50.957040+00:00 [queued]>
[2024-05-30T02:58:18.906+0000] {taskinstance.py:2306} INFO - Starting attempt 3 of 8
[2024-05-30T02:58:18.923+0000] {taskinstance.py:2330} INFO - Executing <Task(HttpSensor): is_city_api_ready> on 2024-05-30 02:54:50.957040+00:00
[2024-05-30T02:58:18.933+0000] {standard_task_runner.py:90} INFO - Running: ['***', 'tasks', 'run', 'my_weather_workflow_DAG_v04', 'is_city_api_ready', 'manual__2024-05-30T02:54:50.957040+00:00', '--job-id', '52', '--raw', '--subdir', 'DAGS_FOLDER/weather_dag.py', '--cfg-path', '/tmp/tmp68ry6eez']
[2024-05-30T02:58:18.937+0000] {standard_task_runner.py:91} INFO - Job 52: Subtask is_city_api_ready
[2024-05-30T02:58:18.939+0000] {logging_mixin.py:188} WARNING - /home/***/.local/lib/python3.12/site-packages/***/task/task_runner/standard_task_runner.py:61 DeprecationWarning: This process (pid=465) is multi-threaded, use of fork() may lead to deadlocks in the child.
[2024-05-30T02:58:18.941+0000] {standard_task_runner.py:63} INFO - Started process 467 to run task
[2024-05-30T02:58:19.011+0000] {task_command.py:426} INFO - Running <TaskInstance: my_weather_workflow_DAG_v04.is_city_api_ready manual__2024-05-30T02:54:50.957040+00:00 [running]> on host cd9caf1c47f0
[2024-05-30T02:58:19.142+0000] {taskinstance.py:2648} INFO - Exporting env vars: AIRFLOW_CTX_DAG_OWNER='Khang' AIRFLOW_CTX_DAG_ID='my_weather_workflow_DAG_v04' AIRFLOW_CTX_TASK_ID='is_city_api_ready' AIRFLOW_CTX_EXECUTION_DATE='2024-05-30T02:54:50.957040+00:00' AIRFLOW_CTX_TRY_NUMBER='3' AIRFLOW_CTX_DAG_RUN_ID='manual__2024-05-30T02:54:50.957040+00:00'
[2024-05-30T02:58:19.145+0000] {taskinstance.py:430} INFO - ::endgroup::
[2024-05-30T02:58:19.161+0000] {baseoperator.py:399} WARNING - HttpSensor.execute cannot be called outside TaskInstance!
[2024-05-30T02:58:19.162+0000] {http.py:137} INFO - Poking: /v1/geo/cities/Q1854
[2024-05-30T02:58:19.181+0000] {base.py:84} INFO - Using connection ID 'city_map_api_connection' for task execution.
[2024-05-30T02:58:19.609+0000] {base.py:294} INFO - Success criteria met. Exiting.
[2024-05-30T02:58:19.610+0000] {taskinstance.py:441} INFO - ::group::Post task execution logs
[2024-05-30T02:58:19.630+0000] {taskinstance.py:1206} INFO - Marking task as SUCCESS. dag_id=my_weather_workflow_DAG_v04, task_id=is_city_api_ready, run_id=manual__2024-05-30T02:54:50.957040+00:00, execution_date=20240530T025450, start_date=20240530T025818, end_date=20240530T025819
[2024-05-30T02:58:19.678+0000] {local_task_job_runner.py:240} INFO - Task exited with return code 0
[2024-05-30T02:58:19.700+0000] {logging_mixin.py:188} WARNING - /home/***/.local/lib/python3.12/site-packages/***/models/baseoperator.py:1296 AirflowProviderDeprecationWarning: Call to deprecated class SimpleHttpOperator. (Class `SimpleHttpOperator` is deprecated and will be removed in a future release. Please use `HttpOperator` instead.)
[2024-05-30T02:58:19.722+0000] {taskinstance.py:3498} INFO - 1 downstream tasks scheduled from follow-on schedule check
[2024-05-30T02:58:19.726+0000] {local_task_job_runner.py:222} INFO - ::endgroup::
