[2024-06-01T08:30:06.034+0000] {local_task_job_runner.py:120} INFO - ::group::Pre task execution logs
[2024-06-01T08:30:06.071+0000] {taskinstance.py:2076} INFO - Dependencies all met for dep_context=non-requeueable deps ti=<TaskInstance: my_weather_workflow_DAG_v04.extract_city_data_from_api manual__2024-06-01T08:27:41.010622+00:00 [queued]>
[2024-06-01T08:30:06.083+0000] {taskinstance.py:2076} INFO - Dependencies all met for dep_context=requeueable deps ti=<TaskInstance: my_weather_workflow_DAG_v04.extract_city_data_from_api manual__2024-06-01T08:27:41.010622+00:00 [queued]>
[2024-06-01T08:30:06.084+0000] {taskinstance.py:2306} INFO - Starting attempt 2 of 7
[2024-06-01T08:30:06.101+0000] {taskinstance.py:2330} INFO - Executing <Task(SimpleHttpOperator): extract_city_data_from_api> on 2024-06-01 08:27:41.010622+00:00
[2024-06-01T08:30:06.114+0000] {logging_mixin.py:188} WARNING - /home/***/.local/lib/python3.12/site-packages/***/task/task_runner/standard_task_runner.py:61 DeprecationWarning: This process (pid=9408) is multi-threaded, use of fork() may lead to deadlocks in the child.
[2024-06-01T08:30:06.115+0000] {standard_task_runner.py:63} INFO - Started process 9410 to run task
[2024-06-01T08:30:06.113+0000] {standard_task_runner.py:90} INFO - Running: ['***', 'tasks', 'run', 'my_weather_workflow_DAG_v04', 'extract_city_data_from_api', 'manual__2024-06-01T08:27:41.010622+00:00', '--job-id', '679', '--raw', '--subdir', 'DAGS_FOLDER/tasks_flow.py', '--cfg-path', '/tmp/tmptidb3_1k']
[2024-06-01T08:30:06.118+0000] {standard_task_runner.py:91} INFO - Job 679: Subtask extract_city_data_from_api
[2024-06-01T08:30:06.194+0000] {task_command.py:426} INFO - Running <TaskInstance: my_weather_workflow_DAG_v04.extract_city_data_from_api manual__2024-06-01T08:27:41.010622+00:00 [running]> on host cd9caf1c47f0
[2024-06-01T08:30:06.311+0000] {taskinstance.py:2648} INFO - Exporting env vars: AIRFLOW_CTX_DAG_OWNER='Khang' AIRFLOW_CTX_DAG_ID='my_weather_workflow_DAG_v04' AIRFLOW_CTX_TASK_ID='extract_city_data_from_api' AIRFLOW_CTX_EXECUTION_DATE='2024-06-01T08:27:41.010622+00:00' AIRFLOW_CTX_TRY_NUMBER='2' AIRFLOW_CTX_DAG_RUN_ID='manual__2024-06-01T08:27:41.010622+00:00'
[2024-06-01T08:30:06.313+0000] {taskinstance.py:430} INFO - ::endgroup::
[2024-06-01T08:30:06.327+0000] {http.py:169} INFO - Calling HTTP method
[2024-06-01T08:30:06.340+0000] {base.py:84} INFO - Using connection ID 'city_map_api_connection' for task execution.
[2024-06-01T08:30:06.360+0000] {base.py:84} INFO - Using connection ID 'city_map_api_connection' for task execution.
[2024-06-01T08:30:06.797+0000] {http.py:208} INFO - {"data":{"id":3237541,"wikiDataId":"Q36167","type":"CITY","city":"Huế","name":"Huế","country":"Vietnam","countryCode":"VN","region":"Thừa Thiên Huế","regionCode":"26","regionWdId":"Q36399","elevationMeters":12,"latitude":16.456111111,"longitude":107.576388888,"population":652572,"timezone":"Asia__Bangkok","deleted":false}}
[2024-06-01T08:30:06.799+0000] {taskinstance.py:441} INFO - ::group::Post task execution logs
[2024-06-01T08:30:06.835+0000] {taskinstance.py:1206} INFO - Marking task as SUCCESS. dag_id=my_weather_workflow_DAG_v04, task_id=extract_city_data_from_api, run_id=manual__2024-06-01T08:27:41.010622+00:00, execution_date=20240601T082741, start_date=20240601T083006, end_date=20240601T083006
[2024-06-01T08:30:06.855+0000] {local_task_job_runner.py:240} INFO - Task exited with return code 0
[2024-06-01T08:30:06.874+0000] {logging_mixin.py:188} WARNING - /home/***/.local/lib/python3.12/site-packages/***/models/baseoperator.py:1296 AirflowProviderDeprecationWarning: Call to deprecated class PostgresOperator. (Please use `***.providers.common.sql.operators.sql.SQLExecuteQueryOperator`.Also, you can provide `hook_params={'schema': <database>}`.)
[2024-06-01T08:30:06.881+0000] {logging_mixin.py:188} WARNING - /home/***/.local/lib/python3.12/site-packages/***/models/baseoperator.py:1296 AirflowProviderDeprecationWarning: Call to deprecated class SimpleHttpOperator. (Class `SimpleHttpOperator` is deprecated and will be removed in a future release. Please use `HttpOperator` instead.)
[2024-06-01T08:30:06.903+0000] {taskinstance.py:3498} INFO - 1 downstream tasks scheduled from follow-on schedule check
[2024-06-01T08:30:06.906+0000] {local_task_job_runner.py:222} INFO - ::endgroup::
