[2024-05-24T10:29:34.219+0000] {local_task_job_runner.py:120} INFO - ::group::Pre task execution logs
[2024-05-24T10:29:34.258+0000] {taskinstance.py:2076} INFO - Dependencies all met for dep_context=non-requeueable deps ti=<TaskInstance: my_weather_workflow_DAG_v03.extract_data_from_api manual__2024-05-24T10:29:31.203684+00:00 [queued]>
[2024-05-24T10:29:34.272+0000] {taskinstance.py:2076} INFO - Dependencies all met for dep_context=requeueable deps ti=<TaskInstance: my_weather_workflow_DAG_v03.extract_data_from_api manual__2024-05-24T10:29:31.203684+00:00 [queued]>
[2024-05-24T10:29:34.274+0000] {taskinstance.py:2306} INFO - Starting attempt 1 of 6
[2024-05-24T10:29:34.294+0000] {taskinstance.py:2330} INFO - Executing <Task(SimpleHttpOperator): extract_data_from_api> on 2024-05-24 10:29:31.203684+00:00
[2024-05-24T10:29:34.303+0000] {standard_task_runner.py:90} INFO - Running: ['***', 'tasks', 'run', 'my_weather_workflow_DAG_v03', 'extract_data_from_api', 'manual__2024-05-24T10:29:31.203684+00:00', '--job-id', '26', '--raw', '--subdir', 'DAGS_FOLDER/weather_dag.py', '--cfg-path', '/tmp/tmpf4_pk8r0']
[2024-05-24T10:29:34.306+0000] {standard_task_runner.py:91} INFO - Job 26: Subtask extract_data_from_api
[2024-05-24T10:29:34.308+0000] {logging_mixin.py:188} WARNING - /home/***/.local/lib/python3.12/site-packages/***/task/task_runner/standard_task_runner.py:61 DeprecationWarning: This process (pid=860) is multi-threaded, use of fork() may lead to deadlocks in the child.
[2024-05-24T10:29:34.309+0000] {standard_task_runner.py:63} INFO - Started process 863 to run task
[2024-05-24T10:29:34.381+0000] {task_command.py:426} INFO - Running <TaskInstance: my_weather_workflow_DAG_v03.extract_data_from_api manual__2024-05-24T10:29:31.203684+00:00 [running]> on host 6ab40057742d
[2024-05-24T10:29:34.661+0000] {taskinstance.py:2648} INFO - Exporting env vars: AIRFLOW_CTX_DAG_OWNER='Khang' AIRFLOW_CTX_DAG_ID='my_weather_workflow_DAG_v03' AIRFLOW_CTX_TASK_ID='extract_data_from_api' AIRFLOW_CTX_EXECUTION_DATE='2024-05-24T10:29:31.203684+00:00' AIRFLOW_CTX_TRY_NUMBER='1' AIRFLOW_CTX_DAG_RUN_ID='manual__2024-05-24T10:29:31.203684+00:00'
[2024-05-24T10:29:34.662+0000] {taskinstance.py:430} INFO - ::endgroup::
[2024-05-24T10:29:34.676+0000] {http.py:169} INFO - Calling HTTP method
[2024-05-24T10:29:34.691+0000] {base.py:84} INFO - Using connection ID 'weather_map_api_connection' for task execution.
[2024-05-24T10:29:34.704+0000] {base.py:84} INFO - Using connection ID 'weather_map_api_connection' for task execution.
[2024-05-24T10:29:34.857+0000] {http.py:208} INFO - {"coord":{"lon":106.6587,"lat":10.7576},"weather":[{"id":802,"main":"Clouds","description":"scattered clouds","icon":"03d"}],"base":"stations","main":{"temp":304.27,"feels_like":311.07,"temp_min":304.27,"temp_max":305.12,"pressure":1005,"humidity":70},"visibility":10000,"wind":{"speed":3.6,"deg":0},"clouds":{"all":40},"dt":1716546233,"sys":{"type":2,"id":2093009,"country":"VN","sunrise":1716503412,"sunset":1716549033},"timezone":25200,"id":1566083,"name":"Ho Chi Minh City","cod":200}
[2024-05-24T10:29:34.859+0000] {taskinstance.py:441} INFO - ::group::Post task execution logs
[2024-05-24T10:29:34.900+0000] {taskinstance.py:1206} INFO - Marking task as SUCCESS. dag_id=my_weather_workflow_DAG_v03, task_id=extract_data_from_api, run_id=manual__2024-05-24T10:29:31.203684+00:00, execution_date=20240524T102931, start_date=20240524T102934, end_date=20240524T102934
[2024-05-24T10:29:34.966+0000] {local_task_job_runner.py:240} INFO - Task exited with return code 0
[2024-05-24T10:29:34.982+0000] {logging_mixin.py:188} WARNING - /home/***/.local/lib/python3.12/site-packages/***/models/baseoperator.py:1296 AirflowProviderDeprecationWarning: Call to deprecated class SimpleHttpOperator. (Class `SimpleHttpOperator` is deprecated and will be removed in a future release. Please use `HttpOperator` instead.)
[2024-05-24T10:29:34.998+0000] {taskinstance.py:3498} INFO - 1 downstream tasks scheduled from follow-on schedule check
[2024-05-24T10:29:35.002+0000] {local_task_job_runner.py:222} INFO - ::endgroup::
