[2024-06-01T04:46:07.660+0000] {local_task_job_runner.py:120} INFO - ::group::Pre task execution logs
[2024-06-01T04:46:07.680+0000] {taskinstance.py:2076} INFO - Dependencies all met for dep_context=non-requeueable deps ti=<TaskInstance: my_weather_workflow_DAG_v04.is_api_city_api_ready manual__2024-06-01T04:42:53.478399+00:00 [queued]>
[2024-06-01T04:46:07.688+0000] {taskinstance.py:2076} INFO - Dependencies all met for dep_context=requeueable deps ti=<TaskInstance: my_weather_workflow_DAG_v04.is_api_city_api_ready manual__2024-06-01T04:42:53.478399+00:00 [queued]>
[2024-06-01T04:46:07.689+0000] {taskinstance.py:2306} INFO - Starting attempt 3 of 8
[2024-06-01T04:46:07.702+0000] {taskinstance.py:2330} INFO - Executing <Task(HttpSensor): is_api_city_api_ready> on 2024-06-01 04:42:53.478399+00:00
[2024-06-01T04:46:07.709+0000] {logging_mixin.py:188} WARNING - /home/***/.local/lib/python3.12/site-packages/***/task/task_runner/standard_task_runner.py:61 DeprecationWarning: This process (pid=4233) is multi-threaded, use of fork() may lead to deadlocks in the child.
[2024-06-01T04:46:07.711+0000] {standard_task_runner.py:63} INFO - Started process 4235 to run task
[2024-06-01T04:46:07.710+0000] {standard_task_runner.py:90} INFO - Running: ['***', 'tasks', 'run', 'my_weather_workflow_DAG_v04', 'is_api_city_api_ready', 'manual__2024-06-01T04:42:53.478399+00:00', '--job-id', '508', '--raw', '--subdir', 'DAGS_FOLDER/weather_dag.py', '--cfg-path', '/tmp/tmpodizhm7k']
[2024-06-01T04:46:07.712+0000] {standard_task_runner.py:91} INFO - Job 508: Subtask is_api_city_api_ready
[2024-06-01T04:46:07.772+0000] {task_command.py:426} INFO - Running <TaskInstance: my_weather_workflow_DAG_v04.is_api_city_api_ready manual__2024-06-01T04:42:53.478399+00:00 [running]> on host cd9caf1c47f0
[2024-06-01T04:46:07.874+0000] {taskinstance.py:2648} INFO - Exporting env vars: AIRFLOW_CTX_DAG_OWNER='Khang' AIRFLOW_CTX_DAG_ID='my_weather_workflow_DAG_v04' AIRFLOW_CTX_TASK_ID='is_api_city_api_ready' AIRFLOW_CTX_EXECUTION_DATE='2024-06-01T04:42:53.478399+00:00' AIRFLOW_CTX_TRY_NUMBER='3' AIRFLOW_CTX_DAG_RUN_ID='manual__2024-06-01T04:42:53.478399+00:00'
[2024-06-01T04:46:07.876+0000] {taskinstance.py:430} INFO - ::endgroup::
[2024-06-01T04:46:07.892+0000] {baseoperator.py:399} WARNING - HttpSensor.execute cannot be called outside TaskInstance!
[2024-06-01T04:46:07.893+0000] {http.py:137} INFO - Poking: /v1/geo/cities/Q25315
[2024-06-01T04:46:07.905+0000] {base.py:84} INFO - Using connection ID 'city_map_api_connection' for task execution.
[2024-06-01T04:46:08.364+0000] {base.py:294} INFO - Success criteria met. Exiting.
[2024-06-01T04:46:08.365+0000] {taskinstance.py:441} INFO - ::group::Post task execution logs
[2024-06-01T04:46:08.380+0000] {taskinstance.py:1206} INFO - Marking task as SUCCESS. dag_id=my_weather_workflow_DAG_v04, task_id=is_api_city_api_ready, run_id=manual__2024-06-01T04:42:53.478399+00:00, execution_date=20240601T044253, start_date=20240601T044607, end_date=20240601T044608
[2024-06-01T04:46:08.408+0000] {local_task_job_runner.py:240} INFO - Task exited with return code 0
[2024-06-01T04:46:08.423+0000] {logging_mixin.py:188} WARNING - /home/***/.local/lib/python3.12/site-packages/***/models/baseoperator.py:1296 AirflowProviderDeprecationWarning: Call to deprecated class SimpleHttpOperator. (Class `SimpleHttpOperator` is deprecated and will be removed in a future release. Please use `HttpOperator` instead.)
[2024-06-01T04:46:08.448+0000] {taskinstance.py:3498} INFO - 1 downstream tasks scheduled from follow-on schedule check
[2024-06-01T04:46:08.451+0000] {local_task_job_runner.py:222} INFO - ::endgroup::
