[2024-05-31T16:21:37.327+0000] {local_task_job_runner.py:120} INFO - ::group::Pre task execution logs
[2024-05-31T16:21:37.352+0000] {taskinstance.py:2076} INFO - Dependencies all met for dep_context=non-requeueable deps ti=<TaskInstance: my_weather_workflow_DAG_v04.group_tasks.is_api_weather_api_ready manual__2024-05-31T11:14:41.858816+00:00 [queued]>
[2024-05-31T16:21:37.363+0000] {taskinstance.py:2076} INFO - Dependencies all met for dep_context=requeueable deps ti=<TaskInstance: my_weather_workflow_DAG_v04.group_tasks.is_api_weather_api_ready manual__2024-05-31T11:14:41.858816+00:00 [queued]>
[2024-05-31T16:21:37.364+0000] {taskinstance.py:2306} INFO - Starting attempt 8 of 13
[2024-05-31T16:21:37.381+0000] {taskinstance.py:2330} INFO - Executing <Task(PythonOperator): group_tasks.is_api_weather_api_ready> on 2024-05-31 11:14:41.858816+00:00
[2024-05-31T16:21:37.389+0000] {logging_mixin.py:188} WARNING - /home/***/.local/lib/python3.12/site-packages/***/task/task_runner/standard_task_runner.py:61 DeprecationWarning: This process (pid=1290) is multi-threaded, use of fork() may lead to deadlocks in the child.
[2024-05-31T16:21:37.391+0000] {standard_task_runner.py:63} INFO - Started process 1292 to run task
[2024-05-31T16:21:37.389+0000] {standard_task_runner.py:90} INFO - Running: ['***', 'tasks', 'run', 'my_weather_workflow_DAG_v04', 'group_tasks.is_api_weather_api_ready', 'manual__2024-05-31T11:14:41.858816+00:00', '--job-id', '395', '--raw', '--subdir', 'DAGS_FOLDER/weather_dag.py', '--cfg-path', '/tmp/tmp7qmutxji']
[2024-05-31T16:21:37.392+0000] {standard_task_runner.py:91} INFO - Job 395: Subtask group_tasks.is_api_weather_api_ready
[2024-05-31T16:21:37.454+0000] {task_command.py:426} INFO - Running <TaskInstance: my_weather_workflow_DAG_v04.group_tasks.is_api_weather_api_ready manual__2024-05-31T11:14:41.858816+00:00 [running]> on host cd9caf1c47f0
[2024-05-31T16:21:37.601+0000] {taskinstance.py:2648} INFO - Exporting env vars: AIRFLOW_CTX_DAG_OWNER='Khang' AIRFLOW_CTX_DAG_ID='my_weather_workflow_DAG_v04' AIRFLOW_CTX_TASK_ID='group_tasks.is_api_weather_api_ready' AIRFLOW_CTX_EXECUTION_DATE='2024-05-31T11:14:41.858816+00:00' AIRFLOW_CTX_TRY_NUMBER='8' AIRFLOW_CTX_DAG_RUN_ID='manual__2024-05-31T11:14:41.858816+00:00'
[2024-05-31T16:21:37.603+0000] {taskinstance.py:430} INFO - ::endgroup::
[2024-05-31T16:21:37.617+0000] {http.py:137} INFO - Poking: /data/2.5/weather?lat=10.937&lon=108.15778&appid=cb9774016f254a4cb1aa6516bf401afa
[2024-05-31T16:21:37.631+0000] {base.py:84} INFO - Using connection ID 'weather_map_api_connection' for task execution.
[2024-05-31T16:21:38.700+0000] {python.py:237} INFO - Done. Returned value was: None
[2024-05-31T16:21:38.703+0000] {taskinstance.py:441} INFO - ::group::Post task execution logs
[2024-05-31T16:21:38.732+0000] {taskinstance.py:1206} INFO - Marking task as SUCCESS. dag_id=my_weather_workflow_DAG_v04, task_id=group_tasks.is_api_weather_api_ready, run_id=manual__2024-05-31T11:14:41.858816+00:00, execution_date=20240531T111441, start_date=20240531T162137, end_date=20240531T162138
[2024-05-31T16:21:38.773+0000] {local_task_job_runner.py:240} INFO - Task exited with return code 0
[2024-05-31T16:21:38.804+0000] {taskinstance.py:3498} INFO - 1 downstream tasks scheduled from follow-on schedule check
[2024-05-31T16:21:38.807+0000] {local_task_job_runner.py:222} INFO - ::endgroup::
