[2024-05-31T03:32:56.060+0000] {local_task_job_runner.py:120} INFO - ::group::Pre task execution logs
[2024-05-31T03:32:56.101+0000] {taskinstance.py:2076} INFO - Dependencies all met for dep_context=non-requeueable deps ti=<TaskInstance: my_weather_workflow_DAG_v04.is_city_api_ready manual__2024-05-31T03:32:54.698754+00:00 [queued]>
[2024-05-31T03:32:56.116+0000] {taskinstance.py:2076} INFO - Dependencies all met for dep_context=requeueable deps ti=<TaskInstance: my_weather_workflow_DAG_v04.is_city_api_ready manual__2024-05-31T03:32:54.698754+00:00 [queued]>
[2024-05-31T03:32:56.117+0000] {taskinstance.py:2306} INFO - Starting attempt 1 of 6
[2024-05-31T03:32:56.156+0000] {taskinstance.py:2330} INFO - Executing <Task(PythonOperator): is_city_api_ready> on 2024-05-31 03:32:54.698754+00:00
[2024-05-31T03:32:56.164+0000] {standard_task_runner.py:90} INFO - Running: ['***', 'tasks', 'run', 'my_weather_workflow_DAG_v04', 'is_city_api_ready', 'manual__2024-05-31T03:32:54.698754+00:00', '--job-id', '163', '--raw', '--subdir', 'DAGS_FOLDER/weather_dag.py', '--cfg-path', '/tmp/tmpcwkjy1ta']
[2024-05-31T03:32:56.168+0000] {standard_task_runner.py:91} INFO - Job 163: Subtask is_city_api_ready
[2024-05-31T03:32:56.170+0000] {logging_mixin.py:188} WARNING - /home/***/.local/lib/python3.12/site-packages/***/task/task_runner/standard_task_runner.py:61 DeprecationWarning: This process (pid=400) is multi-threaded, use of fork() may lead to deadlocks in the child.
[2024-05-31T03:32:56.172+0000] {standard_task_runner.py:63} INFO - Started process 402 to run task
[2024-05-31T03:32:56.236+0000] {task_command.py:426} INFO - Running <TaskInstance: my_weather_workflow_DAG_v04.is_city_api_ready manual__2024-05-31T03:32:54.698754+00:00 [running]> on host cd9caf1c47f0
[2024-05-31T03:32:56.368+0000] {taskinstance.py:2648} INFO - Exporting env vars: AIRFLOW_CTX_DAG_OWNER='Khang' AIRFLOW_CTX_DAG_ID='my_weather_workflow_DAG_v04' AIRFLOW_CTX_TASK_ID='is_city_api_ready' AIRFLOW_CTX_EXECUTION_DATE='2024-05-31T03:32:54.698754+00:00' AIRFLOW_CTX_TRY_NUMBER='1' AIRFLOW_CTX_DAG_RUN_ID='manual__2024-05-31T03:32:54.698754+00:00'
[2024-05-31T03:32:56.369+0000] {taskinstance.py:430} INFO - ::endgroup::
[2024-05-31T03:32:56.404+0000] {http.py:137} INFO - Poking: /v1/geo/cities/Q25282
[2024-05-31T03:32:56.421+0000] {base.py:84} INFO - Using connection ID 'city_map_api_connection' for task execution.
[2024-05-31T03:32:56.895+0000] {python.py:237} INFO - Done. Returned value was: None
[2024-05-31T03:32:56.899+0000] {taskinstance.py:441} INFO - ::group::Post task execution logs
[2024-05-31T03:32:56.914+0000] {taskinstance.py:1206} INFO - Marking task as SUCCESS. dag_id=my_weather_workflow_DAG_v04, task_id=is_city_api_ready, run_id=manual__2024-05-31T03:32:54.698754+00:00, execution_date=20240531T033254, start_date=20240531T033256, end_date=20240531T033256
[2024-05-31T03:32:56.949+0000] {local_task_job_runner.py:240} INFO - Task exited with return code 0
[2024-05-31T03:32:56.975+0000] {taskinstance.py:3498} INFO - 1 downstream tasks scheduled from follow-on schedule check
[2024-05-31T03:32:56.978+0000] {local_task_job_runner.py:222} INFO - ::endgroup::
