[2024-06-01T08:26:02.065+0000] {local_task_job_runner.py:120} INFO - ::group::Pre task execution logs
[2024-06-01T08:26:02.086+0000] {taskinstance.py:2076} INFO - Dependencies all met for dep_context=non-requeueable deps ti=<TaskInstance: my_weather_workflow_DAG_v04.is_api_city_ready manual__2024-06-01T08:03:02.551642+00:00 [queued]>
[2024-06-01T08:26:02.095+0000] {taskinstance.py:2076} INFO - Dependencies all met for dep_context=requeueable deps ti=<TaskInstance: my_weather_workflow_DAG_v04.is_api_city_ready manual__2024-06-01T08:03:02.551642+00:00 [queued]>
[2024-06-01T08:26:02.096+0000] {taskinstance.py:2306} INFO - Starting attempt 4 of 9
[2024-06-01T08:26:02.109+0000] {taskinstance.py:2330} INFO - Executing <Task(HttpSensor): is_api_city_ready> on 2024-06-01 08:03:02.551642+00:00
[2024-06-01T08:26:02.117+0000] {logging_mixin.py:188} WARNING - /home/***/.local/lib/python3.12/site-packages/***/task/task_runner/standard_task_runner.py:61 DeprecationWarning: This process (pid=9240) is multi-threaded, use of fork() may lead to deadlocks in the child.
[2024-06-01T08:26:02.119+0000] {standard_task_runner.py:63} INFO - Started process 9242 to run task
[2024-06-01T08:26:02.117+0000] {standard_task_runner.py:90} INFO - Running: ['***', 'tasks', 'run', 'my_weather_workflow_DAG_v04', 'is_api_city_ready', 'manual__2024-06-01T08:03:02.551642+00:00', '--job-id', '657', '--raw', '--subdir', 'DAGS_FOLDER/tasks_flow.py', '--cfg-path', '/tmp/tmpc8k85o0w']
[2024-06-01T08:26:02.120+0000] {standard_task_runner.py:91} INFO - Job 657: Subtask is_api_city_ready
[2024-06-01T08:26:02.181+0000] {task_command.py:426} INFO - Running <TaskInstance: my_weather_workflow_DAG_v04.is_api_city_ready manual__2024-06-01T08:03:02.551642+00:00 [running]> on host cd9caf1c47f0
[2024-06-01T08:26:02.276+0000] {taskinstance.py:2648} INFO - Exporting env vars: AIRFLOW_CTX_DAG_OWNER='Khang' AIRFLOW_CTX_DAG_ID='my_weather_workflow_DAG_v04' AIRFLOW_CTX_TASK_ID='is_api_city_ready' AIRFLOW_CTX_EXECUTION_DATE='2024-06-01T08:03:02.551642+00:00' AIRFLOW_CTX_TRY_NUMBER='4' AIRFLOW_CTX_DAG_RUN_ID='manual__2024-06-01T08:03:02.551642+00:00'
[2024-06-01T08:26:02.277+0000] {taskinstance.py:430} INFO - ::endgroup::
[2024-06-01T08:26:02.290+0000] {baseoperator.py:399} WARNING - HttpSensor.execute cannot be called outside TaskInstance!
[2024-06-01T08:26:02.292+0000] {http.py:137} INFO - Poking: /v1/geo/cities/Q36167
[2024-06-01T08:26:02.305+0000] {base.py:84} INFO - Using connection ID 'city_map_api_connection' for task execution.
[2024-06-01T08:26:02.799+0000] {base.py:294} INFO - Success criteria met. Exiting.
[2024-06-01T08:26:02.801+0000] {taskinstance.py:441} INFO - ::group::Post task execution logs
[2024-06-01T08:26:02.825+0000] {taskinstance.py:1206} INFO - Marking task as SUCCESS. dag_id=my_weather_workflow_DAG_v04, task_id=is_api_city_ready, run_id=manual__2024-06-01T08:03:02.551642+00:00, execution_date=20240601T080302, start_date=20240601T082602, end_date=20240601T082602
[2024-06-01T08:26:02.857+0000] {local_task_job_runner.py:240} INFO - Task exited with return code 0
[2024-06-01T08:26:02.872+0000] {logging_mixin.py:188} WARNING - /home/***/.local/lib/python3.12/site-packages/***/models/baseoperator.py:1296 AirflowProviderDeprecationWarning: Call to deprecated class SimpleHttpOperator. (Class `SimpleHttpOperator` is deprecated and will be removed in a future release. Please use `HttpOperator` instead.)
[2024-06-01T08:26:02.875+0000] {logging_mixin.py:188} WARNING - /home/***/.local/lib/python3.12/site-packages/***/models/baseoperator.py:1296 AirflowProviderDeprecationWarning: Call to deprecated class PostgresOperator. (Please use `***.providers.common.sql.operators.sql.SQLExecuteQueryOperator`.Also, you can provide `hook_params={'schema': <database>}`.)
[2024-06-01T08:26:02.903+0000] {taskinstance.py:3498} INFO - 1 downstream tasks scheduled from follow-on schedule check
[2024-06-01T08:26:02.906+0000] {local_task_job_runner.py:222} INFO - ::endgroup::
