[2024-06-01T08:08:51.310+0000] {local_task_job_runner.py:120} INFO - ::group::Pre task execution logs
[2024-06-01T08:08:51.330+0000] {taskinstance.py:2076} INFO - Dependencies all met for dep_context=non-requeueable deps ti=<TaskInstance: my_weather_workflow_DAG_v04.is_api_city_ready manual__2024-06-01T08:03:02.551642+00:00 [queued]>
[2024-06-01T08:08:51.338+0000] {taskinstance.py:2076} INFO - Dependencies all met for dep_context=requeueable deps ti=<TaskInstance: my_weather_workflow_DAG_v04.is_api_city_ready manual__2024-06-01T08:03:02.551642+00:00 [queued]>
[2024-06-01T08:08:51.339+0000] {taskinstance.py:2306} INFO - Starting attempt 2 of 7
[2024-06-01T08:08:51.352+0000] {taskinstance.py:2330} INFO - Executing <Task(HttpSensor): is_api_city_ready> on 2024-06-01 08:03:02.551642+00:00
[2024-06-01T08:08:51.358+0000] {logging_mixin.py:188} WARNING - /home/***/.local/lib/python3.12/site-packages/***/task/task_runner/standard_task_runner.py:61 DeprecationWarning: This process (pid=8739) is multi-threaded, use of fork() may lead to deadlocks in the child.
[2024-06-01T08:08:51.360+0000] {standard_task_runner.py:63} INFO - Started process 8741 to run task
[2024-06-01T08:08:51.359+0000] {standard_task_runner.py:90} INFO - Running: ['***', 'tasks', 'run', 'my_weather_workflow_DAG_v04', 'is_api_city_ready', 'manual__2024-06-01T08:03:02.551642+00:00', '--job-id', '640', '--raw', '--subdir', 'DAGS_FOLDER/tasks_flow.py', '--cfg-path', '/tmp/tmpx_w8ph_d']
[2024-06-01T08:08:51.362+0000] {standard_task_runner.py:91} INFO - Job 640: Subtask is_api_city_ready
[2024-06-01T08:08:51.423+0000] {task_command.py:426} INFO - Running <TaskInstance: my_weather_workflow_DAG_v04.is_api_city_ready manual__2024-06-01T08:03:02.551642+00:00 [running]> on host cd9caf1c47f0
[2024-06-01T08:08:51.534+0000] {taskinstance.py:2648} INFO - Exporting env vars: AIRFLOW_CTX_DAG_OWNER='Khang' AIRFLOW_CTX_DAG_ID='my_weather_workflow_DAG_v04' AIRFLOW_CTX_TASK_ID='is_api_city_ready' AIRFLOW_CTX_EXECUTION_DATE='2024-06-01T08:03:02.551642+00:00' AIRFLOW_CTX_TRY_NUMBER='2' AIRFLOW_CTX_DAG_RUN_ID='manual__2024-06-01T08:03:02.551642+00:00'
[2024-06-01T08:08:51.536+0000] {taskinstance.py:430} INFO - ::endgroup::
[2024-06-01T08:08:51.548+0000] {baseoperator.py:399} WARNING - HttpSensor.execute cannot be called outside TaskInstance!
[2024-06-01T08:08:51.549+0000] {http.py:137} INFO - Poking: /v1/geo/cities/Q25315
[2024-06-01T08:08:51.562+0000] {base.py:84} INFO - Using connection ID 'city_map_api_connection' for task execution.
[2024-06-01T08:08:52.027+0000] {base.py:294} INFO - Success criteria met. Exiting.
[2024-06-01T08:08:52.028+0000] {taskinstance.py:441} INFO - ::group::Post task execution logs
[2024-06-01T08:08:52.045+0000] {taskinstance.py:1206} INFO - Marking task as SUCCESS. dag_id=my_weather_workflow_DAG_v04, task_id=is_api_city_ready, run_id=manual__2024-06-01T08:03:02.551642+00:00, execution_date=20240601T080302, start_date=20240601T080851, end_date=20240601T080852
[2024-06-01T08:08:52.097+0000] {local_task_job_runner.py:240} INFO - Task exited with return code 0
[2024-06-01T08:08:52.124+0000] {logging_mixin.py:188} WARNING - /home/***/.local/lib/python3.12/site-packages/***/models/baseoperator.py:1296 AirflowProviderDeprecationWarning: Call to deprecated class SimpleHttpOperator. (Class `SimpleHttpOperator` is deprecated and will be removed in a future release. Please use `HttpOperator` instead.)
[2024-06-01T08:08:52.129+0000] {logging_mixin.py:188} WARNING - /home/***/.local/lib/python3.12/site-packages/***/models/baseoperator.py:1296 AirflowProviderDeprecationWarning: Call to deprecated class PostgresOperator. (Please use `***.providers.common.sql.operators.sql.SQLExecuteQueryOperator`.Also, you can provide `hook_params={'schema': <database>}`.)
[2024-06-01T08:08:52.162+0000] {taskinstance.py:3498} INFO - 1 downstream tasks scheduled from follow-on schedule check
[2024-06-01T08:08:52.165+0000] {local_task_job_runner.py:222} INFO - ::endgroup::
