[2024-05-24T11:09:39.450+0000] {local_task_job_runner.py:120} INFO - ::group::Pre task execution logs
[2024-05-24T11:09:39.477+0000] {taskinstance.py:2076} INFO - Dependencies all met for dep_context=non-requeueable deps ti=<TaskInstance: my_weather_workflow_DAG_v03.extract_data_from_api manual__2024-05-24T10:45:36.975501+00:00 [queued]>
[2024-05-24T11:09:39.487+0000] {taskinstance.py:2076} INFO - Dependencies all met for dep_context=requeueable deps ti=<TaskInstance: my_weather_workflow_DAG_v03.extract_data_from_api manual__2024-05-24T10:45:36.975501+00:00 [queued]>
[2024-05-24T11:09:39.489+0000] {taskinstance.py:2306} INFO - Starting attempt 4 of 9
[2024-05-24T11:09:39.503+0000] {taskinstance.py:2330} INFO - Executing <Task(SimpleHttpOperator): extract_data_from_api> on 2024-05-24 10:45:36.975501+00:00
[2024-05-24T11:09:39.512+0000] {logging_mixin.py:188} WARNING - /home/***/.local/lib/python3.12/site-packages/***/task/task_runner/standard_task_runner.py:61 DeprecationWarning: This process (pid=1938) is multi-threaded, use of fork() may lead to deadlocks in the child.
[2024-05-24T11:09:39.510+0000] {standard_task_runner.py:90} INFO - Running: ['***', 'tasks', 'run', 'my_weather_workflow_DAG_v03', 'extract_data_from_api', 'manual__2024-05-24T10:45:36.975501+00:00', '--job-id', '58', '--raw', '--subdir', 'DAGS_FOLDER/weather_dag.py', '--cfg-path', '/tmp/tmp2e8c2qgn']
[2024-05-24T11:09:39.513+0000] {standard_task_runner.py:63} INFO - Started process 1940 to run task
[2024-05-24T11:09:39.513+0000] {standard_task_runner.py:91} INFO - Job 58: Subtask extract_data_from_api
[2024-05-24T11:09:39.582+0000] {task_command.py:426} INFO - Running <TaskInstance: my_weather_workflow_DAG_v03.extract_data_from_api manual__2024-05-24T10:45:36.975501+00:00 [running]> on host 6ab40057742d
[2024-05-24T11:09:39.846+0000] {taskinstance.py:2648} INFO - Exporting env vars: AIRFLOW_CTX_DAG_OWNER='Khang' AIRFLOW_CTX_DAG_ID='my_weather_workflow_DAG_v03' AIRFLOW_CTX_TASK_ID='extract_data_from_api' AIRFLOW_CTX_EXECUTION_DATE='2024-05-24T10:45:36.975501+00:00' AIRFLOW_CTX_TRY_NUMBER='4' AIRFLOW_CTX_DAG_RUN_ID='manual__2024-05-24T10:45:36.975501+00:00'
[2024-05-24T11:09:39.848+0000] {taskinstance.py:430} INFO - ::endgroup::
[2024-05-24T11:09:39.869+0000] {http.py:169} INFO - Calling HTTP method
[2024-05-24T11:09:39.889+0000] {base.py:84} INFO - Using connection ID 'weather_map_api_connection' for task execution.
[2024-05-24T11:09:39.907+0000] {base.py:84} INFO - Using connection ID 'weather_map_api_connection' for task execution.
[2024-05-24T11:09:40.121+0000] {http.py:208} INFO - {"coord":{"lon":106.6602,"lat":10.7626},"weather":[{"id":520,"main":"Rain","description":"light intensity shower rain","icon":"09d"}],"base":"stations","main":{"temp":304.29,"feels_like":311.29,"temp_min":304.14,"temp_max":304.29,"pressure":1006,"humidity":72},"visibility":8000,"wind":{"speed":4.12,"deg":90},"rain":{"1h":0.32},"clouds":{"all":40},"dt":1716548978,"sys":{"type":2,"id":2093009,"country":"VN","sunrise":1716503411,"sunset":1716549033},"timezone":25200,"id":1566083,"name":"Ho Chi Minh City","cod":200}
[2024-05-24T11:09:40.123+0000] {taskinstance.py:441} INFO - ::group::Post task execution logs
[2024-05-24T11:09:40.155+0000] {taskinstance.py:1206} INFO - Marking task as SUCCESS. dag_id=my_weather_workflow_DAG_v03, task_id=extract_data_from_api, run_id=manual__2024-05-24T10:45:36.975501+00:00, execution_date=20240524T104536, start_date=20240524T110939, end_date=20240524T110940
[2024-05-24T11:09:40.211+0000] {local_task_job_runner.py:240} INFO - Task exited with return code 0
[2024-05-24T11:09:40.226+0000] {logging_mixin.py:188} WARNING - /home/***/.local/lib/python3.12/site-packages/***/models/baseoperator.py:1296 AirflowProviderDeprecationWarning: Call to deprecated class SimpleHttpOperator. (Class `SimpleHttpOperator` is deprecated and will be removed in a future release. Please use `HttpOperator` instead.)
[2024-05-24T11:09:40.237+0000] {taskinstance.py:3498} INFO - 1 downstream tasks scheduled from follow-on schedule check
[2024-05-24T11:09:40.240+0000] {local_task_job_runner.py:222} INFO - ::endgroup::
