[2024-06-03T11:22:34.882+0000] {local_task_job_runner.py:120} INFO - ::group::Pre task execution logs
[2024-06-03T11:22:34.917+0000] {taskinstance.py:2076} INFO - Dependencies all met for dep_context=non-requeueable deps ti=<TaskInstance: city_data_workflow_DAG_final.join_city_weather manual__2024-06-03T11:05:27.638846+00:00 [queued]>
[2024-06-03T11:22:34.932+0000] {taskinstance.py:2076} INFO - Dependencies all met for dep_context=requeueable deps ti=<TaskInstance: city_data_workflow_DAG_final.join_city_weather manual__2024-06-03T11:05:27.638846+00:00 [queued]>
[2024-06-03T11:22:34.934+0000] {taskinstance.py:2306} INFO - Starting attempt 2 of 7
[2024-06-03T11:22:34.952+0000] {taskinstance.py:2330} INFO - Executing <Task(PostgresOperator): join_city_weather> on 2024-06-03 11:05:27.638846+00:00
[2024-06-03T11:22:34.962+0000] {logging_mixin.py:188} WARNING - /home/***/.local/lib/python3.12/site-packages/***/task/task_runner/standard_task_runner.py:61 DeprecationWarning: This process (pid=1366) is multi-threaded, use of fork() may lead to deadlocks in the child.
[2024-06-03T11:22:34.964+0000] {standard_task_runner.py:63} INFO - Started process 1368 to run task
[2024-06-03T11:22:34.963+0000] {standard_task_runner.py:90} INFO - Running: ['***', 'tasks', 'run', 'city_data_workflow_DAG_final', 'join_city_weather', 'manual__2024-06-03T11:05:27.638846+00:00', '--job-id', '1067', '--raw', '--subdir', 'DAGS_FOLDER/tasks_flow.py', '--cfg-path', '/tmp/tmp7eyv71sq']
[2024-06-03T11:22:34.966+0000] {standard_task_runner.py:91} INFO - Job 1067: Subtask join_city_weather
[2024-06-03T11:22:35.046+0000] {task_command.py:426} INFO - Running <TaskInstance: city_data_workflow_DAG_final.join_city_weather manual__2024-06-03T11:05:27.638846+00:00 [running]> on host cd9caf1c47f0
[2024-06-03T11:22:35.154+0000] {taskinstance.py:2648} INFO - Exporting env vars: AIRFLOW_CTX_DAG_OWNER='Khang' AIRFLOW_CTX_DAG_ID='city_data_workflow_DAG_final' AIRFLOW_CTX_TASK_ID='join_city_weather' AIRFLOW_CTX_EXECUTION_DATE='2024-06-03T11:05:27.638846+00:00' AIRFLOW_CTX_TRY_NUMBER='2' AIRFLOW_CTX_DAG_RUN_ID='manual__2024-06-03T11:05:27.638846+00:00'
[2024-06-03T11:22:35.156+0000] {taskinstance.py:430} INFO - ::endgroup::
[2024-06-03T11:22:35.169+0000] {sql.py:276} INFO - Executing: SELECT 
    c.wiki_id AS wiki_id_city,
    name,
    country,
    population,
    latitude,
    longitude,
    weather_description,
    temperature_celsius,
    pressure,
    humidity,
    wind_speed,
    time_of_record,
    sunrise_time,
    sunset_time
FROM cities c
JOIN weathers w 
    ON c.wiki_id = w.fk_city;
[2024-06-03T11:22:35.184+0000] {base.py:84} INFO - Using connection ID 'postgres_connection_id' for task execution.
[2024-06-03T11:22:35.197+0000] {base.py:84} INFO - Using connection ID 'postgres_connection_id' for task execution.
[2024-06-03T11:22:35.206+0000] {sql.py:470} INFO - Running statement: SELECT 
    c.wiki_id AS wiki_id_city,
    name,
    country,
    population,
    latitude,
    longitude,
    weather_description,
    temperature_celsius,
    pressure,
    humidity,
    wind_speed,
    time_of_record,
    sunrise_time,
    sunset_time
FROM cities c
JOIN weathers w 
    ON c.wiki_id = w.fk_city;, parameters: None
[2024-06-03T11:22:35.210+0000] {sql.py:479} INFO - Rows affected: 2
[2024-06-03T11:22:35.211+0000] {taskinstance.py:441} INFO - ::group::Post task execution logs
[2024-06-03T11:22:35.243+0000] {taskinstance.py:1206} INFO - Marking task as SUCCESS. dag_id=city_data_workflow_DAG_final, task_id=join_city_weather, run_id=manual__2024-06-03T11:05:27.638846+00:00, execution_date=20240603T110527, start_date=20240603T112234, end_date=20240603T112235
[2024-06-03T11:22:35.300+0000] {local_task_job_runner.py:240} INFO - Task exited with return code 0
[2024-06-03T11:22:35.317+0000] {logging_mixin.py:188} WARNING - /home/***/.local/lib/python3.12/site-packages/***/models/baseoperator.py:1296 AirflowProviderDeprecationWarning: Call to deprecated class PostgresOperator. (Please use `***.providers.common.sql.operators.sql.SQLExecuteQueryOperator`.Also, you can provide `hook_params={'schema': <database>}`.)
[2024-06-03T11:22:35.336+0000] {taskinstance.py:3498} INFO - 1 downstream tasks scheduled from follow-on schedule check
[2024-06-03T11:22:35.339+0000] {local_task_job_runner.py:222} INFO - ::endgroup::
