[2024-06-01T15:34:54.905+0000] {local_task_job_runner.py:120} INFO - ::group::Pre task execution logs
[2024-06-01T15:34:54.935+0000] {taskinstance.py:2076} INFO - Dependencies all met for dep_context=non-requeueable deps ti=<TaskInstance: my_weather_workflow_DAG_v04.join_city_weather manual__2024-06-01T14:44:02.662915+00:00 [queued]>
[2024-06-01T15:34:54.948+0000] {taskinstance.py:2076} INFO - Dependencies all met for dep_context=requeueable deps ti=<TaskInstance: my_weather_workflow_DAG_v04.join_city_weather manual__2024-06-01T14:44:02.662915+00:00 [queued]>
[2024-06-01T15:34:54.949+0000] {taskinstance.py:2306} INFO - Starting attempt 2 of 7
[2024-06-01T15:34:54.965+0000] {taskinstance.py:2330} INFO - Executing <Task(PostgresOperator): join_city_weather> on 2024-06-01 14:44:02.662915+00:00
[2024-06-01T15:34:54.974+0000] {logging_mixin.py:188} WARNING - /home/***/.local/lib/python3.12/site-packages/***/task/task_runner/standard_task_runner.py:61 DeprecationWarning: This process (pid=1996) is multi-threaded, use of fork() may lead to deadlocks in the child.
[2024-06-01T15:34:54.973+0000] {standard_task_runner.py:90} INFO - Running: ['***', 'tasks', 'run', 'my_weather_workflow_DAG_v04', 'join_city_weather', 'manual__2024-06-01T14:44:02.662915+00:00', '--job-id', '817', '--raw', '--subdir', 'DAGS_FOLDER/tasks_flow.py', '--cfg-path', '/tmp/tmphi17qa_d']
[2024-06-01T15:34:54.975+0000] {standard_task_runner.py:63} INFO - Started process 1998 to run task
[2024-06-01T15:34:54.976+0000] {standard_task_runner.py:91} INFO - Job 817: Subtask join_city_weather
[2024-06-01T15:34:55.046+0000] {task_command.py:426} INFO - Running <TaskInstance: my_weather_workflow_DAG_v04.join_city_weather manual__2024-06-01T14:44:02.662915+00:00 [running]> on host cd9caf1c47f0
[2024-06-01T15:34:55.156+0000] {taskinstance.py:2648} INFO - Exporting env vars: AIRFLOW_CTX_DAG_OWNER='Khang' AIRFLOW_CTX_DAG_ID='my_weather_workflow_DAG_v04' AIRFLOW_CTX_TASK_ID='join_city_weather' AIRFLOW_CTX_EXECUTION_DATE='2024-06-01T14:44:02.662915+00:00' AIRFLOW_CTX_TRY_NUMBER='2' AIRFLOW_CTX_DAG_RUN_ID='manual__2024-06-01T14:44:02.662915+00:00'
[2024-06-01T15:34:55.158+0000] {taskinstance.py:430} INFO - ::endgroup::
[2024-06-01T15:34:55.173+0000] {sql.py:276} INFO - Executing: SELECT 
    c.wiki_id AS id_city,
    name,
    country,
    population,
    latitude,
    longitude,
    weather_description,
    temperature_celsius,
    pressure,
    humidity,
    wind_speed,
    sunrise_time,
    sunset_time
FROM cities c
JOIN weathers w 
    ON c.wiki_id = w.fk_city;
[2024-06-01T15:34:55.187+0000] {base.py:84} INFO - Using connection ID 'postgres_connection_id' for task execution.
[2024-06-01T15:34:55.201+0000] {base.py:84} INFO - Using connection ID 'postgres_connection_id' for task execution.
[2024-06-01T15:34:55.210+0000] {sql.py:470} INFO - Running statement: SELECT 
    c.wiki_id AS id_city,
    name,
    country,
    population,
    latitude,
    longitude,
    weather_description,
    temperature_celsius,
    pressure,
    humidity,
    wind_speed,
    sunrise_time,
    sunset_time
FROM cities c
JOIN weathers w 
    ON c.wiki_id = w.fk_city;, parameters: None
[2024-06-01T15:34:55.213+0000] {sql.py:479} INFO - Rows affected: 1
[2024-06-01T15:34:55.215+0000] {taskinstance.py:441} INFO - ::group::Post task execution logs
[2024-06-01T15:34:55.255+0000] {taskinstance.py:1206} INFO - Marking task as SUCCESS. dag_id=my_weather_workflow_DAG_v04, task_id=join_city_weather, run_id=manual__2024-06-01T14:44:02.662915+00:00, execution_date=20240601T144402, start_date=20240601T153454, end_date=20240601T153455
[2024-06-01T15:34:55.312+0000] {local_task_job_runner.py:240} INFO - Task exited with return code 0
[2024-06-01T15:34:55.343+0000] {taskinstance.py:3498} INFO - 0 downstream tasks scheduled from follow-on schedule check
[2024-06-01T15:34:55.348+0000] {local_task_job_runner.py:222} INFO - ::endgroup::
