[2024-06-01T09:18:09.232+0000] {local_task_job_runner.py:120} INFO - ::group::Pre task execution logs
[2024-06-01T09:18:09.267+0000] {taskinstance.py:2076} INFO - Dependencies all met for dep_context=non-requeueable deps ti=<TaskInstance: my_weather_workflow_DAG_v04.group_tasks.load_csv_city_to_postgres manual__2024-06-01T09:17:56.157602+00:00 [queued]>
[2024-06-01T09:18:09.280+0000] {taskinstance.py:2076} INFO - Dependencies all met for dep_context=requeueable deps ti=<TaskInstance: my_weather_workflow_DAG_v04.group_tasks.load_csv_city_to_postgres manual__2024-06-01T09:17:56.157602+00:00 [queued]>
[2024-06-01T09:18:09.282+0000] {taskinstance.py:2306} INFO - Starting attempt 1 of 6
[2024-06-01T09:18:09.303+0000] {taskinstance.py:2330} INFO - Executing <Task(PythonOperator): group_tasks.load_csv_city_to_postgres> on 2024-06-01 09:17:56.157602+00:00
[2024-06-01T09:18:09.314+0000] {logging_mixin.py:188} WARNING - /home/***/.local/lib/python3.12/site-packages/***/task/task_runner/standard_task_runner.py:61 DeprecationWarning: This process (pid=10694) is multi-threaded, use of fork() may lead to deadlocks in the child.
[2024-06-01T09:18:09.316+0000] {standard_task_runner.py:63} INFO - Started process 10696 to run task
[2024-06-01T09:18:09.314+0000] {standard_task_runner.py:90} INFO - Running: ['***', 'tasks', 'run', 'my_weather_workflow_DAG_v04', 'group_tasks.load_csv_city_to_postgres', 'manual__2024-06-01T09:17:56.157602+00:00', '--job-id', '712', '--raw', '--subdir', 'DAGS_FOLDER/tasks_flow.py', '--cfg-path', '/tmp/tmp3_9r2oik']
[2024-06-01T09:18:09.318+0000] {standard_task_runner.py:91} INFO - Job 712: Subtask group_tasks.load_csv_city_to_postgres
[2024-06-01T09:18:09.414+0000] {task_command.py:426} INFO - Running <TaskInstance: my_weather_workflow_DAG_v04.group_tasks.load_csv_city_to_postgres manual__2024-06-01T09:17:56.157602+00:00 [running]> on host cd9caf1c47f0
[2024-06-01T09:18:09.558+0000] {taskinstance.py:2648} INFO - Exporting env vars: AIRFLOW_CTX_DAG_OWNER='Khang' AIRFLOW_CTX_DAG_ID='my_weather_workflow_DAG_v04' AIRFLOW_CTX_TASK_ID='group_tasks.load_csv_city_to_postgres' AIRFLOW_CTX_EXECUTION_DATE='2024-06-01T09:17:56.157602+00:00' AIRFLOW_CTX_TRY_NUMBER='1' AIRFLOW_CTX_DAG_RUN_ID='manual__2024-06-01T09:17:56.157602+00:00'
[2024-06-01T09:18:09.560+0000] {taskinstance.py:430} INFO - ::endgroup::
[2024-06-01T09:18:09.615+0000] {base.py:84} INFO - Using connection ID 'postgres_connection_id' for task execution.
[2024-06-01T09:18:09.634+0000] {python.py:237} INFO - Done. Returned value was: None
[2024-06-01T09:18:09.635+0000] {taskinstance.py:441} INFO - ::group::Post task execution logs
[2024-06-01T09:18:09.650+0000] {taskinstance.py:1206} INFO - Marking task as SUCCESS. dag_id=my_weather_workflow_DAG_v04, task_id=group_tasks.load_csv_city_to_postgres, run_id=manual__2024-06-01T09:17:56.157602+00:00, execution_date=20240601T091756, start_date=20240601T091809, end_date=20240601T091809
[2024-06-01T09:18:09.693+0000] {local_task_job_runner.py:240} INFO - Task exited with return code 0
[2024-06-01T09:18:09.721+0000] {logging_mixin.py:188} WARNING - /home/***/.local/lib/python3.12/site-packages/***/models/baseoperator.py:1296 AirflowProviderDeprecationWarning: Call to deprecated class PostgresOperator. (Please use `***.providers.common.sql.operators.sql.SQLExecuteQueryOperator`.Also, you can provide `hook_params={'schema': <database>}`.)
[2024-06-01T09:18:09.759+0000] {taskinstance.py:3498} INFO - 1 downstream tasks scheduled from follow-on schedule check
[2024-06-01T09:18:09.765+0000] {local_task_job_runner.py:222} INFO - ::endgroup::
