[2024-06-03T10:49:02.116+0000] {local_task_job_runner.py:120} INFO - ::group::Pre task execution logs
[2024-06-03T10:49:02.140+0000] {taskinstance.py:2076} INFO - Dependencies all met for dep_context=non-requeueable deps ti=<TaskInstance: city_data_workflow_DAG_final.up_load_data_joined_to_s3 manual__2024-06-03T10:48:40.858423+00:00 [queued]>
[2024-06-03T10:49:02.151+0000] {taskinstance.py:2076} INFO - Dependencies all met for dep_context=requeueable deps ti=<TaskInstance: city_data_workflow_DAG_final.up_load_data_joined_to_s3 manual__2024-06-03T10:48:40.858423+00:00 [queued]>
[2024-06-03T10:49:02.152+0000] {taskinstance.py:2306} INFO - Starting attempt 1 of 6
[2024-06-03T10:49:02.168+0000] {taskinstance.py:2330} INFO - Executing <Task(PythonOperator): up_load_data_joined_to_s3> on 2024-06-03 10:48:40.858423+00:00
[2024-06-03T10:49:02.177+0000] {standard_task_runner.py:90} INFO - Running: ['***', 'tasks', 'run', 'city_data_workflow_DAG_final', 'up_load_data_joined_to_s3', 'manual__2024-06-03T10:48:40.858423+00:00', '--job-id', '1024', '--raw', '--subdir', 'DAGS_FOLDER/tasks_flow.py', '--cfg-path', '/tmp/tmpijiw_t4y']
[2024-06-03T10:49:02.180+0000] {standard_task_runner.py:91} INFO - Job 1024: Subtask up_load_data_joined_to_s3
[2024-06-03T10:49:02.184+0000] {logging_mixin.py:188} WARNING - /home/***/.local/lib/python3.12/site-packages/***/task/task_runner/standard_task_runner.py:61 DeprecationWarning: This process (pid=425) is multi-threaded, use of fork() may lead to deadlocks in the child.
[2024-06-03T10:49:02.185+0000] {standard_task_runner.py:63} INFO - Started process 427 to run task
[2024-06-03T10:49:02.244+0000] {task_command.py:426} INFO - Running <TaskInstance: city_data_workflow_DAG_final.up_load_data_joined_to_s3 manual__2024-06-03T10:48:40.858423+00:00 [running]> on host cd9caf1c47f0
[2024-06-03T10:49:02.335+0000] {taskinstance.py:2648} INFO - Exporting env vars: AIRFLOW_CTX_DAG_OWNER='Khang' AIRFLOW_CTX_DAG_ID='city_data_workflow_DAG_final' AIRFLOW_CTX_TASK_ID='up_load_data_joined_to_s3' AIRFLOW_CTX_EXECUTION_DATE='2024-06-03T10:48:40.858423+00:00' AIRFLOW_CTX_TRY_NUMBER='1' AIRFLOW_CTX_DAG_RUN_ID='manual__2024-06-03T10:48:40.858423+00:00'
[2024-06-03T10:49:02.337+0000] {taskinstance.py:430} INFO - ::endgroup::
[2024-06-03T10:49:02.376+0000] {base.py:84} INFO - Using connection ID 'weather_map_s3_connection' for task execution.
[2024-06-03T10:49:02.376+0000] {connection_wrapper.py:384} INFO - AWS Connection (conn_id='weather_map_s3_connection', conn_type='aws') credentials retrieved from login and password.
[2024-06-03T10:49:04.552+0000] {python.py:237} INFO - Done. Returned value was: None
[2024-06-03T10:49:04.552+0000] {taskinstance.py:441} INFO - ::group::Post task execution logs
[2024-06-03T10:49:04.569+0000] {taskinstance.py:1206} INFO - Marking task as SUCCESS. dag_id=city_data_workflow_DAG_final, task_id=up_load_data_joined_to_s3, run_id=manual__2024-06-03T10:48:40.858423+00:00, execution_date=20240603T104840, start_date=20240603T104902, end_date=20240603T104904
[2024-06-03T10:49:04.613+0000] {local_task_job_runner.py:240} INFO - Task exited with return code 0
[2024-06-03T10:49:04.651+0000] {logging_mixin.py:188} WARNING - /home/***/.local/lib/python3.12/site-packages/***/models/baseoperator.py:1296 AirflowProviderDeprecationWarning: Call to deprecated class PostgresOperator. (Please use `***.providers.common.sql.operators.sql.SQLExecuteQueryOperator`.Also, you can provide `hook_params={'schema': <database>}`.)
[2024-06-03T10:49:04.669+0000] {taskinstance.py:3498} INFO - 1 downstream tasks scheduled from follow-on schedule check
[2024-06-03T10:49:04.673+0000] {local_task_job_runner.py:222} INFO - ::endgroup::
