[2024-05-24T05:09:48.998+0000] {local_task_job_runner.py:120} INFO - ::group::Pre task execution logs
[2024-05-24T05:09:49.033+0000] {taskinstance.py:2076} INFO - Dependencies all met for dep_context=non-requeueable deps ti=<TaskInstance: my_weather_workflow_DAG_v02.extract_data_from_api scheduled__2024-05-23T00:00:00+00:00 [queued]>
[2024-05-24T05:09:49.045+0000] {taskinstance.py:2076} INFO - Dependencies all met for dep_context=requeueable deps ti=<TaskInstance: my_weather_workflow_DAG_v02.extract_data_from_api scheduled__2024-05-23T00:00:00+00:00 [queued]>
[2024-05-24T05:09:49.046+0000] {taskinstance.py:2306} INFO - Starting attempt 1 of 6
[2024-05-24T05:09:49.066+0000] {taskinstance.py:2330} INFO - Executing <Task(SimpleHttpOperator): extract_data_from_api> on 2024-05-23 00:00:00+00:00
[2024-05-24T05:09:49.074+0000] {standard_task_runner.py:90} INFO - Running: ['***', 'tasks', 'run', 'my_weather_workflow_DAG_v02', 'extract_data_from_api', 'scheduled__2024-05-23T00:00:00+00:00', '--job-id', '21', '--raw', '--subdir', 'DAGS_FOLDER/weather_dag.py', '--cfg-path', '/tmp/tmpe1oce3ej']
[2024-05-24T05:09:49.078+0000] {standard_task_runner.py:91} INFO - Job 21: Subtask extract_data_from_api
[2024-05-24T05:09:49.080+0000] {logging_mixin.py:188} WARNING - /home/***/.local/lib/python3.12/site-packages/***/task/task_runner/standard_task_runner.py:61 DeprecationWarning: This process (pid=390) is multi-threaded, use of fork() may lead to deadlocks in the child.
[2024-05-24T05:09:49.082+0000] {standard_task_runner.py:63} INFO - Started process 393 to run task
[2024-05-24T05:09:49.155+0000] {task_command.py:426} INFO - Running <TaskInstance: my_weather_workflow_DAG_v02.extract_data_from_api scheduled__2024-05-23T00:00:00+00:00 [running]> on host 6ab40057742d
[2024-05-24T05:09:49.302+0000] {taskinstance.py:2648} INFO - Exporting env vars: AIRFLOW_CTX_DAG_OWNER='Khang' AIRFLOW_CTX_DAG_ID='my_weather_workflow_DAG_v02' AIRFLOW_CTX_TASK_ID='extract_data_from_api' AIRFLOW_CTX_EXECUTION_DATE='2024-05-23T00:00:00+00:00' AIRFLOW_CTX_TRY_NUMBER='1' AIRFLOW_CTX_DAG_RUN_ID='scheduled__2024-05-23T00:00:00+00:00'
[2024-05-24T05:09:49.304+0000] {taskinstance.py:430} INFO - ::endgroup::
[2024-05-24T05:09:49.331+0000] {http.py:169} INFO - Calling HTTP method
[2024-05-24T05:09:49.349+0000] {base.py:84} INFO - Using connection ID 'weather_map_api_connection' for task execution.
[2024-05-24T05:09:49.366+0000] {base.py:84} INFO - Using connection ID 'weather_map_api_connection' for task execution.
[2024-05-24T05:09:49.602+0000] {http.py:208} INFO - {"coord":{"lon":106.6602,"lat":10.7589},"weather":[{"id":803,"main":"Clouds","description":"broken clouds","icon":"04d"}],"base":"stations","main":{"temp":308.16,"feels_like":315.16,"temp_min":308.12,"temp_max":308.16,"pressure":1007,"humidity":59},"visibility":10000,"wind":{"speed":1.79,"deg":329,"gust":2.68},"clouds":{"all":75},"dt":1716527381,"sys":{"type":2,"id":2093009,"country":"VN","sunrise":1716503411,"sunset":1716549033},"timezone":25200,"id":1566083,"name":"Ho Chi Minh City","cod":200}
[2024-05-24T05:09:49.605+0000] {taskinstance.py:441} INFO - ::group::Post task execution logs
[2024-05-24T05:09:49.644+0000] {taskinstance.py:1206} INFO - Marking task as SUCCESS. dag_id=my_weather_workflow_DAG_v02, task_id=extract_data_from_api, run_id=scheduled__2024-05-23T00:00:00+00:00, execution_date=20240523T000000, start_date=20240524T050949, end_date=20240524T050949
[2024-05-24T05:09:49.698+0000] {local_task_job_runner.py:240} INFO - Task exited with return code 0
[2024-05-24T05:09:49.725+0000] {taskinstance.py:3498} INFO - 0 downstream tasks scheduled from follow-on schedule check
[2024-05-24T05:09:49.728+0000] {local_task_job_runner.py:222} INFO - ::endgroup::
