[2024-05-31T03:32:58.093+0000] {local_task_job_runner.py:120} INFO - ::group::Pre task execution logs
[2024-05-31T03:32:58.116+0000] {taskinstance.py:2076} INFO - Dependencies all met for dep_context=non-requeueable deps ti=<TaskInstance: my_weather_workflow_DAG_v04.is_weather_api_ready manual__2024-05-31T03:32:54.698754+00:00 [queued]>
[2024-05-31T03:32:58.126+0000] {taskinstance.py:2076} INFO - Dependencies all met for dep_context=requeueable deps ti=<TaskInstance: my_weather_workflow_DAG_v04.is_weather_api_ready manual__2024-05-31T03:32:54.698754+00:00 [queued]>
[2024-05-31T03:32:58.127+0000] {taskinstance.py:2306} INFO - Starting attempt 1 of 6
[2024-05-31T03:32:58.141+0000] {taskinstance.py:2330} INFO - Executing <Task(PythonOperator): is_weather_api_ready> on 2024-05-31 03:32:54.698754+00:00
[2024-05-31T03:32:58.157+0000] {standard_task_runner.py:90} INFO - Running: ['***', 'tasks', 'run', 'my_weather_workflow_DAG_v04', 'is_weather_api_ready', 'manual__2024-05-31T03:32:54.698754+00:00', '--job-id', '164', '--raw', '--subdir', 'DAGS_FOLDER/weather_dag.py', '--cfg-path', '/tmp/tmpl3vkeilz']
[2024-05-31T03:32:58.161+0000] {standard_task_runner.py:91} INFO - Job 164: Subtask is_weather_api_ready
[2024-05-31T03:32:58.165+0000] {logging_mixin.py:188} WARNING - /home/***/.local/lib/python3.12/site-packages/***/task/task_runner/standard_task_runner.py:61 DeprecationWarning: This process (pid=403) is multi-threaded, use of fork() may lead to deadlocks in the child.
[2024-05-31T03:32:58.166+0000] {standard_task_runner.py:63} INFO - Started process 405 to run task
[2024-05-31T03:32:58.226+0000] {task_command.py:426} INFO - Running <TaskInstance: my_weather_workflow_DAG_v04.is_weather_api_ready manual__2024-05-31T03:32:54.698754+00:00 [running]> on host cd9caf1c47f0
[2024-05-31T03:32:58.362+0000] {taskinstance.py:2648} INFO - Exporting env vars: AIRFLOW_CTX_DAG_OWNER='Khang' AIRFLOW_CTX_DAG_ID='my_weather_workflow_DAG_v04' AIRFLOW_CTX_TASK_ID='is_weather_api_ready' AIRFLOW_CTX_EXECUTION_DATE='2024-05-31T03:32:54.698754+00:00' AIRFLOW_CTX_TRY_NUMBER='1' AIRFLOW_CTX_DAG_RUN_ID='manual__2024-05-31T03:32:54.698754+00:00'
[2024-05-31T03:32:58.364+0000] {taskinstance.py:430} INFO - ::endgroup::
[2024-05-31T03:32:58.382+0000] {http.py:137} INFO - Poking: /data/2.5/weather?lat=10.762622&lon=106.660172&appid=cb9774016f254a4cb1aa6516bf401afa
[2024-05-31T03:32:58.404+0000] {base.py:84} INFO - Using connection ID 'weather_map_api_connection' for task execution.
[2024-05-31T03:32:58.867+0000] {python.py:237} INFO - Done. Returned value was: None
[2024-05-31T03:32:58.868+0000] {taskinstance.py:441} INFO - ::group::Post task execution logs
[2024-05-31T03:32:58.882+0000] {taskinstance.py:1206} INFO - Marking task as SUCCESS. dag_id=my_weather_workflow_DAG_v04, task_id=is_weather_api_ready, run_id=manual__2024-05-31T03:32:54.698754+00:00, execution_date=20240531T033254, start_date=20240531T033258, end_date=20240531T033258
[2024-05-31T03:32:58.943+0000] {local_task_job_runner.py:240} INFO - Task exited with return code 0
[2024-05-31T03:32:58.975+0000] {taskinstance.py:3498} INFO - 0 downstream tasks scheduled from follow-on schedule check
[2024-05-31T03:32:58.979+0000] {local_task_job_runner.py:222} INFO - ::endgroup::
