[2024-06-01T09:19:21.872+0000] {local_task_job_runner.py:120} INFO - ::group::Pre task execution logs
[2024-06-01T09:19:21.901+0000] {taskinstance.py:2076} INFO - Dependencies all met for dep_context=non-requeueable deps ti=<TaskInstance: my_weather_workflow_DAG_v04.group_tasks.extract_weather_data_from_api manual__2024-06-01T09:17:56.157602+00:00 [queued]>
[2024-06-01T09:19:21.915+0000] {taskinstance.py:2076} INFO - Dependencies all met for dep_context=requeueable deps ti=<TaskInstance: my_weather_workflow_DAG_v04.group_tasks.extract_weather_data_from_api manual__2024-06-01T09:17:56.157602+00:00 [queued]>
[2024-06-01T09:19:21.916+0000] {taskinstance.py:2306} INFO - Starting attempt 1 of 6
[2024-06-01T09:19:21.934+0000] {taskinstance.py:2330} INFO - Executing <Task(PythonOperator): group_tasks.extract_weather_data_from_api> on 2024-06-01 09:17:56.157602+00:00
[2024-06-01T09:19:21.948+0000] {logging_mixin.py:188} WARNING - /home/***/.local/lib/python3.12/site-packages/***/task/task_runner/standard_task_runner.py:61 DeprecationWarning: This process (pid=10733) is multi-threaded, use of fork() may lead to deadlocks in the child.
[2024-06-01T09:19:21.950+0000] {standard_task_runner.py:63} INFO - Started process 10735 to run task
[2024-06-01T09:19:21.948+0000] {standard_task_runner.py:90} INFO - Running: ['***', 'tasks', 'run', 'my_weather_workflow_DAG_v04', 'group_tasks.extract_weather_data_from_api', 'manual__2024-06-01T09:17:56.157602+00:00', '--job-id', '715', '--raw', '--subdir', 'DAGS_FOLDER/tasks_flow.py', '--cfg-path', '/tmp/tmpy9jd93c7']
[2024-06-01T09:19:21.951+0000] {standard_task_runner.py:91} INFO - Job 715: Subtask group_tasks.extract_weather_data_from_api
[2024-06-01T09:19:22.024+0000] {task_command.py:426} INFO - Running <TaskInstance: my_weather_workflow_DAG_v04.group_tasks.extract_weather_data_from_api manual__2024-06-01T09:17:56.157602+00:00 [running]> on host cd9caf1c47f0
[2024-06-01T09:19:22.183+0000] {taskinstance.py:2648} INFO - Exporting env vars: AIRFLOW_CTX_DAG_OWNER='Khang' AIRFLOW_CTX_DAG_ID='my_weather_workflow_DAG_v04' AIRFLOW_CTX_TASK_ID='group_tasks.extract_weather_data_from_api' AIRFLOW_CTX_EXECUTION_DATE='2024-06-01T09:17:56.157602+00:00' AIRFLOW_CTX_TRY_NUMBER='1' AIRFLOW_CTX_DAG_RUN_ID='manual__2024-06-01T09:17:56.157602+00:00'
[2024-06-01T09:19:22.184+0000] {taskinstance.py:430} INFO - ::endgroup::
[2024-06-01T09:19:22.206+0000] {baseoperator.py:399} WARNING - SimpleHttpOperator.execute cannot be called outside TaskInstance!
[2024-06-01T09:19:22.207+0000] {http.py:169} INFO - Calling HTTP method
[2024-06-01T09:19:22.227+0000] {base.py:84} INFO - Using connection ID 'weather_map_api_connection' for task execution.
[2024-06-01T09:19:22.241+0000] {base.py:84} INFO - Using connection ID 'weather_map_api_connection' for task execution.
[2024-06-01T09:19:22.402+0000] {http.py:208} INFO - {"coord":{"lon":107.5764,"lat":16.4561},"weather":[{"id":802,"main":"Clouds","description":"scattered clouds","icon":"03d"}],"base":"stations","main":{"temp":303.2,"feels_like":310.2,"temp_min":303.2,"temp_max":303.2,"pressure":1007,"humidity":84},"visibility":10000,"wind":{"speed":1.54,"deg":150},"clouds":{"all":40},"dt":1717233559,"sys":{"type":1,"id":9310,"country":"VN","sunrise":1717193785,"sunset":1717240740},"timezone":25200,"id":1580240,"name":"Hue","cod":200}
[2024-06-01T09:19:22.435+0000] {python.py:237} INFO - Done. Returned value was: None
[2024-06-01T09:19:22.436+0000] {taskinstance.py:441} INFO - ::group::Post task execution logs
[2024-06-01T09:19:22.453+0000] {taskinstance.py:1206} INFO - Marking task as SUCCESS. dag_id=my_weather_workflow_DAG_v04, task_id=group_tasks.extract_weather_data_from_api, run_id=manual__2024-06-01T09:17:56.157602+00:00, execution_date=20240601T091756, start_date=20240601T091921, end_date=20240601T091922
[2024-06-01T09:19:22.486+0000] {local_task_job_runner.py:240} INFO - Task exited with return code 0
[2024-06-01T09:19:22.507+0000] {logging_mixin.py:188} WARNING - /home/***/.local/lib/python3.12/site-packages/***/models/baseoperator.py:1296 AirflowProviderDeprecationWarning: Call to deprecated class PostgresOperator. (Please use `***.providers.common.sql.operators.sql.SQLExecuteQueryOperator`.Also, you can provide `hook_params={'schema': <database>}`.)
[2024-06-01T09:19:22.534+0000] {taskinstance.py:3498} INFO - 1 downstream tasks scheduled from follow-on schedule check
[2024-06-01T09:19:22.539+0000] {local_task_job_runner.py:222} INFO - ::endgroup::
