[2024-05-31T03:49:10.829+0000] {local_task_job_runner.py:120} INFO - ::group::Pre task execution logs
[2024-05-31T03:49:10.853+0000] {taskinstance.py:2076} INFO - Dependencies all met for dep_context=non-requeueable deps ti=<TaskInstance: my_weather_workflow_DAG_v04.extract_city_data_from_api manual__2024-05-31T03:32:54.698754+00:00 [queued]>
[2024-05-31T03:49:10.864+0000] {taskinstance.py:2076} INFO - Dependencies all met for dep_context=requeueable deps ti=<TaskInstance: my_weather_workflow_DAG_v04.extract_city_data_from_api manual__2024-05-31T03:32:54.698754+00:00 [queued]>
[2024-05-31T03:49:10.865+0000] {taskinstance.py:2306} INFO - Starting attempt 1 of 6
[2024-05-31T03:49:10.882+0000] {taskinstance.py:2330} INFO - Executing <Task(PythonOperator): extract_city_data_from_api> on 2024-05-31 03:32:54.698754+00:00
[2024-05-31T03:49:10.895+0000] {standard_task_runner.py:90} INFO - Running: ['***', 'tasks', 'run', 'my_weather_workflow_DAG_v04', 'extract_city_data_from_api', 'manual__2024-05-31T03:32:54.698754+00:00', '--job-id', '166', '--raw', '--subdir', 'DAGS_FOLDER/weather_dag.py', '--cfg-path', '/tmp/tmpsrtvddq7']
[2024-05-31T03:49:10.899+0000] {logging_mixin.py:188} WARNING - /home/***/.local/lib/python3.12/site-packages/***/task/task_runner/standard_task_runner.py:61 DeprecationWarning: This process (pid=806) is multi-threaded, use of fork() may lead to deadlocks in the child.
[2024-05-31T03:49:10.899+0000] {standard_task_runner.py:91} INFO - Job 166: Subtask extract_city_data_from_api
[2024-05-31T03:49:10.900+0000] {standard_task_runner.py:63} INFO - Started process 808 to run task
[2024-05-31T03:49:10.975+0000] {task_command.py:426} INFO - Running <TaskInstance: my_weather_workflow_DAG_v04.extract_city_data_from_api manual__2024-05-31T03:32:54.698754+00:00 [running]> on host cd9caf1c47f0
[2024-05-31T03:49:11.089+0000] {taskinstance.py:2648} INFO - Exporting env vars: AIRFLOW_CTX_DAG_OWNER='Khang' AIRFLOW_CTX_DAG_ID='my_weather_workflow_DAG_v04' AIRFLOW_CTX_TASK_ID='extract_city_data_from_api' AIRFLOW_CTX_EXECUTION_DATE='2024-05-31T03:32:54.698754+00:00' AIRFLOW_CTX_TRY_NUMBER='1' AIRFLOW_CTX_DAG_RUN_ID='manual__2024-05-31T03:32:54.698754+00:00'
[2024-05-31T03:49:11.091+0000] {taskinstance.py:430} INFO - ::endgroup::
[2024-05-31T03:49:11.106+0000] {taskinstance.py:441} INFO - ::group::Post task execution logs
[2024-05-31T03:49:11.106+0000] {taskinstance.py:2905} ERROR - Task failed with exception
Traceback (most recent call last):
  File "/home/airflow/.local/lib/python3.12/site-packages/airflow/models/taskinstance.py", line 465, in _execute_task
    result = _execute_callable(context=context, **execute_callable_kwargs)
             ^^^^^^^^^^^^^^^^^^^^^^^^^^^^^^^^^^^^^^^^^^^^^^^^^^^^^^^^^^^^^
  File "/home/airflow/.local/lib/python3.12/site-packages/airflow/models/taskinstance.py", line 432, in _execute_callable
    return execute_callable(context=context, **execute_callable_kwargs)
           ^^^^^^^^^^^^^^^^^^^^^^^^^^^^^^^^^^^^^^^^^^^^^^^^^^^^^^^^^^^^
  File "/home/airflow/.local/lib/python3.12/site-packages/airflow/models/baseoperator.py", line 400, in wrapper
    return func(self, *args, **kwargs)
           ^^^^^^^^^^^^^^^^^^^^^^^^^^^
  File "/home/airflow/.local/lib/python3.12/site-packages/airflow/operators/python.py", line 235, in execute
    return_value = self.execute_callable()
                   ^^^^^^^^^^^^^^^^^^^^^^^
  File "/home/airflow/.local/lib/python3.12/site-packages/airflow/operators/python.py", line 252, in execute_callable
    return self.python_callable(*self.op_args, **self.op_kwargs)
           ^^^^^^^^^^^^^^^^^^^^^^^^^^^^^^^^^^^^^^^^^^^^^^^^^^^^^
  File "/opt/airflow/dags/weather_dag.py", line 146, in extract_data_from_api
    http_operator = SimpleHttpOperator(
                    ^^^^^^^^^^^^^^^^^^^
  File "/home/airflow/.local/lib/python3.12/site-packages/airflow/models/baseoperator.py", line 484, in apply_defaults
    result = func(self, **kwargs, default_args=default_args)
             ^^^^^^^^^^^^^^^^^^^^^^^^^^^^^^^^^^^^^^^^^^^^^^^
  File "/home/airflow/.local/lib/python3.12/site-packages/airflow/providers/http/operators/http.py", line 355, in __init__
    super().__init__(**kwargs)
  File "/home/airflow/.local/lib/python3.12/site-packages/airflow/models/baseoperator.py", line 484, in apply_defaults
    result = func(self, **kwargs, default_args=default_args)
             ^^^^^^^^^^^^^^^^^^^^^^^^^^^^^^^^^^^^^^^^^^^^^^^
  File "/home/airflow/.local/lib/python3.12/site-packages/airflow/providers/http/operators/http.py", line 125, in __init__
    super().__init__(**kwargs)
  File "/home/airflow/.local/lib/python3.12/site-packages/airflow/models/baseoperator.py", line 484, in apply_defaults
    result = func(self, **kwargs, default_args=default_args)
             ^^^^^^^^^^^^^^^^^^^^^^^^^^^^^^^^^^^^^^^^^^^^^^^
TypeError: BaseOperator.__init__() missing 1 required positional argument: 'task_id'
[2024-05-31T03:49:11.131+0000] {taskinstance.py:1206} INFO - Marking task as UP_FOR_RETRY. dag_id=my_weather_workflow_DAG_v04, task_id=extract_city_data_from_api, run_id=manual__2024-05-31T03:32:54.698754+00:00, execution_date=20240531T033254, start_date=20240531T034910, end_date=20240531T034911
[2024-05-31T03:49:11.145+0000] {standard_task_runner.py:110} ERROR - Failed to execute job 166 for task extract_city_data_from_api (BaseOperator.__init__() missing 1 required positional argument: 'task_id'; 808)
[2024-05-31T03:49:11.155+0000] {local_task_job_runner.py:240} INFO - Task exited with return code 1
[2024-05-31T03:49:11.179+0000] {taskinstance.py:3498} INFO - 0 downstream tasks scheduled from follow-on schedule check
[2024-05-31T03:49:11.182+0000] {local_task_job_runner.py:222} INFO - ::endgroup::
