[2024-05-31T03:56:09.940+0000] {local_task_job_runner.py:120} INFO - ::group::Pre task execution logs
[2024-05-31T03:56:09.962+0000] {taskinstance.py:2076} INFO - Dependencies all met for dep_context=non-requeueable deps ti=<TaskInstance: my_weather_workflow_DAG_v04.extract_city_data_from_api manual__2024-05-31T03:32:54.698754+00:00 [queued]>
[2024-05-31T03:56:09.971+0000] {taskinstance.py:2076} INFO - Dependencies all met for dep_context=requeueable deps ti=<TaskInstance: my_weather_workflow_DAG_v04.extract_city_data_from_api manual__2024-05-31T03:32:54.698754+00:00 [queued]>
[2024-05-31T03:56:09.972+0000] {taskinstance.py:2306} INFO - Starting attempt 4 of 9
[2024-05-31T03:56:09.986+0000] {taskinstance.py:2330} INFO - Executing <Task(PythonOperator): extract_city_data_from_api> on 2024-05-31 03:32:54.698754+00:00
[2024-05-31T03:56:09.994+0000] {standard_task_runner.py:90} INFO - Running: ['***', 'tasks', 'run', 'my_weather_workflow_DAG_v04', 'extract_city_data_from_api', 'manual__2024-05-31T03:32:54.698754+00:00', '--job-id', '172', '--raw', '--subdir', 'DAGS_FOLDER/weather_dag.py', '--cfg-path', '/tmp/tmpqlra1dba']
[2024-05-31T03:56:09.997+0000] {standard_task_runner.py:91} INFO - Job 172: Subtask extract_city_data_from_api
[2024-05-31T03:56:09.997+0000] {logging_mixin.py:188} WARNING - /home/***/.local/lib/python3.12/site-packages/***/task/task_runner/standard_task_runner.py:61 DeprecationWarning: This process (pid=1004) is multi-threaded, use of fork() may lead to deadlocks in the child.
[2024-05-31T03:56:09.998+0000] {standard_task_runner.py:63} INFO - Started process 1006 to run task
[2024-05-31T03:56:10.060+0000] {task_command.py:426} INFO - Running <TaskInstance: my_weather_workflow_DAG_v04.extract_city_data_from_api manual__2024-05-31T03:32:54.698754+00:00 [running]> on host cd9caf1c47f0
[2024-05-31T03:56:10.193+0000] {taskinstance.py:2648} INFO - Exporting env vars: AIRFLOW_CTX_DAG_OWNER='Khang' AIRFLOW_CTX_DAG_ID='my_weather_workflow_DAG_v04' AIRFLOW_CTX_TASK_ID='extract_city_data_from_api' AIRFLOW_CTX_EXECUTION_DATE='2024-05-31T03:32:54.698754+00:00' AIRFLOW_CTX_TRY_NUMBER='4' AIRFLOW_CTX_DAG_RUN_ID='manual__2024-05-31T03:32:54.698754+00:00'
[2024-05-31T03:56:10.195+0000] {taskinstance.py:430} INFO - ::endgroup::
[2024-05-31T03:56:10.211+0000] {baseoperator.py:399} WARNING - SimpleHttpOperator.execute cannot be called outside TaskInstance!
[2024-05-31T03:56:10.212+0000] {http.py:169} INFO - Calling HTTP method
[2024-05-31T03:56:10.229+0000] {base.py:84} INFO - Using connection ID 'city_map_api_connection' for task execution.
[2024-05-31T03:56:10.246+0000] {base.py:84} INFO - Using connection ID 'city_map_api_connection' for task execution.
[2024-05-31T03:56:10.676+0000] {http.py:208} INFO - {"data":{"id":3453184,"wikiDataId":"Q25282","type":"CITY","city":"Da Nang","name":"Da Nang","country":"Vietnam","countryCode":"VN","region":"Da Nang","regionCode":"DN","regionWdId":"Q25282","latitude":16.08333,"longitude":108.08333,"population":1220200,"timezone":"Asia__Ho_Chi_Minh","deleted":false}}
[2024-05-31T03:56:10.679+0000] {python.py:237} INFO - Done. Returned value was: {'data': {'id': 3453184, 'wikiDataId': 'Q25282', 'type': 'CITY', 'city': 'Da Nang', 'name': 'Da Nang', 'country': 'Vietnam', 'countryCode': 'VN', 'region': 'Da Nang', 'regionCode': 'DN', 'regionWdId': 'Q25282', 'latitude': 16.08333, 'longitude': 108.08333, 'population': 1220200, 'timezone': 'Asia__Ho_Chi_Minh', 'deleted': False}}
[2024-05-31T03:56:10.681+0000] {taskinstance.py:441} INFO - ::group::Post task execution logs
[2024-05-31T03:56:10.716+0000] {taskinstance.py:1206} INFO - Marking task as SUCCESS. dag_id=my_weather_workflow_DAG_v04, task_id=extract_city_data_from_api, run_id=manual__2024-05-31T03:32:54.698754+00:00, execution_date=20240531T033254, start_date=20240531T035609, end_date=20240531T035610
[2024-05-31T03:56:10.736+0000] {local_task_job_runner.py:240} INFO - Task exited with return code 0
[2024-05-31T03:56:10.757+0000] {taskinstance.py:3498} INFO - 0 downstream tasks scheduled from follow-on schedule check
[2024-05-31T03:56:10.761+0000] {local_task_job_runner.py:222} INFO - ::endgroup::
