[2024-06-03T09:40:08.535+0000] {local_task_job_runner.py:120} INFO - ::group::Pre task execution logs
[2024-06-03T09:40:08.561+0000] {taskinstance.py:2076} INFO - Dependencies all met for dep_context=non-requeueable deps ti=<TaskInstance: city_data_workflow_DAG_final.extract_city_data_from_api manual__2024-06-03T09:36:21.462350+00:00 [queued]>
[2024-06-03T09:40:08.570+0000] {taskinstance.py:2076} INFO - Dependencies all met for dep_context=requeueable deps ti=<TaskInstance: city_data_workflow_DAG_final.extract_city_data_from_api manual__2024-06-03T09:36:21.462350+00:00 [queued]>
[2024-06-03T09:40:08.571+0000] {taskinstance.py:2306} INFO - Starting attempt 2 of 7
[2024-06-03T09:40:08.586+0000] {taskinstance.py:2330} INFO - Executing <Task(SimpleHttpOperator): extract_city_data_from_api> on 2024-06-03 09:36:21.462350+00:00
[2024-06-03T09:40:08.593+0000] {logging_mixin.py:188} WARNING - /home/***/.local/lib/python3.12/site-packages/***/task/task_runner/standard_task_runner.py:61 DeprecationWarning: This process (pid=2153) is multi-threaded, use of fork() may lead to deadlocks in the child.
[2024-06-03T09:40:08.595+0000] {standard_task_runner.py:63} INFO - Started process 2155 to run task
[2024-06-03T09:40:08.593+0000] {standard_task_runner.py:90} INFO - Running: ['***', 'tasks', 'run', 'city_data_workflow_DAG_final', 'extract_city_data_from_api', 'manual__2024-06-03T09:36:21.462350+00:00', '--job-id', '980', '--raw', '--subdir', 'DAGS_FOLDER/tasks_flow.py', '--cfg-path', '/tmp/tmpd6iebjtd']
[2024-06-03T09:40:08.596+0000] {standard_task_runner.py:91} INFO - Job 980: Subtask extract_city_data_from_api
[2024-06-03T09:40:08.656+0000] {task_command.py:426} INFO - Running <TaskInstance: city_data_workflow_DAG_final.extract_city_data_from_api manual__2024-06-03T09:36:21.462350+00:00 [running]> on host cd9caf1c47f0
[2024-06-03T09:40:08.760+0000] {taskinstance.py:2648} INFO - Exporting env vars: AIRFLOW_CTX_DAG_OWNER='Khang' AIRFLOW_CTX_DAG_ID='city_data_workflow_DAG_final' AIRFLOW_CTX_TASK_ID='extract_city_data_from_api' AIRFLOW_CTX_EXECUTION_DATE='2024-06-03T09:36:21.462350+00:00' AIRFLOW_CTX_TRY_NUMBER='2' AIRFLOW_CTX_DAG_RUN_ID='manual__2024-06-03T09:36:21.462350+00:00'
[2024-06-03T09:40:08.761+0000] {taskinstance.py:430} INFO - ::endgroup::
[2024-06-03T09:40:08.777+0000] {http.py:169} INFO - Calling HTTP method
[2024-06-03T09:40:08.792+0000] {base.py:84} INFO - Using connection ID 'city_map_api_connection' for task execution.
[2024-06-03T09:40:08.803+0000] {base.py:84} INFO - Using connection ID 'city_map_api_connection' for task execution.
[2024-06-03T09:40:09.190+0000] {http.py:208} INFO - {"data":{"id":3453264,"wikiDataId":"Q216075","type":"CITY","city":"Cần Thơ","name":"Cần Thơ","country":"Vietnam","countryCode":"VN","region":"Cần Thơ","regionCode":"CT","regionWdId":"Q216075","latitude":10.11667,"longitude":105.5,"population":1252300,"timezone":"Asia__Ho_Chi_Minh","deleted":false}}
[2024-06-03T09:40:09.194+0000] {taskinstance.py:441} INFO - ::group::Post task execution logs
[2024-06-03T09:40:09.229+0000] {taskinstance.py:1206} INFO - Marking task as SUCCESS. dag_id=city_data_workflow_DAG_final, task_id=extract_city_data_from_api, run_id=manual__2024-06-03T09:36:21.462350+00:00, execution_date=20240603T093621, start_date=20240603T094008, end_date=20240603T094009
[2024-06-03T09:40:09.252+0000] {local_task_job_runner.py:240} INFO - Task exited with return code 0
[2024-06-03T09:40:09.267+0000] {logging_mixin.py:188} WARNING - /home/***/.local/lib/python3.12/site-packages/***/models/baseoperator.py:1296 AirflowProviderDeprecationWarning: Call to deprecated class PostgresOperator. (Please use `***.providers.common.sql.operators.sql.SQLExecuteQueryOperator`.Also, you can provide `hook_params={'schema': <database>}`.)
[2024-06-03T09:40:09.271+0000] {logging_mixin.py:188} WARNING - /home/***/.local/lib/python3.12/site-packages/***/models/baseoperator.py:1296 AirflowProviderDeprecationWarning: Call to deprecated class SimpleHttpOperator. (Class `SimpleHttpOperator` is deprecated and will be removed in a future release. Please use `HttpOperator` instead.)
[2024-06-03T09:40:09.293+0000] {taskinstance.py:3498} INFO - 1 downstream tasks scheduled from follow-on schedule check
[2024-06-03T09:40:09.296+0000] {local_task_job_runner.py:222} INFO - ::endgroup::
