[2024-05-31T04:59:25.502+0000] {local_task_job_runner.py:120} INFO - ::group::Pre task execution logs
[2024-05-31T04:59:25.524+0000] {taskinstance.py:2076} INFO - Dependencies all met for dep_context=non-requeueable deps ti=<TaskInstance: my_weather_workflow_DAG_v04.is_api_city_ready manual__2024-05-31T04:06:10.739308+00:00 [queued]>
[2024-05-31T04:59:25.532+0000] {taskinstance.py:2076} INFO - Dependencies all met for dep_context=requeueable deps ti=<TaskInstance: my_weather_workflow_DAG_v04.is_api_city_ready manual__2024-05-31T04:06:10.739308+00:00 [queued]>
[2024-05-31T04:59:25.533+0000] {taskinstance.py:2306} INFO - Starting attempt 8 of 13
[2024-05-31T04:59:25.546+0000] {taskinstance.py:2330} INFO - Executing <Task(PythonOperator): is_api_city_ready> on 2024-05-31 04:06:10.739308+00:00
[2024-05-31T04:59:25.554+0000] {logging_mixin.py:188} WARNING - /home/***/.local/lib/python3.12/site-packages/***/task/task_runner/standard_task_runner.py:61 DeprecationWarning: This process (pid=2781) is multi-threaded, use of fork() may lead to deadlocks in the child.
[2024-05-31T04:59:25.556+0000] {standard_task_runner.py:63} INFO - Started process 2783 to run task
[2024-05-31T04:59:25.554+0000] {standard_task_runner.py:90} INFO - Running: ['***', 'tasks', 'run', 'my_weather_workflow_DAG_v04', 'is_api_city_ready', 'manual__2024-05-31T04:06:10.739308+00:00', '--job-id', '218', '--raw', '--subdir', 'DAGS_FOLDER/weather_dag.py', '--cfg-path', '/tmp/tmp55oubboi']
[2024-05-31T04:59:25.557+0000] {standard_task_runner.py:91} INFO - Job 218: Subtask is_api_city_ready
[2024-05-31T04:59:25.631+0000] {task_command.py:426} INFO - Running <TaskInstance: my_weather_workflow_DAG_v04.is_api_city_ready manual__2024-05-31T04:06:10.739308+00:00 [running]> on host cd9caf1c47f0
[2024-05-31T04:59:25.735+0000] {taskinstance.py:2648} INFO - Exporting env vars: AIRFLOW_CTX_DAG_OWNER='Khang' AIRFLOW_CTX_DAG_ID='my_weather_workflow_DAG_v04' AIRFLOW_CTX_TASK_ID='is_api_city_ready' AIRFLOW_CTX_EXECUTION_DATE='2024-05-31T04:06:10.739308+00:00' AIRFLOW_CTX_TRY_NUMBER='8' AIRFLOW_CTX_DAG_RUN_ID='manual__2024-05-31T04:06:10.739308+00:00'
[2024-05-31T04:59:25.737+0000] {taskinstance.py:430} INFO - ::endgroup::
[2024-05-31T04:59:25.755+0000] {http.py:137} INFO - Poking: /v1/geo/cities/Q19491
[2024-05-31T04:59:25.769+0000] {base.py:84} INFO - Using connection ID 'city_map_api_connection' for task execution.
[2024-05-31T04:59:26.179+0000] {python.py:237} INFO - Done. Returned value was: None
[2024-05-31T04:59:26.181+0000] {taskinstance.py:441} INFO - ::group::Post task execution logs
[2024-05-31T04:59:26.195+0000] {taskinstance.py:1206} INFO - Marking task as SUCCESS. dag_id=my_weather_workflow_DAG_v04, task_id=is_api_city_ready, run_id=manual__2024-05-31T04:06:10.739308+00:00, execution_date=20240531T040610, start_date=20240531T045925, end_date=20240531T045926
[2024-05-31T04:59:26.253+0000] {local_task_job_runner.py:240} INFO - Task exited with return code 0
[2024-05-31T04:59:26.271+0000] {logging_mixin.py:188} WARNING - /home/***/.local/lib/python3.12/site-packages/***/models/baseoperator.py:1296 AirflowProviderDeprecationWarning: Call to deprecated class PostgresOperator. (Please use `***.providers.common.sql.operators.sql.SQLExecuteQueryOperator`.Also, you can provide `hook_params={'schema': <database>}`.)
[2024-05-31T04:59:26.292+0000] {taskinstance.py:3498} INFO - 1 downstream tasks scheduled from follow-on schedule check
[2024-05-31T04:59:26.295+0000] {local_task_job_runner.py:222} INFO - ::endgroup::
