[2024-05-31T04:06:12.513+0000] {local_task_job_runner.py:120} INFO - ::group::Pre task execution logs
[2024-05-31T04:06:12.538+0000] {taskinstance.py:2076} INFO - Dependencies all met for dep_context=non-requeueable deps ti=<TaskInstance: my_weather_workflow_DAG_v04.is_api_city_ready manual__2024-05-31T04:06:10.739308+00:00 [queued]>
[2024-05-31T04:06:12.549+0000] {taskinstance.py:2076} INFO - Dependencies all met for dep_context=requeueable deps ti=<TaskInstance: my_weather_workflow_DAG_v04.is_api_city_ready manual__2024-05-31T04:06:10.739308+00:00 [queued]>
[2024-05-31T04:06:12.550+0000] {taskinstance.py:2306} INFO - Starting attempt 1 of 6
[2024-05-31T04:06:12.566+0000] {taskinstance.py:2330} INFO - Executing <Task(PythonOperator): is_api_city_ready> on 2024-05-31 04:06:10.739308+00:00
[2024-05-31T04:06:12.575+0000] {standard_task_runner.py:90} INFO - Running: ['***', 'tasks', 'run', 'my_weather_workflow_DAG_v04', 'is_api_city_ready', 'manual__2024-05-31T04:06:10.739308+00:00', '--job-id', '176', '--raw', '--subdir', 'DAGS_FOLDER/weather_dag.py', '--cfg-path', '/tmp/tmp726n7l0_']
[2024-05-31T04:06:12.579+0000] {standard_task_runner.py:91} INFO - Job 176: Subtask is_api_city_ready
[2024-05-31T04:06:12.581+0000] {logging_mixin.py:188} WARNING - /home/***/.local/lib/python3.12/site-packages/***/task/task_runner/standard_task_runner.py:61 DeprecationWarning: This process (pid=1286) is multi-threaded, use of fork() may lead to deadlocks in the child.
[2024-05-31T04:06:12.582+0000] {standard_task_runner.py:63} INFO - Started process 1288 to run task
[2024-05-31T04:06:12.655+0000] {task_command.py:426} INFO - Running <TaskInstance: my_weather_workflow_DAG_v04.is_api_city_ready manual__2024-05-31T04:06:10.739308+00:00 [running]> on host cd9caf1c47f0
[2024-05-31T04:06:12.770+0000] {taskinstance.py:2648} INFO - Exporting env vars: AIRFLOW_CTX_DAG_OWNER='Khang' AIRFLOW_CTX_DAG_ID='my_weather_workflow_DAG_v04' AIRFLOW_CTX_TASK_ID='is_api_city_ready' AIRFLOW_CTX_EXECUTION_DATE='2024-05-31T04:06:10.739308+00:00' AIRFLOW_CTX_TRY_NUMBER='1' AIRFLOW_CTX_DAG_RUN_ID='manual__2024-05-31T04:06:10.739308+00:00'
[2024-05-31T04:06:12.773+0000] {taskinstance.py:430} INFO - ::endgroup::
[2024-05-31T04:06:12.788+0000] {http.py:137} INFO - Poking: /v1/geo/cities/Q25282
[2024-05-31T04:06:12.801+0000] {base.py:84} INFO - Using connection ID 'city_map_api_connection' for task execution.
[2024-05-31T04:06:13.281+0000] {python.py:237} INFO - Done. Returned value was: None
[2024-05-31T04:06:13.282+0000] {taskinstance.py:441} INFO - ::group::Post task execution logs
[2024-05-31T04:06:13.299+0000] {taskinstance.py:1206} INFO - Marking task as SUCCESS. dag_id=my_weather_workflow_DAG_v04, task_id=is_api_city_ready, run_id=manual__2024-05-31T04:06:10.739308+00:00, execution_date=20240531T040610, start_date=20240531T040612, end_date=20240531T040613
[2024-05-31T04:06:13.321+0000] {local_task_job_runner.py:240} INFO - Task exited with return code 0
[2024-05-31T04:06:13.352+0000] {taskinstance.py:3498} INFO - 1 downstream tasks scheduled from follow-on schedule check
[2024-05-31T04:06:13.355+0000] {local_task_job_runner.py:222} INFO - ::endgroup::
