[2024-05-31T04:58:03.017+0000] {local_task_job_runner.py:120} INFO - ::group::Pre task execution logs
[2024-05-31T04:58:03.040+0000] {taskinstance.py:2076} INFO - Dependencies all met for dep_context=non-requeueable deps ti=<TaskInstance: my_weather_workflow_DAG_v04.is_api_city_ready manual__2024-05-31T04:06:10.739308+00:00 [queued]>
[2024-05-31T04:58:03.049+0000] {taskinstance.py:2076} INFO - Dependencies all met for dep_context=requeueable deps ti=<TaskInstance: my_weather_workflow_DAG_v04.is_api_city_ready manual__2024-05-31T04:06:10.739308+00:00 [queued]>
[2024-05-31T04:58:03.050+0000] {taskinstance.py:2306} INFO - Starting attempt 7 of 12
[2024-05-31T04:58:03.065+0000] {taskinstance.py:2330} INFO - Executing <Task(PythonOperator): is_api_city_ready> on 2024-05-31 04:06:10.739308+00:00
[2024-05-31T04:58:03.074+0000] {logging_mixin.py:188} WARNING - /home/***/.local/lib/python3.12/site-packages/***/task/task_runner/standard_task_runner.py:61 DeprecationWarning: This process (pid=2724) is multi-threaded, use of fork() may lead to deadlocks in the child.
[2024-05-31T04:58:03.076+0000] {standard_task_runner.py:63} INFO - Started process 2726 to run task
[2024-05-31T04:58:03.074+0000] {standard_task_runner.py:90} INFO - Running: ['***', 'tasks', 'run', 'my_weather_workflow_DAG_v04', 'is_api_city_ready', 'manual__2024-05-31T04:06:10.739308+00:00', '--job-id', '211', '--raw', '--subdir', 'DAGS_FOLDER/weather_dag.py', '--cfg-path', '/tmp/tmpgz0erkos']
[2024-05-31T04:58:03.078+0000] {standard_task_runner.py:91} INFO - Job 211: Subtask is_api_city_ready
[2024-05-31T04:58:03.141+0000] {task_command.py:426} INFO - Running <TaskInstance: my_weather_workflow_DAG_v04.is_api_city_ready manual__2024-05-31T04:06:10.739308+00:00 [running]> on host cd9caf1c47f0
[2024-05-31T04:58:03.246+0000] {taskinstance.py:2648} INFO - Exporting env vars: AIRFLOW_CTX_DAG_OWNER='Khang' AIRFLOW_CTX_DAG_ID='my_weather_workflow_DAG_v04' AIRFLOW_CTX_TASK_ID='is_api_city_ready' AIRFLOW_CTX_EXECUTION_DATE='2024-05-31T04:06:10.739308+00:00' AIRFLOW_CTX_TRY_NUMBER='7' AIRFLOW_CTX_DAG_RUN_ID='manual__2024-05-31T04:06:10.739308+00:00'
[2024-05-31T04:58:03.247+0000] {taskinstance.py:430} INFO - ::endgroup::
[2024-05-31T04:58:03.263+0000] {http.py:137} INFO - Poking: /v1/geo/cities/Q19491
[2024-05-31T04:58:03.278+0000] {base.py:84} INFO - Using connection ID 'city_map_api_connection' for task execution.
[2024-05-31T04:58:03.735+0000] {python.py:237} INFO - Done. Returned value was: None
[2024-05-31T04:58:03.736+0000] {taskinstance.py:441} INFO - ::group::Post task execution logs
[2024-05-31T04:58:03.750+0000] {taskinstance.py:1206} INFO - Marking task as SUCCESS. dag_id=my_weather_workflow_DAG_v04, task_id=is_api_city_ready, run_id=manual__2024-05-31T04:06:10.739308+00:00, execution_date=20240531T040610, start_date=20240531T045803, end_date=20240531T045803
[2024-05-31T04:58:03.815+0000] {local_task_job_runner.py:240} INFO - Task exited with return code 0
[2024-05-31T04:58:03.842+0000] {logging_mixin.py:188} WARNING - /home/***/.local/lib/python3.12/site-packages/***/models/baseoperator.py:1296 AirflowProviderDeprecationWarning: Call to deprecated class PostgresOperator. (Please use `***.providers.common.sql.operators.sql.SQLExecuteQueryOperator`.Also, you can provide `hook_params={'schema': <database>}`.)
[2024-05-31T04:58:03.871+0000] {taskinstance.py:3498} INFO - 1 downstream tasks scheduled from follow-on schedule check
[2024-05-31T04:58:03.876+0000] {local_task_job_runner.py:222} INFO - ::endgroup::
