[2024-06-01T15:11:51.570+0000] {local_task_job_runner.py:120} INFO - ::group::Pre task execution logs
[2024-06-01T15:11:51.591+0000] {taskinstance.py:2076} INFO - Dependencies all met for dep_context=non-requeueable deps ti=<TaskInstance: my_weather_workflow_DAG_v04.group_tasks.check_data_city_is_exist manual__2024-06-01T14:44:02.662915+00:00 [queued]>
[2024-06-01T15:11:51.600+0000] {taskinstance.py:2076} INFO - Dependencies all met for dep_context=requeueable deps ti=<TaskInstance: my_weather_workflow_DAG_v04.group_tasks.check_data_city_is_exist manual__2024-06-01T14:44:02.662915+00:00 [queued]>
[2024-06-01T15:11:51.601+0000] {taskinstance.py:2306} INFO - Starting attempt 5 of 10
[2024-06-01T15:11:51.615+0000] {taskinstance.py:2330} INFO - Executing <Task(BranchPythonOperator): group_tasks.check_data_city_is_exist> on 2024-06-01 14:44:02.662915+00:00
[2024-06-01T15:11:51.623+0000] {logging_mixin.py:188} WARNING - /home/***/.local/lib/python3.12/site-packages/***/task/task_runner/standard_task_runner.py:61 DeprecationWarning: This process (pid=1270) is multi-threaded, use of fork() may lead to deadlocks in the child.
[2024-06-01T15:11:51.623+0000] {standard_task_runner.py:90} INFO - Running: ['***', 'tasks', 'run', 'my_weather_workflow_DAG_v04', 'group_tasks.check_data_city_is_exist', 'manual__2024-06-01T14:44:02.662915+00:00', '--job-id', '781', '--raw', '--subdir', 'DAGS_FOLDER/tasks_flow.py', '--cfg-path', '/tmp/tmp11l85ekb']
[2024-06-01T15:11:51.625+0000] {standard_task_runner.py:63} INFO - Started process 1278 to run task
[2024-06-01T15:11:51.626+0000] {standard_task_runner.py:91} INFO - Job 781: Subtask group_tasks.check_data_city_is_exist
[2024-06-01T15:11:51.686+0000] {task_command.py:426} INFO - Running <TaskInstance: my_weather_workflow_DAG_v04.group_tasks.check_data_city_is_exist manual__2024-06-01T14:44:02.662915+00:00 [running]> on host cd9caf1c47f0
[2024-06-01T15:11:51.781+0000] {taskinstance.py:2648} INFO - Exporting env vars: AIRFLOW_CTX_DAG_OWNER='Khang' AIRFLOW_CTX_DAG_ID='my_weather_workflow_DAG_v04' AIRFLOW_CTX_TASK_ID='group_tasks.check_data_city_is_exist' AIRFLOW_CTX_EXECUTION_DATE='2024-06-01T14:44:02.662915+00:00' AIRFLOW_CTX_TRY_NUMBER='5' AIRFLOW_CTX_DAG_RUN_ID='manual__2024-06-01T14:44:02.662915+00:00'
[2024-06-01T15:11:51.783+0000] {taskinstance.py:430} INFO - ::endgroup::
[2024-06-01T15:11:51.796+0000] {baseoperator.py:399} WARNING - BranchPythonOperator.execute cannot be called outside TaskInstance!
[2024-06-01T15:11:51.823+0000] {base.py:84} INFO - Using connection ID 'postgres_connection_id' for task execution.
[2024-06-01T15:11:51.832+0000] {sql.py:470} INFO - Running statement: SELECT COUNT(*) FROM cities WHERE wiki_id = 'Q36167';, parameters: None
[2024-06-01T15:11:51.834+0000] {sql.py:479} INFO - Rows affected: 1
[2024-06-01T15:11:51.835+0000] {python.py:237} INFO - Done. Returned value was: group_tasks.skip_insert_data
[2024-06-01T15:11:51.835+0000] {branch.py:36} INFO - Branch into group_tasks.skip_insert_data
[2024-06-01T15:11:51.835+0000] {skipmixin.py:178} INFO - Following branch group_tasks.skip_insert_data
[2024-06-01T15:11:51.860+0000] {skipmixin.py:246} INFO - Skipping tasks [('group_tasks.load_csv_city_to_postgres', -1)]
[2024-06-01T15:11:51.891+0000] {taskinstance.py:441} INFO - ::group::Post task execution logs
[2024-06-01T15:11:51.929+0000] {taskinstance.py:1206} INFO - Marking task as SUCCESS. dag_id=my_weather_workflow_DAG_v04, task_id=group_tasks.check_data_city_is_exist, run_id=manual__2024-06-01T14:44:02.662915+00:00, execution_date=20240601T144402, start_date=20240601T151151, end_date=20240601T151151
[2024-06-01T15:11:51.961+0000] {local_task_job_runner.py:240} INFO - Task exited with return code 0
[2024-06-01T15:11:51.983+0000] {logging_mixin.py:188} WARNING - /home/***/.local/lib/python3.12/site-packages/***/models/baseoperator.py:1296 AirflowProviderDeprecationWarning: Call to deprecated class PostgresOperator. (Please use `***.providers.common.sql.operators.sql.SQLExecuteQueryOperator`.Also, you can provide `hook_params={'schema': <database>}`.)
[2024-06-01T15:11:52.007+0000] {taskinstance.py:3498} INFO - 0 downstream tasks scheduled from follow-on schedule check
[2024-06-01T15:11:52.013+0000] {local_task_job_runner.py:222} INFO - ::endgroup::
