[2024-06-01T15:29:04.375+0000] {local_task_job_runner.py:120} INFO - ::group::Pre task execution logs
[2024-06-01T15:29:04.406+0000] {taskinstance.py:2076} INFO - Dependencies all met for dep_context=non-requeueable deps ti=<TaskInstance: my_weather_workflow_DAG_v04.group_tasks.check_data_city_is_exist manual__2024-06-01T14:44:02.662915+00:00 [queued]>
[2024-06-01T15:29:04.422+0000] {taskinstance.py:2076} INFO - Dependencies all met for dep_context=requeueable deps ti=<TaskInstance: my_weather_workflow_DAG_v04.group_tasks.check_data_city_is_exist manual__2024-06-01T14:44:02.662915+00:00 [queued]>
[2024-06-01T15:29:04.424+0000] {taskinstance.py:2306} INFO - Starting attempt 8 of 13
[2024-06-01T15:29:04.446+0000] {taskinstance.py:2330} INFO - Executing <Task(BranchPythonOperator): group_tasks.check_data_city_is_exist> on 2024-06-01 14:44:02.662915+00:00
[2024-06-01T15:29:04.458+0000] {logging_mixin.py:188} WARNING - /home/***/.local/lib/python3.12/site-packages/***/task/task_runner/standard_task_runner.py:61 DeprecationWarning: This process (pid=1783) is multi-threaded, use of fork() may lead to deadlocks in the child.
[2024-06-01T15:29:04.460+0000] {standard_task_runner.py:63} INFO - Started process 1785 to run task
[2024-06-01T15:29:04.458+0000] {standard_task_runner.py:90} INFO - Running: ['***', 'tasks', 'run', 'my_weather_workflow_DAG_v04', 'group_tasks.check_data_city_is_exist', 'manual__2024-06-01T14:44:02.662915+00:00', '--job-id', '800', '--raw', '--subdir', 'DAGS_FOLDER/tasks_flow.py', '--cfg-path', '/tmp/tmpy02p8vpc']
[2024-06-01T15:29:04.463+0000] {standard_task_runner.py:91} INFO - Job 800: Subtask group_tasks.check_data_city_is_exist
[2024-06-01T15:29:04.545+0000] {task_command.py:426} INFO - Running <TaskInstance: my_weather_workflow_DAG_v04.group_tasks.check_data_city_is_exist manual__2024-06-01T14:44:02.662915+00:00 [running]> on host cd9caf1c47f0
[2024-06-01T15:29:04.659+0000] {taskinstance.py:2648} INFO - Exporting env vars: AIRFLOW_CTX_DAG_OWNER='Khang' AIRFLOW_CTX_DAG_ID='my_weather_workflow_DAG_v04' AIRFLOW_CTX_TASK_ID='group_tasks.check_data_city_is_exist' AIRFLOW_CTX_EXECUTION_DATE='2024-06-01T14:44:02.662915+00:00' AIRFLOW_CTX_TRY_NUMBER='8' AIRFLOW_CTX_DAG_RUN_ID='manual__2024-06-01T14:44:02.662915+00:00'
[2024-06-01T15:29:04.660+0000] {taskinstance.py:430} INFO - ::endgroup::
[2024-06-01T15:29:04.674+0000] {baseoperator.py:399} WARNING - BranchPythonOperator.execute cannot be called outside TaskInstance!
[2024-06-01T15:29:04.705+0000] {base.py:84} INFO - Using connection ID 'postgres_connection_id' for task execution.
[2024-06-01T15:29:04.714+0000] {sql.py:470} INFO - Running statement: SELECT COUNT(*) FROM cities WHERE wiki_id = 'Q1854';, parameters: None
[2024-06-01T15:29:04.718+0000] {sql.py:479} INFO - Rows affected: 1
[2024-06-01T15:29:04.720+0000] {python.py:237} INFO - Done. Returned value was: group_tasks.load_csv_city_to_postgres
[2024-06-01T15:29:04.721+0000] {branch.py:36} INFO - Branch into group_tasks.load_csv_city_to_postgres
[2024-06-01T15:29:04.722+0000] {skipmixin.py:178} INFO - Following branch group_tasks.load_csv_city_to_postgres
[2024-06-01T15:29:04.776+0000] {skipmixin.py:246} INFO - Skipping tasks [('group_tasks.skip_all_tasks_flow', -1)]
[2024-06-01T15:29:04.842+0000] {taskinstance.py:441} INFO - ::group::Post task execution logs
[2024-06-01T15:29:04.895+0000] {taskinstance.py:1206} INFO - Marking task as SUCCESS. dag_id=my_weather_workflow_DAG_v04, task_id=group_tasks.check_data_city_is_exist, run_id=manual__2024-06-01T14:44:02.662915+00:00, execution_date=20240601T144402, start_date=20240601T152904, end_date=20240601T152904
[2024-06-01T15:29:04.959+0000] {local_task_job_runner.py:240} INFO - Task exited with return code 0
[2024-06-01T15:29:05.002+0000] {logging_mixin.py:188} WARNING - /home/***/.local/lib/python3.12/site-packages/***/models/baseoperator.py:1296 AirflowProviderDeprecationWarning: Call to deprecated class PostgresOperator. (Please use `***.providers.common.sql.operators.sql.SQLExecuteQueryOperator`.Also, you can provide `hook_params={'schema': <database>}`.)
[2024-06-01T15:29:05.040+0000] {taskinstance.py:3498} INFO - 1 downstream tasks scheduled from follow-on schedule check
[2024-06-01T15:29:05.046+0000] {local_task_job_runner.py:222} INFO - ::endgroup::
