[2024-06-03T11:09:16.906+0000] {local_task_job_runner.py:120} INFO - ::group::Pre task execution logs
[2024-06-03T11:09:16.931+0000] {taskinstance.py:2076} INFO - Dependencies all met for dep_context=non-requeueable deps ti=<TaskInstance: city_data_workflow_DAG_final.group_tasks.extract_weather_data_from_api manual__2024-06-03T11:05:27.638846+00:00 [queued]>
[2024-06-03T11:09:16.943+0000] {taskinstance.py:2076} INFO - Dependencies all met for dep_context=requeueable deps ti=<TaskInstance: city_data_workflow_DAG_final.group_tasks.extract_weather_data_from_api manual__2024-06-03T11:05:27.638846+00:00 [queued]>
[2024-06-03T11:09:16.944+0000] {taskinstance.py:2306} INFO - Starting attempt 3 of 8
[2024-06-03T11:09:16.965+0000] {taskinstance.py:2330} INFO - Executing <Task(PythonOperator): group_tasks.extract_weather_data_from_api> on 2024-06-03 11:05:27.638846+00:00
[2024-06-03T11:09:16.976+0000] {logging_mixin.py:188} WARNING - /home/***/.local/lib/python3.12/site-packages/***/task/task_runner/standard_task_runner.py:61 DeprecationWarning: This process (pid=1009) is multi-threaded, use of fork() may lead to deadlocks in the child.
[2024-06-03T11:09:16.975+0000] {standard_task_runner.py:90} INFO - Running: ['***', 'tasks', 'run', 'city_data_workflow_DAG_final', 'group_tasks.extract_weather_data_from_api', 'manual__2024-06-03T11:05:27.638846+00:00', '--job-id', '1052', '--raw', '--subdir', 'DAGS_FOLDER/tasks_flow.py', '--cfg-path', '/tmp/tmpe8td33x8']
[2024-06-03T11:09:16.978+0000] {standard_task_runner.py:63} INFO - Started process 1014 to run task
[2024-06-03T11:09:16.979+0000] {standard_task_runner.py:91} INFO - Job 1052: Subtask group_tasks.extract_weather_data_from_api
[2024-06-03T11:09:17.052+0000] {task_command.py:426} INFO - Running <TaskInstance: city_data_workflow_DAG_final.group_tasks.extract_weather_data_from_api manual__2024-06-03T11:05:27.638846+00:00 [running]> on host cd9caf1c47f0
[2024-06-03T11:09:17.203+0000] {taskinstance.py:2648} INFO - Exporting env vars: AIRFLOW_CTX_DAG_OWNER='Khang' AIRFLOW_CTX_DAG_ID='city_data_workflow_DAG_final' AIRFLOW_CTX_TASK_ID='group_tasks.extract_weather_data_from_api' AIRFLOW_CTX_EXECUTION_DATE='2024-06-03T11:05:27.638846+00:00' AIRFLOW_CTX_TRY_NUMBER='3' AIRFLOW_CTX_DAG_RUN_ID='manual__2024-06-03T11:05:27.638846+00:00'
[2024-06-03T11:09:17.204+0000] {taskinstance.py:430} INFO - ::endgroup::
[2024-06-03T11:09:17.218+0000] {baseoperator.py:399} WARNING - SimpleHttpOperator.execute cannot be called outside TaskInstance!
[2024-06-03T11:09:17.219+0000] {http.py:169} INFO - Calling HTTP method
[2024-06-03T11:09:17.233+0000] {base.py:84} INFO - Using connection ID 'weather_map_api_connection' for task execution.
[2024-06-03T11:09:17.245+0000] {base.py:84} INFO - Using connection ID 'weather_map_api_connection' for task execution.
[2024-06-03T11:09:17.464+0000] {http.py:208} INFO - {"coord":{"lon":108.0833,"lat":16.0833},"weather":[{"id":801,"main":"Clouds","description":"few clouds","icon":"02d"}],"base":"stations","main":{"temp":306.1,"feels_like":311.84,"temp_min":306.1,"temp_max":306.1,"pressure":1005,"humidity":58},"visibility":10000,"wind":{"speed":3.09,"deg":110},"clouds":{"all":20},"dt":1717412734,"sys":{"type":1,"id":9306,"country":"VN","sunrise":1717366501,"sunset":1717413418},"timezone":25200,"id":1905468,"name":"Thanh Pho GJa Nang","cod":200}
[2024-06-03T11:09:17.502+0000] {python.py:237} INFO - Done. Returned value was: None
[2024-06-03T11:09:17.503+0000] {taskinstance.py:441} INFO - ::group::Post task execution logs
[2024-06-03T11:09:17.517+0000] {taskinstance.py:1206} INFO - Marking task as SUCCESS. dag_id=city_data_workflow_DAG_final, task_id=group_tasks.extract_weather_data_from_api, run_id=manual__2024-06-03T11:05:27.638846+00:00, execution_date=20240603T110527, start_date=20240603T110916, end_date=20240603T110917
[2024-06-03T11:09:17.555+0000] {local_task_job_runner.py:240} INFO - Task exited with return code 0
[2024-06-03T11:09:17.570+0000] {logging_mixin.py:188} WARNING - /home/***/.local/lib/python3.12/site-packages/***/models/baseoperator.py:1296 AirflowProviderDeprecationWarning: Call to deprecated class PostgresOperator. (Please use `***.providers.common.sql.operators.sql.SQLExecuteQueryOperator`.Also, you can provide `hook_params={'schema': <database>}`.)
[2024-06-03T11:09:17.594+0000] {taskinstance.py:3498} INFO - 1 downstream tasks scheduled from follow-on schedule check
[2024-06-03T11:09:17.597+0000] {local_task_job_runner.py:222} INFO - ::endgroup::
