[2024-06-03T11:35:09.820+0000] {local_task_job_runner.py:120} INFO - ::group::Pre task execution logs
[2024-06-03T11:35:09.850+0000] {taskinstance.py:2076} INFO - Dependencies all met for dep_context=non-requeueable deps ti=<TaskInstance: city_data_workflow_DAG_final.group_tasks.extract_weather_data_from_api manual__2024-06-03T11:05:27.638846+00:00 [queued]>
[2024-06-03T11:35:09.862+0000] {taskinstance.py:2076} INFO - Dependencies all met for dep_context=requeueable deps ti=<TaskInstance: city_data_workflow_DAG_final.group_tasks.extract_weather_data_from_api manual__2024-06-03T11:05:27.638846+00:00 [queued]>
[2024-06-03T11:35:09.862+0000] {taskinstance.py:2306} INFO - Starting attempt 6 of 11
[2024-06-03T11:35:09.879+0000] {taskinstance.py:2330} INFO - Executing <Task(PythonOperator): group_tasks.extract_weather_data_from_api> on 2024-06-03 11:05:27.638846+00:00
[2024-06-03T11:35:09.886+0000] {logging_mixin.py:188} WARNING - /home/***/.local/lib/python3.12/site-packages/***/task/task_runner/standard_task_runner.py:61 DeprecationWarning: This process (pid=1770) is multi-threaded, use of fork() may lead to deadlocks in the child.
[2024-06-03T11:35:09.888+0000] {standard_task_runner.py:63} INFO - Started process 1774 to run task
[2024-06-03T11:35:09.887+0000] {standard_task_runner.py:90} INFO - Running: ['***', 'tasks', 'run', 'city_data_workflow_DAG_final', 'group_tasks.extract_weather_data_from_api', 'manual__2024-06-03T11:05:27.638846+00:00', '--job-id', '1093', '--raw', '--subdir', 'DAGS_FOLDER/tasks_flow.py', '--cfg-path', '/tmp/tmp6glc9jzz']
[2024-06-03T11:35:09.889+0000] {standard_task_runner.py:91} INFO - Job 1093: Subtask group_tasks.extract_weather_data_from_api
[2024-06-03T11:35:09.960+0000] {task_command.py:426} INFO - Running <TaskInstance: city_data_workflow_DAG_final.group_tasks.extract_weather_data_from_api manual__2024-06-03T11:05:27.638846+00:00 [running]> on host cd9caf1c47f0
[2024-06-03T11:35:10.103+0000] {taskinstance.py:2648} INFO - Exporting env vars: AIRFLOW_CTX_DAG_OWNER='Khang' AIRFLOW_CTX_DAG_ID='city_data_workflow_DAG_final' AIRFLOW_CTX_TASK_ID='group_tasks.extract_weather_data_from_api' AIRFLOW_CTX_EXECUTION_DATE='2024-06-03T11:05:27.638846+00:00' AIRFLOW_CTX_TRY_NUMBER='6' AIRFLOW_CTX_DAG_RUN_ID='manual__2024-06-03T11:05:27.638846+00:00'
[2024-06-03T11:35:10.105+0000] {taskinstance.py:430} INFO - ::endgroup::
[2024-06-03T11:35:10.118+0000] {baseoperator.py:399} WARNING - SimpleHttpOperator.execute cannot be called outside TaskInstance!
[2024-06-03T11:35:10.119+0000] {http.py:169} INFO - Calling HTTP method
[2024-06-03T11:35:10.134+0000] {base.py:84} INFO - Using connection ID 'weather_map_api_connection' for task execution.
[2024-06-03T11:35:10.147+0000] {base.py:84} INFO - Using connection ID 'weather_map_api_connection' for task execution.
[2024-06-03T11:35:10.340+0000] {http.py:208} INFO - {"coord":{"lon":106.6297,"lat":10.823},"weather":[{"id":500,"main":"Rain","description":"light rain","icon":"10n"}],"base":"stations","main":{"temp":307.16,"feels_like":312.26,"temp_min":307.09,"temp_max":307.16,"pressure":1007,"humidity":52},"visibility":10000,"wind":{"speed":3.13,"deg":327,"gust":4.02},"rain":{"1h":0.24},"clouds":{"all":0},"dt":1717414507,"sys":{"type":1,"id":9314,"country":"VN","sunrise":1717367407,"sunset":1717413209},"timezone":25200,"id":1565593,"name":"Thong Tay Hoi","cod":200}
[2024-06-03T11:35:10.358+0000] {python.py:237} INFO - Done. Returned value was: None
[2024-06-03T11:35:10.359+0000] {taskinstance.py:441} INFO - ::group::Post task execution logs
[2024-06-03T11:35:10.372+0000] {taskinstance.py:1206} INFO - Marking task as SUCCESS. dag_id=city_data_workflow_DAG_final, task_id=group_tasks.extract_weather_data_from_api, run_id=manual__2024-06-03T11:05:27.638846+00:00, execution_date=20240603T110527, start_date=20240603T113509, end_date=20240603T113510
[2024-06-03T11:35:10.424+0000] {local_task_job_runner.py:240} INFO - Task exited with return code 0
[2024-06-03T11:35:10.439+0000] {logging_mixin.py:188} WARNING - /home/***/.local/lib/python3.12/site-packages/***/models/baseoperator.py:1296 AirflowProviderDeprecationWarning: Call to deprecated class PostgresOperator. (Please use `***.providers.common.sql.operators.sql.SQLExecuteQueryOperator`.Also, you can provide `hook_params={'schema': <database>}`.)
[2024-06-03T11:35:10.459+0000] {taskinstance.py:3498} INFO - 1 downstream tasks scheduled from follow-on schedule check
[2024-06-03T11:35:10.462+0000] {local_task_job_runner.py:222} INFO - ::endgroup::
