[2024-06-01T08:30:11.836+0000] {local_task_job_runner.py:120} INFO - ::group::Pre task execution logs
[2024-06-01T08:30:11.878+0000] {taskinstance.py:2076} INFO - Dependencies all met for dep_context=non-requeueable deps ti=<TaskInstance: my_weather_workflow_DAG_v04.group_tasks.extract_weather_data_from_api manual__2024-06-01T08:27:41.010622+00:00 [queued]>
[2024-06-01T08:30:11.897+0000] {taskinstance.py:2076} INFO - Dependencies all met for dep_context=requeueable deps ti=<TaskInstance: my_weather_workflow_DAG_v04.group_tasks.extract_weather_data_from_api manual__2024-06-01T08:27:41.010622+00:00 [queued]>
[2024-06-01T08:30:11.898+0000] {taskinstance.py:2306} INFO - Starting attempt 2 of 7
[2024-06-01T08:30:11.918+0000] {taskinstance.py:2330} INFO - Executing <Task(PythonOperator): group_tasks.extract_weather_data_from_api> on 2024-06-01 08:27:41.010622+00:00
[2024-06-01T08:30:11.930+0000] {logging_mixin.py:188} WARNING - /home/***/.local/lib/python3.12/site-packages/***/task/task_runner/standard_task_runner.py:61 DeprecationWarning: This process (pid=9420) is multi-threaded, use of fork() may lead to deadlocks in the child.
[2024-06-01T08:30:11.929+0000] {standard_task_runner.py:90} INFO - Running: ['***', 'tasks', 'run', 'my_weather_workflow_DAG_v04', 'group_tasks.extract_weather_data_from_api', 'manual__2024-06-01T08:27:41.010622+00:00', '--job-id', '683', '--raw', '--subdir', 'DAGS_FOLDER/tasks_flow.py', '--cfg-path', '/tmp/tmp3uuka2an']
[2024-06-01T08:30:11.933+0000] {standard_task_runner.py:63} INFO - Started process 9425 to run task
[2024-06-01T08:30:11.933+0000] {standard_task_runner.py:91} INFO - Job 683: Subtask group_tasks.extract_weather_data_from_api
[2024-06-01T08:30:12.033+0000] {task_command.py:426} INFO - Running <TaskInstance: my_weather_workflow_DAG_v04.group_tasks.extract_weather_data_from_api manual__2024-06-01T08:27:41.010622+00:00 [running]> on host cd9caf1c47f0
[2024-06-01T08:30:12.222+0000] {taskinstance.py:2648} INFO - Exporting env vars: AIRFLOW_CTX_DAG_OWNER='Khang' AIRFLOW_CTX_DAG_ID='my_weather_workflow_DAG_v04' AIRFLOW_CTX_TASK_ID='group_tasks.extract_weather_data_from_api' AIRFLOW_CTX_EXECUTION_DATE='2024-06-01T08:27:41.010622+00:00' AIRFLOW_CTX_TRY_NUMBER='2' AIRFLOW_CTX_DAG_RUN_ID='manual__2024-06-01T08:27:41.010622+00:00'
[2024-06-01T08:30:12.225+0000] {taskinstance.py:430} INFO - ::endgroup::
[2024-06-01T08:30:12.251+0000] {baseoperator.py:399} WARNING - SimpleHttpOperator.execute cannot be called outside TaskInstance!
[2024-06-01T08:30:12.251+0000] {http.py:169} INFO - Calling HTTP method
[2024-06-01T08:30:12.269+0000] {base.py:84} INFO - Using connection ID 'weather_map_api_connection' for task execution.
[2024-06-01T08:30:12.286+0000] {base.py:84} INFO - Using connection ID 'weather_map_api_connection' for task execution.
[2024-06-01T08:30:13.060+0000] {http.py:208} INFO - {"coord":{"lon":107.5764,"lat":16.4561},"weather":[{"id":802,"main":"Clouds","description":"scattered clouds","icon":"03d"}],"base":"stations","main":{"temp":303.2,"feels_like":310.2,"temp_min":303.2,"temp_max":303.2,"pressure":1007,"humidity":84},"visibility":10000,"wind":{"speed":2.57,"deg":60},"clouds":{"all":40},"dt":1717230370,"sys":{"type":1,"id":9310,"country":"VN","sunrise":1717193785,"sunset":1717240740},"timezone":25200,"id":1580240,"name":"Hue","cod":200}
[2024-06-01T08:30:13.083+0000] {python.py:237} INFO - Done. Returned value was: None
[2024-06-01T08:30:13.084+0000] {taskinstance.py:441} INFO - ::group::Post task execution logs
[2024-06-01T08:30:13.099+0000] {taskinstance.py:1206} INFO - Marking task as SUCCESS. dag_id=my_weather_workflow_DAG_v04, task_id=group_tasks.extract_weather_data_from_api, run_id=manual__2024-06-01T08:27:41.010622+00:00, execution_date=20240601T082741, start_date=20240601T083011, end_date=20240601T083013
[2024-06-01T08:30:13.153+0000] {local_task_job_runner.py:240} INFO - Task exited with return code 0
[2024-06-01T08:30:13.171+0000] {logging_mixin.py:188} WARNING - /home/***/.local/lib/python3.12/site-packages/***/models/baseoperator.py:1296 AirflowProviderDeprecationWarning: Call to deprecated class PostgresOperator. (Please use `***.providers.common.sql.operators.sql.SQLExecuteQueryOperator`.Also, you can provide `hook_params={'schema': <database>}`.)
[2024-06-01T08:30:13.193+0000] {taskinstance.py:3498} INFO - 1 downstream tasks scheduled from follow-on schedule check
[2024-06-01T08:30:13.197+0000] {local_task_job_runner.py:222} INFO - ::endgroup::
