[2024-06-01T08:50:29.627+0000] {local_task_job_runner.py:120} INFO - ::group::Pre task execution logs
[2024-06-01T08:50:29.653+0000] {taskinstance.py:2076} INFO - Dependencies all met for dep_context=non-requeueable deps ti=<TaskInstance: my_weather_workflow_DAG_v04.group_tasks.extract_weather_data_from_api manual__2024-06-01T08:27:41.010622+00:00 [queued]>
[2024-06-01T08:50:29.665+0000] {taskinstance.py:2076} INFO - Dependencies all met for dep_context=requeueable deps ti=<TaskInstance: my_weather_workflow_DAG_v04.group_tasks.extract_weather_data_from_api manual__2024-06-01T08:27:41.010622+00:00 [queued]>
[2024-06-01T08:50:29.666+0000] {taskinstance.py:2306} INFO - Starting attempt 3 of 8
[2024-06-01T08:50:29.682+0000] {taskinstance.py:2330} INFO - Executing <Task(PythonOperator): group_tasks.extract_weather_data_from_api> on 2024-06-01 08:27:41.010622+00:00
[2024-06-01T08:50:29.691+0000] {logging_mixin.py:188} WARNING - /home/***/.local/lib/python3.12/site-packages/***/task/task_runner/standard_task_runner.py:61 DeprecationWarning: This process (pid=9967) is multi-threaded, use of fork() may lead to deadlocks in the child.
[2024-06-01T08:50:29.694+0000] {standard_task_runner.py:63} INFO - Started process 9971 to run task
[2024-06-01T08:50:29.691+0000] {standard_task_runner.py:90} INFO - Running: ['***', 'tasks', 'run', 'my_weather_workflow_DAG_v04', 'group_tasks.extract_weather_data_from_api', 'manual__2024-06-01T08:27:41.010622+00:00', '--job-id', '698', '--raw', '--subdir', 'DAGS_FOLDER/tasks_flow.py', '--cfg-path', '/tmp/tmpw8a4wk38']
[2024-06-01T08:50:29.695+0000] {standard_task_runner.py:91} INFO - Job 698: Subtask group_tasks.extract_weather_data_from_api
[2024-06-01T08:50:29.763+0000] {task_command.py:426} INFO - Running <TaskInstance: my_weather_workflow_DAG_v04.group_tasks.extract_weather_data_from_api manual__2024-06-01T08:27:41.010622+00:00 [running]> on host cd9caf1c47f0
[2024-06-01T08:50:29.927+0000] {taskinstance.py:2648} INFO - Exporting env vars: AIRFLOW_CTX_DAG_OWNER='Khang' AIRFLOW_CTX_DAG_ID='my_weather_workflow_DAG_v04' AIRFLOW_CTX_TASK_ID='group_tasks.extract_weather_data_from_api' AIRFLOW_CTX_EXECUTION_DATE='2024-06-01T08:27:41.010622+00:00' AIRFLOW_CTX_TRY_NUMBER='3' AIRFLOW_CTX_DAG_RUN_ID='manual__2024-06-01T08:27:41.010622+00:00'
[2024-06-01T08:50:29.929+0000] {taskinstance.py:430} INFO - ::endgroup::
[2024-06-01T08:50:29.947+0000] {baseoperator.py:399} WARNING - SimpleHttpOperator.execute cannot be called outside TaskInstance!
[2024-06-01T08:50:29.948+0000] {http.py:169} INFO - Calling HTTP method
[2024-06-01T08:50:29.967+0000] {base.py:84} INFO - Using connection ID 'weather_map_api_connection' for task execution.
[2024-06-01T08:50:29.980+0000] {base.py:84} INFO - Using connection ID 'weather_map_api_connection' for task execution.
[2024-06-01T08:50:30.897+0000] {http.py:208} INFO - {"coord":{"lon":107.5764,"lat":16.4561},"weather":[{"id":802,"main":"Clouds","description":"scattered clouds","icon":"03d"}],"base":"stations","main":{"temp":303.2,"feels_like":310.2,"temp_min":303.2,"temp_max":303.2,"pressure":1007,"humidity":84},"visibility":10000,"wind":{"speed":1.54,"deg":110},"clouds":{"all":40},"dt":1717231828,"sys":{"type":1,"id":9310,"country":"VN","sunrise":1717193785,"sunset":1717240740},"timezone":25200,"id":1580240,"name":"Hue","cod":200}
[2024-06-01T08:50:30.916+0000] {python.py:237} INFO - Done. Returned value was: None
[2024-06-01T08:50:30.917+0000] {taskinstance.py:441} INFO - ::group::Post task execution logs
[2024-06-01T08:50:30.931+0000] {taskinstance.py:1206} INFO - Marking task as SUCCESS. dag_id=my_weather_workflow_DAG_v04, task_id=group_tasks.extract_weather_data_from_api, run_id=manual__2024-06-01T08:27:41.010622+00:00, execution_date=20240601T082741, start_date=20240601T085029, end_date=20240601T085030
[2024-06-01T08:50:30.955+0000] {local_task_job_runner.py:240} INFO - Task exited with return code 0
[2024-06-01T08:50:30.973+0000] {logging_mixin.py:188} WARNING - /home/***/.local/lib/python3.12/site-packages/***/models/baseoperator.py:1296 AirflowProviderDeprecationWarning: Call to deprecated class PostgresOperator. (Please use `***.providers.common.sql.operators.sql.SQLExecuteQueryOperator`.Also, you can provide `hook_params={'schema': <database>}`.)
[2024-06-01T08:50:30.993+0000] {taskinstance.py:3498} INFO - 1 downstream tasks scheduled from follow-on schedule check
[2024-06-01T08:50:30.997+0000] {local_task_job_runner.py:222} INFO - ::endgroup::
