[2024-05-24T10:34:10.529+0000] {local_task_job_runner.py:120} INFO - ::group::Pre task execution logs
[2024-05-24T10:34:10.559+0000] {taskinstance.py:2076} INFO - Dependencies all met for dep_context=non-requeueable deps ti=<TaskInstance: my_weather_workflow_DAG_v03.is_weather_api_ready_task manual__2024-05-24T10:34:09.390292+00:00 [queued]>
[2024-05-24T10:34:10.571+0000] {taskinstance.py:2076} INFO - Dependencies all met for dep_context=requeueable deps ti=<TaskInstance: my_weather_workflow_DAG_v03.is_weather_api_ready_task manual__2024-05-24T10:34:09.390292+00:00 [queued]>
[2024-05-24T10:34:10.572+0000] {taskinstance.py:2306} INFO - Starting attempt 1 of 6
[2024-05-24T10:34:10.592+0000] {taskinstance.py:2330} INFO - Executing <Task(HttpSensor): is_weather_api_ready_task> on 2024-05-24 10:34:09.390292+00:00
[2024-05-24T10:34:10.602+0000] {standard_task_runner.py:90} INFO - Running: ['***', 'tasks', 'run', 'my_weather_workflow_DAG_v03', 'is_weather_api_ready_task', 'manual__2024-05-24T10:34:09.390292+00:00', '--job-id', '31', '--raw', '--subdir', 'DAGS_FOLDER/weather_dag.py', '--cfg-path', '/tmp/tmpi0px9djg']
[2024-05-24T10:34:10.607+0000] {standard_task_runner.py:91} INFO - Job 31: Subtask is_weather_api_ready_task
[2024-05-24T10:34:10.609+0000] {logging_mixin.py:188} WARNING - /home/***/.local/lib/python3.12/site-packages/***/task/task_runner/standard_task_runner.py:61 DeprecationWarning: This process (pid=991) is multi-threaded, use of fork() may lead to deadlocks in the child.
[2024-05-24T10:34:10.610+0000] {standard_task_runner.py:63} INFO - Started process 996 to run task
[2024-05-24T10:34:10.707+0000] {task_command.py:426} INFO - Running <TaskInstance: my_weather_workflow_DAG_v03.is_weather_api_ready_task manual__2024-05-24T10:34:09.390292+00:00 [running]> on host 6ab40057742d
[2024-05-24T10:34:11.137+0000] {taskinstance.py:2648} INFO - Exporting env vars: AIRFLOW_CTX_DAG_OWNER='Khang' AIRFLOW_CTX_DAG_ID='my_weather_workflow_DAG_v03' AIRFLOW_CTX_TASK_ID='is_weather_api_ready_task' AIRFLOW_CTX_EXECUTION_DATE='2024-05-24T10:34:09.390292+00:00' AIRFLOW_CTX_TRY_NUMBER='1' AIRFLOW_CTX_DAG_RUN_ID='manual__2024-05-24T10:34:09.390292+00:00'
[2024-05-24T10:34:11.138+0000] {taskinstance.py:430} INFO - ::endgroup::
[2024-05-24T10:34:11.157+0000] {baseoperator.py:399} WARNING - HttpSensor.execute cannot be called outside TaskInstance!
[2024-05-24T10:34:11.158+0000] {http.py:137} INFO - Poking: /data/2.5/weather?lat=10.762622&lon=106.660172&appid=9881854b04470f3cd966ec1ffdf5ff08
[2024-05-24T10:34:11.175+0000] {base.py:84} INFO - Using connection ID 'weather_map_api_connection' for task execution.
[2024-05-24T10:34:11.649+0000] {base.py:294} INFO - Success criteria met. Exiting.
[2024-05-24T10:34:11.649+0000] {taskinstance.py:441} INFO - ::group::Post task execution logs
[2024-05-24T10:34:11.663+0000] {taskinstance.py:1206} INFO - Marking task as SUCCESS. dag_id=my_weather_workflow_DAG_v03, task_id=is_weather_api_ready_task, run_id=manual__2024-05-24T10:34:09.390292+00:00, execution_date=20240524T103409, start_date=20240524T103410, end_date=20240524T103411
[2024-05-24T10:34:11.709+0000] {local_task_job_runner.py:240} INFO - Task exited with return code 0
[2024-05-24T10:34:11.725+0000] {logging_mixin.py:188} WARNING - /home/***/.local/lib/python3.12/site-packages/***/models/baseoperator.py:1296 AirflowProviderDeprecationWarning: Call to deprecated class SimpleHttpOperator. (Class `SimpleHttpOperator` is deprecated and will be removed in a future release. Please use `HttpOperator` instead.)
[2024-05-24T10:34:11.747+0000] {taskinstance.py:3498} INFO - 1 downstream tasks scheduled from follow-on schedule check
[2024-05-24T10:34:11.750+0000] {local_task_job_runner.py:222} INFO - ::endgroup::
