[2024-05-30T02:47:21.621+0000] {local_task_job_runner.py:120} INFO - ::group::Pre task execution logs
[2024-05-30T02:47:21.650+0000] {taskinstance.py:2076} INFO - Dependencies all met for dep_context=non-requeueable deps ti=<TaskInstance: my_weather_workflow_DAG_v04.is_city_api_ready scheduled__2024-05-29T00:00:00+00:00 [queued]>
[2024-05-30T02:47:21.663+0000] {taskinstance.py:2076} INFO - Dependencies all met for dep_context=requeueable deps ti=<TaskInstance: my_weather_workflow_DAG_v04.is_city_api_ready scheduled__2024-05-29T00:00:00+00:00 [queued]>
[2024-05-30T02:47:21.664+0000] {taskinstance.py:2306} INFO - Starting attempt 1 of 6
[2024-05-30T02:47:21.683+0000] {taskinstance.py:2330} INFO - Executing <Task(HttpSensor): is_city_api_ready> on 2024-05-29 00:00:00+00:00
[2024-05-30T02:47:21.693+0000] {standard_task_runner.py:90} INFO - Running: ['***', 'tasks', 'run', 'my_weather_workflow_DAG_v04', 'is_city_api_ready', 'scheduled__2024-05-29T00:00:00+00:00', '--job-id', '48', '--raw', '--subdir', 'DAGS_FOLDER/weather_dag.py', '--cfg-path', '/tmp/tmpu768bm0y']
[2024-05-30T02:47:21.697+0000] {standard_task_runner.py:91} INFO - Job 48: Subtask is_city_api_ready
[2024-05-30T02:47:21.698+0000] {logging_mixin.py:188} WARNING - /home/***/.local/lib/python3.12/site-packages/***/task/task_runner/standard_task_runner.py:61 DeprecationWarning: This process (pid=170) is multi-threaded, use of fork() may lead to deadlocks in the child.
[2024-05-30T02:47:21.699+0000] {standard_task_runner.py:63} INFO - Started process 178 to run task
[2024-05-30T02:47:21.772+0000] {task_command.py:426} INFO - Running <TaskInstance: my_weather_workflow_DAG_v04.is_city_api_ready scheduled__2024-05-29T00:00:00+00:00 [running]> on host cd9caf1c47f0
[2024-05-30T02:47:21.901+0000] {taskinstance.py:2648} INFO - Exporting env vars: AIRFLOW_CTX_DAG_OWNER='Khang' AIRFLOW_CTX_DAG_ID='my_weather_workflow_DAG_v04' AIRFLOW_CTX_TASK_ID='is_city_api_ready' AIRFLOW_CTX_EXECUTION_DATE='2024-05-29T00:00:00+00:00' AIRFLOW_CTX_TRY_NUMBER='1' AIRFLOW_CTX_DAG_RUN_ID='scheduled__2024-05-29T00:00:00+00:00'
[2024-05-30T02:47:21.903+0000] {taskinstance.py:430} INFO - ::endgroup::
[2024-05-30T02:47:21.923+0000] {baseoperator.py:399} WARNING - HttpSensor.execute cannot be called outside TaskInstance!
[2024-05-30T02:47:21.924+0000] {http.py:137} INFO - Poking: /v1/geo/cities/Q1854
[2024-05-30T02:47:21.940+0000] {base.py:84} INFO - Using connection ID 'city_map_api_connection' for task execution.
[2024-05-30T02:47:22.415+0000] {base.py:294} INFO - Success criteria met. Exiting.
[2024-05-30T02:47:22.416+0000] {taskinstance.py:441} INFO - ::group::Post task execution logs
[2024-05-30T02:47:22.433+0000] {taskinstance.py:1206} INFO - Marking task as SUCCESS. dag_id=my_weather_workflow_DAG_v04, task_id=is_city_api_ready, run_id=scheduled__2024-05-29T00:00:00+00:00, execution_date=20240529T000000, start_date=20240530T024721, end_date=20240530T024722
[2024-05-30T02:47:22.475+0000] {local_task_job_runner.py:240} INFO - Task exited with return code 0
[2024-05-30T02:47:22.502+0000] {taskinstance.py:3498} INFO - 0 downstream tasks scheduled from follow-on schedule check
[2024-05-30T02:47:22.505+0000] {local_task_job_runner.py:222} INFO - ::endgroup::
