[2024-05-30T06:06:08.925+0000] {local_task_job_runner.py:120} INFO - ::group::Pre task execution logs
[2024-05-30T06:06:08.947+0000] {taskinstance.py:2076} INFO - Dependencies all met for dep_context=non-requeueable deps ti=<TaskInstance: my_weather_workflow_DAG_v04.create_table_city_postgresql manual__2024-05-30T03:47:59.479456+00:00 [queued]>
[2024-05-30T06:06:08.955+0000] {taskinstance.py:2076} INFO - Dependencies all met for dep_context=requeueable deps ti=<TaskInstance: my_weather_workflow_DAG_v04.create_table_city_postgresql manual__2024-05-30T03:47:59.479456+00:00 [queued]>
[2024-05-30T06:06:08.956+0000] {taskinstance.py:2306} INFO - Starting attempt 17 of 22
[2024-05-30T06:06:08.970+0000] {taskinstance.py:2330} INFO - Executing <Task(PostgresOperator): create_table_city_postgresql> on 2024-05-30 03:47:59.479456+00:00
[2024-05-30T06:06:08.979+0000] {logging_mixin.py:188} WARNING - /home/***/.local/lib/python3.12/site-packages/***/task/task_runner/standard_task_runner.py:61 DeprecationWarning: This process (pid=5040) is multi-threaded, use of fork() may lead to deadlocks in the child.
[2024-05-30T06:06:08.980+0000] {standard_task_runner.py:63} INFO - Started process 5042 to run task
[2024-05-30T06:06:08.979+0000] {standard_task_runner.py:90} INFO - Running: ['***', 'tasks', 'run', 'my_weather_workflow_DAG_v04', 'create_table_city_postgresql', 'manual__2024-05-30T03:47:59.479456+00:00', '--job-id', '141', '--raw', '--subdir', 'DAGS_FOLDER/weather_dag.py', '--cfg-path', '/tmp/tmpnduep7l7']
[2024-05-30T06:06:08.981+0000] {standard_task_runner.py:91} INFO - Job 141: Subtask create_table_city_postgresql
[2024-05-30T06:06:09.044+0000] {task_command.py:426} INFO - Running <TaskInstance: my_weather_workflow_DAG_v04.create_table_city_postgresql manual__2024-05-30T03:47:59.479456+00:00 [running]> on host cd9caf1c47f0
[2024-05-30T06:06:09.137+0000] {taskinstance.py:2648} INFO - Exporting env vars: AIRFLOW_CTX_DAG_OWNER='Khang' AIRFLOW_CTX_DAG_ID='my_weather_workflow_DAG_v04' AIRFLOW_CTX_TASK_ID='create_table_city_postgresql' AIRFLOW_CTX_EXECUTION_DATE='2024-05-30T03:47:59.479456+00:00' AIRFLOW_CTX_TRY_NUMBER='17' AIRFLOW_CTX_DAG_RUN_ID='manual__2024-05-30T03:47:59.479456+00:00'
[2024-05-30T06:06:09.139+0000] {taskinstance.py:430} INFO - ::endgroup::
[2024-05-30T06:06:09.154+0000] {sql.py:276} INFO - Executing: CREATE TABLE IF NOT EXISTS cities(
  wiki_id VARCHAR(20) PRIMARY KEY,
  name VARCHAR(50) NOT NULL,
  country VARCHAR(100) NOT NULL,
  population BIGINT NOT NULL,
  latitude DOUBLE PRECISION NOT NULL,
  longitude DOUBLE PRECISION NOT NULL
);
[2024-05-30T06:06:09.168+0000] {base.py:84} INFO - Using connection ID 'postgres_connection_id' for task execution.
[2024-05-30T06:06:09.180+0000] {base.py:84} INFO - Using connection ID 'postgres_connection_id' for task execution.
[2024-05-30T06:06:09.188+0000] {sql.py:470} INFO - Running statement: CREATE TABLE IF NOT EXISTS cities(
  wiki_id VARCHAR(20) PRIMARY KEY,
  name VARCHAR(50) NOT NULL,
  country VARCHAR(100) NOT NULL,
  population BIGINT NOT NULL,
  latitude DOUBLE PRECISION NOT NULL,
  longitude DOUBLE PRECISION NOT NULL
);, parameters: None
[2024-05-30T06:06:09.190+0000] {taskinstance.py:441} INFO - ::group::Post task execution logs
[2024-05-30T06:06:09.204+0000] {taskinstance.py:1206} INFO - Marking task as SUCCESS. dag_id=my_weather_workflow_DAG_v04, task_id=create_table_city_postgresql, run_id=manual__2024-05-30T03:47:59.479456+00:00, execution_date=20240530T034759, start_date=20240530T060608, end_date=20240530T060609
[2024-05-30T06:06:09.236+0000] {local_task_job_runner.py:240} INFO - Task exited with return code 0
[2024-05-30T06:06:09.252+0000] {logging_mixin.py:188} WARNING - /home/***/.local/lib/python3.12/site-packages/***/models/baseoperator.py:1296 AirflowProviderDeprecationWarning: Call to deprecated class PostgresOperator. (Please use `***.providers.common.sql.operators.sql.SQLExecuteQueryOperator`.Also, you can provide `hook_params={'schema': <database>}`.)
[2024-05-30T06:06:09.270+0000] {taskinstance.py:3498} INFO - 1 downstream tasks scheduled from follow-on schedule check
[2024-05-30T06:06:09.273+0000] {local_task_job_runner.py:222} INFO - ::endgroup::
