[2024-05-30T06:08:46.558+0000] {local_task_job_runner.py:120} INFO - ::group::Pre task execution logs
[2024-05-30T06:08:46.580+0000] {taskinstance.py:2076} INFO - Dependencies all met for dep_context=non-requeueable deps ti=<TaskInstance: my_weather_workflow_DAG_v04.create_table_city_postgresql manual__2024-05-30T03:47:59.479456+00:00 [queued]>
[2024-05-30T06:08:46.588+0000] {taskinstance.py:2076} INFO - Dependencies all met for dep_context=requeueable deps ti=<TaskInstance: my_weather_workflow_DAG_v04.create_table_city_postgresql manual__2024-05-30T03:47:59.479456+00:00 [queued]>
[2024-05-30T06:08:46.589+0000] {taskinstance.py:2306} INFO - Starting attempt 19 of 24
[2024-05-30T06:08:46.603+0000] {taskinstance.py:2330} INFO - Executing <Task(PostgresOperator): create_table_city_postgresql> on 2024-05-30 03:47:59.479456+00:00
[2024-05-30T06:08:46.611+0000] {logging_mixin.py:188} WARNING - /home/***/.local/lib/python3.12/site-packages/***/task/task_runner/standard_task_runner.py:61 DeprecationWarning: This process (pid=5130) is multi-threaded, use of fork() may lead to deadlocks in the child.
[2024-05-30T06:08:46.612+0000] {standard_task_runner.py:63} INFO - Started process 5132 to run task
[2024-05-30T06:08:46.611+0000] {standard_task_runner.py:90} INFO - Running: ['***', 'tasks', 'run', 'my_weather_workflow_DAG_v04', 'create_table_city_postgresql', 'manual__2024-05-30T03:47:59.479456+00:00', '--job-id', '151', '--raw', '--subdir', 'DAGS_FOLDER/weather_dag.py', '--cfg-path', '/tmp/tmp4agupvuf']
[2024-05-30T06:08:46.614+0000] {standard_task_runner.py:91} INFO - Job 151: Subtask create_table_city_postgresql
[2024-05-30T06:08:46.672+0000] {task_command.py:426} INFO - Running <TaskInstance: my_weather_workflow_DAG_v04.create_table_city_postgresql manual__2024-05-30T03:47:59.479456+00:00 [running]> on host cd9caf1c47f0
[2024-05-30T06:08:46.764+0000] {taskinstance.py:2648} INFO - Exporting env vars: AIRFLOW_CTX_DAG_OWNER='Khang' AIRFLOW_CTX_DAG_ID='my_weather_workflow_DAG_v04' AIRFLOW_CTX_TASK_ID='create_table_city_postgresql' AIRFLOW_CTX_EXECUTION_DATE='2024-05-30T03:47:59.479456+00:00' AIRFLOW_CTX_TRY_NUMBER='19' AIRFLOW_CTX_DAG_RUN_ID='manual__2024-05-30T03:47:59.479456+00:00'
[2024-05-30T06:08:46.766+0000] {taskinstance.py:430} INFO - ::endgroup::
[2024-05-30T06:08:46.777+0000] {sql.py:276} INFO - Executing: CREATE TABLE IF NOT EXISTS cities(
  wiki_id VARCHAR(20) PRIMARY KEY,
  name VARCHAR(50) NOT NULL,
  country VARCHAR(100) NOT NULL,
  population BIGINT NOT NULL,
  latitude DOUBLE PRECISION NOT NULL,
  longitude DOUBLE PRECISION NOT NULL
);
[2024-05-30T06:08:46.791+0000] {base.py:84} INFO - Using connection ID 'postgres_connection_id' for task execution.
[2024-05-30T06:08:46.802+0000] {base.py:84} INFO - Using connection ID 'postgres_connection_id' for task execution.
[2024-05-30T06:08:46.811+0000] {sql.py:470} INFO - Running statement: CREATE TABLE IF NOT EXISTS cities(
  wiki_id VARCHAR(20) PRIMARY KEY,
  name VARCHAR(50) NOT NULL,
  country VARCHAR(100) NOT NULL,
  population BIGINT NOT NULL,
  latitude DOUBLE PRECISION NOT NULL,
  longitude DOUBLE PRECISION NOT NULL
);, parameters: None
[2024-05-30T06:08:46.813+0000] {taskinstance.py:441} INFO - ::group::Post task execution logs
[2024-05-30T06:08:46.825+0000] {taskinstance.py:1206} INFO - Marking task as SUCCESS. dag_id=my_weather_workflow_DAG_v04, task_id=create_table_city_postgresql, run_id=manual__2024-05-30T03:47:59.479456+00:00, execution_date=20240530T034759, start_date=20240530T060846, end_date=20240530T060846
[2024-05-30T06:08:46.868+0000] {local_task_job_runner.py:240} INFO - Task exited with return code 0
[2024-05-30T06:08:46.912+0000] {logging_mixin.py:188} WARNING - /home/***/.local/lib/python3.12/site-packages/***/models/baseoperator.py:1296 AirflowProviderDeprecationWarning: Call to deprecated class PostgresOperator. (Please use `***.providers.common.sql.operators.sql.SQLExecuteQueryOperator`.Also, you can provide `hook_params={'schema': <database>}`.)
[2024-05-30T06:08:46.938+0000] {taskinstance.py:3498} INFO - 1 downstream tasks scheduled from follow-on schedule check
[2024-05-30T06:08:46.941+0000] {local_task_job_runner.py:222} INFO - ::endgroup::
