[2024-05-30T04:10:00.776+0000] {local_task_job_runner.py:120} INFO - ::group::Pre task execution logs
[2024-05-30T04:10:00.799+0000] {taskinstance.py:2076} INFO - Dependencies all met for dep_context=non-requeueable deps ti=<TaskInstance: my_weather_workflow_DAG_v04.create_table_city_postgresql manual__2024-05-30T03:47:59.479456+00:00 [queued]>
[2024-05-30T04:10:00.809+0000] {taskinstance.py:2076} INFO - Dependencies all met for dep_context=requeueable deps ti=<TaskInstance: my_weather_workflow_DAG_v04.create_table_city_postgresql manual__2024-05-30T03:47:59.479456+00:00 [queued]>
[2024-05-30T04:10:00.810+0000] {taskinstance.py:2306} INFO - Starting attempt 3 of 8
[2024-05-30T04:10:00.824+0000] {taskinstance.py:2330} INFO - Executing <Task(PostgresOperator): create_table_city_postgresql> on 2024-05-30 03:47:59.479456+00:00
[2024-05-30T04:10:00.831+0000] {standard_task_runner.py:90} INFO - Running: ['***', 'tasks', 'run', 'my_weather_workflow_DAG_v04', 'create_table_city_postgresql', 'manual__2024-05-30T03:47:59.479456+00:00', '--job-id', '64', '--raw', '--subdir', 'DAGS_FOLDER/weather_dag.py', '--cfg-path', '/tmp/tmpyalyqyfw']
[2024-05-30T04:10:00.834+0000] {standard_task_runner.py:91} INFO - Job 64: Subtask create_table_city_postgresql
[2024-05-30T04:10:00.835+0000] {logging_mixin.py:188} WARNING - /home/***/.local/lib/python3.12/site-packages/***/task/task_runner/standard_task_runner.py:61 DeprecationWarning: This process (pid=2247) is multi-threaded, use of fork() may lead to deadlocks in the child.
[2024-05-30T04:10:00.836+0000] {standard_task_runner.py:63} INFO - Started process 2249 to run task
[2024-05-30T04:10:00.899+0000] {task_command.py:426} INFO - Running <TaskInstance: my_weather_workflow_DAG_v04.create_table_city_postgresql manual__2024-05-30T03:47:59.479456+00:00 [running]> on host cd9caf1c47f0
[2024-05-30T04:10:01.009+0000] {taskinstance.py:2648} INFO - Exporting env vars: AIRFLOW_CTX_DAG_OWNER='Khang' AIRFLOW_CTX_DAG_ID='my_weather_workflow_DAG_v04' AIRFLOW_CTX_TASK_ID='create_table_city_postgresql' AIRFLOW_CTX_EXECUTION_DATE='2024-05-30T03:47:59.479456+00:00' AIRFLOW_CTX_TRY_NUMBER='3' AIRFLOW_CTX_DAG_RUN_ID='manual__2024-05-30T03:47:59.479456+00:00'
[2024-05-30T04:10:01.011+0000] {taskinstance.py:430} INFO - ::endgroup::
[2024-05-30T04:10:01.023+0000] {sql.py:276} INFO - Executing: CREATE TABLE IF NOT EXISTS cities(
  wikiDataId VARCHAR(20) PRIMARY KEY,
  name VARCHAR(50) NOT NULL,
  country VARCHAR(100) NOT NULL,
  population BIGINT NOT NULL,
  latitude DOUBLE PRECISION NOT NULL,
  longitude DOUBLE PRECISION NOT NULL,
  created_at TIMESTAMP DEFAULT now()
);
[2024-05-30T04:10:01.038+0000] {base.py:84} INFO - Using connection ID 'postgres_connection_id' for task execution.
[2024-05-30T04:10:01.052+0000] {base.py:84} INFO - Using connection ID 'postgres_connection_id' for task execution.
[2024-05-30T04:10:01.060+0000] {sql.py:470} INFO - Running statement: CREATE TABLE IF NOT EXISTS cities(
  wikiDataId VARCHAR(20) PRIMARY KEY,
  name VARCHAR(50) NOT NULL,
  country VARCHAR(100) NOT NULL,
  population BIGINT NOT NULL,
  latitude DOUBLE PRECISION NOT NULL,
  longitude DOUBLE PRECISION NOT NULL,
  created_at TIMESTAMP DEFAULT now()
);, parameters: None
[2024-05-30T04:10:01.062+0000] {taskinstance.py:441} INFO - ::group::Post task execution logs
[2024-05-30T04:10:01.075+0000] {taskinstance.py:1206} INFO - Marking task as SUCCESS. dag_id=my_weather_workflow_DAG_v04, task_id=create_table_city_postgresql, run_id=manual__2024-05-30T03:47:59.479456+00:00, execution_date=20240530T034759, start_date=20240530T041000, end_date=20240530T041001
[2024-05-30T04:10:01.091+0000] {local_task_job_runner.py:240} INFO - Task exited with return code 0
[2024-05-30T04:10:01.112+0000] {taskinstance.py:3498} INFO - 0 downstream tasks scheduled from follow-on schedule check
[2024-05-30T04:10:01.115+0000] {local_task_job_runner.py:222} INFO - ::endgroup::
