[2024-06-01T07:51:47.188+0000] {local_task_job_runner.py:120} INFO - ::group::Pre task execution logs
[2024-06-01T07:51:47.209+0000] {taskinstance.py:2076} INFO - Dependencies all met for dep_context=non-requeueable deps ti=<TaskInstance: my_weather_workflow_DAG_v04.group_tasks.check_data_is_exist manual__2024-06-01T07:22:32.449327+00:00 [queued]>
[2024-06-01T07:51:47.218+0000] {taskinstance.py:2076} INFO - Dependencies all met for dep_context=requeueable deps ti=<TaskInstance: my_weather_workflow_DAG_v04.group_tasks.check_data_is_exist manual__2024-06-01T07:22:32.449327+00:00 [queued]>
[2024-06-01T07:51:47.218+0000] {taskinstance.py:2306} INFO - Starting attempt 6 of 11
[2024-06-01T07:51:47.232+0000] {taskinstance.py:2330} INFO - Executing <Task(BranchPythonOperator): group_tasks.check_data_is_exist> on 2024-06-01 07:22:32.449327+00:00
[2024-06-01T07:51:47.240+0000] {logging_mixin.py:188} WARNING - /home/***/.local/lib/python3.12/site-packages/***/task/task_runner/standard_task_runner.py:61 DeprecationWarning: This process (pid=8223) is multi-threaded, use of fork() may lead to deadlocks in the child.
[2024-06-01T07:51:47.239+0000] {standard_task_runner.py:90} INFO - Running: ['***', 'tasks', 'run', 'my_weather_workflow_DAG_v04', 'group_tasks.check_data_is_exist', 'manual__2024-06-01T07:22:32.449327+00:00', '--job-id', '618', '--raw', '--subdir', 'DAGS_FOLDER/weather_dag.py', '--cfg-path', '/tmp/tmpzwjbik3d']
[2024-06-01T07:51:47.241+0000] {standard_task_runner.py:63} INFO - Started process 8225 to run task
[2024-06-01T07:51:47.242+0000] {standard_task_runner.py:91} INFO - Job 618: Subtask group_tasks.check_data_is_exist
[2024-06-01T07:51:47.306+0000] {task_command.py:426} INFO - Running <TaskInstance: my_weather_workflow_DAG_v04.group_tasks.check_data_is_exist manual__2024-06-01T07:22:32.449327+00:00 [running]> on host cd9caf1c47f0
[2024-06-01T07:51:47.406+0000] {taskinstance.py:2648} INFO - Exporting env vars: AIRFLOW_CTX_DAG_OWNER='Khang' AIRFLOW_CTX_DAG_ID='my_weather_workflow_DAG_v04' AIRFLOW_CTX_TASK_ID='group_tasks.check_data_is_exist' AIRFLOW_CTX_EXECUTION_DATE='2024-06-01T07:22:32.449327+00:00' AIRFLOW_CTX_TRY_NUMBER='6' AIRFLOW_CTX_DAG_RUN_ID='manual__2024-06-01T07:22:32.449327+00:00'
[2024-06-01T07:51:47.407+0000] {taskinstance.py:430} INFO - ::endgroup::
[2024-06-01T07:51:47.421+0000] {baseoperator.py:399} WARNING - BranchPythonOperator.execute cannot be called outside TaskInstance!
[2024-06-01T07:51:47.449+0000] {base.py:84} INFO - Using connection ID 'postgres_connection_id' for task execution.
[2024-06-01T07:51:47.458+0000] {sql.py:470} INFO - Running statement: SELECT COUNT(*) FROM weathers WHERE fk_city = 'Q25315';, parameters: None
[2024-06-01T07:51:47.464+0000] {sql.py:479} INFO - Rows affected: 1
[2024-06-01T07:51:47.465+0000] {python.py:237} INFO - Done. Returned value was: group_tasks.load_csv_to_postgres
[2024-06-01T07:51:47.466+0000] {branch.py:36} INFO - Branch into group_tasks.load_csv_to_postgres
[2024-06-01T07:51:47.466+0000] {skipmixin.py:178} INFO - Following branch group_tasks.load_csv_to_postgres
[2024-06-01T07:51:47.493+0000] {skipmixin.py:246} INFO - Skipping tasks [('group_tasks.skip_insert_data', -1)]
[2024-06-01T07:51:47.525+0000] {taskinstance.py:441} INFO - ::group::Post task execution logs
[2024-06-01T07:51:47.554+0000] {taskinstance.py:1206} INFO - Marking task as SUCCESS. dag_id=my_weather_workflow_DAG_v04, task_id=group_tasks.check_data_is_exist, run_id=manual__2024-06-01T07:22:32.449327+00:00, execution_date=20240601T072232, start_date=20240601T075147, end_date=20240601T075147
[2024-06-01T07:51:47.576+0000] {local_task_job_runner.py:240} INFO - Task exited with return code 0
[2024-06-01T07:51:47.615+0000] {taskinstance.py:3498} INFO - 1 downstream tasks scheduled from follow-on schedule check
[2024-06-01T07:51:47.620+0000] {local_task_job_runner.py:222} INFO - ::endgroup::
