[2024-06-01T08:03:22.474+0000] {local_task_job_runner.py:120} INFO - ::group::Pre task execution logs
[2024-06-01T08:03:22.503+0000] {taskinstance.py:2076} INFO - Dependencies all met for dep_context=non-requeueable deps ti=<TaskInstance: my_weather_workflow_DAG_v04.group_tasks.load_csv_to_postgres manual__2024-06-01T08:03:02.551642+00:00 [queued]>
[2024-06-01T08:03:22.513+0000] {taskinstance.py:2076} INFO - Dependencies all met for dep_context=requeueable deps ti=<TaskInstance: my_weather_workflow_DAG_v04.group_tasks.load_csv_to_postgres manual__2024-06-01T08:03:02.551642+00:00 [queued]>
[2024-06-01T08:03:22.514+0000] {taskinstance.py:2306} INFO - Starting attempt 1 of 6
[2024-06-01T08:03:22.530+0000] {taskinstance.py:2330} INFO - Executing <Task(PythonOperator): group_tasks.load_csv_to_postgres> on 2024-06-01 08:03:02.551642+00:00
[2024-06-01T08:03:22.539+0000] {logging_mixin.py:188} WARNING - /home/***/.local/lib/python3.12/site-packages/***/task/task_runner/standard_task_runner.py:61 DeprecationWarning: This process (pid=8601) is multi-threaded, use of fork() may lead to deadlocks in the child.
[2024-06-01T08:03:22.540+0000] {standard_task_runner.py:63} INFO - Started process 8603 to run task
[2024-06-01T08:03:22.539+0000] {standard_task_runner.py:90} INFO - Running: ['***', 'tasks', 'run', 'my_weather_workflow_DAG_v04', 'group_tasks.load_csv_to_postgres', 'manual__2024-06-01T08:03:02.551642+00:00', '--job-id', '638', '--raw', '--subdir', 'DAGS_FOLDER/tasks_flow.py', '--cfg-path', '/tmp/tmpr3gxyp4m']
[2024-06-01T08:03:22.541+0000] {standard_task_runner.py:91} INFO - Job 638: Subtask group_tasks.load_csv_to_postgres
[2024-06-01T08:03:22.600+0000] {task_command.py:426} INFO - Running <TaskInstance: my_weather_workflow_DAG_v04.group_tasks.load_csv_to_postgres manual__2024-06-01T08:03:02.551642+00:00 [running]> on host cd9caf1c47f0
[2024-06-01T08:03:22.697+0000] {taskinstance.py:2648} INFO - Exporting env vars: AIRFLOW_CTX_DAG_OWNER='Khang' AIRFLOW_CTX_DAG_ID='my_weather_workflow_DAG_v04' AIRFLOW_CTX_TASK_ID='group_tasks.load_csv_to_postgres' AIRFLOW_CTX_EXECUTION_DATE='2024-06-01T08:03:02.551642+00:00' AIRFLOW_CTX_TRY_NUMBER='1' AIRFLOW_CTX_DAG_RUN_ID='manual__2024-06-01T08:03:02.551642+00:00'
[2024-06-01T08:03:22.699+0000] {taskinstance.py:430} INFO - ::endgroup::
[2024-06-01T08:03:22.735+0000] {base.py:84} INFO - Using connection ID 'postgres_connection_id' for task execution.
[2024-06-01T08:03:22.749+0000] {taskinstance.py:441} INFO - ::group::Post task execution logs
[2024-06-01T08:03:22.750+0000] {taskinstance.py:2905} ERROR - Task failed with exception
Traceback (most recent call last):
  File "/home/airflow/.local/lib/python3.12/site-packages/airflow/models/taskinstance.py", line 465, in _execute_task
    result = _execute_callable(context=context, **execute_callable_kwargs)
             ^^^^^^^^^^^^^^^^^^^^^^^^^^^^^^^^^^^^^^^^^^^^^^^^^^^^^^^^^^^^^
  File "/home/airflow/.local/lib/python3.12/site-packages/airflow/models/taskinstance.py", line 432, in _execute_callable
    return execute_callable(context=context, **execute_callable_kwargs)
           ^^^^^^^^^^^^^^^^^^^^^^^^^^^^^^^^^^^^^^^^^^^^^^^^^^^^^^^^^^^^
  File "/home/airflow/.local/lib/python3.12/site-packages/airflow/models/baseoperator.py", line 400, in wrapper
    return func(self, *args, **kwargs)
           ^^^^^^^^^^^^^^^^^^^^^^^^^^^
  File "/home/airflow/.local/lib/python3.12/site-packages/airflow/operators/python.py", line 235, in execute
    return_value = self.execute_callable()
                   ^^^^^^^^^^^^^^^^^^^^^^^
  File "/home/airflow/.local/lib/python3.12/site-packages/airflow/operators/python.py", line 252, in execute_callable
    return self.python_callable(*self.op_args, **self.op_kwargs)
           ^^^^^^^^^^^^^^^^^^^^^^^^^^^^^^^^^^^^^^^^^^^^^^^^^^^^^
  File "/opt/airflow/dags/tasks_flow.py", line 96, in load_csv_to_postgres
    cursor.copy_expert(f'COPY {table_name} FROM stdin WITH CSV HEADER', f)
psycopg2.errors.ForeignKeyViolation: insert or update on table "weathers" violates foreign key constraint "weathers_fk_city_fkey"
DETAIL:  Key (fk_city)=(Q36167) is not present in table "cities".

[2024-06-01T08:03:22.770+0000] {taskinstance.py:1206} INFO - Marking task as UP_FOR_RETRY. dag_id=my_weather_workflow_DAG_v04, task_id=group_tasks.load_csv_to_postgres, run_id=manual__2024-06-01T08:03:02.551642+00:00, execution_date=20240601T080302, start_date=20240601T080322, end_date=20240601T080322
[2024-06-01T08:03:22.781+0000] {standard_task_runner.py:110} ERROR - Failed to execute job 638 for task group_tasks.load_csv_to_postgres (insert or update on table "weathers" violates foreign key constraint "weathers_fk_city_fkey"
DETAIL:  Key (fk_city)=(Q36167) is not present in table "cities".
; 8603)
[2024-06-01T08:03:22.795+0000] {local_task_job_runner.py:240} INFO - Task exited with return code 1
[2024-06-01T08:03:22.819+0000] {taskinstance.py:3498} INFO - 0 downstream tasks scheduled from follow-on schedule check
[2024-06-01T08:03:22.822+0000] {local_task_job_runner.py:222} INFO - ::endgroup::
