[2024-06-03T10:48:54.468+0000] {local_task_job_runner.py:120} INFO - ::group::Pre task execution logs
[2024-06-03T10:48:54.490+0000] {taskinstance.py:2076} INFO - Dependencies all met for dep_context=non-requeueable deps ti=<TaskInstance: city_data_workflow_DAG_final.group_tasks.create_table_weather_postgresql manual__2024-06-03T10:48:40.858423+00:00 [queued]>
[2024-06-03T10:48:54.499+0000] {taskinstance.py:2076} INFO - Dependencies all met for dep_context=requeueable deps ti=<TaskInstance: city_data_workflow_DAG_final.group_tasks.create_table_weather_postgresql manual__2024-06-03T10:48:40.858423+00:00 [queued]>
[2024-06-03T10:48:54.500+0000] {taskinstance.py:2306} INFO - Starting attempt 1 of 6
[2024-06-03T10:48:54.513+0000] {taskinstance.py:2330} INFO - Executing <Task(PostgresOperator): group_tasks.create_table_weather_postgresql> on 2024-06-03 10:48:40.858423+00:00
[2024-06-03T10:48:54.520+0000] {standard_task_runner.py:90} INFO - Running: ['***', 'tasks', 'run', 'city_data_workflow_DAG_final', 'group_tasks.create_table_weather_postgresql', 'manual__2024-06-03T10:48:40.858423+00:00', '--job-id', '1020', '--raw', '--subdir', 'DAGS_FOLDER/tasks_flow.py', '--cfg-path', '/tmp/tmp03jc5y8q']
[2024-06-03T10:48:54.523+0000] {standard_task_runner.py:91} INFO - Job 1020: Subtask group_tasks.create_table_weather_postgresql
[2024-06-03T10:48:54.526+0000] {logging_mixin.py:188} WARNING - /home/***/.local/lib/python3.12/site-packages/***/task/task_runner/standard_task_runner.py:61 DeprecationWarning: This process (pid=407) is multi-threaded, use of fork() may lead to deadlocks in the child.
[2024-06-03T10:48:54.527+0000] {standard_task_runner.py:63} INFO - Started process 409 to run task
[2024-06-03T10:48:54.584+0000] {task_command.py:426} INFO - Running <TaskInstance: city_data_workflow_DAG_final.group_tasks.create_table_weather_postgresql manual__2024-06-03T10:48:40.858423+00:00 [running]> on host cd9caf1c47f0
[2024-06-03T10:48:54.677+0000] {taskinstance.py:2648} INFO - Exporting env vars: AIRFLOW_CTX_DAG_OWNER='Khang' AIRFLOW_CTX_DAG_ID='city_data_workflow_DAG_final' AIRFLOW_CTX_TASK_ID='group_tasks.create_table_weather_postgresql' AIRFLOW_CTX_EXECUTION_DATE='2024-06-03T10:48:40.858423+00:00' AIRFLOW_CTX_TRY_NUMBER='1' AIRFLOW_CTX_DAG_RUN_ID='manual__2024-06-03T10:48:40.858423+00:00'
[2024-06-03T10:48:54.679+0000] {taskinstance.py:430} INFO - ::endgroup::
[2024-06-03T10:48:54.692+0000] {sql.py:276} INFO - Executing: CREATE TABLE IF NOT EXISTS weathers(
  fk_city varchar(20) REFERENCES cities(wiki_id) ON DELETE CASCADE,

  weather_description VARCHAR(255) NOT NULL,
  temperature_celsius DOUBLE PRECISION NOT NULL,
  pressure DOUBLE PRECISION,
  humidity DOUBLE PRECISION NOT NULL,
  wind_speed DOUBLE PRECISION NOT NULL,
  time_of_record timestamp NOT NULL,
  sunrise_time timestamp,
  sunset_time timestamp
);
[2024-06-03T10:48:54.706+0000] {base.py:84} INFO - Using connection ID 'postgres_connection_id' for task execution.
[2024-06-03T10:48:54.717+0000] {base.py:84} INFO - Using connection ID 'postgres_connection_id' for task execution.
[2024-06-03T10:48:54.726+0000] {sql.py:470} INFO - Running statement: CREATE TABLE IF NOT EXISTS weathers(
  fk_city varchar(20) REFERENCES cities(wiki_id) ON DELETE CASCADE,

  weather_description VARCHAR(255) NOT NULL,
  temperature_celsius DOUBLE PRECISION NOT NULL,
  pressure DOUBLE PRECISION,
  humidity DOUBLE PRECISION NOT NULL,
  wind_speed DOUBLE PRECISION NOT NULL,
  time_of_record timestamp NOT NULL,
  sunrise_time timestamp,
  sunset_time timestamp
);, parameters: None
[2024-06-03T10:48:54.728+0000] {taskinstance.py:441} INFO - ::group::Post task execution logs
[2024-06-03T10:48:54.745+0000] {taskinstance.py:1206} INFO - Marking task as SUCCESS. dag_id=city_data_workflow_DAG_final, task_id=group_tasks.create_table_weather_postgresql, run_id=manual__2024-06-03T10:48:40.858423+00:00, execution_date=20240603T104840, start_date=20240603T104854, end_date=20240603T104854
[2024-06-03T10:48:54.781+0000] {local_task_job_runner.py:240} INFO - Task exited with return code 0
[2024-06-03T10:48:54.797+0000] {logging_mixin.py:188} WARNING - /home/***/.local/lib/python3.12/site-packages/***/models/baseoperator.py:1296 AirflowProviderDeprecationWarning: Call to deprecated class PostgresOperator. (Please use `***.providers.common.sql.operators.sql.SQLExecuteQueryOperator`.Also, you can provide `hook_params={'schema': <database>}`.)
[2024-06-03T10:48:54.815+0000] {taskinstance.py:3498} INFO - 1 downstream tasks scheduled from follow-on schedule check
[2024-06-03T10:48:54.818+0000] {local_task_job_runner.py:222} INFO - ::endgroup::
