[2024-06-03T10:41:58.835+0000] {processor.py:161} INFO - Started process (PID=172) to work on /opt/airflow/dags/weather_dag.py
[2024-06-03T10:41:58.837+0000] {processor.py:830} INFO - Processing file /opt/airflow/dags/weather_dag.py for tasks to queue
[2024-06-03T10:41:58.840+0000] {logging_mixin.py:188} INFO - [2024-06-03T10:41:58.840+0000] {dagbag.py:545} INFO - Filling up the DagBag from /opt/airflow/dags/weather_dag.py
[2024-06-03T10:42:00.016+0000] {processor.py:840} INFO - DAG(s) 'my_weather_workflow_DAG_v03' retrieved from /opt/airflow/dags/weather_dag.py
[2024-06-03T10:42:00.247+0000] {logging_mixin.py:188} INFO - [2024-06-03T10:42:00.246+0000] {dag.py:3096} INFO - Sync 1 DAGs
[2024-06-03T10:42:00.273+0000] {logging_mixin.py:188} INFO - [2024-06-03T10:42:00.273+0000] {dag.py:3954} INFO - Setting next_dagrun for my_weather_workflow_DAG_v03 to 2024-06-02 00:00:00+00:00, run_after=2024-06-03 00:00:00+00:00
[2024-06-03T10:42:00.307+0000] {processor.py:183} INFO - Processing /opt/airflow/dags/weather_dag.py took 1.483 seconds
[2024-06-03T10:42:30.524+0000] {processor.py:161} INFO - Started process (PID=190) to work on /opt/airflow/dags/weather_dag.py
[2024-06-03T10:42:30.526+0000] {processor.py:830} INFO - Processing file /opt/airflow/dags/weather_dag.py for tasks to queue
[2024-06-03T10:42:30.529+0000] {logging_mixin.py:188} INFO - [2024-06-03T10:42:30.529+0000] {dagbag.py:545} INFO - Filling up the DagBag from /opt/airflow/dags/weather_dag.py
[2024-06-03T10:42:31.065+0000] {processor.py:840} INFO - DAG(s) 'my_weather_workflow_DAG_v03' retrieved from /opt/airflow/dags/weather_dag.py
[2024-06-03T10:42:31.164+0000] {logging_mixin.py:188} INFO - [2024-06-03T10:42:31.163+0000] {dag.py:3096} INFO - Sync 1 DAGs
[2024-06-03T10:42:31.181+0000] {logging_mixin.py:188} INFO - [2024-06-03T10:42:31.181+0000] {dag.py:3954} INFO - Setting next_dagrun for my_weather_workflow_DAG_v03 to 2024-06-02 00:00:00+00:00, run_after=2024-06-03 00:00:00+00:00
[2024-06-03T10:42:31.201+0000] {processor.py:183} INFO - Processing /opt/airflow/dags/weather_dag.py took 0.686 seconds
[2024-06-03T10:43:01.533+0000] {processor.py:161} INFO - Started process (PID=208) to work on /opt/airflow/dags/weather_dag.py
[2024-06-03T10:43:01.534+0000] {processor.py:830} INFO - Processing file /opt/airflow/dags/weather_dag.py for tasks to queue
[2024-06-03T10:43:01.536+0000] {logging_mixin.py:188} INFO - [2024-06-03T10:43:01.536+0000] {dagbag.py:545} INFO - Filling up the DagBag from /opt/airflow/dags/weather_dag.py
[2024-06-03T10:43:02.186+0000] {processor.py:840} INFO - DAG(s) 'my_weather_workflow_DAG_v03' retrieved from /opt/airflow/dags/weather_dag.py
[2024-06-03T10:43:02.218+0000] {logging_mixin.py:188} INFO - [2024-06-03T10:43:02.218+0000] {dag.py:3096} INFO - Sync 1 DAGs
[2024-06-03T10:43:02.242+0000] {logging_mixin.py:188} INFO - [2024-06-03T10:43:02.242+0000] {dag.py:3954} INFO - Setting next_dagrun for my_weather_workflow_DAG_v03 to 2024-06-02 00:00:00+00:00, run_after=2024-06-03 00:00:00+00:00
[2024-06-03T10:43:02.262+0000] {processor.py:183} INFO - Processing /opt/airflow/dags/weather_dag.py took 0.735 seconds
[2024-06-03T10:43:32.642+0000] {processor.py:161} INFO - Started process (PID=226) to work on /opt/airflow/dags/weather_dag.py
[2024-06-03T10:43:32.643+0000] {processor.py:830} INFO - Processing file /opt/airflow/dags/weather_dag.py for tasks to queue
[2024-06-03T10:43:32.645+0000] {logging_mixin.py:188} INFO - [2024-06-03T10:43:32.645+0000] {dagbag.py:545} INFO - Filling up the DagBag from /opt/airflow/dags/weather_dag.py
[2024-06-03T10:43:33.279+0000] {processor.py:840} INFO - DAG(s) 'my_weather_workflow_DAG_v03' retrieved from /opt/airflow/dags/weather_dag.py
[2024-06-03T10:43:33.325+0000] {logging_mixin.py:188} INFO - [2024-06-03T10:43:33.324+0000] {dag.py:3096} INFO - Sync 1 DAGs
[2024-06-03T10:43:33.359+0000] {logging_mixin.py:188} INFO - [2024-06-03T10:43:33.359+0000] {dag.py:3954} INFO - Setting next_dagrun for my_weather_workflow_DAG_v03 to 2024-06-02 00:00:00+00:00, run_after=2024-06-03 00:00:00+00:00
[2024-06-03T10:43:33.386+0000] {processor.py:183} INFO - Processing /opt/airflow/dags/weather_dag.py took 0.751 seconds
