[2024-06-01T04:45:28.784+0000] {local_task_job_runner.py:120} INFO - ::group::Pre task execution logs
[2024-06-01T04:45:28.809+0000] {taskinstance.py:2076} INFO - Dependencies all met for dep_context=non-requeueable deps ti=<TaskInstance: my_weather_workflow_DAG_v04.group_tasks.is_api_weather_api_ready manual__2024-06-01T04:42:53.478399+00:00 [queued]>
[2024-06-01T04:45:28.820+0000] {taskinstance.py:2076} INFO - Dependencies all met for dep_context=requeueable deps ti=<TaskInstance: my_weather_workflow_DAG_v04.group_tasks.is_api_weather_api_ready manual__2024-06-01T04:42:53.478399+00:00 [queued]>
[2024-06-01T04:45:28.822+0000] {taskinstance.py:2306} INFO - Starting attempt 2 of 7
[2024-06-01T04:45:28.836+0000] {taskinstance.py:2330} INFO - Executing <Task(PythonOperator): group_tasks.is_api_weather_api_ready> on 2024-06-01 04:42:53.478399+00:00
[2024-06-01T04:45:28.844+0000] {logging_mixin.py:188} WARNING - /home/***/.local/lib/python3.12/site-packages/***/task/task_runner/standard_task_runner.py:61 DeprecationWarning: This process (pid=4200) is multi-threaded, use of fork() may lead to deadlocks in the child.
[2024-06-01T04:45:28.846+0000] {standard_task_runner.py:63} INFO - Started process 4202 to run task
[2024-06-01T04:45:28.844+0000] {standard_task_runner.py:90} INFO - Running: ['***', 'tasks', 'run', 'my_weather_workflow_DAG_v04', 'group_tasks.is_api_weather_api_ready', 'manual__2024-06-01T04:42:53.478399+00:00', '--job-id', '505', '--raw', '--subdir', 'DAGS_FOLDER/weather_dag.py', '--cfg-path', '/tmp/tmp06ayca1e']
[2024-06-01T04:45:28.847+0000] {standard_task_runner.py:91} INFO - Job 505: Subtask group_tasks.is_api_weather_api_ready
[2024-06-01T04:45:28.914+0000] {task_command.py:426} INFO - Running <TaskInstance: my_weather_workflow_DAG_v04.group_tasks.is_api_weather_api_ready manual__2024-06-01T04:42:53.478399+00:00 [running]> on host cd9caf1c47f0
[2024-06-01T04:45:29.078+0000] {taskinstance.py:2648} INFO - Exporting env vars: AIRFLOW_CTX_DAG_OWNER='Khang' AIRFLOW_CTX_DAG_ID='my_weather_workflow_DAG_v04' AIRFLOW_CTX_TASK_ID='group_tasks.is_api_weather_api_ready' AIRFLOW_CTX_EXECUTION_DATE='2024-06-01T04:42:53.478399+00:00' AIRFLOW_CTX_TRY_NUMBER='2' AIRFLOW_CTX_DAG_RUN_ID='manual__2024-06-01T04:42:53.478399+00:00'
[2024-06-01T04:45:29.080+0000] {taskinstance.py:430} INFO - ::endgroup::
[2024-06-01T04:45:29.097+0000] {http.py:137} INFO - Poking: /data/2.5/weather?lat=10.937&lon=108.15778&appid=cb9774016f254a4cb1aa6516bf401afa
[2024-06-01T04:45:29.113+0000] {base.py:84} INFO - Using connection ID 'weather_map_api_connection' for task execution.
[2024-06-01T04:45:29.587+0000] {python.py:237} INFO - Done. Returned value was: None
[2024-06-01T04:45:29.589+0000] {taskinstance.py:441} INFO - ::group::Post task execution logs
[2024-06-01T04:45:29.609+0000] {taskinstance.py:1206} INFO - Marking task as SUCCESS. dag_id=my_weather_workflow_DAG_v04, task_id=group_tasks.is_api_weather_api_ready, run_id=manual__2024-06-01T04:42:53.478399+00:00, execution_date=20240601T044253, start_date=20240601T044528, end_date=20240601T044529
[2024-06-01T04:45:29.664+0000] {local_task_job_runner.py:240} INFO - Task exited with return code 0
[2024-06-01T04:45:29.696+0000] {taskinstance.py:3498} INFO - 1 downstream tasks scheduled from follow-on schedule check
[2024-06-01T04:45:29.699+0000] {local_task_job_runner.py:222} INFO - ::endgroup::
