[2024-06-01T07:51:32.720+0000] {local_task_job_runner.py:120} INFO - ::group::Pre task execution logs
[2024-06-01T07:51:32.742+0000] {taskinstance.py:2076} INFO - Dependencies all met for dep_context=non-requeueable deps ti=<TaskInstance: my_weather_workflow_DAG_v04.is_api_city_ready manual__2024-06-01T07:22:32.449327+00:00 [queued]>
[2024-06-01T07:51:32.750+0000] {taskinstance.py:2076} INFO - Dependencies all met for dep_context=requeueable deps ti=<TaskInstance: my_weather_workflow_DAG_v04.is_api_city_ready manual__2024-06-01T07:22:32.449327+00:00 [queued]>
[2024-06-01T07:51:32.751+0000] {taskinstance.py:2306} INFO - Starting attempt 6 of 11
[2024-06-01T07:51:32.763+0000] {taskinstance.py:2330} INFO - Executing <Task(HttpSensor): is_api_city_ready> on 2024-06-01 07:22:32.449327+00:00
[2024-06-01T07:51:32.770+0000] {logging_mixin.py:188} WARNING - /home/***/.local/lib/python3.12/site-packages/***/task/task_runner/standard_task_runner.py:61 DeprecationWarning: This process (pid=8202) is multi-threaded, use of fork() may lead to deadlocks in the child.
[2024-06-01T07:51:32.772+0000] {standard_task_runner.py:63} INFO - Started process 8204 to run task
[2024-06-01T07:51:32.771+0000] {standard_task_runner.py:90} INFO - Running: ['***', 'tasks', 'run', 'my_weather_workflow_DAG_v04', 'is_api_city_ready', 'manual__2024-06-01T07:22:32.449327+00:00', '--job-id', '611', '--raw', '--subdir', 'DAGS_FOLDER/weather_dag.py', '--cfg-path', '/tmp/tmpzepnwvnk']
[2024-06-01T07:51:32.774+0000] {standard_task_runner.py:91} INFO - Job 611: Subtask is_api_city_ready
[2024-06-01T07:51:32.839+0000] {task_command.py:426} INFO - Running <TaskInstance: my_weather_workflow_DAG_v04.is_api_city_ready manual__2024-06-01T07:22:32.449327+00:00 [running]> on host cd9caf1c47f0
[2024-06-01T07:51:32.937+0000] {taskinstance.py:2648} INFO - Exporting env vars: AIRFLOW_CTX_DAG_OWNER='Khang' AIRFLOW_CTX_DAG_ID='my_weather_workflow_DAG_v04' AIRFLOW_CTX_TASK_ID='is_api_city_ready' AIRFLOW_CTX_EXECUTION_DATE='2024-06-01T07:22:32.449327+00:00' AIRFLOW_CTX_TRY_NUMBER='6' AIRFLOW_CTX_DAG_RUN_ID='manual__2024-06-01T07:22:32.449327+00:00'
[2024-06-01T07:51:32.938+0000] {taskinstance.py:430} INFO - ::endgroup::
[2024-06-01T07:51:32.953+0000] {baseoperator.py:399} WARNING - HttpSensor.execute cannot be called outside TaskInstance!
[2024-06-01T07:51:32.953+0000] {http.py:137} INFO - Poking: /v1/geo/cities/Q25315
[2024-06-01T07:51:32.967+0000] {base.py:84} INFO - Using connection ID 'city_map_api_connection' for task execution.
[2024-06-01T07:51:33.463+0000] {base.py:294} INFO - Success criteria met. Exiting.
[2024-06-01T07:51:33.469+0000] {taskinstance.py:441} INFO - ::group::Post task execution logs
[2024-06-01T07:51:33.566+0000] {taskinstance.py:1206} INFO - Marking task as SUCCESS. dag_id=my_weather_workflow_DAG_v04, task_id=is_api_city_ready, run_id=manual__2024-06-01T07:22:32.449327+00:00, execution_date=20240601T072232, start_date=20240601T075132, end_date=20240601T075133
[2024-06-01T07:51:33.672+0000] {local_task_job_runner.py:240} INFO - Task exited with return code 0
[2024-06-01T07:51:33.695+0000] {logging_mixin.py:188} WARNING - /home/***/.local/lib/python3.12/site-packages/***/models/baseoperator.py:1296 AirflowProviderDeprecationWarning: Call to deprecated class SimpleHttpOperator. (Class `SimpleHttpOperator` is deprecated and will be removed in a future release. Please use `HttpOperator` instead.)
[2024-06-01T07:51:33.700+0000] {logging_mixin.py:188} WARNING - /home/***/.local/lib/python3.12/site-packages/***/models/baseoperator.py:1296 AirflowProviderDeprecationWarning: Call to deprecated class PostgresOperator. (Please use `***.providers.common.sql.operators.sql.SQLExecuteQueryOperator`.Also, you can provide `hook_params={'schema': <database>}`.)
[2024-06-01T07:51:33.736+0000] {taskinstance.py:3498} INFO - 1 downstream tasks scheduled from follow-on schedule check
[2024-06-01T07:51:33.739+0000] {local_task_job_runner.py:222} INFO - ::endgroup::
