[2024-06-01T16:49:50.736+0000] {local_task_job_runner.py:120} INFO - ::group::Pre task execution logs
[2024-06-01T16:49:50.759+0000] {taskinstance.py:2076} INFO - Dependencies all met for dep_context=non-requeueable deps ti=<TaskInstance: city_data_workflow_DAG_final.group_tasks.check_data_city_is_exist manual__2024-06-01T16:47:20.837201+00:00 [queued]>
[2024-06-01T16:49:50.770+0000] {taskinstance.py:2076} INFO - Dependencies all met for dep_context=requeueable deps ti=<TaskInstance: city_data_workflow_DAG_final.group_tasks.check_data_city_is_exist manual__2024-06-01T16:47:20.837201+00:00 [queued]>
[2024-06-01T16:49:50.771+0000] {taskinstance.py:2306} INFO - Starting attempt 3 of 8
[2024-06-01T16:49:50.787+0000] {taskinstance.py:2330} INFO - Executing <Task(BranchPythonOperator): group_tasks.check_data_city_is_exist> on 2024-06-01 16:47:20.837201+00:00
[2024-06-01T16:49:50.797+0000] {logging_mixin.py:188} WARNING - /home/***/.local/lib/python3.12/site-packages/***/task/task_runner/standard_task_runner.py:61 DeprecationWarning: This process (pid=4193) is multi-threaded, use of fork() may lead to deadlocks in the child.
[2024-06-01T16:49:50.797+0000] {standard_task_runner.py:90} INFO - Running: ['***', 'tasks', 'run', 'city_data_workflow_DAG_final', 'group_tasks.check_data_city_is_exist', 'manual__2024-06-01T16:47:20.837201+00:00', '--job-id', '924', '--raw', '--subdir', 'DAGS_FOLDER/tasks_flow.py', '--cfg-path', '/tmp/tmpv8p2up9o']
[2024-06-01T16:49:50.799+0000] {standard_task_runner.py:63} INFO - Started process 4199 to run task
[2024-06-01T16:49:50.799+0000] {standard_task_runner.py:91} INFO - Job 924: Subtask group_tasks.check_data_city_is_exist
[2024-06-01T16:49:50.869+0000] {task_command.py:426} INFO - Running <TaskInstance: city_data_workflow_DAG_final.group_tasks.check_data_city_is_exist manual__2024-06-01T16:47:20.837201+00:00 [running]> on host cd9caf1c47f0
[2024-06-01T16:49:50.980+0000] {taskinstance.py:2648} INFO - Exporting env vars: AIRFLOW_CTX_DAG_OWNER='Khang' AIRFLOW_CTX_DAG_ID='city_data_workflow_DAG_final' AIRFLOW_CTX_TASK_ID='group_tasks.check_data_city_is_exist' AIRFLOW_CTX_EXECUTION_DATE='2024-06-01T16:47:20.837201+00:00' AIRFLOW_CTX_TRY_NUMBER='3' AIRFLOW_CTX_DAG_RUN_ID='manual__2024-06-01T16:47:20.837201+00:00'
[2024-06-01T16:49:50.982+0000] {taskinstance.py:430} INFO - ::endgroup::
[2024-06-01T16:49:50.997+0000] {baseoperator.py:399} WARNING - BranchPythonOperator.execute cannot be called outside TaskInstance!
[2024-06-01T16:49:51.029+0000] {base.py:84} INFO - Using connection ID 'postgres_connection_id' for task execution.
[2024-06-01T16:49:51.039+0000] {sql.py:470} INFO - Running statement: SELECT COUNT(*) FROM cities WHERE wiki_id = 'Q1854';, parameters: None
[2024-06-01T16:49:51.041+0000] {sql.py:479} INFO - Rows affected: 1
[2024-06-01T16:49:51.042+0000] {python.py:237} INFO - Done. Returned value was: group_tasks.load_csv_city_to_postgres
[2024-06-01T16:49:51.043+0000] {branch.py:36} INFO - Branch into group_tasks.load_csv_city_to_postgres
[2024-06-01T16:49:51.044+0000] {skipmixin.py:178} INFO - Following branch group_tasks.load_csv_city_to_postgres
[2024-06-01T16:49:51.083+0000] {skipmixin.py:246} INFO - Skipping tasks [('end_tasks_flow', -1)]
[2024-06-01T16:49:51.129+0000] {taskinstance.py:441} INFO - ::group::Post task execution logs
[2024-06-01T16:49:51.175+0000] {taskinstance.py:1206} INFO - Marking task as SUCCESS. dag_id=city_data_workflow_DAG_final, task_id=group_tasks.check_data_city_is_exist, run_id=manual__2024-06-01T16:47:20.837201+00:00, execution_date=20240601T164720, start_date=20240601T164950, end_date=20240601T164951
[2024-06-01T16:49:51.215+0000] {local_task_job_runner.py:240} INFO - Task exited with return code 0
[2024-06-01T16:49:51.236+0000] {logging_mixin.py:188} WARNING - /home/***/.local/lib/python3.12/site-packages/***/models/baseoperator.py:1296 AirflowProviderDeprecationWarning: Call to deprecated class PostgresOperator. (Please use `***.providers.common.sql.operators.sql.SQLExecuteQueryOperator`.Also, you can provide `hook_params={'schema': <database>}`.)
[2024-06-01T16:49:51.268+0000] {taskinstance.py:3498} INFO - 1 downstream tasks scheduled from follow-on schedule check
[2024-06-01T16:49:51.272+0000] {local_task_job_runner.py:222} INFO - ::endgroup::
