[2024-06-01T04:42:06.647+0000] {local_task_job_runner.py:120} INFO - ::group::Pre task execution logs
[2024-06-01T04:42:06.676+0000] {taskinstance.py:2076} INFO - Dependencies all met for dep_context=non-requeueable deps ti=<TaskInstance: my_weather_workflow_DAG_v04.group_tasks.extract_weather_data_from_api manual__2024-06-01T04:41:57.492233+00:00 [queued]>
[2024-06-01T04:42:06.686+0000] {taskinstance.py:2076} INFO - Dependencies all met for dep_context=requeueable deps ti=<TaskInstance: my_weather_workflow_DAG_v04.group_tasks.extract_weather_data_from_api manual__2024-06-01T04:41:57.492233+00:00 [queued]>
[2024-06-01T04:42:06.687+0000] {taskinstance.py:2306} INFO - Starting attempt 1 of 6
[2024-06-01T04:42:06.703+0000] {taskinstance.py:2330} INFO - Executing <Task(PythonOperator): group_tasks.extract_weather_data_from_api> on 2024-06-01 04:41:57.492233+00:00
[2024-06-01T04:42:06.712+0000] {logging_mixin.py:188} WARNING - /home/***/.local/lib/python3.12/site-packages/***/task/task_runner/standard_task_runner.py:61 DeprecationWarning: This process (pid=4083) is multi-threaded, use of fork() may lead to deadlocks in the child.
[2024-06-01T04:42:06.713+0000] {standard_task_runner.py:63} INFO - Started process 4085 to run task
[2024-06-01T04:42:06.712+0000] {standard_task_runner.py:90} INFO - Running: ['***', 'tasks', 'run', 'my_weather_workflow_DAG_v04', 'group_tasks.extract_weather_data_from_api', 'manual__2024-06-01T04:41:57.492233+00:00', '--job-id', '494', '--raw', '--subdir', 'DAGS_FOLDER/weather_dag.py', '--cfg-path', '/tmp/tmp6rr4dfby']
[2024-06-01T04:42:06.715+0000] {standard_task_runner.py:91} INFO - Job 494: Subtask group_tasks.extract_weather_data_from_api
[2024-06-01T04:42:06.785+0000] {task_command.py:426} INFO - Running <TaskInstance: my_weather_workflow_DAG_v04.group_tasks.extract_weather_data_from_api manual__2024-06-01T04:41:57.492233+00:00 [running]> on host cd9caf1c47f0
[2024-06-01T04:42:06.930+0000] {taskinstance.py:2648} INFO - Exporting env vars: AIRFLOW_CTX_DAG_OWNER='Khang' AIRFLOW_CTX_DAG_ID='my_weather_workflow_DAG_v04' AIRFLOW_CTX_TASK_ID='group_tasks.extract_weather_data_from_api' AIRFLOW_CTX_EXECUTION_DATE='2024-06-01T04:41:57.492233+00:00' AIRFLOW_CTX_TRY_NUMBER='1' AIRFLOW_CTX_DAG_RUN_ID='manual__2024-06-01T04:41:57.492233+00:00'
[2024-06-01T04:42:06.932+0000] {taskinstance.py:430} INFO - ::endgroup::
[2024-06-01T04:42:06.946+0000] {baseoperator.py:399} WARNING - SimpleHttpOperator.execute cannot be called outside TaskInstance!
[2024-06-01T04:42:06.946+0000] {http.py:169} INFO - Calling HTTP method
[2024-06-01T04:42:06.961+0000] {base.py:84} INFO - Using connection ID 'weather_map_api_connection' for task execution.
[2024-06-01T04:42:06.973+0000] {base.py:84} INFO - Using connection ID 'weather_map_api_connection' for task execution.
[2024-06-01T04:42:07.213+0000] {http.py:208} INFO - {"coord":{"lon":108.1578,"lat":10.937},"weather":[{"id":804,"main":"Clouds","description":"overcast clouds","icon":"04d"}],"base":"stations","main":{"temp":304.36,"feels_like":309.53,"temp_min":304.36,"temp_max":304.36,"pressure":1010,"humidity":64,"sea_level":1010,"grnd_level":1004},"visibility":10000,"wind":{"speed":5.49,"deg":206,"gust":6.03},"clouds":{"all":98},"dt":1717216742,"sys":{"country":"VN","sunrise":1717194224,"sunset":1717240021},"timezone":25200,"id":1571058,"name":"Phan Thiet","cod":200}
[2024-06-01T04:42:07.260+0000] {python.py:237} INFO - Done. Returned value was: None
[2024-06-01T04:42:07.261+0000] {taskinstance.py:441} INFO - ::group::Post task execution logs
[2024-06-01T04:42:07.279+0000] {taskinstance.py:1206} INFO - Marking task as SUCCESS. dag_id=my_weather_workflow_DAG_v04, task_id=group_tasks.extract_weather_data_from_api, run_id=manual__2024-06-01T04:41:57.492233+00:00, execution_date=20240601T044157, start_date=20240601T044206, end_date=20240601T044207
[2024-06-01T04:42:07.331+0000] {local_task_job_runner.py:240} INFO - Task exited with return code 0
[2024-06-01T04:42:07.357+0000] {taskinstance.py:3498} INFO - 1 downstream tasks scheduled from follow-on schedule check
[2024-06-01T04:42:07.361+0000] {local_task_job_runner.py:222} INFO - ::endgroup::
