[2024-06-03T11:05:34.933+0000] {local_task_job_runner.py:120} INFO - ::group::Pre task execution logs
[2024-06-03T11:05:34.959+0000] {taskinstance.py:2076} INFO - Dependencies all met for dep_context=non-requeueable deps ti=<TaskInstance: city_data_workflow_DAG_final.group_tasks.is_weather_api_ready manual__2024-06-03T11:05:27.638846+00:00 [queued]>
[2024-06-03T11:05:34.969+0000] {taskinstance.py:2076} INFO - Dependencies all met for dep_context=requeueable deps ti=<TaskInstance: city_data_workflow_DAG_final.group_tasks.is_weather_api_ready manual__2024-06-03T11:05:27.638846+00:00 [queued]>
[2024-06-03T11:05:34.970+0000] {taskinstance.py:2306} INFO - Starting attempt 1 of 6
[2024-06-03T11:05:34.991+0000] {taskinstance.py:2330} INFO - Executing <Task(PythonOperator): group_tasks.is_weather_api_ready> on 2024-06-03 11:05:27.638846+00:00
[2024-06-03T11:05:35.000+0000] {standard_task_runner.py:90} INFO - Running: ['***', 'tasks', 'run', 'city_data_workflow_DAG_final', 'group_tasks.is_weather_api_ready', 'manual__2024-06-03T11:05:27.638846+00:00', '--job-id', '1031', '--raw', '--subdir', 'DAGS_FOLDER/tasks_flow.py', '--cfg-path', '/tmp/tmpa23u8fxm']
[2024-06-03T11:05:35.003+0000] {standard_task_runner.py:91} INFO - Job 1031: Subtask group_tasks.is_weather_api_ready
[2024-06-03T11:05:35.007+0000] {logging_mixin.py:188} WARNING - /home/***/.local/lib/python3.12/site-packages/***/task/task_runner/standard_task_runner.py:61 DeprecationWarning: This process (pid=848) is multi-threaded, use of fork() may lead to deadlocks in the child.
[2024-06-03T11:05:35.008+0000] {standard_task_runner.py:63} INFO - Started process 852 to run task
[2024-06-03T11:05:35.067+0000] {task_command.py:426} INFO - Running <TaskInstance: city_data_workflow_DAG_final.group_tasks.is_weather_api_ready manual__2024-06-03T11:05:27.638846+00:00 [running]> on host cd9caf1c47f0
[2024-06-03T11:05:35.208+0000] {taskinstance.py:2648} INFO - Exporting env vars: AIRFLOW_CTX_DAG_OWNER='Khang' AIRFLOW_CTX_DAG_ID='city_data_workflow_DAG_final' AIRFLOW_CTX_TASK_ID='group_tasks.is_weather_api_ready' AIRFLOW_CTX_EXECUTION_DATE='2024-06-03T11:05:27.638846+00:00' AIRFLOW_CTX_TRY_NUMBER='1' AIRFLOW_CTX_DAG_RUN_ID='manual__2024-06-03T11:05:27.638846+00:00'
[2024-06-03T11:05:35.209+0000] {taskinstance.py:430} INFO - ::endgroup::
[2024-06-03T11:05:35.224+0000] {http.py:137} INFO - Poking: /data/2.5/weather?lat=16.08333&lon=108.08333&appid=cb9774016f254a4cb1aa6516bf401afa
[2024-06-03T11:05:35.241+0000] {base.py:84} INFO - Using connection ID 'weather_map_api_connection' for task execution.
[2024-06-03T11:05:35.697+0000] {python.py:237} INFO - Done. Returned value was: None
[2024-06-03T11:05:35.699+0000] {taskinstance.py:441} INFO - ::group::Post task execution logs
[2024-06-03T11:05:35.713+0000] {taskinstance.py:1206} INFO - Marking task as SUCCESS. dag_id=city_data_workflow_DAG_final, task_id=group_tasks.is_weather_api_ready, run_id=manual__2024-06-03T11:05:27.638846+00:00, execution_date=20240603T110527, start_date=20240603T110534, end_date=20240603T110535
[2024-06-03T11:05:35.745+0000] {local_task_job_runner.py:240} INFO - Task exited with return code 0
[2024-06-03T11:05:35.762+0000] {logging_mixin.py:188} WARNING - /home/***/.local/lib/python3.12/site-packages/***/models/baseoperator.py:1296 AirflowProviderDeprecationWarning: Call to deprecated class PostgresOperator. (Please use `***.providers.common.sql.operators.sql.SQLExecuteQueryOperator`.Also, you can provide `hook_params={'schema': <database>}`.)
[2024-06-03T11:05:35.781+0000] {taskinstance.py:3498} INFO - 1 downstream tasks scheduled from follow-on schedule check
[2024-06-03T11:05:35.784+0000] {local_task_job_runner.py:222} INFO - ::endgroup::
