[2024-05-29T10:50:35.853+0000] {local_task_job_runner.py:120} INFO - ::group::Pre task execution logs
[2024-05-29T10:50:35.876+0000] {taskinstance.py:2076} INFO - Dependencies all met for dep_context=non-requeueable deps ti=<TaskInstance: my_weather_workflow_DAG_v03.extract_data_from_api manual__2024-05-29T10:50:31.799145+00:00 [queued]>
[2024-05-29T10:50:35.885+0000] {taskinstance.py:2076} INFO - Dependencies all met for dep_context=requeueable deps ti=<TaskInstance: my_weather_workflow_DAG_v03.extract_data_from_api manual__2024-05-29T10:50:31.799145+00:00 [queued]>
[2024-05-29T10:50:35.886+0000] {taskinstance.py:2306} INFO - Starting attempt 1 of 6
[2024-05-29T10:50:35.902+0000] {taskinstance.py:2330} INFO - Executing <Task(SimpleHttpOperator): extract_data_from_api> on 2024-05-29 10:50:31.799145+00:00
[2024-05-29T10:50:35.910+0000] {standard_task_runner.py:90} INFO - Running: ['***', 'tasks', 'run', 'my_weather_workflow_DAG_v03', 'extract_data_from_api', 'manual__2024-05-29T10:50:31.799145+00:00', '--job-id', '29', '--raw', '--subdir', 'DAGS_FOLDER/weather_dag.py', '--cfg-path', '/tmp/tmpshh797p0']
[2024-05-29T10:50:35.914+0000] {standard_task_runner.py:91} INFO - Job 29: Subtask extract_data_from_api
[2024-05-29T10:50:35.915+0000] {logging_mixin.py:188} WARNING - /home/***/.local/lib/python3.12/site-packages/***/task/task_runner/standard_task_runner.py:61 DeprecationWarning: This process (pid=972) is multi-threaded, use of fork() may lead to deadlocks in the child.
[2024-05-29T10:50:35.916+0000] {standard_task_runner.py:63} INFO - Started process 974 to run task
[2024-05-29T10:50:35.983+0000] {task_command.py:426} INFO - Running <TaskInstance: my_weather_workflow_DAG_v03.extract_data_from_api manual__2024-05-29T10:50:31.799145+00:00 [running]> on host cd9caf1c47f0
[2024-05-29T10:50:36.084+0000] {taskinstance.py:2648} INFO - Exporting env vars: AIRFLOW_CTX_DAG_OWNER='Khang' AIRFLOW_CTX_DAG_ID='my_weather_workflow_DAG_v03' AIRFLOW_CTX_TASK_ID='extract_data_from_api' AIRFLOW_CTX_EXECUTION_DATE='2024-05-29T10:50:31.799145+00:00' AIRFLOW_CTX_TRY_NUMBER='1' AIRFLOW_CTX_DAG_RUN_ID='manual__2024-05-29T10:50:31.799145+00:00'
[2024-05-29T10:50:36.086+0000] {taskinstance.py:430} INFO - ::endgroup::
[2024-05-29T10:50:36.098+0000] {http.py:169} INFO - Calling HTTP method
[2024-05-29T10:50:36.112+0000] {base.py:84} INFO - Using connection ID 'weather_map_api_connection' for task execution.
[2024-05-29T10:50:36.123+0000] {base.py:84} INFO - Using connection ID 'weather_map_api_connection' for task execution.
[2024-05-29T10:50:36.725+0000] {http.py:208} INFO - {"coord":{"lon":106.6602,"lat":10.7626},"weather":[{"id":803,"main":"Clouds","description":"broken clouds","icon":"04d"}],"base":"stations","main":{"temp":305.4,"feels_like":312.4,"temp_min":305.14,"temp_max":305.4,"pressure":1005,"humidity":70},"visibility":9000,"wind":{"speed":2.57,"deg":360},"clouds":{"all":75},"dt":1716979535,"sys":{"type":2,"id":2093009,"country":"VN","sunrise":1716935400,"sunset":1716981114},"timezone":25200,"id":1566083,"name":"Ho Chi Minh City","cod":200}
[2024-05-29T10:50:36.727+0000] {taskinstance.py:441} INFO - ::group::Post task execution logs
[2024-05-29T10:50:36.758+0000] {taskinstance.py:1206} INFO - Marking task as SUCCESS. dag_id=my_weather_workflow_DAG_v03, task_id=extract_data_from_api, run_id=manual__2024-05-29T10:50:31.799145+00:00, execution_date=20240529T105031, start_date=20240529T105035, end_date=20240529T105036
[2024-05-29T10:50:36.814+0000] {local_task_job_runner.py:240} INFO - Task exited with return code 0
[2024-05-29T10:50:36.828+0000] {logging_mixin.py:188} WARNING - /home/***/.local/lib/python3.12/site-packages/***/models/baseoperator.py:1296 AirflowProviderDeprecationWarning: Call to deprecated class SimpleHttpOperator. (Class `SimpleHttpOperator` is deprecated and will be removed in a future release. Please use `HttpOperator` instead.)
[2024-05-29T10:50:36.839+0000] {taskinstance.py:3498} INFO - 1 downstream tasks scheduled from follow-on schedule check
[2024-05-29T10:50:36.842+0000] {local_task_job_runner.py:222} INFO - ::endgroup::
