[2024-05-31T16:08:53.588+0000] {local_task_job_runner.py:120} INFO - ::group::Pre task execution logs
[2024-05-31T16:08:53.610+0000] {taskinstance.py:2076} INFO - Dependencies all met for dep_context=non-requeueable deps ti=<TaskInstance: my_weather_workflow_DAG_v04.group_tasks.transform_data_weather_api manual__2024-05-31T11:14:41.858816+00:00 [queued]>
[2024-05-31T16:08:53.619+0000] {taskinstance.py:2076} INFO - Dependencies all met for dep_context=requeueable deps ti=<TaskInstance: my_weather_workflow_DAG_v04.group_tasks.transform_data_weather_api manual__2024-05-31T11:14:41.858816+00:00 [queued]>
[2024-05-31T16:08:53.621+0000] {taskinstance.py:2306} INFO - Starting attempt 1 of 6
[2024-05-31T16:08:53.635+0000] {taskinstance.py:2330} INFO - Executing <Task(PythonOperator): group_tasks.transform_data_weather_api> on 2024-05-31 11:14:41.858816+00:00
[2024-05-31T16:08:53.643+0000] {standard_task_runner.py:90} INFO - Running: ['***', 'tasks', 'run', 'my_weather_workflow_DAG_v04', 'group_tasks.transform_data_weather_api', 'manual__2024-05-31T11:14:41.858816+00:00', '--job-id', '373', '--raw', '--subdir', 'DAGS_FOLDER/weather_dag.py', '--cfg-path', '/tmp/tmp9gaes0ly']
[2024-05-31T16:08:53.646+0000] {standard_task_runner.py:91} INFO - Job 373: Subtask group_tasks.transform_data_weather_api
[2024-05-31T16:08:53.648+0000] {logging_mixin.py:188} WARNING - /home/***/.local/lib/python3.12/site-packages/***/task/task_runner/standard_task_runner.py:61 DeprecationWarning: This process (pid=906) is multi-threaded, use of fork() may lead to deadlocks in the child.
[2024-05-31T16:08:53.649+0000] {standard_task_runner.py:63} INFO - Started process 908 to run task
[2024-05-31T16:08:53.718+0000] {task_command.py:426} INFO - Running <TaskInstance: my_weather_workflow_DAG_v04.group_tasks.transform_data_weather_api manual__2024-05-31T11:14:41.858816+00:00 [running]> on host cd9caf1c47f0
[2024-05-31T16:08:53.812+0000] {taskinstance.py:2648} INFO - Exporting env vars: AIRFLOW_CTX_DAG_OWNER='Khang' AIRFLOW_CTX_DAG_ID='my_weather_workflow_DAG_v04' AIRFLOW_CTX_TASK_ID='group_tasks.transform_data_weather_api' AIRFLOW_CTX_EXECUTION_DATE='2024-05-31T11:14:41.858816+00:00' AIRFLOW_CTX_TRY_NUMBER='1' AIRFLOW_CTX_DAG_RUN_ID='manual__2024-05-31T11:14:41.858816+00:00'
[2024-05-31T16:08:53.814+0000] {taskinstance.py:430} INFO - ::endgroup::
[2024-05-31T16:08:53.838+0000] {taskinstance.py:441} INFO - ::group::Post task execution logs
[2024-05-31T16:08:53.839+0000] {taskinstance.py:2905} ERROR - Task failed with exception
Traceback (most recent call last):
  File "/home/airflow/.local/lib/python3.12/site-packages/airflow/models/taskinstance.py", line 465, in _execute_task
    result = _execute_callable(context=context, **execute_callable_kwargs)
             ^^^^^^^^^^^^^^^^^^^^^^^^^^^^^^^^^^^^^^^^^^^^^^^^^^^^^^^^^^^^^
  File "/home/airflow/.local/lib/python3.12/site-packages/airflow/models/taskinstance.py", line 432, in _execute_callable
    return execute_callable(context=context, **execute_callable_kwargs)
           ^^^^^^^^^^^^^^^^^^^^^^^^^^^^^^^^^^^^^^^^^^^^^^^^^^^^^^^^^^^^
  File "/home/airflow/.local/lib/python3.12/site-packages/airflow/models/baseoperator.py", line 400, in wrapper
    return func(self, *args, **kwargs)
           ^^^^^^^^^^^^^^^^^^^^^^^^^^^
  File "/home/airflow/.local/lib/python3.12/site-packages/airflow/operators/python.py", line 235, in execute
    return_value = self.execute_callable()
                   ^^^^^^^^^^^^^^^^^^^^^^^
  File "/home/airflow/.local/lib/python3.12/site-packages/airflow/operators/python.py", line 252, in execute_callable
    return self.python_callable(*self.op_args, **self.op_kwargs)
           ^^^^^^^^^^^^^^^^^^^^^^^^^^^^^^^^^^^^^^^^^^^^^^^^^^^^^
  File "/opt/airflow/dags/weather_dag.py", line 132, in transform_data_weather_api
    weather_description = data_res['weather'][0]['description']
                          ~~~~~~~~^^^^^^^^^^^
TypeError: 'NoneType' object is not subscriptable
[2024-05-31T16:08:53.857+0000] {taskinstance.py:1206} INFO - Marking task as UP_FOR_RETRY. dag_id=my_weather_workflow_DAG_v04, task_id=group_tasks.transform_data_weather_api, run_id=manual__2024-05-31T11:14:41.858816+00:00, execution_date=20240531T111441, start_date=20240531T160853, end_date=20240531T160853
[2024-05-31T16:08:53.868+0000] {standard_task_runner.py:110} ERROR - Failed to execute job 373 for task group_tasks.transform_data_weather_api ('NoneType' object is not subscriptable; 908)
[2024-05-31T16:08:53.905+0000] {local_task_job_runner.py:240} INFO - Task exited with return code 1
[2024-05-31T16:08:53.951+0000] {taskinstance.py:3498} INFO - 0 downstream tasks scheduled from follow-on schedule check
[2024-05-31T16:08:53.954+0000] {local_task_job_runner.py:222} INFO - ::endgroup::
