[2024-06-01T05:12:46.090+0000] {local_task_job_runner.py:120} INFO - ::group::Pre task execution logs
[2024-06-01T05:12:46.113+0000] {taskinstance.py:2076} INFO - Dependencies all met for dep_context=non-requeueable deps ti=<TaskInstance: my_weather_workflow_DAG_v04.group_tasks.create_table_weather_postgresql manual__2024-06-01T04:42:53.478399+00:00 [queued]>
[2024-06-01T05:12:46.123+0000] {taskinstance.py:2076} INFO - Dependencies all met for dep_context=requeueable deps ti=<TaskInstance: my_weather_workflow_DAG_v04.group_tasks.create_table_weather_postgresql manual__2024-06-01T04:42:53.478399+00:00 [queued]>
[2024-06-01T05:12:46.125+0000] {taskinstance.py:2306} INFO - Starting attempt 4 of 9
[2024-06-01T05:12:46.141+0000] {taskinstance.py:2330} INFO - Executing <Task(PostgresOperator): group_tasks.create_table_weather_postgresql> on 2024-06-01 04:42:53.478399+00:00
[2024-06-01T05:12:46.151+0000] {logging_mixin.py:188} WARNING - /home/***/.local/lib/python3.12/site-packages/***/task/task_runner/standard_task_runner.py:61 DeprecationWarning: This process (pid=5079) is multi-threaded, use of fork() may lead to deadlocks in the child.
[2024-06-01T05:12:46.153+0000] {standard_task_runner.py:63} INFO - Started process 5084 to run task
[2024-06-01T05:12:46.152+0000] {standard_task_runner.py:90} INFO - Running: ['***', 'tasks', 'run', 'my_weather_workflow_DAG_v04', 'group_tasks.create_table_weather_postgresql', 'manual__2024-06-01T04:42:53.478399+00:00', '--job-id', '570', '--raw', '--subdir', 'DAGS_FOLDER/weather_dag.py', '--cfg-path', '/tmp/tmplkb1762_']
[2024-06-01T05:12:46.155+0000] {standard_task_runner.py:91} INFO - Job 570: Subtask group_tasks.create_table_weather_postgresql
[2024-06-01T05:12:46.227+0000] {task_command.py:426} INFO - Running <TaskInstance: my_weather_workflow_DAG_v04.group_tasks.create_table_weather_postgresql manual__2024-06-01T04:42:53.478399+00:00 [running]> on host cd9caf1c47f0
[2024-06-01T05:12:46.353+0000] {taskinstance.py:2648} INFO - Exporting env vars: AIRFLOW_CTX_DAG_OWNER='Khang' AIRFLOW_CTX_DAG_ID='my_weather_workflow_DAG_v04' AIRFLOW_CTX_TASK_ID='group_tasks.create_table_weather_postgresql' AIRFLOW_CTX_EXECUTION_DATE='2024-06-01T04:42:53.478399+00:00' AIRFLOW_CTX_TRY_NUMBER='4' AIRFLOW_CTX_DAG_RUN_ID='manual__2024-06-01T04:42:53.478399+00:00'
[2024-06-01T05:12:46.355+0000] {taskinstance.py:430} INFO - ::endgroup::
[2024-06-01T05:12:46.372+0000] {sql.py:276} INFO - Executing: CREATE TABLE IF NOT EXISTS weathers(
  fk_city varchar(20) REFERENCES cities(wiki_id),

  weather_description VARCHAR(255) NOT NULL,
  temp_celsius DOUBLE PRECISION NOT NULL,
  min_temp_celsius DOUBLE PRECISION,
  max_temp_celsius DOUBLE PRECISION,
  pressure DOUBLE PRECISION,
  humidity DOUBLE PRECISION NOT NULL,
  wind_speed DOUBLE PRECISION NOT NULL,
  time_of_record timestamp NOT NULL,
  sunrise_time timestamp,
  sunset_time timestamp
);
[2024-06-01T05:12:46.392+0000] {base.py:84} INFO - Using connection ID 'postgres_connection_id' for task execution.
[2024-06-01T05:12:46.407+0000] {base.py:84} INFO - Using connection ID 'postgres_connection_id' for task execution.
[2024-06-01T05:12:46.416+0000] {sql.py:470} INFO - Running statement: CREATE TABLE IF NOT EXISTS weathers(
  fk_city varchar(20) REFERENCES cities(wiki_id),

  weather_description VARCHAR(255) NOT NULL,
  temp_celsius DOUBLE PRECISION NOT NULL,
  min_temp_celsius DOUBLE PRECISION,
  max_temp_celsius DOUBLE PRECISION,
  pressure DOUBLE PRECISION,
  humidity DOUBLE PRECISION NOT NULL,
  wind_speed DOUBLE PRECISION NOT NULL,
  time_of_record timestamp NOT NULL,
  sunrise_time timestamp,
  sunset_time timestamp
);, parameters: None
[2024-06-01T05:12:46.433+0000] {taskinstance.py:441} INFO - ::group::Post task execution logs
[2024-06-01T05:12:46.451+0000] {taskinstance.py:1206} INFO - Marking task as SUCCESS. dag_id=my_weather_workflow_DAG_v04, task_id=group_tasks.create_table_weather_postgresql, run_id=manual__2024-06-01T04:42:53.478399+00:00, execution_date=20240601T044253, start_date=20240601T051246, end_date=20240601T051246
[2024-06-01T05:12:46.488+0000] {local_task_job_runner.py:240} INFO - Task exited with return code 0
[2024-06-01T05:12:46.510+0000] {taskinstance.py:3498} INFO - 0 downstream tasks scheduled from follow-on schedule check
[2024-06-01T05:12:46.513+0000] {local_task_job_runner.py:222} INFO - ::endgroup::
