[2024-05-25T15:22:38.812+0000] {local_task_job_runner.py:120} INFO - ::group::Pre task execution logs
[2024-05-25T15:22:38.837+0000] {taskinstance.py:2076} INFO - Dependencies all met for dep_context=non-requeueable deps ti=<TaskInstance: my_weather_workflow_DAG_v03.extract_data_from_api manual__2024-05-25T15:22:35.369972+00:00 [queued]>
[2024-05-25T15:22:38.847+0000] {taskinstance.py:2076} INFO - Dependencies all met for dep_context=requeueable deps ti=<TaskInstance: my_weather_workflow_DAG_v03.extract_data_from_api manual__2024-05-25T15:22:35.369972+00:00 [queued]>
[2024-05-25T15:22:38.848+0000] {taskinstance.py:2306} INFO - Starting attempt 1 of 6
[2024-05-25T15:22:38.863+0000] {taskinstance.py:2330} INFO - Executing <Task(SimpleHttpOperator): extract_data_from_api> on 2024-05-25 15:22:35.369972+00:00
[2024-05-25T15:22:38.872+0000] {standard_task_runner.py:90} INFO - Running: ['***', 'tasks', 'run', 'my_weather_workflow_DAG_v03', 'extract_data_from_api', 'manual__2024-05-25T15:22:35.369972+00:00', '--job-id', '146', '--raw', '--subdir', 'DAGS_FOLDER/weather_dag.py', '--cfg-path', '/tmp/tmpqgf8srk0']
[2024-05-25T15:22:38.875+0000] {standard_task_runner.py:91} INFO - Job 146: Subtask extract_data_from_api
[2024-05-25T15:22:38.876+0000] {logging_mixin.py:188} WARNING - /home/***/.local/lib/python3.12/site-packages/***/task/task_runner/standard_task_runner.py:61 DeprecationWarning: This process (pid=2290) is multi-threaded, use of fork() may lead to deadlocks in the child.
[2024-05-25T15:22:38.877+0000] {standard_task_runner.py:63} INFO - Started process 2292 to run task
[2024-05-25T15:22:38.939+0000] {task_command.py:426} INFO - Running <TaskInstance: my_weather_workflow_DAG_v03.extract_data_from_api manual__2024-05-25T15:22:35.369972+00:00 [running]> on host c0a968b5acd8
[2024-05-25T15:22:39.044+0000] {taskinstance.py:2648} INFO - Exporting env vars: AIRFLOW_CTX_DAG_OWNER='Khang' AIRFLOW_CTX_DAG_ID='my_weather_workflow_DAG_v03' AIRFLOW_CTX_TASK_ID='extract_data_from_api' AIRFLOW_CTX_EXECUTION_DATE='2024-05-25T15:22:35.369972+00:00' AIRFLOW_CTX_TRY_NUMBER='1' AIRFLOW_CTX_DAG_RUN_ID='manual__2024-05-25T15:22:35.369972+00:00'
[2024-05-25T15:22:39.046+0000] {taskinstance.py:430} INFO - ::endgroup::
[2024-05-25T15:22:39.059+0000] {http.py:169} INFO - Calling HTTP method
[2024-05-25T15:22:39.074+0000] {base.py:84} INFO - Using connection ID 'weather_map_api_connection' for task execution.
[2024-05-25T15:22:39.087+0000] {base.py:84} INFO - Using connection ID 'weather_map_api_connection' for task execution.
[2024-05-25T15:22:39.253+0000] {http.py:208} INFO - {"coord":{"lon":106.6633,"lat":10.7609},"weather":[{"id":801,"main":"Clouds","description":"few clouds","icon":"02n"}],"base":"stations","main":{"temp":304.27,"feels_like":311.27,"temp_min":304.13,"temp_max":304.27,"pressure":1009,"humidity":78},"visibility":10000,"wind":{"speed":3.13,"deg":172,"gust":5.81},"clouds":{"all":20},"dt":1716650515,"sys":{"type":2,"id":2093009,"country":"VN","sunrise":1716589806,"sunset":1716635448},"timezone":25200,"id":1566083,"name":"Ho Chi Minh City","cod":200}
[2024-05-25T15:22:39.257+0000] {taskinstance.py:441} INFO - ::group::Post task execution logs
[2024-05-25T15:22:39.304+0000] {taskinstance.py:1206} INFO - Marking task as SUCCESS. dag_id=my_weather_workflow_DAG_v03, task_id=extract_data_from_api, run_id=manual__2024-05-25T15:22:35.369972+00:00, execution_date=20240525T152235, start_date=20240525T152238, end_date=20240525T152239
[2024-05-25T15:22:39.333+0000] {local_task_job_runner.py:240} INFO - Task exited with return code 0
[2024-05-25T15:22:39.356+0000] {logging_mixin.py:188} WARNING - /home/***/.local/lib/python3.12/site-packages/***/models/baseoperator.py:1296 AirflowProviderDeprecationWarning: Call to deprecated class SimpleHttpOperator. (Class `SimpleHttpOperator` is deprecated and will be removed in a future release. Please use `HttpOperator` instead.)
[2024-05-25T15:22:39.374+0000] {taskinstance.py:3498} INFO - 1 downstream tasks scheduled from follow-on schedule check
[2024-05-25T15:22:39.377+0000] {local_task_job_runner.py:222} INFO - ::endgroup::
