[2024-05-25T15:54:48.521+0000] {local_task_job_runner.py:120} INFO - ::group::Pre task execution logs
[2024-05-25T15:54:48.547+0000] {taskinstance.py:2076} INFO - Dependencies all met for dep_context=non-requeueable deps ti=<TaskInstance: my_weather_workflow_DAG_v03.extract_data_from_api manual__2024-05-25T15:22:35.369972+00:00 [queued]>
[2024-05-25T15:54:48.556+0000] {taskinstance.py:2076} INFO - Dependencies all met for dep_context=requeueable deps ti=<TaskInstance: my_weather_workflow_DAG_v03.extract_data_from_api manual__2024-05-25T15:22:35.369972+00:00 [queued]>
[2024-05-25T15:54:48.557+0000] {taskinstance.py:2306} INFO - Starting attempt 5 of 10
[2024-05-25T15:54:48.573+0000] {taskinstance.py:2330} INFO - Executing <Task(SimpleHttpOperator): extract_data_from_api> on 2024-05-25 15:22:35.369972+00:00
[2024-05-25T15:54:48.581+0000] {logging_mixin.py:188} WARNING - /home/***/.local/lib/python3.12/site-packages/***/task/task_runner/standard_task_runner.py:61 DeprecationWarning: This process (pid=3112) is multi-threaded, use of fork() may lead to deadlocks in the child.
[2024-05-25T15:54:48.582+0000] {standard_task_runner.py:63} INFO - Started process 3114 to run task
[2024-05-25T15:54:48.581+0000] {standard_task_runner.py:90} INFO - Running: ['***', 'tasks', 'run', 'my_weather_workflow_DAG_v03', 'extract_data_from_api', 'manual__2024-05-25T15:22:35.369972+00:00', '--job-id', '162', '--raw', '--subdir', 'DAGS_FOLDER/weather_dag.py', '--cfg-path', '/tmp/tmp8ar2td86']
[2024-05-25T15:54:48.583+0000] {standard_task_runner.py:91} INFO - Job 162: Subtask extract_data_from_api
[2024-05-25T15:54:48.662+0000] {task_command.py:426} INFO - Running <TaskInstance: my_weather_workflow_DAG_v03.extract_data_from_api manual__2024-05-25T15:22:35.369972+00:00 [running]> on host c0a968b5acd8
[2024-05-25T15:54:48.784+0000] {taskinstance.py:2648} INFO - Exporting env vars: AIRFLOW_CTX_DAG_OWNER='Khang' AIRFLOW_CTX_DAG_ID='my_weather_workflow_DAG_v03' AIRFLOW_CTX_TASK_ID='extract_data_from_api' AIRFLOW_CTX_EXECUTION_DATE='2024-05-25T15:22:35.369972+00:00' AIRFLOW_CTX_TRY_NUMBER='5' AIRFLOW_CTX_DAG_RUN_ID='manual__2024-05-25T15:22:35.369972+00:00'
[2024-05-25T15:54:48.786+0000] {taskinstance.py:430} INFO - ::endgroup::
[2024-05-25T15:54:48.803+0000] {http.py:169} INFO - Calling HTTP method
[2024-05-25T15:54:48.819+0000] {base.py:84} INFO - Using connection ID 'weather_map_api_connection' for task execution.
[2024-05-25T15:54:48.831+0000] {base.py:84} INFO - Using connection ID 'weather_map_api_connection' for task execution.
[2024-05-25T15:54:49.018+0000] {http.py:208} INFO - {"coord":{"lon":106.6598,"lat":10.7643},"weather":[{"id":801,"main":"Clouds","description":"few clouds","icon":"02n"}],"base":"stations","main":{"temp":304.29,"feels_like":311.29,"temp_min":304.14,"temp_max":304.29,"pressure":1009,"humidity":79},"visibility":10000,"wind":{"speed":3.6,"deg":170},"clouds":{"all":20},"dt":1716652156,"sys":{"type":2,"id":2093009,"country":"VN","sunrise":1716589807,"sunset":1716635449},"timezone":25200,"id":1566083,"name":"Ho Chi Minh City","cod":200}
[2024-05-25T15:54:49.020+0000] {taskinstance.py:441} INFO - ::group::Post task execution logs
[2024-05-25T15:54:49.049+0000] {taskinstance.py:1206} INFO - Marking task as SUCCESS. dag_id=my_weather_workflow_DAG_v03, task_id=extract_data_from_api, run_id=manual__2024-05-25T15:22:35.369972+00:00, execution_date=20240525T152235, start_date=20240525T155448, end_date=20240525T155449
[2024-05-25T15:54:49.077+0000] {local_task_job_runner.py:240} INFO - Task exited with return code 0
[2024-05-25T15:54:49.093+0000] {logging_mixin.py:188} WARNING - /home/***/.local/lib/python3.12/site-packages/***/models/baseoperator.py:1296 AirflowProviderDeprecationWarning: Call to deprecated class SimpleHttpOperator. (Class `SimpleHttpOperator` is deprecated and will be removed in a future release. Please use `HttpOperator` instead.)
[2024-05-25T15:54:49.109+0000] {taskinstance.py:3498} INFO - 1 downstream tasks scheduled from follow-on schedule check
[2024-05-25T15:54:49.112+0000] {local_task_job_runner.py:222} INFO - ::endgroup::
