[2024-05-26T04:01:02.156+0000] {processor.py:161} INFO - Started process (PID=170) to work on /opt/airflow/dags/weather_dag.py
[2024-05-26T04:01:02.158+0000] {processor.py:830} INFO - Processing file /opt/airflow/dags/weather_dag.py for tasks to queue
[2024-05-26T04:01:02.162+0000] {logging_mixin.py:188} INFO - [2024-05-26T04:01:02.161+0000] {dagbag.py:545} INFO - Filling up the DagBag from /opt/airflow/dags/weather_dag.py
[2024-05-26T04:01:03.444+0000] {processor.py:840} INFO - DAG(s) 'my_weather_workflow_DAG_v03' retrieved from /opt/airflow/dags/weather_dag.py
[2024-05-26T04:01:03.476+0000] {logging_mixin.py:188} INFO - [2024-05-26T04:01:03.476+0000] {dag.py:3096} INFO - Sync 1 DAGs
[2024-05-26T04:01:03.507+0000] {logging_mixin.py:188} INFO - [2024-05-26T04:01:03.507+0000] {dag.py:3954} INFO - Setting next_dagrun for my_weather_workflow_DAG_v03 to 2024-05-26 00:00:00+00:00, run_after=2024-05-27 00:00:00+00:00
[2024-05-26T04:01:03.531+0000] {processor.py:183} INFO - Processing /opt/airflow/dags/weather_dag.py took 1.383 seconds
[2024-05-26T04:01:33.752+0000] {processor.py:161} INFO - Started process (PID=198) to work on /opt/airflow/dags/weather_dag.py
[2024-05-26T04:01:33.754+0000] {processor.py:830} INFO - Processing file /opt/airflow/dags/weather_dag.py for tasks to queue
[2024-05-26T04:01:33.756+0000] {logging_mixin.py:188} INFO - [2024-05-26T04:01:33.756+0000] {dagbag.py:545} INFO - Filling up the DagBag from /opt/airflow/dags/weather_dag.py
[2024-05-26T04:01:34.232+0000] {processor.py:840} INFO - DAG(s) 'my_weather_workflow_DAG_v03' retrieved from /opt/airflow/dags/weather_dag.py
[2024-05-26T04:01:34.264+0000] {logging_mixin.py:188} INFO - [2024-05-26T04:01:34.264+0000] {dag.py:3096} INFO - Sync 1 DAGs
[2024-05-26T04:01:34.291+0000] {logging_mixin.py:188} INFO - [2024-05-26T04:01:34.290+0000] {dag.py:3954} INFO - Setting next_dagrun for my_weather_workflow_DAG_v03 to 2024-05-26 00:00:00+00:00, run_after=2024-05-27 00:00:00+00:00
[2024-05-26T04:01:34.324+0000] {processor.py:183} INFO - Processing /opt/airflow/dags/weather_dag.py took 0.579 seconds
[2024-05-26T04:02:04.545+0000] {processor.py:161} INFO - Started process (PID=210) to work on /opt/airflow/dags/weather_dag.py
[2024-05-26T04:02:04.547+0000] {processor.py:830} INFO - Processing file /opt/airflow/dags/weather_dag.py for tasks to queue
[2024-05-26T04:02:04.548+0000] {logging_mixin.py:188} INFO - [2024-05-26T04:02:04.548+0000] {dagbag.py:545} INFO - Filling up the DagBag from /opt/airflow/dags/weather_dag.py
[2024-05-26T04:02:05.068+0000] {processor.py:840} INFO - DAG(s) 'my_weather_workflow_DAG_v03' retrieved from /opt/airflow/dags/weather_dag.py
[2024-05-26T04:02:05.095+0000] {logging_mixin.py:188} INFO - [2024-05-26T04:02:05.094+0000] {dag.py:3096} INFO - Sync 1 DAGs
[2024-05-26T04:02:05.115+0000] {logging_mixin.py:188} INFO - [2024-05-26T04:02:05.115+0000] {dag.py:3954} INFO - Setting next_dagrun for my_weather_workflow_DAG_v03 to 2024-05-26 00:00:00+00:00, run_after=2024-05-27 00:00:00+00:00
[2024-05-26T04:02:05.133+0000] {processor.py:183} INFO - Processing /opt/airflow/dags/weather_dag.py took 0.594 seconds
[2024-05-26T04:02:35.357+0000] {processor.py:161} INFO - Started process (PID=222) to work on /opt/airflow/dags/weather_dag.py
[2024-05-26T04:02:35.358+0000] {processor.py:830} INFO - Processing file /opt/airflow/dags/weather_dag.py for tasks to queue
[2024-05-26T04:02:35.360+0000] {logging_mixin.py:188} INFO - [2024-05-26T04:02:35.360+0000] {dagbag.py:545} INFO - Filling up the DagBag from /opt/airflow/dags/weather_dag.py
[2024-05-26T04:02:35.894+0000] {processor.py:840} INFO - DAG(s) 'my_weather_workflow_DAG_v03' retrieved from /opt/airflow/dags/weather_dag.py
[2024-05-26T04:02:35.918+0000] {logging_mixin.py:188} INFO - [2024-05-26T04:02:35.917+0000] {dag.py:3096} INFO - Sync 1 DAGs
[2024-05-26T04:02:35.936+0000] {logging_mixin.py:188} INFO - [2024-05-26T04:02:35.936+0000] {dag.py:3954} INFO - Setting next_dagrun for my_weather_workflow_DAG_v03 to 2024-05-26 00:00:00+00:00, run_after=2024-05-27 00:00:00+00:00
[2024-05-26T04:02:35.953+0000] {processor.py:183} INFO - Processing /opt/airflow/dags/weather_dag.py took 0.602 seconds
[2024-05-26T04:03:06.163+0000] {processor.py:161} INFO - Started process (PID=234) to work on /opt/airflow/dags/weather_dag.py
[2024-05-26T04:03:06.167+0000] {processor.py:830} INFO - Processing file /opt/airflow/dags/weather_dag.py for tasks to queue
[2024-05-26T04:03:06.173+0000] {logging_mixin.py:188} INFO - [2024-05-26T04:03:06.172+0000] {dagbag.py:545} INFO - Filling up the DagBag from /opt/airflow/dags/weather_dag.py
[2024-05-26T04:03:06.678+0000] {processor.py:840} INFO - DAG(s) 'my_weather_workflow_DAG_v03' retrieved from /opt/airflow/dags/weather_dag.py
[2024-05-26T04:03:06.702+0000] {logging_mixin.py:188} INFO - [2024-05-26T04:03:06.702+0000] {dag.py:3096} INFO - Sync 1 DAGs
[2024-05-26T04:03:06.721+0000] {logging_mixin.py:188} INFO - [2024-05-26T04:03:06.721+0000] {dag.py:3954} INFO - Setting next_dagrun for my_weather_workflow_DAG_v03 to 2024-05-26 00:00:00+00:00, run_after=2024-05-27 00:00:00+00:00
[2024-05-26T04:03:06.740+0000] {processor.py:183} INFO - Processing /opt/airflow/dags/weather_dag.py took 0.592 seconds
[2024-05-26T04:03:36.964+0000] {processor.py:161} INFO - Started process (PID=246) to work on /opt/airflow/dags/weather_dag.py
[2024-05-26T04:03:36.965+0000] {processor.py:830} INFO - Processing file /opt/airflow/dags/weather_dag.py for tasks to queue
[2024-05-26T04:03:36.967+0000] {logging_mixin.py:188} INFO - [2024-05-26T04:03:36.967+0000] {dagbag.py:545} INFO - Filling up the DagBag from /opt/airflow/dags/weather_dag.py
[2024-05-26T04:03:37.528+0000] {processor.py:840} INFO - DAG(s) 'my_weather_workflow_DAG_v03' retrieved from /opt/airflow/dags/weather_dag.py
[2024-05-26T04:03:37.559+0000] {logging_mixin.py:188} INFO - [2024-05-26T04:03:37.559+0000] {dag.py:3096} INFO - Sync 1 DAGs
[2024-05-26T04:03:37.586+0000] {logging_mixin.py:188} INFO - [2024-05-26T04:03:37.586+0000] {dag.py:3954} INFO - Setting next_dagrun for my_weather_workflow_DAG_v03 to 2024-05-26 00:00:00+00:00, run_after=2024-05-27 00:00:00+00:00
[2024-05-26T04:03:37.665+0000] {processor.py:183} INFO - Processing /opt/airflow/dags/weather_dag.py took 0.708 seconds
[2024-05-26T04:04:07.891+0000] {processor.py:161} INFO - Started process (PID=258) to work on /opt/airflow/dags/weather_dag.py
[2024-05-26T04:04:07.893+0000] {processor.py:830} INFO - Processing file /opt/airflow/dags/weather_dag.py for tasks to queue
[2024-05-26T04:04:07.895+0000] {logging_mixin.py:188} INFO - [2024-05-26T04:04:07.895+0000] {dagbag.py:545} INFO - Filling up the DagBag from /opt/airflow/dags/weather_dag.py
[2024-05-26T04:04:08.629+0000] {processor.py:840} INFO - DAG(s) 'my_weather_workflow_DAG_v03' retrieved from /opt/airflow/dags/weather_dag.py
[2024-05-26T04:04:08.664+0000] {logging_mixin.py:188} INFO - [2024-05-26T04:04:08.663+0000] {dag.py:3096} INFO - Sync 1 DAGs
[2024-05-26T04:04:08.688+0000] {logging_mixin.py:188} INFO - [2024-05-26T04:04:08.688+0000] {dag.py:3954} INFO - Setting next_dagrun for my_weather_workflow_DAG_v03 to 2024-05-26 00:00:00+00:00, run_after=2024-05-27 00:00:00+00:00
[2024-05-26T04:04:08.714+0000] {processor.py:183} INFO - Processing /opt/airflow/dags/weather_dag.py took 0.830 seconds
[2024-05-26T04:04:38.958+0000] {processor.py:161} INFO - Started process (PID=270) to work on /opt/airflow/dags/weather_dag.py
[2024-05-26T04:04:38.959+0000] {processor.py:830} INFO - Processing file /opt/airflow/dags/weather_dag.py for tasks to queue
[2024-05-26T04:04:38.962+0000] {logging_mixin.py:188} INFO - [2024-05-26T04:04:38.962+0000] {dagbag.py:545} INFO - Filling up the DagBag from /opt/airflow/dags/weather_dag.py
[2024-05-26T04:04:39.927+0000] {processor.py:840} INFO - DAG(s) 'my_weather_workflow_DAG_v03' retrieved from /opt/airflow/dags/weather_dag.py
[2024-05-26T04:04:39.992+0000] {logging_mixin.py:188} INFO - [2024-05-26T04:04:39.991+0000] {dag.py:3096} INFO - Sync 1 DAGs
[2024-05-26T04:04:40.031+0000] {logging_mixin.py:188} INFO - [2024-05-26T04:04:40.031+0000] {dag.py:3954} INFO - Setting next_dagrun for my_weather_workflow_DAG_v03 to 2024-05-26 00:00:00+00:00, run_after=2024-05-27 00:00:00+00:00
[2024-05-26T04:04:40.064+0000] {processor.py:183} INFO - Processing /opt/airflow/dags/weather_dag.py took 1.120 seconds
[2024-05-26T04:37:19.257+0000] {processor.py:161} INFO - Started process (PID=169) to work on /opt/airflow/dags/weather_dag.py
[2024-05-26T04:37:19.259+0000] {processor.py:830} INFO - Processing file /opt/airflow/dags/weather_dag.py for tasks to queue
[2024-05-26T04:37:19.262+0000] {logging_mixin.py:188} INFO - [2024-05-26T04:37:19.262+0000] {dagbag.py:545} INFO - Filling up the DagBag from /opt/airflow/dags/weather_dag.py
[2024-05-26T04:37:20.539+0000] {processor.py:840} INFO - DAG(s) 'my_weather_workflow_DAG_v03' retrieved from /opt/airflow/dags/weather_dag.py
[2024-05-26T04:37:20.583+0000] {logging_mixin.py:188} INFO - [2024-05-26T04:37:20.582+0000] {dag.py:3096} INFO - Sync 1 DAGs
[2024-05-26T04:37:20.620+0000] {logging_mixin.py:188} INFO - [2024-05-26T04:37:20.620+0000] {dag.py:3954} INFO - Setting next_dagrun for my_weather_workflow_DAG_v03 to 2024-05-26 00:00:00+00:00, run_after=2024-05-27 00:00:00+00:00
[2024-05-26T04:37:20.650+0000] {processor.py:183} INFO - Processing /opt/airflow/dags/weather_dag.py took 1.404 seconds
[2024-05-26T04:37:50.899+0000] {processor.py:161} INFO - Started process (PID=181) to work on /opt/airflow/dags/weather_dag.py
[2024-05-26T04:37:50.901+0000] {processor.py:830} INFO - Processing file /opt/airflow/dags/weather_dag.py for tasks to queue
[2024-05-26T04:37:50.904+0000] {logging_mixin.py:188} INFO - [2024-05-26T04:37:50.903+0000] {dagbag.py:545} INFO - Filling up the DagBag from /opt/airflow/dags/weather_dag.py
[2024-05-26T04:37:51.591+0000] {processor.py:840} INFO - DAG(s) 'my_weather_workflow_DAG_v03' retrieved from /opt/airflow/dags/weather_dag.py
[2024-05-26T04:37:51.645+0000] {logging_mixin.py:188} INFO - [2024-05-26T04:37:51.644+0000] {dag.py:3096} INFO - Sync 1 DAGs
[2024-05-26T04:37:51.684+0000] {logging_mixin.py:188} INFO - [2024-05-26T04:37:51.684+0000] {dag.py:3954} INFO - Setting next_dagrun for my_weather_workflow_DAG_v03 to 2024-05-26 00:00:00+00:00, run_after=2024-05-27 00:00:00+00:00
[2024-05-26T04:37:51.709+0000] {processor.py:183} INFO - Processing /opt/airflow/dags/weather_dag.py took 0.818 seconds
