[2024-06-03T10:49:05.575+0000] {local_task_job_runner.py:120} INFO - ::group::Pre task execution logs
[2024-06-03T10:49:05.597+0000] {taskinstance.py:2076} INFO - Dependencies all met for dep_context=non-requeueable deps ti=<TaskInstance: city_data_workflow_DAG_final.delete_files_csv manual__2024-06-03T10:48:40.858423+00:00 [queued]>
[2024-06-03T10:49:05.606+0000] {taskinstance.py:2076} INFO - Dependencies all met for dep_context=requeueable deps ti=<TaskInstance: city_data_workflow_DAG_final.delete_files_csv manual__2024-06-03T10:48:40.858423+00:00 [queued]>
[2024-06-03T10:49:05.607+0000] {taskinstance.py:2306} INFO - Starting attempt 1 of 6
[2024-06-03T10:49:05.620+0000] {taskinstance.py:2330} INFO - Executing <Task(PythonOperator): delete_files_csv> on 2024-06-03 10:48:40.858423+00:00
[2024-06-03T10:49:05.628+0000] {standard_task_runner.py:90} INFO - Running: ['***', 'tasks', 'run', 'city_data_workflow_DAG_final', 'delete_files_csv', 'manual__2024-06-03T10:48:40.858423+00:00', '--job-id', '1025', '--raw', '--subdir', 'DAGS_FOLDER/tasks_flow.py', '--cfg-path', '/tmp/tmpcv5r7cha']
[2024-06-03T10:49:05.631+0000] {standard_task_runner.py:91} INFO - Job 1025: Subtask delete_files_csv
[2024-06-03T10:49:05.634+0000] {logging_mixin.py:188} WARNING - /home/***/.local/lib/python3.12/site-packages/***/task/task_runner/standard_task_runner.py:61 DeprecationWarning: This process (pid=430) is multi-threaded, use of fork() may lead to deadlocks in the child.
[2024-06-03T10:49:05.635+0000] {standard_task_runner.py:63} INFO - Started process 432 to run task
[2024-06-03T10:49:05.691+0000] {task_command.py:426} INFO - Running <TaskInstance: city_data_workflow_DAG_final.delete_files_csv manual__2024-06-03T10:48:40.858423+00:00 [running]> on host cd9caf1c47f0
[2024-06-03T10:49:05.787+0000] {taskinstance.py:2648} INFO - Exporting env vars: AIRFLOW_CTX_DAG_OWNER='Khang' AIRFLOW_CTX_DAG_ID='city_data_workflow_DAG_final' AIRFLOW_CTX_TASK_ID='delete_files_csv' AIRFLOW_CTX_EXECUTION_DATE='2024-06-03T10:48:40.858423+00:00' AIRFLOW_CTX_TRY_NUMBER='1' AIRFLOW_CTX_DAG_RUN_ID='manual__2024-06-03T10:48:40.858423+00:00'
[2024-06-03T10:49:05.789+0000] {taskinstance.py:430} INFO - ::endgroup::
[2024-06-03T10:49:05.806+0000] {logging_mixin.py:188} INFO - All files deleted successfully
[2024-06-03T10:49:05.810+0000] {logging_mixin.py:188} INFO - All files deleted successfully
[2024-06-03T10:49:05.812+0000] {logging_mixin.py:188} INFO - All files deleted successfully
[2024-06-03T10:49:05.813+0000] {python.py:237} INFO - Done. Returned value was: None
[2024-06-03T10:49:05.814+0000] {taskinstance.py:441} INFO - ::group::Post task execution logs
[2024-06-03T10:49:05.826+0000] {taskinstance.py:1206} INFO - Marking task as SUCCESS. dag_id=city_data_workflow_DAG_final, task_id=delete_files_csv, run_id=manual__2024-06-03T10:48:40.858423+00:00, execution_date=20240603T104840, start_date=20240603T104905, end_date=20240603T104905
[2024-06-03T10:49:05.850+0000] {local_task_job_runner.py:240} INFO - Task exited with return code 0
[2024-06-03T10:49:05.866+0000] {logging_mixin.py:188} WARNING - /home/***/.local/lib/python3.12/site-packages/***/models/baseoperator.py:1296 AirflowProviderDeprecationWarning: Call to deprecated class PostgresOperator. (Please use `***.providers.common.sql.operators.sql.SQLExecuteQueryOperator`.Also, you can provide `hook_params={'schema': <database>}`.)
[2024-06-03T10:49:05.875+0000] {taskinstance.py:3498} INFO - 0 downstream tasks scheduled from follow-on schedule check
[2024-06-03T10:49:05.878+0000] {local_task_job_runner.py:222} INFO - ::endgroup::
