[2024-06-01T09:19:53.120+0000] {local_task_job_runner.py:120} INFO - ::group::Pre task execution logs
[2024-06-01T09:19:53.152+0000] {taskinstance.py:2076} INFO - Dependencies all met for dep_context=non-requeueable deps ti=<TaskInstance: my_weather_workflow_DAG_v04.group_tasks.create_table_city_postgresql manual__2024-06-01T09:17:56.157602+00:00 [queued]>
[2024-06-01T09:19:53.164+0000] {taskinstance.py:2076} INFO - Dependencies all met for dep_context=requeueable deps ti=<TaskInstance: my_weather_workflow_DAG_v04.group_tasks.create_table_city_postgresql manual__2024-06-01T09:17:56.157602+00:00 [queued]>
[2024-06-01T09:19:53.166+0000] {taskinstance.py:2306} INFO - Starting attempt 2 of 7
[2024-06-01T09:19:53.181+0000] {taskinstance.py:2330} INFO - Executing <Task(PostgresOperator): group_tasks.create_table_city_postgresql> on 2024-06-01 09:17:56.157602+00:00
[2024-06-01T09:19:53.193+0000] {logging_mixin.py:188} WARNING - /home/***/.local/lib/python3.12/site-packages/***/task/task_runner/standard_task_runner.py:61 DeprecationWarning: This process (pid=10760) is multi-threaded, use of fork() may lead to deadlocks in the child.
[2024-06-01T09:19:53.192+0000] {standard_task_runner.py:90} INFO - Running: ['***', 'tasks', 'run', 'my_weather_workflow_DAG_v04', 'group_tasks.create_table_city_postgresql', 'manual__2024-06-01T09:17:56.157602+00:00', '--job-id', '721', '--raw', '--subdir', 'DAGS_FOLDER/tasks_flow.py', '--cfg-path', '/tmp/tmpv8v4l9l3']
[2024-06-01T09:19:53.195+0000] {standard_task_runner.py:63} INFO - Started process 10765 to run task
[2024-06-01T09:19:53.196+0000] {standard_task_runner.py:91} INFO - Job 721: Subtask group_tasks.create_table_city_postgresql
[2024-06-01T09:19:53.276+0000] {task_command.py:426} INFO - Running <TaskInstance: my_weather_workflow_DAG_v04.group_tasks.create_table_city_postgresql manual__2024-06-01T09:17:56.157602+00:00 [running]> on host cd9caf1c47f0
[2024-06-01T09:19:53.397+0000] {taskinstance.py:2648} INFO - Exporting env vars: AIRFLOW_CTX_DAG_OWNER='Khang' AIRFLOW_CTX_DAG_ID='my_weather_workflow_DAG_v04' AIRFLOW_CTX_TASK_ID='group_tasks.create_table_city_postgresql' AIRFLOW_CTX_EXECUTION_DATE='2024-06-01T09:17:56.157602+00:00' AIRFLOW_CTX_TRY_NUMBER='2' AIRFLOW_CTX_DAG_RUN_ID='manual__2024-06-01T09:17:56.157602+00:00'
[2024-06-01T09:19:53.400+0000] {taskinstance.py:430} INFO - ::endgroup::
[2024-06-01T09:19:53.418+0000] {sql.py:276} INFO - Executing: CREATE TABLE IF NOT EXISTS cities(
  wiki_id VARCHAR(20) PRIMARY KEY,
  name VARCHAR(50) NOT NULL,
  country VARCHAR(100) NOT NULL,
  population BIGINT NOT NULL,
  latitude DOUBLE PRECISION NOT NULL,
  longitude DOUBLE PRECISION NOT NULL
);
[2024-06-01T09:19:53.435+0000] {base.py:84} INFO - Using connection ID 'postgres_connection_id' for task execution.
[2024-06-01T09:19:53.449+0000] {base.py:84} INFO - Using connection ID 'postgres_connection_id' for task execution.
[2024-06-01T09:19:53.462+0000] {sql.py:470} INFO - Running statement: CREATE TABLE IF NOT EXISTS cities(
  wiki_id VARCHAR(20) PRIMARY KEY,
  name VARCHAR(50) NOT NULL,
  country VARCHAR(100) NOT NULL,
  population BIGINT NOT NULL,
  latitude DOUBLE PRECISION NOT NULL,
  longitude DOUBLE PRECISION NOT NULL
);, parameters: None
[2024-06-01T09:19:53.464+0000] {taskinstance.py:441} INFO - ::group::Post task execution logs
[2024-06-01T09:19:53.481+0000] {taskinstance.py:1206} INFO - Marking task as SUCCESS. dag_id=my_weather_workflow_DAG_v04, task_id=group_tasks.create_table_city_postgresql, run_id=manual__2024-06-01T09:17:56.157602+00:00, execution_date=20240601T091756, start_date=20240601T091953, end_date=20240601T091953
[2024-06-01T09:19:53.532+0000] {local_task_job_runner.py:240} INFO - Task exited with return code 0
[2024-06-01T09:19:53.575+0000] {local_task_job_runner.py:222} INFO - ::endgroup::
