[2024-05-31T04:57:19.542+0000] {local_task_job_runner.py:120} INFO - ::group::Pre task execution logs
[2024-05-31T04:57:19.568+0000] {taskinstance.py:2076} INFO - Dependencies all met for dep_context=non-requeueable deps ti=<TaskInstance: my_weather_workflow_DAG_v04.load_csv_to_postgres manual__2024-05-31T04:06:10.739308+00:00 [queued]>
[2024-05-31T04:57:19.578+0000] {taskinstance.py:2076} INFO - Dependencies all met for dep_context=requeueable deps ti=<TaskInstance: my_weather_workflow_DAG_v04.load_csv_to_postgres manual__2024-05-31T04:06:10.739308+00:00 [queued]>
[2024-05-31T04:57:19.579+0000] {taskinstance.py:2306} INFO - Starting attempt 4 of 9
[2024-05-31T04:57:19.592+0000] {taskinstance.py:2330} INFO - Executing <Task(PythonOperator): load_csv_to_postgres> on 2024-05-31 04:06:10.739308+00:00
[2024-05-31T04:57:19.600+0000] {logging_mixin.py:188} WARNING - /home/***/.local/lib/python3.12/site-packages/***/task/task_runner/standard_task_runner.py:61 DeprecationWarning: This process (pid=2697) is multi-threaded, use of fork() may lead to deadlocks in the child.
[2024-05-31T04:57:19.602+0000] {standard_task_runner.py:63} INFO - Started process 2699 to run task
[2024-05-31T04:57:19.600+0000] {standard_task_runner.py:90} INFO - Running: ['***', 'tasks', 'run', 'my_weather_workflow_DAG_v04', 'load_csv_to_postgres', 'manual__2024-05-31T04:06:10.739308+00:00', '--job-id', '210', '--raw', '--subdir', 'DAGS_FOLDER/weather_dag.py', '--cfg-path', '/tmp/tmpi43nasmf']
[2024-05-31T04:57:19.603+0000] {standard_task_runner.py:91} INFO - Job 210: Subtask load_csv_to_postgres
[2024-05-31T04:57:19.682+0000] {task_command.py:426} INFO - Running <TaskInstance: my_weather_workflow_DAG_v04.load_csv_to_postgres manual__2024-05-31T04:06:10.739308+00:00 [running]> on host cd9caf1c47f0
[2024-05-31T04:57:19.795+0000] {taskinstance.py:2648} INFO - Exporting env vars: AIRFLOW_CTX_DAG_OWNER='Khang' AIRFLOW_CTX_DAG_ID='my_weather_workflow_DAG_v04' AIRFLOW_CTX_TASK_ID='load_csv_to_postgres' AIRFLOW_CTX_EXECUTION_DATE='2024-05-31T04:06:10.739308+00:00' AIRFLOW_CTX_TRY_NUMBER='4' AIRFLOW_CTX_DAG_RUN_ID='manual__2024-05-31T04:06:10.739308+00:00'
[2024-05-31T04:57:19.797+0000] {taskinstance.py:430} INFO - ::endgroup::
[2024-05-31T04:57:19.845+0000] {base.py:84} INFO - Using connection ID 'postgres_connection_id' for task execution.
[2024-05-31T04:57:19.857+0000] {taskinstance.py:441} INFO - ::group::Post task execution logs
[2024-05-31T04:57:19.858+0000] {taskinstance.py:2905} ERROR - Task failed with exception
Traceback (most recent call last):
  File "/home/airflow/.local/lib/python3.12/site-packages/airflow/models/taskinstance.py", line 465, in _execute_task
    result = _execute_callable(context=context, **execute_callable_kwargs)
             ^^^^^^^^^^^^^^^^^^^^^^^^^^^^^^^^^^^^^^^^^^^^^^^^^^^^^^^^^^^^^
  File "/home/airflow/.local/lib/python3.12/site-packages/airflow/models/taskinstance.py", line 432, in _execute_callable
    return execute_callable(context=context, **execute_callable_kwargs)
           ^^^^^^^^^^^^^^^^^^^^^^^^^^^^^^^^^^^^^^^^^^^^^^^^^^^^^^^^^^^^
  File "/home/airflow/.local/lib/python3.12/site-packages/airflow/models/baseoperator.py", line 400, in wrapper
    return func(self, *args, **kwargs)
           ^^^^^^^^^^^^^^^^^^^^^^^^^^^
  File "/home/airflow/.local/lib/python3.12/site-packages/airflow/operators/python.py", line 235, in execute
    return_value = self.execute_callable()
                   ^^^^^^^^^^^^^^^^^^^^^^^
  File "/home/airflow/.local/lib/python3.12/site-packages/airflow/operators/python.py", line 252, in execute_callable
    return self.python_callable(*self.op_args, **self.op_kwargs)
           ^^^^^^^^^^^^^^^^^^^^^^^^^^^^^^^^^^^^^^^^^^^^^^^^^^^^^
  File "/opt/airflow/dags/weather_dag.py", line 149, in load_csv_to_postgres
    with open(f'/opt/airflow/data-transformed/{file_name}', 'r') as f:
         ^^^^^^^^^^^^^^^^^^^^^^^^^^^^^^^^^^^^^^^^^^^^^^^^^^^^^^^
FileNotFoundError: [Errno 2] No such file or directory: '/opt/airflow/data-transformed/None'
[2024-05-31T04:57:19.882+0000] {taskinstance.py:1206} INFO - Marking task as UP_FOR_RETRY. dag_id=my_weather_workflow_DAG_v04, task_id=load_csv_to_postgres, run_id=manual__2024-05-31T04:06:10.739308+00:00, execution_date=20240531T040610, start_date=20240531T045719, end_date=20240531T045719
[2024-05-31T04:57:19.902+0000] {standard_task_runner.py:110} ERROR - Failed to execute job 210 for task load_csv_to_postgres ([Errno 2] No such file or directory: '/opt/airflow/data-transformed/None'; 2699)
[2024-05-31T04:57:19.937+0000] {local_task_job_runner.py:240} INFO - Task exited with return code 1
[2024-05-31T04:57:19.978+0000] {taskinstance.py:3498} INFO - 0 downstream tasks scheduled from follow-on schedule check
[2024-05-31T04:57:19.981+0000] {local_task_job_runner.py:222} INFO - ::endgroup::
