[2024-06-01T16:48:47.629+0000] {local_task_job_runner.py:120} INFO - ::group::Pre task execution logs
[2024-06-01T16:48:47.657+0000] {taskinstance.py:2076} INFO - Dependencies all met for dep_context=non-requeueable deps ti=<TaskInstance: city_data_workflow_DAG_final.group_tasks.extract_weather_data_from_api manual__2024-06-01T16:47:20.837201+00:00 [queued]>
[2024-06-01T16:48:47.669+0000] {taskinstance.py:2076} INFO - Dependencies all met for dep_context=requeueable deps ti=<TaskInstance: city_data_workflow_DAG_final.group_tasks.extract_weather_data_from_api manual__2024-06-01T16:47:20.837201+00:00 [queued]>
[2024-06-01T16:48:47.670+0000] {taskinstance.py:2306} INFO - Starting attempt 2 of 7
[2024-06-01T16:48:47.685+0000] {taskinstance.py:2330} INFO - Executing <Task(PythonOperator): group_tasks.extract_weather_data_from_api> on 2024-06-01 16:47:20.837201+00:00
[2024-06-01T16:48:47.694+0000] {logging_mixin.py:188} WARNING - /home/***/.local/lib/python3.12/site-packages/***/task/task_runner/standard_task_runner.py:61 DeprecationWarning: This process (pid=4142) is multi-threaded, use of fork() may lead to deadlocks in the child.
[2024-06-01T16:48:47.696+0000] {standard_task_runner.py:63} INFO - Started process 4145 to run task
[2024-06-01T16:48:47.694+0000] {standard_task_runner.py:90} INFO - Running: ['***', 'tasks', 'run', 'city_data_workflow_DAG_final', 'group_tasks.extract_weather_data_from_api', 'manual__2024-06-01T16:47:20.837201+00:00', '--job-id', '916', '--raw', '--subdir', 'DAGS_FOLDER/tasks_flow.py', '--cfg-path', '/tmp/tmphkb1kd5o']
[2024-06-01T16:48:47.697+0000] {standard_task_runner.py:91} INFO - Job 916: Subtask group_tasks.extract_weather_data_from_api
[2024-06-01T16:48:47.787+0000] {task_command.py:426} INFO - Running <TaskInstance: city_data_workflow_DAG_final.group_tasks.extract_weather_data_from_api manual__2024-06-01T16:47:20.837201+00:00 [running]> on host cd9caf1c47f0
[2024-06-01T16:48:47.938+0000] {taskinstance.py:2648} INFO - Exporting env vars: AIRFLOW_CTX_DAG_OWNER='Khang' AIRFLOW_CTX_DAG_ID='city_data_workflow_DAG_final' AIRFLOW_CTX_TASK_ID='group_tasks.extract_weather_data_from_api' AIRFLOW_CTX_EXECUTION_DATE='2024-06-01T16:47:20.837201+00:00' AIRFLOW_CTX_TRY_NUMBER='2' AIRFLOW_CTX_DAG_RUN_ID='manual__2024-06-01T16:47:20.837201+00:00'
[2024-06-01T16:48:47.940+0000] {taskinstance.py:430} INFO - ::endgroup::
[2024-06-01T16:48:47.955+0000] {baseoperator.py:399} WARNING - SimpleHttpOperator.execute cannot be called outside TaskInstance!
[2024-06-01T16:48:47.956+0000] {http.py:169} INFO - Calling HTTP method
[2024-06-01T16:48:47.973+0000] {base.py:84} INFO - Using connection ID 'weather_map_api_connection' for task execution.
[2024-06-01T16:48:47.986+0000] {base.py:84} INFO - Using connection ID 'weather_map_api_connection' for task execution.
[2024-06-01T16:48:49.110+0000] {http.py:208} INFO - {"coord":{"lon":105.839,"lat":21.0188},"weather":[{"id":801,"main":"Clouds","description":"few clouds","icon":"02n"}],"base":"stations","main":{"temp":302.16,"feels_like":308.82,"temp_min":302.16,"temp_max":302.16,"pressure":1007,"humidity":84,"sea_level":1007,"grnd_level":1006},"visibility":10000,"wind":{"speed":3.19,"deg":129,"gust":6.87},"clouds":{"all":22},"dt":1717260193,"sys":{"type":1,"id":9308,"country":"VN","sunrise":1717193694,"sunset":1717241664},"timezone":25200,"id":1581130,"name":"Hanoi","cod":200}
[2024-06-01T16:48:49.146+0000] {python.py:237} INFO - Done. Returned value was: None
[2024-06-01T16:48:49.147+0000] {taskinstance.py:441} INFO - ::group::Post task execution logs
[2024-06-01T16:48:49.160+0000] {taskinstance.py:1206} INFO - Marking task as SUCCESS. dag_id=city_data_workflow_DAG_final, task_id=group_tasks.extract_weather_data_from_api, run_id=manual__2024-06-01T16:47:20.837201+00:00, execution_date=20240601T164720, start_date=20240601T164847, end_date=20240601T164849
[2024-06-01T16:48:49.201+0000] {local_task_job_runner.py:240} INFO - Task exited with return code 0
[2024-06-01T16:48:49.222+0000] {logging_mixin.py:188} WARNING - /home/***/.local/lib/python3.12/site-packages/***/models/baseoperator.py:1296 AirflowProviderDeprecationWarning: Call to deprecated class PostgresOperator. (Please use `***.providers.common.sql.operators.sql.SQLExecuteQueryOperator`.Also, you can provide `hook_params={'schema': <database>}`.)
[2024-06-01T16:48:49.243+0000] {taskinstance.py:3498} INFO - 1 downstream tasks scheduled from follow-on schedule check
[2024-06-01T16:48:49.249+0000] {local_task_job_runner.py:222} INFO - ::endgroup::
