[2024-05-31T09:47:36.643+0000] {local_task_job_runner.py:120} INFO - ::group::Pre task execution logs
[2024-05-31T09:47:36.664+0000] {taskinstance.py:2076} INFO - Dependencies all met for dep_context=non-requeueable deps ti=<TaskInstance: my_weather_workflow_DAG_v04.group_APIs.create_table_city_postgresql manual__2024-05-31T05:49:47.133585+00:00 [queued]>
[2024-05-31T09:47:36.673+0000] {taskinstance.py:2076} INFO - Dependencies all met for dep_context=requeueable deps ti=<TaskInstance: my_weather_workflow_DAG_v04.group_APIs.create_table_city_postgresql manual__2024-05-31T05:49:47.133585+00:00 [queued]>
[2024-05-31T09:47:36.674+0000] {taskinstance.py:2306} INFO - Starting attempt 7 of 12
[2024-05-31T09:47:36.688+0000] {taskinstance.py:2330} INFO - Executing <Task(PostgresOperator): group_APIs.create_table_city_postgresql> on 2024-05-31 05:49:47.133585+00:00
[2024-05-31T09:47:36.695+0000] {standard_task_runner.py:90} INFO - Running: ['***', 'tasks', 'run', 'my_weather_workflow_DAG_v04', 'group_APIs.create_table_city_postgresql', 'manual__2024-05-31T05:49:47.133585+00:00', '--job-id', '275', '--raw', '--subdir', 'DAGS_FOLDER/weather_dag.py', '--cfg-path', '/tmp/tmpcscrttat']
[2024-05-31T09:47:36.698+0000] {standard_task_runner.py:91} INFO - Job 275: Subtask group_APIs.create_table_city_postgresql
[2024-05-31T09:47:36.701+0000] {logging_mixin.py:188} WARNING - /home/***/.local/lib/python3.12/site-packages/***/task/task_runner/standard_task_runner.py:61 DeprecationWarning: This process (pid=331) is multi-threaded, use of fork() may lead to deadlocks in the child.
[2024-05-31T09:47:36.702+0000] {standard_task_runner.py:63} INFO - Started process 333 to run task
[2024-05-31T09:47:36.760+0000] {task_command.py:426} INFO - Running <TaskInstance: my_weather_workflow_DAG_v04.group_APIs.create_table_city_postgresql manual__2024-05-31T05:49:47.133585+00:00 [running]> on host cd9caf1c47f0
[2024-05-31T09:47:36.853+0000] {taskinstance.py:2648} INFO - Exporting env vars: AIRFLOW_CTX_DAG_OWNER='Khang' AIRFLOW_CTX_DAG_ID='my_weather_workflow_DAG_v04' AIRFLOW_CTX_TASK_ID='group_APIs.create_table_city_postgresql' AIRFLOW_CTX_EXECUTION_DATE='2024-05-31T05:49:47.133585+00:00' AIRFLOW_CTX_TRY_NUMBER='7' AIRFLOW_CTX_DAG_RUN_ID='manual__2024-05-31T05:49:47.133585+00:00'
[2024-05-31T09:47:36.855+0000] {taskinstance.py:430} INFO - ::endgroup::
[2024-05-31T09:47:36.867+0000] {sql.py:276} INFO - Executing: CREATE TABLE IF NOT EXISTS cities(
  wiki_id VARCHAR(20) PRIMARY KEY,
  name VARCHAR(50) NOT NULL,
  country VARCHAR(100) NOT NULL,
  population BIGINT NOT NULL,
  latitude DOUBLE PRECISION NOT NULL,
  longitude DOUBLE PRECISION NOT NULL
);
[2024-05-31T09:47:36.880+0000] {base.py:84} INFO - Using connection ID 'postgres_connection_id' for task execution.
[2024-05-31T09:47:36.892+0000] {base.py:84} INFO - Using connection ID 'postgres_connection_id' for task execution.
[2024-05-31T09:47:36.900+0000] {sql.py:470} INFO - Running statement: CREATE TABLE IF NOT EXISTS cities(
  wiki_id VARCHAR(20) PRIMARY KEY,
  name VARCHAR(50) NOT NULL,
  country VARCHAR(100) NOT NULL,
  population BIGINT NOT NULL,
  latitude DOUBLE PRECISION NOT NULL,
  longitude DOUBLE PRECISION NOT NULL
);, parameters: None
[2024-05-31T09:47:36.902+0000] {taskinstance.py:441} INFO - ::group::Post task execution logs
[2024-05-31T09:47:36.917+0000] {taskinstance.py:1206} INFO - Marking task as SUCCESS. dag_id=my_weather_workflow_DAG_v04, task_id=group_APIs.create_table_city_postgresql, run_id=manual__2024-05-31T05:49:47.133585+00:00, execution_date=20240531T054947, start_date=20240531T094736, end_date=20240531T094736
[2024-05-31T09:47:36.957+0000] {local_task_job_runner.py:240} INFO - Task exited with return code 0
[2024-05-31T09:47:36.974+0000] {logging_mixin.py:188} WARNING - /home/***/.local/lib/python3.12/site-packages/***/models/baseoperator.py:1296 AirflowProviderDeprecationWarning: Call to deprecated class PostgresOperator. (Please use `***.providers.common.sql.operators.sql.SQLExecuteQueryOperator`.Also, you can provide `hook_params={'schema': <database>}`.)
[2024-05-31T09:47:36.991+0000] {taskinstance.py:3498} INFO - 1 downstream tasks scheduled from follow-on schedule check
[2024-05-31T09:47:36.994+0000] {local_task_job_runner.py:222} INFO - ::endgroup::
