[2024-05-25T08:44:36.139+0000] {local_task_job_runner.py:120} INFO - ::group::Pre task execution logs
[2024-05-25T08:44:36.163+0000] {taskinstance.py:2076} INFO - Dependencies all met for dep_context=non-requeueable deps ti=<TaskInstance: my_weather_workflow_DAG_v03.transform_data_response manual__2024-05-25T08:13:51.839954+00:00 [queued]>
[2024-05-25T08:44:36.171+0000] {taskinstance.py:2076} INFO - Dependencies all met for dep_context=requeueable deps ti=<TaskInstance: my_weather_workflow_DAG_v03.transform_data_response manual__2024-05-25T08:13:51.839954+00:00 [queued]>
[2024-05-25T08:44:36.173+0000] {taskinstance.py:2306} INFO - Starting attempt 6 of 11
[2024-05-25T08:44:36.187+0000] {taskinstance.py:2330} INFO - Executing <Task(PythonOperator): transform_data_response> on 2024-05-25 08:13:51.839954+00:00
[2024-05-25T08:44:36.195+0000] {standard_task_runner.py:90} INFO - Running: ['***', 'tasks', 'run', 'my_weather_workflow_DAG_v03', 'transform_data_response', 'manual__2024-05-25T08:13:51.839954+00:00', '--job-id', '101', '--raw', '--subdir', 'DAGS_FOLDER/weather_dag.py', '--cfg-path', '/tmp/tmpgkejev2f']
[2024-05-25T08:44:36.198+0000] {standard_task_runner.py:91} INFO - Job 101: Subtask transform_data_response
[2024-05-25T08:44:36.199+0000] {logging_mixin.py:188} WARNING - /home/***/.local/lib/python3.12/site-packages/***/task/task_runner/standard_task_runner.py:61 DeprecationWarning: This process (pid=5368) is multi-threaded, use of fork() may lead to deadlocks in the child.
[2024-05-25T08:44:36.200+0000] {standard_task_runner.py:63} INFO - Started process 5370 to run task
[2024-05-25T08:44:36.261+0000] {task_command.py:426} INFO - Running <TaskInstance: my_weather_workflow_DAG_v03.transform_data_response manual__2024-05-25T08:13:51.839954+00:00 [running]> on host 6ab40057742d
[2024-05-25T08:44:36.532+0000] {taskinstance.py:2648} INFO - Exporting env vars: AIRFLOW_CTX_DAG_OWNER='Khang' AIRFLOW_CTX_DAG_ID='my_weather_workflow_DAG_v03' AIRFLOW_CTX_TASK_ID='transform_data_response' AIRFLOW_CTX_EXECUTION_DATE='2024-05-25T08:13:51.839954+00:00' AIRFLOW_CTX_TRY_NUMBER='6' AIRFLOW_CTX_DAG_RUN_ID='manual__2024-05-25T08:13:51.839954+00:00'
[2024-05-25T08:44:36.533+0000] {taskinstance.py:430} INFO - ::endgroup::
[2024-05-25T08:44:36.546+0000] {taskinstance.py:441} INFO - ::group::Post task execution logs
[2024-05-25T08:44:36.547+0000] {taskinstance.py:2905} ERROR - Task failed with exception
Traceback (most recent call last):
  File "/home/airflow/.local/lib/python3.12/site-packages/airflow/models/taskinstance.py", line 465, in _execute_task
    result = _execute_callable(context=context, **execute_callable_kwargs)
             ^^^^^^^^^^^^^^^^^^^^^^^^^^^^^^^^^^^^^^^^^^^^^^^^^^^^^^^^^^^^^
  File "/home/airflow/.local/lib/python3.12/site-packages/airflow/models/taskinstance.py", line 432, in _execute_callable
    return execute_callable(context=context, **execute_callable_kwargs)
           ^^^^^^^^^^^^^^^^^^^^^^^^^^^^^^^^^^^^^^^^^^^^^^^^^^^^^^^^^^^^
  File "/home/airflow/.local/lib/python3.12/site-packages/airflow/models/baseoperator.py", line 400, in wrapper
    return func(self, *args, **kwargs)
           ^^^^^^^^^^^^^^^^^^^^^^^^^^^
  File "/home/airflow/.local/lib/python3.12/site-packages/airflow/operators/python.py", line 235, in execute
    return_value = self.execute_callable()
                   ^^^^^^^^^^^^^^^^^^^^^^^
  File "/home/airflow/.local/lib/python3.12/site-packages/airflow/operators/python.py", line 252, in execute_callable
    return self.python_callable(*self.op_args, **self.op_kwargs)
           ^^^^^^^^^^^^^^^^^^^^^^^^^^^^^^^^^^^^^^^^^^^^^^^^^^^^^
  File "/opt/airflow/dags/weather_dag.py", line 76, in to_csv
    os.mkdir(directory)
PermissionError: [Errno 13] Permission denied: '/opt/test'
[2024-05-25T08:44:36.566+0000] {taskinstance.py:1206} INFO - Marking task as UP_FOR_RETRY. dag_id=my_weather_workflow_DAG_v03, task_id=transform_data_response, run_id=manual__2024-05-25T08:13:51.839954+00:00, execution_date=20240525T081351, start_date=20240525T084436, end_date=20240525T084436
[2024-05-25T08:44:36.580+0000] {standard_task_runner.py:110} ERROR - Failed to execute job 101 for task transform_data_response ([Errno 13] Permission denied: '/opt/test'; 5370)
[2024-05-25T08:44:36.616+0000] {local_task_job_runner.py:240} INFO - Task exited with return code 1
[2024-05-25T08:44:36.648+0000] {taskinstance.py:3498} INFO - 0 downstream tasks scheduled from follow-on schedule check
[2024-05-25T08:44:36.652+0000] {local_task_job_runner.py:222} INFO - ::endgroup::
