[2024-05-31T10:00:24.419+0000] {local_task_job_runner.py:120} INFO - ::group::Pre task execution logs
[2024-05-31T10:00:24.441+0000] {taskinstance.py:2076} INFO - Dependencies all met for dep_context=non-requeueable deps ti=<TaskInstance: my_weather_workflow_DAG_v04.is_api_city_api_ready manual__2024-05-31T05:49:47.133585+00:00 [queued]>
[2024-05-31T10:00:24.450+0000] {taskinstance.py:2076} INFO - Dependencies all met for dep_context=requeueable deps ti=<TaskInstance: my_weather_workflow_DAG_v04.is_api_city_api_ready manual__2024-05-31T05:49:47.133585+00:00 [queued]>
[2024-05-31T10:00:24.451+0000] {taskinstance.py:2306} INFO - Starting attempt 12 of 17
[2024-05-31T10:00:24.464+0000] {taskinstance.py:2330} INFO - Executing <Task(HttpSensor): is_api_city_api_ready> on 2024-05-31 05:49:47.133585+00:00
[2024-05-31T10:00:24.472+0000] {logging_mixin.py:188} WARNING - /home/***/.local/lib/python3.12/site-packages/***/task/task_runner/standard_task_runner.py:61 DeprecationWarning: This process (pid=745) is multi-threaded, use of fork() may lead to deadlocks in the child.
[2024-05-31T10:00:24.472+0000] {standard_task_runner.py:90} INFO - Running: ['***', 'tasks', 'run', 'my_weather_workflow_DAG_v04', 'is_api_city_api_ready', 'manual__2024-05-31T05:49:47.133585+00:00', '--job-id', '301', '--raw', '--subdir', 'DAGS_FOLDER/weather_dag.py', '--cfg-path', '/tmp/tmpt5qeu548']
[2024-05-31T10:00:24.474+0000] {standard_task_runner.py:63} INFO - Started process 747 to run task
[2024-05-31T10:00:24.474+0000] {standard_task_runner.py:91} INFO - Job 301: Subtask is_api_city_api_ready
[2024-05-31T10:00:24.544+0000] {task_command.py:426} INFO - Running <TaskInstance: my_weather_workflow_DAG_v04.is_api_city_api_ready manual__2024-05-31T05:49:47.133585+00:00 [running]> on host cd9caf1c47f0
[2024-05-31T10:00:24.644+0000] {taskinstance.py:2648} INFO - Exporting env vars: AIRFLOW_CTX_DAG_OWNER='Khang' AIRFLOW_CTX_DAG_ID='my_weather_workflow_DAG_v04' AIRFLOW_CTX_TASK_ID='is_api_city_api_ready' AIRFLOW_CTX_EXECUTION_DATE='2024-05-31T05:49:47.133585+00:00' AIRFLOW_CTX_TRY_NUMBER='12' AIRFLOW_CTX_DAG_RUN_ID='manual__2024-05-31T05:49:47.133585+00:00'
[2024-05-31T10:00:24.646+0000] {taskinstance.py:430} INFO - ::endgroup::
[2024-05-31T10:00:24.660+0000] {baseoperator.py:399} WARNING - HttpSensor.execute cannot be called outside TaskInstance!
[2024-05-31T10:00:24.661+0000] {http.py:137} INFO - Poking: /v1/geo/cities/Q25315
[2024-05-31T10:00:24.675+0000] {base.py:84} INFO - Using connection ID 'city_map_api_connection' for task execution.
[2024-05-31T10:00:25.148+0000] {base.py:294} INFO - Success criteria met. Exiting.
[2024-05-31T10:00:25.149+0000] {taskinstance.py:441} INFO - ::group::Post task execution logs
[2024-05-31T10:00:25.164+0000] {taskinstance.py:1206} INFO - Marking task as SUCCESS. dag_id=my_weather_workflow_DAG_v04, task_id=is_api_city_api_ready, run_id=manual__2024-05-31T05:49:47.133585+00:00, execution_date=20240531T054947, start_date=20240531T100024, end_date=20240531T100025
[2024-05-31T10:00:25.212+0000] {local_task_job_runner.py:240} INFO - Task exited with return code 0
[2024-05-31T10:00:25.227+0000] {logging_mixin.py:188} WARNING - /home/***/.local/lib/python3.12/site-packages/***/models/baseoperator.py:1296 AirflowProviderDeprecationWarning: Call to deprecated class SimpleHttpOperator. (Class `SimpleHttpOperator` is deprecated and will be removed in a future release. Please use `HttpOperator` instead.)
[2024-05-31T10:00:25.230+0000] {logging_mixin.py:188} WARNING - /home/***/.local/lib/python3.12/site-packages/***/models/baseoperator.py:1296 AirflowProviderDeprecationWarning: Call to deprecated class PostgresOperator. (Please use `***.providers.common.sql.operators.sql.SQLExecuteQueryOperator`.Also, you can provide `hook_params={'schema': <database>}`.)
[2024-05-31T10:00:25.258+0000] {taskinstance.py:3498} INFO - 1 downstream tasks scheduled from follow-on schedule check
[2024-05-31T10:00:25.260+0000] {local_task_job_runner.py:222} INFO - ::endgroup::
