[2024-05-31T05:49:49.491+0000] {local_task_job_runner.py:120} INFO - ::group::Pre task execution logs
[2024-05-31T05:49:49.513+0000] {taskinstance.py:2076} INFO - Dependencies all met for dep_context=non-requeueable deps ti=<TaskInstance: my_weather_workflow_DAG_v04.is_api_city_api_ready manual__2024-05-31T05:49:47.133585+00:00 [queued]>
[2024-05-31T05:49:49.522+0000] {taskinstance.py:2076} INFO - Dependencies all met for dep_context=requeueable deps ti=<TaskInstance: my_weather_workflow_DAG_v04.is_api_city_api_ready manual__2024-05-31T05:49:47.133585+00:00 [queued]>
[2024-05-31T05:49:49.523+0000] {taskinstance.py:2306} INFO - Starting attempt 1 of 6
[2024-05-31T05:49:49.537+0000] {taskinstance.py:2330} INFO - Executing <Task(HttpSensor): is_api_city_api_ready> on 2024-05-31 05:49:47.133585+00:00
[2024-05-31T05:49:49.546+0000] {logging_mixin.py:188} WARNING - /home/***/.local/lib/python3.12/site-packages/***/task/task_runner/standard_task_runner.py:61 DeprecationWarning: This process (pid=4049) is multi-threaded, use of fork() may lead to deadlocks in the child.
[2024-05-31T05:49:49.548+0000] {standard_task_runner.py:63} INFO - Started process 4051 to run task
[2024-05-31T05:49:49.547+0000] {standard_task_runner.py:90} INFO - Running: ['***', 'tasks', 'run', 'my_weather_workflow_DAG_v04', 'is_api_city_api_ready', 'manual__2024-05-31T05:49:47.133585+00:00', '--job-id', '232', '--raw', '--subdir', 'DAGS_FOLDER/weather_dag.py', '--cfg-path', '/tmp/tmpmjgv8o6j']
[2024-05-31T05:49:49.549+0000] {standard_task_runner.py:91} INFO - Job 232: Subtask is_api_city_api_ready
[2024-05-31T05:49:49.636+0000] {task_command.py:426} INFO - Running <TaskInstance: my_weather_workflow_DAG_v04.is_api_city_api_ready manual__2024-05-31T05:49:47.133585+00:00 [running]> on host cd9caf1c47f0
[2024-05-31T05:49:49.759+0000] {taskinstance.py:2648} INFO - Exporting env vars: AIRFLOW_CTX_DAG_OWNER='Khang' AIRFLOW_CTX_DAG_ID='my_weather_workflow_DAG_v04' AIRFLOW_CTX_TASK_ID='is_api_city_api_ready' AIRFLOW_CTX_EXECUTION_DATE='2024-05-31T05:49:47.133585+00:00' AIRFLOW_CTX_TRY_NUMBER='1' AIRFLOW_CTX_DAG_RUN_ID='manual__2024-05-31T05:49:47.133585+00:00'
[2024-05-31T05:49:49.763+0000] {taskinstance.py:430} INFO - ::endgroup::
[2024-05-31T05:49:49.792+0000] {baseoperator.py:399} WARNING - HttpSensor.execute cannot be called outside TaskInstance!
[2024-05-31T05:49:49.794+0000] {http.py:137} INFO - Poking: /v1/geo/cities/Q25315
[2024-05-31T05:49:49.820+0000] {base.py:84} INFO - Using connection ID 'city_map_api_connection' for task execution.
[2024-05-31T05:49:50.365+0000] {base.py:294} INFO - Success criteria met. Exiting.
[2024-05-31T05:49:50.367+0000] {taskinstance.py:441} INFO - ::group::Post task execution logs
[2024-05-31T05:49:50.397+0000] {taskinstance.py:1206} INFO - Marking task as SUCCESS. dag_id=my_weather_workflow_DAG_v04, task_id=is_api_city_api_ready, run_id=manual__2024-05-31T05:49:47.133585+00:00, execution_date=20240531T054947, start_date=20240531T054949, end_date=20240531T054950
[2024-05-31T05:49:50.447+0000] {local_task_job_runner.py:240} INFO - Task exited with return code 0
[2024-05-31T05:49:50.462+0000] {logging_mixin.py:188} WARNING - /home/***/.local/lib/python3.12/site-packages/***/models/baseoperator.py:1296 AirflowProviderDeprecationWarning: Call to deprecated class SimpleHttpOperator. (Class `SimpleHttpOperator` is deprecated and will be removed in a future release. Please use `HttpOperator` instead.)
[2024-05-31T05:49:50.465+0000] {logging_mixin.py:188} WARNING - /home/***/.local/lib/python3.12/site-packages/***/models/baseoperator.py:1296 AirflowProviderDeprecationWarning: Call to deprecated class PostgresOperator. (Please use `***.providers.common.sql.operators.sql.SQLExecuteQueryOperator`.Also, you can provide `hook_params={'schema': <database>}`.)
[2024-05-31T05:49:50.491+0000] {taskinstance.py:3498} INFO - 1 downstream tasks scheduled from follow-on schedule check
[2024-05-31T05:49:50.494+0000] {local_task_job_runner.py:222} INFO - ::endgroup::
