[2024-06-01T04:32:08.297+0000] {local_task_job_runner.py:120} INFO - ::group::Pre task execution logs
[2024-06-01T04:32:08.323+0000] {taskinstance.py:2076} INFO - Dependencies all met for dep_context=non-requeueable deps ti=<TaskInstance: my_weather_workflow_DAG_v04.group_tasks.is_api_weather_api_ready manual__2024-06-01T04:21:04.663663+00:00 [queued]>
[2024-06-01T04:32:08.332+0000] {taskinstance.py:2076} INFO - Dependencies all met for dep_context=requeueable deps ti=<TaskInstance: my_weather_workflow_DAG_v04.group_tasks.is_api_weather_api_ready manual__2024-06-01T04:21:04.663663+00:00 [queued]>
[2024-06-01T04:32:08.333+0000] {taskinstance.py:2306} INFO - Starting attempt 3 of 8
[2024-06-01T04:32:08.347+0000] {taskinstance.py:2330} INFO - Executing <Task(PythonOperator): group_tasks.is_api_weather_api_ready> on 2024-06-01 04:21:04.663663+00:00
[2024-06-01T04:32:08.355+0000] {standard_task_runner.py:90} INFO - Running: ['***', 'tasks', 'run', 'my_weather_workflow_DAG_v04', 'group_tasks.is_api_weather_api_ready', 'manual__2024-06-01T04:21:04.663663+00:00', '--job-id', '464', '--raw', '--subdir', 'DAGS_FOLDER/weather_dag.py', '--cfg-path', '/tmp/tmp1d6gewn0']
[2024-06-01T04:32:08.359+0000] {standard_task_runner.py:91} INFO - Job 464: Subtask group_tasks.is_api_weather_api_ready
[2024-06-01T04:32:08.360+0000] {logging_mixin.py:188} WARNING - /home/***/.local/lib/python3.12/site-packages/***/task/task_runner/standard_task_runner.py:61 DeprecationWarning: This process (pid=3730) is multi-threaded, use of fork() may lead to deadlocks in the child.
[2024-06-01T04:32:08.362+0000] {standard_task_runner.py:63} INFO - Started process 3732 to run task
[2024-06-01T04:32:08.426+0000] {task_command.py:426} INFO - Running <TaskInstance: my_weather_workflow_DAG_v04.group_tasks.is_api_weather_api_ready manual__2024-06-01T04:21:04.663663+00:00 [running]> on host cd9caf1c47f0
[2024-06-01T04:32:08.566+0000] {taskinstance.py:2648} INFO - Exporting env vars: AIRFLOW_CTX_DAG_OWNER='Khang' AIRFLOW_CTX_DAG_ID='my_weather_workflow_DAG_v04' AIRFLOW_CTX_TASK_ID='group_tasks.is_api_weather_api_ready' AIRFLOW_CTX_EXECUTION_DATE='2024-06-01T04:21:04.663663+00:00' AIRFLOW_CTX_TRY_NUMBER='3' AIRFLOW_CTX_DAG_RUN_ID='manual__2024-06-01T04:21:04.663663+00:00'
[2024-06-01T04:32:08.568+0000] {taskinstance.py:430} INFO - ::endgroup::
[2024-06-01T04:32:08.581+0000] {http.py:137} INFO - Poking: /data/2.5/weather?lat=10.937&lon=108.15778&appid=cb9774016f254a4cb1aa6516bf401afa
[2024-06-01T04:32:08.596+0000] {base.py:84} INFO - Using connection ID 'weather_map_api_connection' for task execution.
[2024-06-01T04:32:08.826+0000] {python.py:237} INFO - Done. Returned value was: None
[2024-06-01T04:32:08.829+0000] {taskinstance.py:441} INFO - ::group::Post task execution logs
[2024-06-01T04:32:08.857+0000] {taskinstance.py:1206} INFO - Marking task as SUCCESS. dag_id=my_weather_workflow_DAG_v04, task_id=group_tasks.is_api_weather_api_ready, run_id=manual__2024-06-01T04:21:04.663663+00:00, execution_date=20240601T042104, start_date=20240601T043208, end_date=20240601T043208
[2024-06-01T04:32:08.899+0000] {local_task_job_runner.py:240} INFO - Task exited with return code 0
[2024-06-01T04:32:08.933+0000] {taskinstance.py:3498} INFO - 1 downstream tasks scheduled from follow-on schedule check
[2024-06-01T04:32:08.936+0000] {local_task_job_runner.py:222} INFO - ::endgroup::
