[2024-06-03T09:42:54.369+0000] {local_task_job_runner.py:120} INFO - ::group::Pre task execution logs
[2024-06-03T09:42:54.391+0000] {taskinstance.py:2076} INFO - Dependencies all met for dep_context=non-requeueable deps ti=<TaskInstance: city_data_workflow_DAG_final.group_tasks.check_data_city_is_exist manual__2024-06-03T09:36:21.462350+00:00 [queued]>
[2024-06-03T09:42:54.400+0000] {taskinstance.py:2076} INFO - Dependencies all met for dep_context=requeueable deps ti=<TaskInstance: city_data_workflow_DAG_final.group_tasks.check_data_city_is_exist manual__2024-06-03T09:36:21.462350+00:00 [queued]>
[2024-06-03T09:42:54.401+0000] {taskinstance.py:2306} INFO - Starting attempt 3 of 8
[2024-06-03T09:42:54.414+0000] {taskinstance.py:2330} INFO - Executing <Task(BranchPythonOperator): group_tasks.check_data_city_is_exist> on 2024-06-03 09:36:21.462350+00:00
[2024-06-03T09:42:54.422+0000] {logging_mixin.py:188} WARNING - /home/***/.local/lib/python3.12/site-packages/***/task/task_runner/standard_task_runner.py:61 DeprecationWarning: This process (pid=2278) is multi-threaded, use of fork() may lead to deadlocks in the child.
[2024-06-03T09:42:54.421+0000] {standard_task_runner.py:90} INFO - Running: ['***', 'tasks', 'run', 'city_data_workflow_DAG_final', 'group_tasks.check_data_city_is_exist', 'manual__2024-06-03T09:36:21.462350+00:00', '--job-id', '999', '--raw', '--subdir', 'DAGS_FOLDER/tasks_flow.py', '--cfg-path', '/tmp/tmp8tofxtp0']
[2024-06-03T09:42:54.423+0000] {standard_task_runner.py:63} INFO - Started process 2280 to run task
[2024-06-03T09:42:54.424+0000] {standard_task_runner.py:91} INFO - Job 999: Subtask group_tasks.check_data_city_is_exist
[2024-06-03T09:42:54.484+0000] {task_command.py:426} INFO - Running <TaskInstance: city_data_workflow_DAG_final.group_tasks.check_data_city_is_exist manual__2024-06-03T09:36:21.462350+00:00 [running]> on host cd9caf1c47f0
[2024-06-03T09:42:54.618+0000] {taskinstance.py:2648} INFO - Exporting env vars: AIRFLOW_CTX_DAG_OWNER='Khang' AIRFLOW_CTX_DAG_ID='city_data_workflow_DAG_final' AIRFLOW_CTX_TASK_ID='group_tasks.check_data_city_is_exist' AIRFLOW_CTX_EXECUTION_DATE='2024-06-03T09:36:21.462350+00:00' AIRFLOW_CTX_TRY_NUMBER='3' AIRFLOW_CTX_DAG_RUN_ID='manual__2024-06-03T09:36:21.462350+00:00'
[2024-06-03T09:42:54.621+0000] {taskinstance.py:430} INFO - ::endgroup::
[2024-06-03T09:42:54.645+0000] {baseoperator.py:399} WARNING - BranchPythonOperator.execute cannot be called outside TaskInstance!
[2024-06-03T09:42:54.682+0000] {base.py:84} INFO - Using connection ID 'postgres_connection_id' for task execution.
[2024-06-03T09:42:54.693+0000] {sql.py:470} INFO - Running statement: SELECT COUNT(*) FROM cities WHERE wiki_id = 'Q25282';, parameters: None
[2024-06-03T09:42:54.695+0000] {sql.py:479} INFO - Rows affected: 1
[2024-06-03T09:42:54.696+0000] {python.py:237} INFO - Done. Returned value was: group_tasks.load_csv_city_to_postgres
[2024-06-03T09:42:54.697+0000] {branch.py:36} INFO - Branch into group_tasks.load_csv_city_to_postgres
[2024-06-03T09:42:54.697+0000] {skipmixin.py:178} INFO - Following branch group_tasks.load_csv_city_to_postgres
[2024-06-03T09:42:54.725+0000] {skipmixin.py:246} INFO - Skipping tasks [('end_tasks_flow', -1)]
[2024-06-03T09:42:54.759+0000] {taskinstance.py:441} INFO - ::group::Post task execution logs
[2024-06-03T09:42:54.788+0000] {taskinstance.py:1206} INFO - Marking task as SUCCESS. dag_id=city_data_workflow_DAG_final, task_id=group_tasks.check_data_city_is_exist, run_id=manual__2024-06-03T09:36:21.462350+00:00, execution_date=20240603T093621, start_date=20240603T094254, end_date=20240603T094254
[2024-06-03T09:42:54.839+0000] {local_task_job_runner.py:240} INFO - Task exited with return code 0
[2024-06-03T09:42:54.855+0000] {logging_mixin.py:188} WARNING - /home/***/.local/lib/python3.12/site-packages/***/models/baseoperator.py:1296 AirflowProviderDeprecationWarning: Call to deprecated class PostgresOperator. (Please use `***.providers.common.sql.operators.sql.SQLExecuteQueryOperator`.Also, you can provide `hook_params={'schema': <database>}`.)
[2024-06-03T09:42:54.889+0000] {taskinstance.py:3498} INFO - 1 downstream tasks scheduled from follow-on schedule check
[2024-06-03T09:42:54.893+0000] {local_task_job_runner.py:222} INFO - ::endgroup::
