[2024-06-03T08:25:27.337+0000] {local_task_job_runner.py:120} INFO - ::group::Pre task execution logs
[2024-06-03T08:25:27.360+0000] {taskinstance.py:2076} INFO - Dependencies all met for dep_context=non-requeueable deps ti=<TaskInstance: city_data_workflow_DAG_final.group_tasks.is_weather_api_ready scheduled__2024-06-02T00:00:00+00:00 [queued]>
[2024-06-03T08:25:27.369+0000] {taskinstance.py:2076} INFO - Dependencies all met for dep_context=requeueable deps ti=<TaskInstance: city_data_workflow_DAG_final.group_tasks.is_weather_api_ready scheduled__2024-06-02T00:00:00+00:00 [queued]>
[2024-06-03T08:25:27.370+0000] {taskinstance.py:2306} INFO - Starting attempt 1 of 6
[2024-06-03T08:25:27.382+0000] {taskinstance.py:2330} INFO - Executing <Task(PythonOperator): group_tasks.is_weather_api_ready> on 2024-06-02 00:00:00+00:00
[2024-06-03T08:25:27.389+0000] {standard_task_runner.py:90} INFO - Running: ['***', 'tasks', 'run', 'city_data_workflow_DAG_final', 'group_tasks.is_weather_api_ready', 'scheduled__2024-06-02T00:00:00+00:00', '--job-id', '949', '--raw', '--subdir', 'DAGS_FOLDER/tasks_flow.py', '--cfg-path', '/tmp/tmpa1f9wusn']
[2024-06-03T08:25:27.392+0000] {standard_task_runner.py:91} INFO - Job 949: Subtask group_tasks.is_weather_api_ready
[2024-06-03T08:25:27.396+0000] {logging_mixin.py:188} WARNING - /home/***/.local/lib/python3.12/site-packages/***/task/task_runner/standard_task_runner.py:61 DeprecationWarning: This process (pid=186) is multi-threaded, use of fork() may lead to deadlocks in the child.
[2024-06-03T08:25:27.398+0000] {standard_task_runner.py:63} INFO - Started process 189 to run task
[2024-06-03T08:25:27.457+0000] {task_command.py:426} INFO - Running <TaskInstance: city_data_workflow_DAG_final.group_tasks.is_weather_api_ready scheduled__2024-06-02T00:00:00+00:00 [running]> on host cd9caf1c47f0
[2024-06-03T08:25:27.582+0000] {taskinstance.py:2648} INFO - Exporting env vars: AIRFLOW_CTX_DAG_OWNER='Khang' AIRFLOW_CTX_DAG_ID='city_data_workflow_DAG_final' AIRFLOW_CTX_TASK_ID='group_tasks.is_weather_api_ready' AIRFLOW_CTX_EXECUTION_DATE='2024-06-02T00:00:00+00:00' AIRFLOW_CTX_TRY_NUMBER='1' AIRFLOW_CTX_DAG_RUN_ID='scheduled__2024-06-02T00:00:00+00:00'
[2024-06-03T08:25:27.583+0000] {taskinstance.py:430} INFO - ::endgroup::
[2024-06-03T08:25:27.597+0000] {http.py:137} INFO - Poking: /data/2.5/weather?lat=10.82302&lon=106.62965&appid=cb9774016f254a4cb1aa6516bf401afa
[2024-06-03T08:25:27.609+0000] {base.py:84} INFO - Using connection ID 'weather_map_api_connection' for task execution.
[2024-06-03T08:25:27.857+0000] {python.py:237} INFO - Done. Returned value was: None
[2024-06-03T08:25:27.858+0000] {taskinstance.py:441} INFO - ::group::Post task execution logs
[2024-06-03T08:25:27.871+0000] {taskinstance.py:1206} INFO - Marking task as SUCCESS. dag_id=city_data_workflow_DAG_final, task_id=group_tasks.is_weather_api_ready, run_id=scheduled__2024-06-02T00:00:00+00:00, execution_date=20240602T000000, start_date=20240603T082527, end_date=20240603T082527
[2024-06-03T08:25:27.894+0000] {local_task_job_runner.py:240} INFO - Task exited with return code 0
[2024-06-03T08:25:27.908+0000] {logging_mixin.py:188} WARNING - /home/***/.local/lib/python3.12/site-packages/***/models/baseoperator.py:1296 AirflowProviderDeprecationWarning: Call to deprecated class PostgresOperator. (Please use `***.providers.common.sql.operators.sql.SQLExecuteQueryOperator`.Also, you can provide `hook_params={'schema': <database>}`.)
[2024-06-03T08:25:27.924+0000] {taskinstance.py:3498} INFO - 1 downstream tasks scheduled from follow-on schedule check
[2024-06-03T08:25:27.927+0000] {local_task_job_runner.py:222} INFO - ::endgroup::
[2024-06-03T09:34:43.974+0000] {local_task_job_runner.py:120} INFO - ::group::Pre task execution logs
[2024-06-03T09:34:43.999+0000] {taskinstance.py:2076} INFO - Dependencies all met for dep_context=non-requeueable deps ti=<TaskInstance: city_data_workflow_DAG_final.group_tasks.is_weather_api_ready scheduled__2024-06-02T00:00:00+00:00 [queued]>
[2024-06-03T09:34:44.009+0000] {taskinstance.py:2076} INFO - Dependencies all met for dep_context=requeueable deps ti=<TaskInstance: city_data_workflow_DAG_final.group_tasks.is_weather_api_ready scheduled__2024-06-02T00:00:00+00:00 [queued]>
[2024-06-03T09:34:44.010+0000] {taskinstance.py:2306} INFO - Starting attempt 1 of 6
[2024-06-03T09:34:44.027+0000] {taskinstance.py:2330} INFO - Executing <Task(PythonOperator): group_tasks.is_weather_api_ready> on 2024-06-02 00:00:00+00:00
[2024-06-03T09:34:44.039+0000] {standard_task_runner.py:90} INFO - Running: ['***', 'tasks', 'run', 'city_data_workflow_DAG_final', 'group_tasks.is_weather_api_ready', 'scheduled__2024-06-02T00:00:00+00:00', '--job-id', '967', '--raw', '--subdir', 'DAGS_FOLDER/tasks_flow.py', '--cfg-path', '/tmp/tmp6af6977v']
[2024-06-03T09:34:44.044+0000] {standard_task_runner.py:91} INFO - Job 967: Subtask group_tasks.is_weather_api_ready
[2024-06-03T09:34:44.046+0000] {logging_mixin.py:188} WARNING - /home/***/.local/lib/python3.12/site-packages/***/task/task_runner/standard_task_runner.py:61 DeprecationWarning: This process (pid=1979) is multi-threaded, use of fork() may lead to deadlocks in the child.
[2024-06-03T09:34:44.048+0000] {standard_task_runner.py:63} INFO - Started process 1983 to run task
[2024-06-03T09:34:44.139+0000] {task_command.py:426} INFO - Running <TaskInstance: city_data_workflow_DAG_final.group_tasks.is_weather_api_ready scheduled__2024-06-02T00:00:00+00:00 [running]> on host cd9caf1c47f0
[2024-06-03T09:34:44.300+0000] {taskinstance.py:2648} INFO - Exporting env vars: AIRFLOW_CTX_DAG_OWNER='Khang' AIRFLOW_CTX_DAG_ID='city_data_workflow_DAG_final' AIRFLOW_CTX_TASK_ID='group_tasks.is_weather_api_ready' AIRFLOW_CTX_EXECUTION_DATE='2024-06-02T00:00:00+00:00' AIRFLOW_CTX_TRY_NUMBER='1' AIRFLOW_CTX_DAG_RUN_ID='scheduled__2024-06-02T00:00:00+00:00'
[2024-06-03T09:34:44.302+0000] {taskinstance.py:430} INFO - ::endgroup::
[2024-06-03T09:34:44.318+0000] {http.py:137} INFO - Poking: /data/2.5/weather?lat=10.82302&lon=106.62965&appid=cb9774016f254a4cb1aa6516bf401afa
[2024-06-03T09:34:44.334+0000] {base.py:84} INFO - Using connection ID 'weather_map_api_connection' for task execution.
[2024-06-03T09:34:44.812+0000] {python.py:237} INFO - Done. Returned value was: None
[2024-06-03T09:34:44.813+0000] {taskinstance.py:441} INFO - ::group::Post task execution logs
[2024-06-03T09:34:44.828+0000] {taskinstance.py:1206} INFO - Marking task as SUCCESS. dag_id=city_data_workflow_DAG_final, task_id=group_tasks.is_weather_api_ready, run_id=scheduled__2024-06-02T00:00:00+00:00, execution_date=20240602T000000, start_date=20240603T093444, end_date=20240603T093444
[2024-06-03T09:34:44.866+0000] {local_task_job_runner.py:240} INFO - Task exited with return code 0
[2024-06-03T09:34:44.883+0000] {logging_mixin.py:188} WARNING - /home/***/.local/lib/python3.12/site-packages/***/models/baseoperator.py:1296 AirflowProviderDeprecationWarning: Call to deprecated class PostgresOperator. (Please use `***.providers.common.sql.operators.sql.SQLExecuteQueryOperator`.Also, you can provide `hook_params={'schema': <database>}`.)
[2024-06-03T09:34:44.903+0000] {taskinstance.py:3498} INFO - 1 downstream tasks scheduled from follow-on schedule check
[2024-06-03T09:34:44.907+0000] {local_task_job_runner.py:222} INFO - ::endgroup::
