[2024-05-29T10:50:33.731+0000] {local_task_job_runner.py:120} INFO - ::group::Pre task execution logs
[2024-05-29T10:50:33.752+0000] {taskinstance.py:2076} INFO - Dependencies all met for dep_context=non-requeueable deps ti=<TaskInstance: my_weather_workflow_DAG_v03.is_weather_api_ready manual__2024-05-29T10:50:31.799145+00:00 [queued]>
[2024-05-29T10:50:33.761+0000] {taskinstance.py:2076} INFO - Dependencies all met for dep_context=requeueable deps ti=<TaskInstance: my_weather_workflow_DAG_v03.is_weather_api_ready manual__2024-05-29T10:50:31.799145+00:00 [queued]>
[2024-05-29T10:50:33.762+0000] {taskinstance.py:2306} INFO - Starting attempt 1 of 6
[2024-05-29T10:50:33.777+0000] {taskinstance.py:2330} INFO - Executing <Task(HttpSensor): is_weather_api_ready> on 2024-05-29 10:50:31.799145+00:00
[2024-05-29T10:50:33.784+0000] {standard_task_runner.py:90} INFO - Running: ['***', 'tasks', 'run', 'my_weather_workflow_DAG_v03', 'is_weather_api_ready', 'manual__2024-05-29T10:50:31.799145+00:00', '--job-id', '28', '--raw', '--subdir', 'DAGS_FOLDER/weather_dag.py', '--cfg-path', '/tmp/tmp7ow0tay3']
[2024-05-29T10:50:33.786+0000] {standard_task_runner.py:91} INFO - Job 28: Subtask is_weather_api_ready
[2024-05-29T10:50:33.788+0000] {logging_mixin.py:188} WARNING - /home/***/.local/lib/python3.12/site-packages/***/task/task_runner/standard_task_runner.py:61 DeprecationWarning: This process (pid=969) is multi-threaded, use of fork() may lead to deadlocks in the child.
[2024-05-29T10:50:33.789+0000] {standard_task_runner.py:63} INFO - Started process 971 to run task
[2024-05-29T10:50:33.844+0000] {task_command.py:426} INFO - Running <TaskInstance: my_weather_workflow_DAG_v03.is_weather_api_ready manual__2024-05-29T10:50:31.799145+00:00 [running]> on host cd9caf1c47f0
[2024-05-29T10:50:33.947+0000] {taskinstance.py:2648} INFO - Exporting env vars: AIRFLOW_CTX_DAG_OWNER='Khang' AIRFLOW_CTX_DAG_ID='my_weather_workflow_DAG_v03' AIRFLOW_CTX_TASK_ID='is_weather_api_ready' AIRFLOW_CTX_EXECUTION_DATE='2024-05-29T10:50:31.799145+00:00' AIRFLOW_CTX_TRY_NUMBER='1' AIRFLOW_CTX_DAG_RUN_ID='manual__2024-05-29T10:50:31.799145+00:00'
[2024-05-29T10:50:33.949+0000] {taskinstance.py:430} INFO - ::endgroup::
[2024-05-29T10:50:33.963+0000] {baseoperator.py:399} WARNING - HttpSensor.execute cannot be called outside TaskInstance!
[2024-05-29T10:50:33.963+0000] {http.py:137} INFO - Poking: /data/2.5/weather?lat=10.762622&lon=106.660172&appid=cb9774016f254a4cb1aa6516bf401afa
[2024-05-29T10:50:33.977+0000] {base.py:84} INFO - Using connection ID 'weather_map_api_connection' for task execution.
[2024-05-29T10:50:34.667+0000] {base.py:294} INFO - Success criteria met. Exiting.
[2024-05-29T10:50:34.668+0000] {taskinstance.py:441} INFO - ::group::Post task execution logs
[2024-05-29T10:50:34.687+0000] {taskinstance.py:1206} INFO - Marking task as SUCCESS. dag_id=my_weather_workflow_DAG_v03, task_id=is_weather_api_ready, run_id=manual__2024-05-29T10:50:31.799145+00:00, execution_date=20240529T105031, start_date=20240529T105033, end_date=20240529T105034
[2024-05-29T10:50:34.726+0000] {local_task_job_runner.py:240} INFO - Task exited with return code 0
[2024-05-29T10:50:34.746+0000] {logging_mixin.py:188} WARNING - /home/***/.local/lib/python3.12/site-packages/***/models/baseoperator.py:1296 AirflowProviderDeprecationWarning: Call to deprecated class SimpleHttpOperator. (Class `SimpleHttpOperator` is deprecated and will be removed in a future release. Please use `HttpOperator` instead.)
[2024-05-29T10:50:34.775+0000] {taskinstance.py:3498} INFO - 1 downstream tasks scheduled from follow-on schedule check
[2024-05-29T10:50:34.778+0000] {local_task_job_runner.py:222} INFO - ::endgroup::
