[2024-06-02T10:39:36.143+0000] {local_task_job_runner.py:120} INFO - ::group::Pre task execution logs
[2024-06-02T10:39:36.164+0000] {taskinstance.py:2076} INFO - Dependencies all met for dep_context=non-requeueable deps ti=<TaskInstance: city_data_workflow_DAG_final.group_tasks.extract_weather_data_from_api scheduled__2024-06-01T00:00:00+00:00 [queued]>
[2024-06-02T10:39:36.174+0000] {taskinstance.py:2076} INFO - Dependencies all met for dep_context=requeueable deps ti=<TaskInstance: city_data_workflow_DAG_final.group_tasks.extract_weather_data_from_api scheduled__2024-06-01T00:00:00+00:00 [queued]>
[2024-06-02T10:39:36.175+0000] {taskinstance.py:2306} INFO - Starting attempt 1 of 6
[2024-06-02T10:39:36.189+0000] {taskinstance.py:2330} INFO - Executing <Task(PythonOperator): group_tasks.extract_weather_data_from_api> on 2024-06-01 00:00:00+00:00
[2024-06-02T10:39:36.202+0000] {standard_task_runner.py:90} INFO - Running: ['***', 'tasks', 'run', 'city_data_workflow_DAG_final', 'group_tasks.extract_weather_data_from_api', 'scheduled__2024-06-01T00:00:00+00:00', '--job-id', '942', '--raw', '--subdir', 'DAGS_FOLDER/tasks_flow.py', '--cfg-path', '/tmp/tmp2sfjopqx']
[2024-06-02T10:39:36.206+0000] {standard_task_runner.py:91} INFO - Job 942: Subtask group_tasks.extract_weather_data_from_api
[2024-06-02T10:39:36.212+0000] {logging_mixin.py:188} WARNING - /home/***/.local/lib/python3.12/site-packages/***/task/task_runner/standard_task_runner.py:61 DeprecationWarning: This process (pid=193) is multi-threaded, use of fork() may lead to deadlocks in the child.
[2024-06-02T10:39:36.213+0000] {standard_task_runner.py:63} INFO - Started process 195 to run task
[2024-06-02T10:39:36.266+0000] {task_command.py:426} INFO - Running <TaskInstance: city_data_workflow_DAG_final.group_tasks.extract_weather_data_from_api scheduled__2024-06-01T00:00:00+00:00 [running]> on host cd9caf1c47f0
[2024-06-02T10:39:36.410+0000] {taskinstance.py:2648} INFO - Exporting env vars: AIRFLOW_CTX_DAG_OWNER='Khang' AIRFLOW_CTX_DAG_ID='city_data_workflow_DAG_final' AIRFLOW_CTX_TASK_ID='group_tasks.extract_weather_data_from_api' AIRFLOW_CTX_EXECUTION_DATE='2024-06-01T00:00:00+00:00' AIRFLOW_CTX_TRY_NUMBER='1' AIRFLOW_CTX_DAG_RUN_ID='scheduled__2024-06-01T00:00:00+00:00'
[2024-06-02T10:39:36.412+0000] {taskinstance.py:430} INFO - ::endgroup::
[2024-06-02T10:39:36.429+0000] {baseoperator.py:399} WARNING - SimpleHttpOperator.execute cannot be called outside TaskInstance!
[2024-06-02T10:39:36.429+0000] {http.py:169} INFO - Calling HTTP method
[2024-06-02T10:39:36.444+0000] {base.py:84} INFO - Using connection ID 'weather_map_api_connection' for task execution.
[2024-06-02T10:39:36.457+0000] {base.py:84} INFO - Using connection ID 'weather_map_api_connection' for task execution.
[2024-06-02T10:39:36.601+0000] {http.py:208} INFO - {"coord":{"lon":106.6296,"lat":10.823},"weather":[{"id":802,"main":"Clouds","description":"scattered clouds","icon":"03d"}],"base":"stations","main":{"temp":306.16,"feels_like":310.99,"temp_min":305.98,"temp_max":306.16,"pressure":1008,"humidity":55},"visibility":10000,"wind":{"speed":4.63,"deg":360},"clouds":{"all":40},"dt":1717324763,"sys":{"type":1,"id":9314,"country":"VN","sunrise":1717281005,"sunset":1717326793},"timezone":25200,"id":1565593,"name":"Thong Tay Hoi","cod":200}
[2024-06-02T10:39:36.623+0000] {python.py:237} INFO - Done. Returned value was: None
[2024-06-02T10:39:36.624+0000] {taskinstance.py:441} INFO - ::group::Post task execution logs
[2024-06-02T10:39:36.639+0000] {taskinstance.py:1206} INFO - Marking task as SUCCESS. dag_id=city_data_workflow_DAG_final, task_id=group_tasks.extract_weather_data_from_api, run_id=scheduled__2024-06-01T00:00:00+00:00, execution_date=20240601T000000, start_date=20240602T103936, end_date=20240602T103936
[2024-06-02T10:39:36.668+0000] {local_task_job_runner.py:240} INFO - Task exited with return code 0
[2024-06-02T10:39:36.683+0000] {logging_mixin.py:188} WARNING - /home/***/.local/lib/python3.12/site-packages/***/models/baseoperator.py:1296 AirflowProviderDeprecationWarning: Call to deprecated class PostgresOperator. (Please use `***.providers.common.sql.operators.sql.SQLExecuteQueryOperator`.Also, you can provide `hook_params={'schema': <database>}`.)
[2024-06-02T10:39:36.702+0000] {taskinstance.py:3498} INFO - 1 downstream tasks scheduled from follow-on schedule check
[2024-06-02T10:39:36.707+0000] {local_task_job_runner.py:222} INFO - ::endgroup::
