[2024-05-24T10:29:32.157+0000] {local_task_job_runner.py:120} INFO - ::group::Pre task execution logs
[2024-05-24T10:29:32.194+0000] {taskinstance.py:2076} INFO - Dependencies all met for dep_context=non-requeueable deps ti=<TaskInstance: my_weather_workflow_DAG_v03.is_weather_api_ready_task scheduled__2024-05-23T00:00:00+00:00 [queued]>
[2024-05-24T10:29:32.206+0000] {taskinstance.py:2076} INFO - Dependencies all met for dep_context=requeueable deps ti=<TaskInstance: my_weather_workflow_DAG_v03.is_weather_api_ready_task scheduled__2024-05-23T00:00:00+00:00 [queued]>
[2024-05-24T10:29:32.208+0000] {taskinstance.py:2306} INFO - Starting attempt 1 of 6
[2024-05-24T10:29:32.230+0000] {taskinstance.py:2330} INFO - Executing <Task(HttpSensor): is_weather_api_ready_task> on 2024-05-23 00:00:00+00:00
[2024-05-24T10:29:32.244+0000] {standard_task_runner.py:90} INFO - Running: ['***', 'tasks', 'run', 'my_weather_workflow_DAG_v03', 'is_weather_api_ready_task', 'scheduled__2024-05-23T00:00:00+00:00', '--job-id', '25', '--raw', '--subdir', 'DAGS_FOLDER/weather_dag.py', '--cfg-path', '/tmp/tmp4t77iiln']
[2024-05-24T10:29:32.248+0000] {standard_task_runner.py:91} INFO - Job 25: Subtask is_weather_api_ready_task
[2024-05-24T10:29:32.251+0000] {logging_mixin.py:188} WARNING - /home/***/.local/lib/python3.12/site-packages/***/task/task_runner/standard_task_runner.py:61 DeprecationWarning: This process (pid=854) is multi-threaded, use of fork() may lead to deadlocks in the child.
[2024-05-24T10:29:32.253+0000] {standard_task_runner.py:63} INFO - Started process 858 to run task
[2024-05-24T10:29:32.327+0000] {task_command.py:426} INFO - Running <TaskInstance: my_weather_workflow_DAG_v03.is_weather_api_ready_task scheduled__2024-05-23T00:00:00+00:00 [running]> on host 6ab40057742d
[2024-05-24T10:29:32.805+0000] {taskinstance.py:2648} INFO - Exporting env vars: AIRFLOW_CTX_DAG_OWNER='Khang' AIRFLOW_CTX_DAG_ID='my_weather_workflow_DAG_v03' AIRFLOW_CTX_TASK_ID='is_weather_api_ready_task' AIRFLOW_CTX_EXECUTION_DATE='2024-05-23T00:00:00+00:00' AIRFLOW_CTX_TRY_NUMBER='1' AIRFLOW_CTX_DAG_RUN_ID='scheduled__2024-05-23T00:00:00+00:00'
[2024-05-24T10:29:32.807+0000] {taskinstance.py:430} INFO - ::endgroup::
[2024-05-24T10:29:32.833+0000] {baseoperator.py:399} WARNING - HttpSensor.execute cannot be called outside TaskInstance!
[2024-05-24T10:29:32.835+0000] {http.py:137} INFO - Poking: /data/2.5/weather?lat=10.762622&lon=106.660172&appid=9881854b04470f3cd966ec1ffdf5ff08
[2024-05-24T10:29:32.861+0000] {base.py:84} INFO - Using connection ID 'weather_map_api_connection' for task execution.
[2024-05-24T10:29:33.150+0000] {base.py:294} INFO - Success criteria met. Exiting.
[2024-05-24T10:29:33.151+0000] {taskinstance.py:441} INFO - ::group::Post task execution logs
[2024-05-24T10:29:33.166+0000] {taskinstance.py:1206} INFO - Marking task as SUCCESS. dag_id=my_weather_workflow_DAG_v03, task_id=is_weather_api_ready_task, run_id=scheduled__2024-05-23T00:00:00+00:00, execution_date=20240523T000000, start_date=20240524T102932, end_date=20240524T102933
[2024-05-24T10:29:33.231+0000] {local_task_job_runner.py:240} INFO - Task exited with return code 0
[2024-05-24T10:29:33.251+0000] {logging_mixin.py:188} WARNING - /home/***/.local/lib/python3.12/site-packages/***/models/baseoperator.py:1296 AirflowProviderDeprecationWarning: Call to deprecated class SimpleHttpOperator. (Class `SimpleHttpOperator` is deprecated and will be removed in a future release. Please use `HttpOperator` instead.)
[2024-05-24T10:29:33.280+0000] {taskinstance.py:3498} INFO - 1 downstream tasks scheduled from follow-on schedule check
[2024-05-24T10:29:33.284+0000] {local_task_job_runner.py:222} INFO - ::endgroup::
[2024-05-24T10:34:10.526+0000] {local_task_job_runner.py:120} INFO - ::group::Pre task execution logs
[2024-05-24T10:34:10.555+0000] {taskinstance.py:2076} INFO - Dependencies all met for dep_context=non-requeueable deps ti=<TaskInstance: my_weather_workflow_DAG_v03.is_weather_api_ready_task scheduled__2024-05-23T00:00:00+00:00 [queued]>
[2024-05-24T10:34:10.567+0000] {taskinstance.py:2076} INFO - Dependencies all met for dep_context=requeueable deps ti=<TaskInstance: my_weather_workflow_DAG_v03.is_weather_api_ready_task scheduled__2024-05-23T00:00:00+00:00 [queued]>
[2024-05-24T10:34:10.568+0000] {taskinstance.py:2306} INFO - Starting attempt 1 of 6
[2024-05-24T10:34:10.586+0000] {taskinstance.py:2330} INFO - Executing <Task(HttpSensor): is_weather_api_ready_task> on 2024-05-23 00:00:00+00:00
[2024-05-24T10:34:10.595+0000] {standard_task_runner.py:90} INFO - Running: ['***', 'tasks', 'run', 'my_weather_workflow_DAG_v03', 'is_weather_api_ready_task', 'scheduled__2024-05-23T00:00:00+00:00', '--job-id', '30', '--raw', '--subdir', 'DAGS_FOLDER/weather_dag.py', '--cfg-path', '/tmp/tmps4j1zf1e']
[2024-05-24T10:34:10.600+0000] {standard_task_runner.py:91} INFO - Job 30: Subtask is_weather_api_ready_task
[2024-05-24T10:34:10.602+0000] {logging_mixin.py:188} WARNING - /home/***/.local/lib/python3.12/site-packages/***/task/task_runner/standard_task_runner.py:61 DeprecationWarning: This process (pid=992) is multi-threaded, use of fork() may lead to deadlocks in the child.
[2024-05-24T10:34:10.603+0000] {standard_task_runner.py:63} INFO - Started process 995 to run task
[2024-05-24T10:34:10.697+0000] {task_command.py:426} INFO - Running <TaskInstance: my_weather_workflow_DAG_v03.is_weather_api_ready_task scheduled__2024-05-23T00:00:00+00:00 [running]> on host 6ab40057742d
[2024-05-24T10:34:11.165+0000] {taskinstance.py:2648} INFO - Exporting env vars: AIRFLOW_CTX_DAG_OWNER='Khang' AIRFLOW_CTX_DAG_ID='my_weather_workflow_DAG_v03' AIRFLOW_CTX_TASK_ID='is_weather_api_ready_task' AIRFLOW_CTX_EXECUTION_DATE='2024-05-23T00:00:00+00:00' AIRFLOW_CTX_TRY_NUMBER='1' AIRFLOW_CTX_DAG_RUN_ID='scheduled__2024-05-23T00:00:00+00:00'
[2024-05-24T10:34:11.167+0000] {taskinstance.py:430} INFO - ::endgroup::
[2024-05-24T10:34:11.184+0000] {baseoperator.py:399} WARNING - HttpSensor.execute cannot be called outside TaskInstance!
[2024-05-24T10:34:11.185+0000] {http.py:137} INFO - Poking: /data/2.5/weather?lat=10.762622&lon=106.660172&appid=9881854b04470f3cd966ec1ffdf5ff08
[2024-05-24T10:34:11.202+0000] {base.py:84} INFO - Using connection ID 'weather_map_api_connection' for task execution.
[2024-05-24T10:34:12.381+0000] {base.py:294} INFO - Success criteria met. Exiting.
[2024-05-24T10:34:12.383+0000] {taskinstance.py:441} INFO - ::group::Post task execution logs
[2024-05-24T10:34:12.403+0000] {taskinstance.py:1206} INFO - Marking task as SUCCESS. dag_id=my_weather_workflow_DAG_v03, task_id=is_weather_api_ready_task, run_id=scheduled__2024-05-23T00:00:00+00:00, execution_date=20240523T000000, start_date=20240524T103410, end_date=20240524T103412
[2024-05-24T10:34:12.465+0000] {local_task_job_runner.py:240} INFO - Task exited with return code 0
[2024-05-24T10:34:12.487+0000] {logging_mixin.py:188} WARNING - /home/***/.local/lib/python3.12/site-packages/***/models/baseoperator.py:1296 AirflowProviderDeprecationWarning: Call to deprecated class SimpleHttpOperator. (Class `SimpleHttpOperator` is deprecated and will be removed in a future release. Please use `HttpOperator` instead.)
[2024-05-24T10:34:12.521+0000] {taskinstance.py:3498} INFO - 1 downstream tasks scheduled from follow-on schedule check
[2024-05-24T10:34:12.524+0000] {local_task_job_runner.py:222} INFO - ::endgroup::
[2024-05-24T10:44:18.227+0000] {local_task_job_runner.py:120} INFO - ::group::Pre task execution logs
[2024-05-24T10:44:18.262+0000] {taskinstance.py:2076} INFO - Dependencies all met for dep_context=non-requeueable deps ti=<TaskInstance: my_weather_workflow_DAG_v03.is_weather_api_ready_task scheduled__2024-05-23T00:00:00+00:00 [queued]>
[2024-05-24T10:44:18.272+0000] {taskinstance.py:2076} INFO - Dependencies all met for dep_context=requeueable deps ti=<TaskInstance: my_weather_workflow_DAG_v03.is_weather_api_ready_task scheduled__2024-05-23T00:00:00+00:00 [queued]>
[2024-05-24T10:44:18.272+0000] {taskinstance.py:2306} INFO - Starting attempt 1 of 6
[2024-05-24T10:44:18.291+0000] {taskinstance.py:2330} INFO - Executing <Task(HttpSensor): is_weather_api_ready_task> on 2024-05-23 00:00:00+00:00
[2024-05-24T10:44:18.301+0000] {standard_task_runner.py:90} INFO - Running: ['***', 'tasks', 'run', 'my_weather_workflow_DAG_v03', 'is_weather_api_ready_task', 'scheduled__2024-05-23T00:00:00+00:00', '--job-id', '38', '--raw', '--subdir', 'DAGS_FOLDER/weather_dag.py', '--cfg-path', '/tmp/tmpqi00_6f4']
[2024-05-24T10:44:18.305+0000] {standard_task_runner.py:91} INFO - Job 38: Subtask is_weather_api_ready_task
[2024-05-24T10:44:18.307+0000] {logging_mixin.py:188} WARNING - /home/***/.local/lib/python3.12/site-packages/***/task/task_runner/standard_task_runner.py:61 DeprecationWarning: This process (pid=1255) is multi-threaded, use of fork() may lead to deadlocks in the child.
[2024-05-24T10:44:18.309+0000] {standard_task_runner.py:63} INFO - Started process 1259 to run task
[2024-05-24T10:44:18.387+0000] {task_command.py:426} INFO - Running <TaskInstance: my_weather_workflow_DAG_v03.is_weather_api_ready_task scheduled__2024-05-23T00:00:00+00:00 [running]> on host 6ab40057742d
[2024-05-24T10:44:18.773+0000] {taskinstance.py:2648} INFO - Exporting env vars: AIRFLOW_CTX_DAG_OWNER='Khang' AIRFLOW_CTX_DAG_ID='my_weather_workflow_DAG_v03' AIRFLOW_CTX_TASK_ID='is_weather_api_ready_task' AIRFLOW_CTX_EXECUTION_DATE='2024-05-23T00:00:00+00:00' AIRFLOW_CTX_TRY_NUMBER='1' AIRFLOW_CTX_DAG_RUN_ID='scheduled__2024-05-23T00:00:00+00:00'
[2024-05-24T10:44:18.775+0000] {taskinstance.py:430} INFO - ::endgroup::
[2024-05-24T10:44:18.790+0000] {baseoperator.py:399} WARNING - HttpSensor.execute cannot be called outside TaskInstance!
[2024-05-24T10:44:18.791+0000] {http.py:137} INFO - Poking: /data/2.5/weather?lat=10.762622&lon=106.660172&appid=9881854b04470f3cd966ec1ffdf5ff08
[2024-05-24T10:44:18.808+0000] {base.py:84} INFO - Using connection ID 'weather_map_api_connection' for task execution.
[2024-05-24T10:44:18.957+0000] {base.py:294} INFO - Success criteria met. Exiting.
[2024-05-24T10:44:18.959+0000] {taskinstance.py:441} INFO - ::group::Post task execution logs
[2024-05-24T10:44:18.977+0000] {taskinstance.py:1206} INFO - Marking task as SUCCESS. dag_id=my_weather_workflow_DAG_v03, task_id=is_weather_api_ready_task, run_id=scheduled__2024-05-23T00:00:00+00:00, execution_date=20240523T000000, start_date=20240524T104418, end_date=20240524T104418
[2024-05-24T10:44:19.006+0000] {local_task_job_runner.py:240} INFO - Task exited with return code 0
[2024-05-24T10:44:19.024+0000] {logging_mixin.py:188} WARNING - /home/***/.local/lib/python3.12/site-packages/***/models/baseoperator.py:1296 AirflowProviderDeprecationWarning: Call to deprecated class SimpleHttpOperator. (Class `SimpleHttpOperator` is deprecated and will be removed in a future release. Please use `HttpOperator` instead.)
[2024-05-24T10:44:19.056+0000] {taskinstance.py:3498} INFO - 1 downstream tasks scheduled from follow-on schedule check
[2024-05-24T10:44:19.059+0000] {local_task_job_runner.py:222} INFO - ::endgroup::
