[2024-05-26T04:01:07.195+0000] {local_task_job_runner.py:120} INFO - ::group::Pre task execution logs
[2024-05-26T04:01:07.234+0000] {taskinstance.py:2076} INFO - Dependencies all met for dep_context=non-requeueable deps ti=<TaskInstance: my_weather_workflow_DAG_v03.extract_data_from_api scheduled__2024-05-25T00:00:00+00:00 [queued]>
[2024-05-26T04:01:07.247+0000] {taskinstance.py:2076} INFO - Dependencies all met for dep_context=requeueable deps ti=<TaskInstance: my_weather_workflow_DAG_v03.extract_data_from_api scheduled__2024-05-25T00:00:00+00:00 [queued]>
[2024-05-26T04:01:07.248+0000] {taskinstance.py:2306} INFO - Starting attempt 1 of 6
[2024-05-26T04:01:07.263+0000] {taskinstance.py:2330} INFO - Executing <Task(SimpleHttpOperator): extract_data_from_api> on 2024-05-25 00:00:00+00:00
[2024-05-26T04:01:07.274+0000] {standard_task_runner.py:90} INFO - Running: ['***', 'tasks', 'run', 'my_weather_workflow_DAG_v03', 'extract_data_from_api', 'scheduled__2024-05-25T00:00:00+00:00', '--job-id', '173', '--raw', '--subdir', 'DAGS_FOLDER/weather_dag.py', '--cfg-path', '/tmp/tmpyvzx_ie1']
[2024-05-26T04:01:07.278+0000] {standard_task_runner.py:91} INFO - Job 173: Subtask extract_data_from_api
[2024-05-26T04:01:07.278+0000] {logging_mixin.py:188} WARNING - /home/***/.local/lib/python3.12/site-packages/***/task/task_runner/standard_task_runner.py:61 DeprecationWarning: This process (pid=178) is multi-threaded, use of fork() may lead to deadlocks in the child.
[2024-05-26T04:01:07.280+0000] {standard_task_runner.py:63} INFO - Started process 180 to run task
[2024-05-26T04:01:07.355+0000] {task_command.py:426} INFO - Running <TaskInstance: my_weather_workflow_DAG_v03.extract_data_from_api scheduled__2024-05-25T00:00:00+00:00 [running]> on host c0a968b5acd8
[2024-05-26T04:01:07.515+0000] {taskinstance.py:2648} INFO - Exporting env vars: AIRFLOW_CTX_DAG_OWNER='Khang' AIRFLOW_CTX_DAG_ID='my_weather_workflow_DAG_v03' AIRFLOW_CTX_TASK_ID='extract_data_from_api' AIRFLOW_CTX_EXECUTION_DATE='2024-05-25T00:00:00+00:00' AIRFLOW_CTX_TRY_NUMBER='1' AIRFLOW_CTX_DAG_RUN_ID='scheduled__2024-05-25T00:00:00+00:00'
[2024-05-26T04:01:07.517+0000] {taskinstance.py:430} INFO - ::endgroup::
[2024-05-26T04:01:07.533+0000] {http.py:169} INFO - Calling HTTP method
[2024-05-26T04:01:07.551+0000] {base.py:84} INFO - Using connection ID 'weather_map_api_connection' for task execution.
[2024-05-26T04:01:07.566+0000] {base.py:84} INFO - Using connection ID 'weather_map_api_connection' for task execution.
[2024-05-26T04:01:07.811+0000] {http.py:208} INFO - {"coord":{"lon":106.6602,"lat":10.7626},"weather":[{"id":803,"main":"Clouds","description":"broken clouds","icon":"04d"}],"base":"stations","main":{"temp":306.51,"feels_like":313.51,"temp_min":306.14,"temp_max":306.51,"pressure":1009,"humidity":67},"visibility":10000,"wind":{"speed":1.79,"deg":53,"gust":2.68},"clouds":{"all":75},"dt":1716696064,"sys":{"type":2,"id":2093009,"country":"VN","sunrise":1716676204,"sunset":1716721865},"timezone":25200,"id":1566083,"name":"Ho Chi Minh City","cod":200}
[2024-05-26T04:01:07.815+0000] {taskinstance.py:441} INFO - ::group::Post task execution logs
[2024-05-26T04:01:07.869+0000] {taskinstance.py:1206} INFO - Marking task as SUCCESS. dag_id=my_weather_workflow_DAG_v03, task_id=extract_data_from_api, run_id=scheduled__2024-05-25T00:00:00+00:00, execution_date=20240525T000000, start_date=20240526T040107, end_date=20240526T040107
[2024-05-26T04:01:07.937+0000] {local_task_job_runner.py:240} INFO - Task exited with return code 0
[2024-05-26T04:01:07.964+0000] {logging_mixin.py:188} WARNING - /home/***/.local/lib/python3.12/site-packages/***/models/baseoperator.py:1296 AirflowProviderDeprecationWarning: Call to deprecated class SimpleHttpOperator. (Class `SimpleHttpOperator` is deprecated and will be removed in a future release. Please use `HttpOperator` instead.)
[2024-05-26T04:01:08.002+0000] {taskinstance.py:3498} INFO - 1 downstream tasks scheduled from follow-on schedule check
[2024-05-26T04:01:08.005+0000] {local_task_job_runner.py:222} INFO - ::endgroup::
