[2024-05-31T16:32:46.243+0000] {local_task_job_runner.py:120} INFO - ::group::Pre task execution logs
[2024-05-31T16:32:46.268+0000] {taskinstance.py:2076} INFO - Dependencies all met for dep_context=non-requeueable deps ti=<TaskInstance: my_weather_workflow_DAG_v04.group_tasks.extract_weather_data_from_api manual__2024-05-31T11:14:41.858816+00:00 [queued]>
[2024-05-31T16:32:46.278+0000] {taskinstance.py:2076} INFO - Dependencies all met for dep_context=requeueable deps ti=<TaskInstance: my_weather_workflow_DAG_v04.group_tasks.extract_weather_data_from_api manual__2024-05-31T11:14:41.858816+00:00 [queued]>
[2024-05-31T16:32:46.279+0000] {taskinstance.py:2306} INFO - Starting attempt 14 of 19
[2024-05-31T16:32:46.296+0000] {taskinstance.py:2330} INFO - Executing <Task(PythonOperator): group_tasks.extract_weather_data_from_api> on 2024-05-31 11:14:41.858816+00:00
[2024-05-31T16:32:46.306+0000] {logging_mixin.py:188} WARNING - /home/***/.local/lib/python3.12/site-packages/***/task/task_runner/standard_task_runner.py:61 DeprecationWarning: This process (pid=1737) is multi-threaded, use of fork() may lead to deadlocks in the child.
[2024-05-31T16:32:46.307+0000] {standard_task_runner.py:63} INFO - Started process 1739 to run task
[2024-05-31T16:32:46.306+0000] {standard_task_runner.py:90} INFO - Running: ['***', 'tasks', 'run', 'my_weather_workflow_DAG_v04', 'group_tasks.extract_weather_data_from_api', 'manual__2024-05-31T11:14:41.858816+00:00', '--job-id', '438', '--raw', '--subdir', 'DAGS_FOLDER/weather_dag.py', '--cfg-path', '/tmp/tmpzv0hsi3k']
[2024-05-31T16:32:46.309+0000] {standard_task_runner.py:91} INFO - Job 438: Subtask group_tasks.extract_weather_data_from_api
[2024-05-31T16:32:46.372+0000] {task_command.py:426} INFO - Running <TaskInstance: my_weather_workflow_DAG_v04.group_tasks.extract_weather_data_from_api manual__2024-05-31T11:14:41.858816+00:00 [running]> on host cd9caf1c47f0
[2024-05-31T16:32:46.500+0000] {taskinstance.py:2648} INFO - Exporting env vars: AIRFLOW_CTX_DAG_OWNER='Khang' AIRFLOW_CTX_DAG_ID='my_weather_workflow_DAG_v04' AIRFLOW_CTX_TASK_ID='group_tasks.extract_weather_data_from_api' AIRFLOW_CTX_EXECUTION_DATE='2024-05-31T11:14:41.858816+00:00' AIRFLOW_CTX_TRY_NUMBER='14' AIRFLOW_CTX_DAG_RUN_ID='manual__2024-05-31T11:14:41.858816+00:00'
[2024-05-31T16:32:46.501+0000] {taskinstance.py:430} INFO - ::endgroup::
[2024-05-31T16:32:46.515+0000] {baseoperator.py:399} WARNING - SimpleHttpOperator.execute cannot be called outside TaskInstance!
[2024-05-31T16:32:46.516+0000] {http.py:169} INFO - Calling HTTP method
[2024-05-31T16:32:46.529+0000] {base.py:84} INFO - Using connection ID 'weather_map_api_connection' for task execution.
[2024-05-31T16:32:46.540+0000] {base.py:84} INFO - Using connection ID 'weather_map_api_connection' for task execution.
[2024-05-31T16:32:47.404+0000] {http.py:208} INFO - {"coord":{"lon":108.1578,"lat":10.937},"weather":[{"id":804,"main":"Clouds","description":"overcast clouds","icon":"04n"}],"base":"stations","main":{"temp":300.12,"feels_like":303.11,"temp_min":300.12,"temp_max":300.12,"pressure":1011,"humidity":83,"sea_level":1011,"grnd_level":1005},"visibility":10000,"wind":{"speed":3.61,"deg":244,"gust":5.18},"clouds":{"all":100},"dt":1717172993,"sys":{"country":"VN","sunrise":1717107823,"sunset":1717153605},"timezone":25200,"id":1571058,"name":"Phan Thiet","cod":200}
[2024-05-31T16:32:47.429+0000] {python.py:237} INFO - Done. Returned value was: None
[2024-05-31T16:32:47.430+0000] {taskinstance.py:441} INFO - ::group::Post task execution logs
[2024-05-31T16:32:47.447+0000] {taskinstance.py:1206} INFO - Marking task as SUCCESS. dag_id=my_weather_workflow_DAG_v04, task_id=group_tasks.extract_weather_data_from_api, run_id=manual__2024-05-31T11:14:41.858816+00:00, execution_date=20240531T111441, start_date=20240531T163246, end_date=20240531T163247
[2024-05-31T16:32:47.489+0000] {local_task_job_runner.py:240} INFO - Task exited with return code 0
[2024-05-31T16:32:47.513+0000] {taskinstance.py:3498} INFO - 1 downstream tasks scheduled from follow-on schedule check
[2024-05-31T16:32:47.517+0000] {local_task_job_runner.py:222} INFO - ::endgroup::
