[2024-06-03T11:35:15.803+0000] {local_task_job_runner.py:120} INFO - ::group::Pre task execution logs
[2024-06-03T11:35:15.825+0000] {taskinstance.py:2076} INFO - Dependencies all met for dep_context=non-requeueable deps ti=<TaskInstance: city_data_workflow_DAG_final.group_tasks.load_csv_weather_to_postgres manual__2024-06-03T11:05:27.638846+00:00 [queued]>
[2024-06-03T11:35:15.833+0000] {taskinstance.py:2076} INFO - Dependencies all met for dep_context=requeueable deps ti=<TaskInstance: city_data_workflow_DAG_final.group_tasks.load_csv_weather_to_postgres manual__2024-06-03T11:05:27.638846+00:00 [queued]>
[2024-06-03T11:35:15.834+0000] {taskinstance.py:2306} INFO - Starting attempt 4 of 9
[2024-06-03T11:35:15.846+0000] {taskinstance.py:2330} INFO - Executing <Task(PythonOperator): group_tasks.load_csv_weather_to_postgres> on 2024-06-03 11:05:27.638846+00:00
[2024-06-03T11:35:15.853+0000] {logging_mixin.py:188} WARNING - /home/***/.local/lib/python3.12/site-packages/***/task/task_runner/standard_task_runner.py:61 DeprecationWarning: This process (pid=1781) is multi-threaded, use of fork() may lead to deadlocks in the child.
[2024-06-03T11:35:15.853+0000] {standard_task_runner.py:90} INFO - Running: ['***', 'tasks', 'run', 'city_data_workflow_DAG_final', 'group_tasks.load_csv_weather_to_postgres', 'manual__2024-06-03T11:05:27.638846+00:00', '--job-id', '1096', '--raw', '--subdir', 'DAGS_FOLDER/tasks_flow.py', '--cfg-path', '/tmp/tmpdxnko4c0']
[2024-06-03T11:35:15.855+0000] {standard_task_runner.py:63} INFO - Started process 1783 to run task
[2024-06-03T11:35:15.855+0000] {standard_task_runner.py:91} INFO - Job 1096: Subtask group_tasks.load_csv_weather_to_postgres
[2024-06-03T11:35:15.917+0000] {task_command.py:426} INFO - Running <TaskInstance: city_data_workflow_DAG_final.group_tasks.load_csv_weather_to_postgres manual__2024-06-03T11:05:27.638846+00:00 [running]> on host cd9caf1c47f0
[2024-06-03T11:35:16.011+0000] {taskinstance.py:2648} INFO - Exporting env vars: AIRFLOW_CTX_DAG_OWNER='Khang' AIRFLOW_CTX_DAG_ID='city_data_workflow_DAG_final' AIRFLOW_CTX_TASK_ID='group_tasks.load_csv_weather_to_postgres' AIRFLOW_CTX_EXECUTION_DATE='2024-06-03T11:05:27.638846+00:00' AIRFLOW_CTX_TRY_NUMBER='4' AIRFLOW_CTX_DAG_RUN_ID='manual__2024-06-03T11:05:27.638846+00:00'
[2024-06-03T11:35:16.012+0000] {taskinstance.py:430} INFO - ::endgroup::
[2024-06-03T11:35:16.047+0000] {base.py:84} INFO - Using connection ID 'postgres_connection_id' for task execution.
[2024-06-03T11:35:16.060+0000] {python.py:237} INFO - Done. Returned value was: None
[2024-06-03T11:35:16.061+0000] {taskinstance.py:441} INFO - ::group::Post task execution logs
[2024-06-03T11:35:16.072+0000] {taskinstance.py:1206} INFO - Marking task as SUCCESS. dag_id=city_data_workflow_DAG_final, task_id=group_tasks.load_csv_weather_to_postgres, run_id=manual__2024-06-03T11:05:27.638846+00:00, execution_date=20240603T110527, start_date=20240603T113515, end_date=20240603T113516
[2024-06-03T11:35:16.110+0000] {local_task_job_runner.py:240} INFO - Task exited with return code 0
[2024-06-03T11:35:16.149+0000] {logging_mixin.py:188} WARNING - /home/***/.local/lib/python3.12/site-packages/***/models/baseoperator.py:1296 AirflowProviderDeprecationWarning: Call to deprecated class PostgresOperator. (Please use `***.providers.common.sql.operators.sql.SQLExecuteQueryOperator`.Also, you can provide `hook_params={'schema': <database>}`.)
[2024-06-03T11:35:16.170+0000] {taskinstance.py:3498} INFO - 1 downstream tasks scheduled from follow-on schedule check
[2024-06-03T11:35:16.173+0000] {local_task_job_runner.py:222} INFO - ::endgroup::
