[2024-06-01T14:44:26.809+0000] {local_task_job_runner.py:120} INFO - ::group::Pre task execution logs
[2024-06-01T14:44:26.832+0000] {taskinstance.py:2076} INFO - Dependencies all met for dep_context=non-requeueable deps ti=<TaskInstance: my_weather_workflow_DAG_v04.group_tasks.load_csv_weather_to_postgres manual__2024-06-01T14:44:02.662915+00:00 [queued]>
[2024-06-01T14:44:26.844+0000] {taskinstance.py:2076} INFO - Dependencies all met for dep_context=requeueable deps ti=<TaskInstance: my_weather_workflow_DAG_v04.group_tasks.load_csv_weather_to_postgres manual__2024-06-01T14:44:02.662915+00:00 [queued]>
[2024-06-01T14:44:26.845+0000] {taskinstance.py:2306} INFO - Starting attempt 1 of 6
[2024-06-01T14:44:26.865+0000] {taskinstance.py:2330} INFO - Executing <Task(PythonOperator): group_tasks.load_csv_weather_to_postgres> on 2024-06-01 14:44:02.662915+00:00
[2024-06-01T14:44:26.875+0000] {standard_task_runner.py:90} INFO - Running: ['***', 'tasks', 'run', 'my_weather_workflow_DAG_v04', 'group_tasks.load_csv_weather_to_postgres', 'manual__2024-06-01T14:44:02.662915+00:00', '--job-id', '755', '--raw', '--subdir', 'DAGS_FOLDER/tasks_flow.py', '--cfg-path', '/tmp/tmpz9gt9n84']
[2024-06-01T14:44:26.878+0000] {standard_task_runner.py:91} INFO - Job 755: Subtask group_tasks.load_csv_weather_to_postgres
[2024-06-01T14:44:26.885+0000] {logging_mixin.py:188} WARNING - /home/***/.local/lib/python3.12/site-packages/***/task/task_runner/standard_task_runner.py:61 DeprecationWarning: This process (pid=526) is multi-threaded, use of fork() may lead to deadlocks in the child.
[2024-06-01T14:44:26.886+0000] {standard_task_runner.py:63} INFO - Started process 528 to run task
[2024-06-01T14:44:26.951+0000] {task_command.py:426} INFO - Running <TaskInstance: my_weather_workflow_DAG_v04.group_tasks.load_csv_weather_to_postgres manual__2024-06-01T14:44:02.662915+00:00 [running]> on host cd9caf1c47f0
[2024-06-01T14:44:27.058+0000] {taskinstance.py:2648} INFO - Exporting env vars: AIRFLOW_CTX_DAG_OWNER='Khang' AIRFLOW_CTX_DAG_ID='my_weather_workflow_DAG_v04' AIRFLOW_CTX_TASK_ID='group_tasks.load_csv_weather_to_postgres' AIRFLOW_CTX_EXECUTION_DATE='2024-06-01T14:44:02.662915+00:00' AIRFLOW_CTX_TRY_NUMBER='1' AIRFLOW_CTX_DAG_RUN_ID='manual__2024-06-01T14:44:02.662915+00:00'
[2024-06-01T14:44:27.059+0000] {taskinstance.py:430} INFO - ::endgroup::
[2024-06-01T14:44:27.106+0000] {base.py:84} INFO - Using connection ID 'postgres_connection_id' for task execution.
[2024-06-01T14:44:27.124+0000] {python.py:237} INFO - Done. Returned value was: None
[2024-06-01T14:44:27.125+0000] {taskinstance.py:441} INFO - ::group::Post task execution logs
[2024-06-01T14:44:27.139+0000] {taskinstance.py:1206} INFO - Marking task as SUCCESS. dag_id=my_weather_workflow_DAG_v04, task_id=group_tasks.load_csv_weather_to_postgres, run_id=manual__2024-06-01T14:44:02.662915+00:00, execution_date=20240601T144402, start_date=20240601T144426, end_date=20240601T144427
[2024-06-01T14:44:27.182+0000] {local_task_job_runner.py:240} INFO - Task exited with return code 0
[2024-06-01T14:44:27.200+0000] {logging_mixin.py:188} WARNING - /home/***/.local/lib/python3.12/site-packages/***/models/baseoperator.py:1296 AirflowProviderDeprecationWarning: Call to deprecated class PostgresOperator. (Please use `***.providers.common.sql.operators.sql.SQLExecuteQueryOperator`.Also, you can provide `hook_params={'schema': <database>}`.)
[2024-06-01T14:44:27.219+0000] {taskinstance.py:3498} INFO - 1 downstream tasks scheduled from follow-on schedule check
[2024-06-01T14:44:27.223+0000] {local_task_job_runner.py:222} INFO - ::endgroup::
