[2024-05-31T10:18:23.805+0000] {local_task_job_runner.py:120} INFO - ::group::Pre task execution logs
[2024-05-31T10:18:23.830+0000] {taskinstance.py:2076} INFO - Dependencies all met for dep_context=non-requeueable deps ti=<TaskInstance: my_weather_workflow_DAG_v04.group_tasks.create_table_city_postgresql manual__2024-05-31T05:49:47.133585+00:00 [queued]>
[2024-05-31T10:18:23.841+0000] {taskinstance.py:2076} INFO - Dependencies all met for dep_context=requeueable deps ti=<TaskInstance: my_weather_workflow_DAG_v04.group_tasks.create_table_city_postgresql manual__2024-05-31T05:49:47.133585+00:00 [queued]>
[2024-05-31T10:18:23.842+0000] {taskinstance.py:2306} INFO - Starting attempt 7 of 12
[2024-05-31T10:18:23.857+0000] {taskinstance.py:2330} INFO - Executing <Task(PostgresOperator): group_tasks.create_table_city_postgresql> on 2024-05-31 05:49:47.133585+00:00
[2024-05-31T10:18:23.866+0000] {logging_mixin.py:188} WARNING - /home/***/.local/lib/python3.12/site-packages/***/task/task_runner/standard_task_runner.py:61 DeprecationWarning: This process (pid=1232) is multi-threaded, use of fork() may lead to deadlocks in the child.
[2024-05-31T10:18:23.867+0000] {standard_task_runner.py:63} INFO - Started process 1234 to run task
[2024-05-31T10:18:23.866+0000] {standard_task_runner.py:90} INFO - Running: ['***', 'tasks', 'run', 'my_weather_workflow_DAG_v04', 'group_tasks.create_table_city_postgresql', 'manual__2024-05-31T05:49:47.133585+00:00', '--job-id', '316', '--raw', '--subdir', 'DAGS_FOLDER/weather_dag.py', '--cfg-path', '/tmp/tmpyjs8wfxi']
[2024-05-31T10:18:23.868+0000] {standard_task_runner.py:91} INFO - Job 316: Subtask group_tasks.create_table_city_postgresql
[2024-05-31T10:18:23.934+0000] {task_command.py:426} INFO - Running <TaskInstance: my_weather_workflow_DAG_v04.group_tasks.create_table_city_postgresql manual__2024-05-31T05:49:47.133585+00:00 [running]> on host cd9caf1c47f0
[2024-05-31T10:18:24.050+0000] {taskinstance.py:2648} INFO - Exporting env vars: AIRFLOW_CTX_DAG_OWNER='Khang' AIRFLOW_CTX_DAG_ID='my_weather_workflow_DAG_v04' AIRFLOW_CTX_TASK_ID='group_tasks.create_table_city_postgresql' AIRFLOW_CTX_EXECUTION_DATE='2024-05-31T05:49:47.133585+00:00' AIRFLOW_CTX_TRY_NUMBER='7' AIRFLOW_CTX_DAG_RUN_ID='manual__2024-05-31T05:49:47.133585+00:00'
[2024-05-31T10:18:24.051+0000] {taskinstance.py:430} INFO - ::endgroup::
[2024-05-31T10:18:24.067+0000] {sql.py:276} INFO - Executing: CREATE TABLE IF NOT EXISTS cities(
  wiki_id VARCHAR(20) PRIMARY KEY,
  name VARCHAR(50) NOT NULL,
  country VARCHAR(100) NOT NULL,
  population BIGINT NOT NULL,
  latitude DOUBLE PRECISION NOT NULL,
  longitude DOUBLE PRECISION NOT NULL
);
[2024-05-31T10:18:24.082+0000] {base.py:84} INFO - Using connection ID 'postgres_connection_id' for task execution.
[2024-05-31T10:18:24.094+0000] {base.py:84} INFO - Using connection ID 'postgres_connection_id' for task execution.
[2024-05-31T10:18:24.103+0000] {sql.py:470} INFO - Running statement: CREATE TABLE IF NOT EXISTS cities(
  wiki_id VARCHAR(20) PRIMARY KEY,
  name VARCHAR(50) NOT NULL,
  country VARCHAR(100) NOT NULL,
  population BIGINT NOT NULL,
  latitude DOUBLE PRECISION NOT NULL,
  longitude DOUBLE PRECISION NOT NULL
);, parameters: None
[2024-05-31T10:18:24.106+0000] {taskinstance.py:441} INFO - ::group::Post task execution logs
[2024-05-31T10:18:24.120+0000] {taskinstance.py:1206} INFO - Marking task as SUCCESS. dag_id=my_weather_workflow_DAG_v04, task_id=group_tasks.create_table_city_postgresql, run_id=manual__2024-05-31T05:49:47.133585+00:00, execution_date=20240531T054947, start_date=20240531T101823, end_date=20240531T101824
[2024-05-31T10:18:24.163+0000] {local_task_job_runner.py:240} INFO - Task exited with return code 0
[2024-05-31T10:18:24.184+0000] {logging_mixin.py:188} WARNING - /home/***/.local/lib/python3.12/site-packages/***/models/baseoperator.py:1296 AirflowProviderDeprecationWarning: Call to deprecated class PostgresOperator. (Please use `***.providers.common.sql.operators.sql.SQLExecuteQueryOperator`.Also, you can provide `hook_params={'schema': <database>}`.)
[2024-05-31T10:18:24.209+0000] {taskinstance.py:3498} INFO - 1 downstream tasks scheduled from follow-on schedule check
[2024-05-31T10:18:24.213+0000] {local_task_job_runner.py:222} INFO - ::endgroup::
