[2024-06-03T09:40:12.810+0000] {local_task_job_runner.py:120} INFO - ::group::Pre task execution logs
[2024-06-03T09:40:12.842+0000] {taskinstance.py:2076} INFO - Dependencies all met for dep_context=non-requeueable deps ti=<TaskInstance: city_data_workflow_DAG_final.group_tasks.is_weather_api_ready manual__2024-06-03T09:36:21.462350+00:00 [queued]>
[2024-06-03T09:40:12.856+0000] {taskinstance.py:2076} INFO - Dependencies all met for dep_context=requeueable deps ti=<TaskInstance: city_data_workflow_DAG_final.group_tasks.is_weather_api_ready manual__2024-06-03T09:36:21.462350+00:00 [queued]>
[2024-06-03T09:40:12.857+0000] {taskinstance.py:2306} INFO - Starting attempt 2 of 7
[2024-06-03T09:40:12.878+0000] {taskinstance.py:2330} INFO - Executing <Task(PythonOperator): group_tasks.is_weather_api_ready> on 2024-06-03 09:36:21.462350+00:00
[2024-06-03T09:40:12.888+0000] {logging_mixin.py:188} WARNING - /home/***/.local/lib/python3.12/site-packages/***/task/task_runner/standard_task_runner.py:61 DeprecationWarning: This process (pid=2166) is multi-threaded, use of fork() may lead to deadlocks in the child.
[2024-06-03T09:40:12.889+0000] {standard_task_runner.py:63} INFO - Started process 2169 to run task
[2024-06-03T09:40:12.888+0000] {standard_task_runner.py:90} INFO - Running: ['***', 'tasks', 'run', 'city_data_workflow_DAG_final', 'group_tasks.is_weather_api_ready', 'manual__2024-06-03T09:36:21.462350+00:00', '--job-id', '983', '--raw', '--subdir', 'DAGS_FOLDER/tasks_flow.py', '--cfg-path', '/tmp/tmpktxp4hf5']
[2024-06-03T09:40:12.892+0000] {standard_task_runner.py:91} INFO - Job 983: Subtask group_tasks.is_weather_api_ready
[2024-06-03T09:40:12.987+0000] {task_command.py:426} INFO - Running <TaskInstance: city_data_workflow_DAG_final.group_tasks.is_weather_api_ready manual__2024-06-03T09:36:21.462350+00:00 [running]> on host cd9caf1c47f0
[2024-06-03T09:40:13.137+0000] {taskinstance.py:2648} INFO - Exporting env vars: AIRFLOW_CTX_DAG_OWNER='Khang' AIRFLOW_CTX_DAG_ID='city_data_workflow_DAG_final' AIRFLOW_CTX_TASK_ID='group_tasks.is_weather_api_ready' AIRFLOW_CTX_EXECUTION_DATE='2024-06-03T09:36:21.462350+00:00' AIRFLOW_CTX_TRY_NUMBER='2' AIRFLOW_CTX_DAG_RUN_ID='manual__2024-06-03T09:36:21.462350+00:00'
[2024-06-03T09:40:13.138+0000] {taskinstance.py:430} INFO - ::endgroup::
[2024-06-03T09:40:13.155+0000] {http.py:137} INFO - Poking: /data/2.5/weather?lat=10.11667&lon=105.5&appid=cb9774016f254a4cb1aa6516bf401afa
[2024-06-03T09:40:13.171+0000] {base.py:84} INFO - Using connection ID 'weather_map_api_connection' for task execution.
[2024-06-03T09:40:13.696+0000] {python.py:237} INFO - Done. Returned value was: None
[2024-06-03T09:40:13.697+0000] {taskinstance.py:441} INFO - ::group::Post task execution logs
[2024-06-03T09:40:13.719+0000] {taskinstance.py:1206} INFO - Marking task as SUCCESS. dag_id=city_data_workflow_DAG_final, task_id=group_tasks.is_weather_api_ready, run_id=manual__2024-06-03T09:36:21.462350+00:00, execution_date=20240603T093621, start_date=20240603T094012, end_date=20240603T094013
[2024-06-03T09:40:13.749+0000] {local_task_job_runner.py:240} INFO - Task exited with return code 0
[2024-06-03T09:40:13.771+0000] {logging_mixin.py:188} WARNING - /home/***/.local/lib/python3.12/site-packages/***/models/baseoperator.py:1296 AirflowProviderDeprecationWarning: Call to deprecated class PostgresOperator. (Please use `***.providers.common.sql.operators.sql.SQLExecuteQueryOperator`.Also, you can provide `hook_params={'schema': <database>}`.)
[2024-06-03T09:40:13.794+0000] {taskinstance.py:3498} INFO - 1 downstream tasks scheduled from follow-on schedule check
[2024-06-03T09:40:13.797+0000] {local_task_job_runner.py:222} INFO - ::endgroup::
