[2024-06-03T09:42:52.782+0000] {local_task_job_runner.py:120} INFO - ::group::Pre task execution logs
[2024-06-03T09:42:52.807+0000] {taskinstance.py:2076} INFO - Dependencies all met for dep_context=non-requeueable deps ti=<TaskInstance: city_data_workflow_DAG_final.group_tasks.is_weather_api_ready manual__2024-06-03T09:36:21.462350+00:00 [queued]>
[2024-06-03T09:42:52.816+0000] {taskinstance.py:2076} INFO - Dependencies all met for dep_context=requeueable deps ti=<TaskInstance: city_data_workflow_DAG_final.group_tasks.is_weather_api_ready manual__2024-06-03T09:36:21.462350+00:00 [queued]>
[2024-06-03T09:42:52.817+0000] {taskinstance.py:2306} INFO - Starting attempt 3 of 8
[2024-06-03T09:42:52.832+0000] {taskinstance.py:2330} INFO - Executing <Task(PythonOperator): group_tasks.is_weather_api_ready> on 2024-06-03 09:36:21.462350+00:00
[2024-06-03T09:42:52.841+0000] {logging_mixin.py:188} WARNING - /home/***/.local/lib/python3.12/site-packages/***/task/task_runner/standard_task_runner.py:61 DeprecationWarning: This process (pid=2273) is multi-threaded, use of fork() may lead to deadlocks in the child.
[2024-06-03T09:42:52.843+0000] {standard_task_runner.py:63} INFO - Started process 2276 to run task
[2024-06-03T09:42:52.841+0000] {standard_task_runner.py:90} INFO - Running: ['***', 'tasks', 'run', 'city_data_workflow_DAG_final', 'group_tasks.is_weather_api_ready', 'manual__2024-06-03T09:36:21.462350+00:00', '--job-id', '997', '--raw', '--subdir', 'DAGS_FOLDER/tasks_flow.py', '--cfg-path', '/tmp/tmpk74phivm']
[2024-06-03T09:42:52.844+0000] {standard_task_runner.py:91} INFO - Job 997: Subtask group_tasks.is_weather_api_ready
[2024-06-03T09:42:52.925+0000] {task_command.py:426} INFO - Running <TaskInstance: city_data_workflow_DAG_final.group_tasks.is_weather_api_ready manual__2024-06-03T09:36:21.462350+00:00 [running]> on host cd9caf1c47f0
[2024-06-03T09:42:53.106+0000] {taskinstance.py:2648} INFO - Exporting env vars: AIRFLOW_CTX_DAG_OWNER='Khang' AIRFLOW_CTX_DAG_ID='city_data_workflow_DAG_final' AIRFLOW_CTX_TASK_ID='group_tasks.is_weather_api_ready' AIRFLOW_CTX_EXECUTION_DATE='2024-06-03T09:36:21.462350+00:00' AIRFLOW_CTX_TRY_NUMBER='3' AIRFLOW_CTX_DAG_RUN_ID='manual__2024-06-03T09:36:21.462350+00:00'
[2024-06-03T09:42:53.108+0000] {taskinstance.py:430} INFO - ::endgroup::
[2024-06-03T09:42:53.124+0000] {http.py:137} INFO - Poking: /data/2.5/weather?lat=16.08333&lon=108.08333&appid=cb9774016f254a4cb1aa6516bf401afa
[2024-06-03T09:42:53.141+0000] {base.py:84} INFO - Using connection ID 'weather_map_api_connection' for task execution.
[2024-06-03T09:42:53.460+0000] {python.py:237} INFO - Done. Returned value was: None
[2024-06-03T09:42:53.461+0000] {taskinstance.py:441} INFO - ::group::Post task execution logs
[2024-06-03T09:42:53.477+0000] {taskinstance.py:1206} INFO - Marking task as SUCCESS. dag_id=city_data_workflow_DAG_final, task_id=group_tasks.is_weather_api_ready, run_id=manual__2024-06-03T09:36:21.462350+00:00, execution_date=20240603T093621, start_date=20240603T094252, end_date=20240603T094253
[2024-06-03T09:42:53.501+0000] {local_task_job_runner.py:240} INFO - Task exited with return code 0
[2024-06-03T09:42:53.522+0000] {logging_mixin.py:188} WARNING - /home/***/.local/lib/python3.12/site-packages/***/models/baseoperator.py:1296 AirflowProviderDeprecationWarning: Call to deprecated class PostgresOperator. (Please use `***.providers.common.sql.operators.sql.SQLExecuteQueryOperator`.Also, you can provide `hook_params={'schema': <database>}`.)
[2024-06-03T09:42:53.547+0000] {taskinstance.py:3498} INFO - 1 downstream tasks scheduled from follow-on schedule check
[2024-06-03T09:42:53.550+0000] {local_task_job_runner.py:222} INFO - ::endgroup::
