[2024-06-01T09:19:54.543+0000] {local_task_job_runner.py:120} INFO - ::group::Pre task execution logs
[2024-06-01T09:19:54.564+0000] {taskinstance.py:2076} INFO - Dependencies all met for dep_context=non-requeueable deps ti=<TaskInstance: my_weather_workflow_DAG_v04.group_tasks.check_data_city_is_exist manual__2024-06-01T09:17:56.157602+00:00 [queued]>
[2024-06-01T09:19:54.574+0000] {taskinstance.py:2076} INFO - Dependencies all met for dep_context=requeueable deps ti=<TaskInstance: my_weather_workflow_DAG_v04.group_tasks.check_data_city_is_exist manual__2024-06-01T09:17:56.157602+00:00 [queued]>
[2024-06-01T09:19:54.575+0000] {taskinstance.py:2306} INFO - Starting attempt 2 of 7
[2024-06-01T09:19:54.588+0000] {taskinstance.py:2330} INFO - Executing <Task(BranchPythonOperator): group_tasks.check_data_city_is_exist> on 2024-06-01 09:17:56.157602+00:00
[2024-06-01T09:19:54.596+0000] {logging_mixin.py:188} WARNING - /home/***/.local/lib/python3.12/site-packages/***/task/task_runner/standard_task_runner.py:61 DeprecationWarning: This process (pid=10766) is multi-threaded, use of fork() may lead to deadlocks in the child.
[2024-06-01T09:19:54.598+0000] {standard_task_runner.py:63} INFO - Started process 10768 to run task
[2024-06-01T09:19:54.596+0000] {standard_task_runner.py:90} INFO - Running: ['***', 'tasks', 'run', 'my_weather_workflow_DAG_v04', 'group_tasks.check_data_city_is_exist', 'manual__2024-06-01T09:17:56.157602+00:00', '--job-id', '722', '--raw', '--subdir', 'DAGS_FOLDER/tasks_flow.py', '--cfg-path', '/tmp/tmpgc38t829']
[2024-06-01T09:19:54.600+0000] {standard_task_runner.py:91} INFO - Job 722: Subtask group_tasks.check_data_city_is_exist
[2024-06-01T09:19:54.665+0000] {task_command.py:426} INFO - Running <TaskInstance: my_weather_workflow_DAG_v04.group_tasks.check_data_city_is_exist manual__2024-06-01T09:17:56.157602+00:00 [running]> on host cd9caf1c47f0
[2024-06-01T09:19:54.801+0000] {taskinstance.py:2648} INFO - Exporting env vars: AIRFLOW_CTX_DAG_OWNER='Khang' AIRFLOW_CTX_DAG_ID='my_weather_workflow_DAG_v04' AIRFLOW_CTX_TASK_ID='group_tasks.check_data_city_is_exist' AIRFLOW_CTX_EXECUTION_DATE='2024-06-01T09:17:56.157602+00:00' AIRFLOW_CTX_TRY_NUMBER='2' AIRFLOW_CTX_DAG_RUN_ID='manual__2024-06-01T09:17:56.157602+00:00'
[2024-06-01T09:19:54.803+0000] {taskinstance.py:430} INFO - ::endgroup::
[2024-06-01T09:19:54.821+0000] {baseoperator.py:399} WARNING - BranchPythonOperator.execute cannot be called outside TaskInstance!
[2024-06-01T09:19:54.852+0000] {base.py:84} INFO - Using connection ID 'postgres_connection_id' for task execution.
[2024-06-01T09:19:54.862+0000] {sql.py:470} INFO - Running statement: SELECT COUNT(*) FROM cities WHERE wiki_id = 'Q36167';, parameters: None
[2024-06-01T09:19:54.864+0000] {sql.py:479} INFO - Rows affected: 1
[2024-06-01T09:19:54.866+0000] {python.py:237} INFO - Done. Returned value was: group_tasks.skip_insert_data_city
[2024-06-01T09:19:54.866+0000] {branch.py:36} INFO - Branch into group_tasks.skip_insert_data_city
[2024-06-01T09:19:54.867+0000] {skipmixin.py:178} INFO - Following branch group_tasks.skip_insert_data_city
[2024-06-01T09:19:54.900+0000] {skipmixin.py:246} INFO - Skipping tasks [('group_tasks.load_csv_city_to_postgres', -1)]
[2024-06-01T09:19:54.940+0000] {taskinstance.py:441} INFO - ::group::Post task execution logs
[2024-06-01T09:19:54.976+0000] {taskinstance.py:1206} INFO - Marking task as SUCCESS. dag_id=my_weather_workflow_DAG_v04, task_id=group_tasks.check_data_city_is_exist, run_id=manual__2024-06-01T09:17:56.157602+00:00, execution_date=20240601T091756, start_date=20240601T091954, end_date=20240601T091954
[2024-06-01T09:19:55.014+0000] {local_task_job_runner.py:240} INFO - Task exited with return code 0
[2024-06-01T09:19:55.054+0000] {logging_mixin.py:188} WARNING - /home/***/.local/lib/python3.12/site-packages/***/models/baseoperator.py:1296 AirflowProviderDeprecationWarning: Call to deprecated class PostgresOperator. (Please use `***.providers.common.sql.operators.sql.SQLExecuteQueryOperator`.Also, you can provide `hook_params={'schema': <database>}`.)
[2024-06-01T09:19:55.099+0000] {taskinstance.py:3498} INFO - 0 downstream tasks scheduled from follow-on schedule check
[2024-06-01T09:19:55.106+0000] {local_task_job_runner.py:222} INFO - ::endgroup::
