[2024-05-25T15:08:41.634+0000] {local_task_job_runner.py:120} INFO - ::group::Pre task execution logs
[2024-05-25T15:08:41.663+0000] {taskinstance.py:2076} INFO - Dependencies all met for dep_context=non-requeueable deps ti=<TaskInstance: my_weather_workflow_DAG_v03.extract_data_from_api manual__2024-05-25T14:17:09.446675+00:00 [queued]>
[2024-05-25T15:08:41.672+0000] {taskinstance.py:2076} INFO - Dependencies all met for dep_context=requeueable deps ti=<TaskInstance: my_weather_workflow_DAG_v03.extract_data_from_api manual__2024-05-25T14:17:09.446675+00:00 [queued]>
[2024-05-25T15:08:41.673+0000] {taskinstance.py:2306} INFO - Starting attempt 3 of 8
[2024-05-25T15:08:41.687+0000] {taskinstance.py:2330} INFO - Executing <Task(SimpleHttpOperator): extract_data_from_api> on 2024-05-25 14:17:09.446675+00:00
[2024-05-25T15:08:41.695+0000] {standard_task_runner.py:90} INFO - Running: ['***', 'tasks', 'run', 'my_weather_workflow_DAG_v03', 'extract_data_from_api', 'manual__2024-05-25T14:17:09.446675+00:00', '--job-id', '138', '--raw', '--subdir', 'DAGS_FOLDER/weather_dag.py', '--cfg-path', '/tmp/tmpofcs1k5j']
[2024-05-25T15:08:41.698+0000] {standard_task_runner.py:91} INFO - Job 138: Subtask extract_data_from_api
[2024-05-25T15:08:41.702+0000] {logging_mixin.py:188} WARNING - /home/***/.local/lib/python3.12/site-packages/***/task/task_runner/standard_task_runner.py:61 DeprecationWarning: This process (pid=1898) is multi-threaded, use of fork() may lead to deadlocks in the child.
[2024-05-25T15:08:41.703+0000] {standard_task_runner.py:63} INFO - Started process 1900 to run task
[2024-05-25T15:08:41.767+0000] {task_command.py:426} INFO - Running <TaskInstance: my_weather_workflow_DAG_v03.extract_data_from_api manual__2024-05-25T14:17:09.446675+00:00 [running]> on host c0a968b5acd8
[2024-05-25T15:08:41.866+0000] {taskinstance.py:2648} INFO - Exporting env vars: AIRFLOW_CTX_DAG_OWNER='Khang' AIRFLOW_CTX_DAG_ID='my_weather_workflow_DAG_v03' AIRFLOW_CTX_TASK_ID='extract_data_from_api' AIRFLOW_CTX_EXECUTION_DATE='2024-05-25T14:17:09.446675+00:00' AIRFLOW_CTX_TRY_NUMBER='3' AIRFLOW_CTX_DAG_RUN_ID='manual__2024-05-25T14:17:09.446675+00:00'
[2024-05-25T15:08:41.868+0000] {taskinstance.py:430} INFO - ::endgroup::
[2024-05-25T15:08:41.880+0000] {http.py:169} INFO - Calling HTTP method
[2024-05-25T15:08:41.894+0000] {base.py:84} INFO - Using connection ID 'weather_map_api_connection' for task execution.
[2024-05-25T15:08:41.912+0000] {base.py:84} INFO - Using connection ID 'weather_map_api_connection' for task execution.
[2024-05-25T15:08:42.096+0000] {http.py:208} INFO - {"coord":{"lon":106.6602,"lat":10.7626},"weather":[{"id":801,"main":"Clouds","description":"few clouds","icon":"02n"}],"base":"stations","main":{"temp":304.29,"feels_like":311.29,"temp_min":304.14,"temp_max":304.29,"pressure":1009,"humidity":78},"visibility":10000,"wind":{"speed":3.09,"deg":170},"rain":{"1h":0.1},"clouds":{"all":20},"dt":1716649719,"sys":{"type":2,"id":2093009,"country":"VN","sunrise":1716589807,"sunset":1716635449},"timezone":25200,"id":1566083,"name":"Ho Chi Minh City","cod":200}
[2024-05-25T15:08:42.098+0000] {taskinstance.py:441} INFO - ::group::Post task execution logs
[2024-05-25T15:08:42.136+0000] {taskinstance.py:1206} INFO - Marking task as SUCCESS. dag_id=my_weather_workflow_DAG_v03, task_id=extract_data_from_api, run_id=manual__2024-05-25T14:17:09.446675+00:00, execution_date=20240525T141709, start_date=20240525T150841, end_date=20240525T150842
[2024-05-25T15:08:42.160+0000] {local_task_job_runner.py:240} INFO - Task exited with return code 0
[2024-05-25T15:08:42.177+0000] {logging_mixin.py:188} WARNING - /home/***/.local/lib/python3.12/site-packages/***/models/baseoperator.py:1296 AirflowProviderDeprecationWarning: Call to deprecated class SimpleHttpOperator. (Class `SimpleHttpOperator` is deprecated and will be removed in a future release. Please use `HttpOperator` instead.)
[2024-05-25T15:08:42.188+0000] {taskinstance.py:3498} INFO - 1 downstream tasks scheduled from follow-on schedule check
[2024-05-25T15:08:42.192+0000] {local_task_job_runner.py:222} INFO - ::endgroup::
