[2024-05-25T14:17:12.654+0000] {local_task_job_runner.py:120} INFO - ::group::Pre task execution logs
[2024-05-25T14:17:12.681+0000] {taskinstance.py:2076} INFO - Dependencies all met for dep_context=non-requeueable deps ti=<TaskInstance: my_weather_workflow_DAG_v03.extract_data_from_api manual__2024-05-25T14:17:09.446675+00:00 [queued]>
[2024-05-25T14:17:12.691+0000] {taskinstance.py:2076} INFO - Dependencies all met for dep_context=requeueable deps ti=<TaskInstance: my_weather_workflow_DAG_v03.extract_data_from_api manual__2024-05-25T14:17:09.446675+00:00 [queued]>
[2024-05-25T14:17:12.692+0000] {taskinstance.py:2306} INFO - Starting attempt 1 of 6
[2024-05-25T14:17:12.706+0000] {taskinstance.py:2330} INFO - Executing <Task(SimpleHttpOperator): extract_data_from_api> on 2024-05-25 14:17:09.446675+00:00
[2024-05-25T14:17:12.715+0000] {standard_task_runner.py:90} INFO - Running: ['***', 'tasks', 'run', 'my_weather_workflow_DAG_v03', 'extract_data_from_api', 'manual__2024-05-25T14:17:09.446675+00:00', '--job-id', '132', '--raw', '--subdir', 'DAGS_FOLDER/weather_dag.py', '--cfg-path', '/tmp/tmpzv5nn1f3']
[2024-05-25T14:17:12.718+0000] {standard_task_runner.py:91} INFO - Job 132: Subtask extract_data_from_api
[2024-05-25T14:17:12.720+0000] {logging_mixin.py:188} WARNING - /home/***/.local/lib/python3.12/site-packages/***/task/task_runner/standard_task_runner.py:61 DeprecationWarning: This process (pid=632) is multi-threaded, use of fork() may lead to deadlocks in the child.
[2024-05-25T14:17:12.721+0000] {standard_task_runner.py:63} INFO - Started process 634 to run task
[2024-05-25T14:17:12.777+0000] {task_command.py:426} INFO - Running <TaskInstance: my_weather_workflow_DAG_v03.extract_data_from_api manual__2024-05-25T14:17:09.446675+00:00 [running]> on host c0a968b5acd8
[2024-05-25T14:17:13.018+0000] {taskinstance.py:2648} INFO - Exporting env vars: AIRFLOW_CTX_DAG_OWNER='Khang' AIRFLOW_CTX_DAG_ID='my_weather_workflow_DAG_v03' AIRFLOW_CTX_TASK_ID='extract_data_from_api' AIRFLOW_CTX_EXECUTION_DATE='2024-05-25T14:17:09.446675+00:00' AIRFLOW_CTX_TRY_NUMBER='1' AIRFLOW_CTX_DAG_RUN_ID='manual__2024-05-25T14:17:09.446675+00:00'
[2024-05-25T14:17:13.020+0000] {taskinstance.py:430} INFO - ::endgroup::
[2024-05-25T14:17:13.040+0000] {http.py:169} INFO - Calling HTTP method
[2024-05-25T14:17:13.057+0000] {base.py:84} INFO - Using connection ID 'weather_map_api_connection' for task execution.
[2024-05-25T14:17:13.071+0000] {base.py:84} INFO - Using connection ID 'weather_map_api_connection' for task execution.
[2024-05-25T14:17:13.343+0000] {http.py:208} INFO - {"coord":{"lon":106.6602,"lat":10.7626},"weather":[{"id":501,"main":"Rain","description":"moderate rain","icon":"10n"}],"base":"stations","main":{"temp":304.29,"feels_like":311.29,"temp_min":304.14,"temp_max":304.29,"pressure":1009,"humidity":76},"visibility":10000,"wind":{"speed":4.12,"deg":180},"rain":{"1h":2.37},"clouds":{"all":20},"dt":1716646630,"sys":{"type":2,"id":2093009,"country":"VN","sunrise":1716589807,"sunset":1716635449},"timezone":25200,"id":1566083,"name":"Ho Chi Minh City","cod":200}
[2024-05-25T14:17:13.345+0000] {taskinstance.py:441} INFO - ::group::Post task execution logs
[2024-05-25T14:17:13.375+0000] {taskinstance.py:1206} INFO - Marking task as SUCCESS. dag_id=my_weather_workflow_DAG_v03, task_id=extract_data_from_api, run_id=manual__2024-05-25T14:17:09.446675+00:00, execution_date=20240525T141709, start_date=20240525T141712, end_date=20240525T141713
[2024-05-25T14:17:13.417+0000] {local_task_job_runner.py:240} INFO - Task exited with return code 0
[2024-05-25T14:17:13.432+0000] {logging_mixin.py:188} WARNING - /home/***/.local/lib/python3.12/site-packages/***/models/baseoperator.py:1296 AirflowProviderDeprecationWarning: Call to deprecated class SimpleHttpOperator. (Class `SimpleHttpOperator` is deprecated and will be removed in a future release. Please use `HttpOperator` instead.)
[2024-05-25T14:17:13.443+0000] {taskinstance.py:3498} INFO - 1 downstream tasks scheduled from follow-on schedule check
[2024-05-25T14:17:13.446+0000] {local_task_job_runner.py:222} INFO - ::endgroup::
