[2024-06-03T11:36:13.497+0000] {local_task_job_runner.py:120} INFO - ::group::Pre task execution logs
[2024-06-03T11:36:13.519+0000] {taskinstance.py:2076} INFO - Dependencies all met for dep_context=non-requeueable deps ti=<TaskInstance: city_data_workflow_DAG_final.group_tasks.create_table_weather_postgresql manual__2024-06-03T11:05:27.638846+00:00 [queued]>
[2024-06-03T11:36:13.528+0000] {taskinstance.py:2076} INFO - Dependencies all met for dep_context=requeueable deps ti=<TaskInstance: city_data_workflow_DAG_final.group_tasks.create_table_weather_postgresql manual__2024-06-03T11:05:27.638846+00:00 [queued]>
[2024-06-03T11:36:13.529+0000] {taskinstance.py:2306} INFO - Starting attempt 5 of 10
[2024-06-03T11:36:13.542+0000] {taskinstance.py:2330} INFO - Executing <Task(PostgresOperator): group_tasks.create_table_weather_postgresql> on 2024-06-03 11:05:27.638846+00:00
[2024-06-03T11:36:13.550+0000] {logging_mixin.py:188} WARNING - /home/***/.local/lib/python3.12/site-packages/***/task/task_runner/standard_task_runner.py:61 DeprecationWarning: This process (pid=1849) is multi-threaded, use of fork() may lead to deadlocks in the child.
[2024-06-03T11:36:13.551+0000] {standard_task_runner.py:63} INFO - Started process 1851 to run task
[2024-06-03T11:36:13.550+0000] {standard_task_runner.py:90} INFO - Running: ['***', 'tasks', 'run', 'city_data_workflow_DAG_final', 'group_tasks.create_table_weather_postgresql', 'manual__2024-06-03T11:05:27.638846+00:00', '--job-id', '1110', '--raw', '--subdir', 'DAGS_FOLDER/tasks_flow.py', '--cfg-path', '/tmp/tmps5jno3ir']
[2024-06-03T11:36:13.552+0000] {standard_task_runner.py:91} INFO - Job 1110: Subtask group_tasks.create_table_weather_postgresql
[2024-06-03T11:36:13.615+0000] {task_command.py:426} INFO - Running <TaskInstance: city_data_workflow_DAG_final.group_tasks.create_table_weather_postgresql manual__2024-06-03T11:05:27.638846+00:00 [running]> on host cd9caf1c47f0
[2024-06-03T11:36:13.707+0000] {taskinstance.py:2648} INFO - Exporting env vars: AIRFLOW_CTX_DAG_OWNER='Khang' AIRFLOW_CTX_DAG_ID='city_data_workflow_DAG_final' AIRFLOW_CTX_TASK_ID='group_tasks.create_table_weather_postgresql' AIRFLOW_CTX_EXECUTION_DATE='2024-06-03T11:05:27.638846+00:00' AIRFLOW_CTX_TRY_NUMBER='5' AIRFLOW_CTX_DAG_RUN_ID='manual__2024-06-03T11:05:27.638846+00:00'
[2024-06-03T11:36:13.708+0000] {taskinstance.py:430} INFO - ::endgroup::
[2024-06-03T11:36:13.720+0000] {sql.py:276} INFO - Executing: CREATE TABLE IF NOT EXISTS weathers(
  fk_city varchar(20) REFERENCES cities(wiki_id) ON DELETE CASCADE,

  weather_description VARCHAR(255) NOT NULL,
  temperature_celsius DOUBLE PRECISION NOT NULL,
  pressure DOUBLE PRECISION,
  humidity DOUBLE PRECISION NOT NULL,
  wind_speed DOUBLE PRECISION NOT NULL,
  time_of_record timestamp NOT NULL,
  sunrise_time timestamp,
  sunset_time timestamp
);
[2024-06-03T11:36:13.732+0000] {base.py:84} INFO - Using connection ID 'postgres_connection_id' for task execution.
[2024-06-03T11:36:13.743+0000] {base.py:84} INFO - Using connection ID 'postgres_connection_id' for task execution.
[2024-06-03T11:36:13.752+0000] {sql.py:470} INFO - Running statement: CREATE TABLE IF NOT EXISTS weathers(
  fk_city varchar(20) REFERENCES cities(wiki_id) ON DELETE CASCADE,

  weather_description VARCHAR(255) NOT NULL,
  temperature_celsius DOUBLE PRECISION NOT NULL,
  pressure DOUBLE PRECISION,
  humidity DOUBLE PRECISION NOT NULL,
  wind_speed DOUBLE PRECISION NOT NULL,
  time_of_record timestamp NOT NULL,
  sunrise_time timestamp,
  sunset_time timestamp
);, parameters: None
[2024-06-03T11:36:13.753+0000] {taskinstance.py:441} INFO - ::group::Post task execution logs
[2024-06-03T11:36:13.767+0000] {taskinstance.py:1206} INFO - Marking task as SUCCESS. dag_id=city_data_workflow_DAG_final, task_id=group_tasks.create_table_weather_postgresql, run_id=manual__2024-06-03T11:05:27.638846+00:00, execution_date=20240603T110527, start_date=20240603T113613, end_date=20240603T113613
[2024-06-03T11:36:13.806+0000] {local_task_job_runner.py:240} INFO - Task exited with return code 0
[2024-06-03T11:36:13.832+0000] {local_task_job_runner.py:222} INFO - ::endgroup::
