[2024-06-01T08:30:18.887+0000] {local_task_job_runner.py:120} INFO - ::group::Pre task execution logs
[2024-06-01T08:30:18.913+0000] {taskinstance.py:2076} INFO - Dependencies all met for dep_context=non-requeueable deps ti=<TaskInstance: my_weather_workflow_DAG_v04.group_tasks.check_data_weather_is_exist manual__2024-06-01T08:27:41.010622+00:00 [queued]>
[2024-06-01T08:30:18.924+0000] {taskinstance.py:2076} INFO - Dependencies all met for dep_context=requeueable deps ti=<TaskInstance: my_weather_workflow_DAG_v04.group_tasks.check_data_weather_is_exist manual__2024-06-01T08:27:41.010622+00:00 [queued]>
[2024-06-01T08:30:18.925+0000] {taskinstance.py:2306} INFO - Starting attempt 2 of 7
[2024-06-01T08:30:18.938+0000] {taskinstance.py:2330} INFO - Executing <Task(BranchPythonOperator): group_tasks.check_data_weather_is_exist> on 2024-06-01 08:27:41.010622+00:00
[2024-06-01T08:30:18.950+0000] {logging_mixin.py:188} WARNING - /home/***/.local/lib/python3.12/site-packages/***/task/task_runner/standard_task_runner.py:61 DeprecationWarning: This process (pid=9438) is multi-threaded, use of fork() may lead to deadlocks in the child.
[2024-06-01T08:30:18.950+0000] {standard_task_runner.py:90} INFO - Running: ['***', 'tasks', 'run', 'my_weather_workflow_DAG_v04', 'group_tasks.check_data_weather_is_exist', 'manual__2024-06-01T08:27:41.010622+00:00', '--job-id', '689', '--raw', '--subdir', 'DAGS_FOLDER/tasks_flow.py', '--cfg-path', '/tmp/tmpvn6a3cxp']
[2024-06-01T08:30:18.952+0000] {standard_task_runner.py:63} INFO - Started process 9444 to run task
[2024-06-01T08:30:18.952+0000] {standard_task_runner.py:91} INFO - Job 689: Subtask group_tasks.check_data_weather_is_exist
[2024-06-01T08:30:19.043+0000] {task_command.py:426} INFO - Running <TaskInstance: my_weather_workflow_DAG_v04.group_tasks.check_data_weather_is_exist manual__2024-06-01T08:27:41.010622+00:00 [running]> on host cd9caf1c47f0
[2024-06-01T08:30:19.146+0000] {taskinstance.py:2648} INFO - Exporting env vars: AIRFLOW_CTX_DAG_OWNER='Khang' AIRFLOW_CTX_DAG_ID='my_weather_workflow_DAG_v04' AIRFLOW_CTX_TASK_ID='group_tasks.check_data_weather_is_exist' AIRFLOW_CTX_EXECUTION_DATE='2024-06-01T08:27:41.010622+00:00' AIRFLOW_CTX_TRY_NUMBER='2' AIRFLOW_CTX_DAG_RUN_ID='manual__2024-06-01T08:27:41.010622+00:00'
[2024-06-01T08:30:19.147+0000] {taskinstance.py:430} INFO - ::endgroup::
[2024-06-01T08:30:19.161+0000] {baseoperator.py:399} WARNING - BranchPythonOperator.execute cannot be called outside TaskInstance!
[2024-06-01T08:30:19.187+0000] {base.py:84} INFO - Using connection ID 'postgres_connection_id' for task execution.
[2024-06-01T08:30:19.195+0000] {sql.py:470} INFO - Running statement: SELECT COUNT(*) FROM weathers WHERE fk_city = 'Q36167';, parameters: None
[2024-06-01T08:30:19.197+0000] {sql.py:479} INFO - Rows affected: 1
[2024-06-01T08:30:19.198+0000] {python.py:237} INFO - Done. Returned value was: group_tasks.load_csv_weather_to_postgres
[2024-06-01T08:30:19.198+0000] {branch.py:36} INFO - Branch into group_tasks.load_csv_weather_to_postgres
[2024-06-01T08:30:19.199+0000] {skipmixin.py:178} INFO - Following branch group_tasks.load_csv_weather_to_postgres
[2024-06-01T08:30:19.226+0000] {skipmixin.py:246} INFO - Skipping tasks [('group_tasks.skip_insert_data_weather', -1)]
[2024-06-01T08:30:19.259+0000] {taskinstance.py:441} INFO - ::group::Post task execution logs
[2024-06-01T08:30:19.294+0000] {taskinstance.py:1206} INFO - Marking task as SUCCESS. dag_id=my_weather_workflow_DAG_v04, task_id=group_tasks.check_data_weather_is_exist, run_id=manual__2024-06-01T08:27:41.010622+00:00, execution_date=20240601T082741, start_date=20240601T083018, end_date=20240601T083019
[2024-06-01T08:30:19.326+0000] {local_task_job_runner.py:240} INFO - Task exited with return code 0
[2024-06-01T08:30:19.375+0000] {taskinstance.py:3498} INFO - 1 downstream tasks scheduled from follow-on schedule check
[2024-06-01T08:30:19.380+0000] {local_task_job_runner.py:222} INFO - ::endgroup::
