[2024-06-03T09:40:14.902+0000] {local_task_job_runner.py:120} INFO - ::group::Pre task execution logs
[2024-06-03T09:40:14.926+0000] {taskinstance.py:2076} INFO - Dependencies all met for dep_context=non-requeueable deps ti=<TaskInstance: city_data_workflow_DAG_final.group_tasks.extract_weather_data_from_api manual__2024-06-03T09:36:21.462350+00:00 [queued]>
[2024-06-03T09:40:14.936+0000] {taskinstance.py:2076} INFO - Dependencies all met for dep_context=requeueable deps ti=<TaskInstance: city_data_workflow_DAG_final.group_tasks.extract_weather_data_from_api manual__2024-06-03T09:36:21.462350+00:00 [queued]>
[2024-06-03T09:40:14.938+0000] {taskinstance.py:2306} INFO - Starting attempt 2 of 7
[2024-06-03T09:40:14.953+0000] {taskinstance.py:2330} INFO - Executing <Task(PythonOperator): group_tasks.extract_weather_data_from_api> on 2024-06-03 09:36:21.462350+00:00
[2024-06-03T09:40:14.962+0000] {logging_mixin.py:188} WARNING - /home/***/.local/lib/python3.12/site-packages/***/task/task_runner/standard_task_runner.py:61 DeprecationWarning: This process (pid=2172) is multi-threaded, use of fork() may lead to deadlocks in the child.
[2024-06-03T09:40:14.963+0000] {standard_task_runner.py:63} INFO - Started process 2175 to run task
[2024-06-03T09:40:14.962+0000] {standard_task_runner.py:90} INFO - Running: ['***', 'tasks', 'run', 'city_data_workflow_DAG_final', 'group_tasks.extract_weather_data_from_api', 'manual__2024-06-03T09:36:21.462350+00:00', '--job-id', '985', '--raw', '--subdir', 'DAGS_FOLDER/tasks_flow.py', '--cfg-path', '/tmp/tmp2dh1c32b']
[2024-06-03T09:40:14.965+0000] {standard_task_runner.py:91} INFO - Job 985: Subtask group_tasks.extract_weather_data_from_api
[2024-06-03T09:40:15.043+0000] {task_command.py:426} INFO - Running <TaskInstance: city_data_workflow_DAG_final.group_tasks.extract_weather_data_from_api manual__2024-06-03T09:36:21.462350+00:00 [running]> on host cd9caf1c47f0
[2024-06-03T09:40:15.191+0000] {taskinstance.py:2648} INFO - Exporting env vars: AIRFLOW_CTX_DAG_OWNER='Khang' AIRFLOW_CTX_DAG_ID='city_data_workflow_DAG_final' AIRFLOW_CTX_TASK_ID='group_tasks.extract_weather_data_from_api' AIRFLOW_CTX_EXECUTION_DATE='2024-06-03T09:36:21.462350+00:00' AIRFLOW_CTX_TRY_NUMBER='2' AIRFLOW_CTX_DAG_RUN_ID='manual__2024-06-03T09:36:21.462350+00:00'
[2024-06-03T09:40:15.192+0000] {taskinstance.py:430} INFO - ::endgroup::
[2024-06-03T09:40:15.207+0000] {baseoperator.py:399} WARNING - SimpleHttpOperator.execute cannot be called outside TaskInstance!
[2024-06-03T09:40:15.208+0000] {http.py:169} INFO - Calling HTTP method
[2024-06-03T09:40:15.222+0000] {base.py:84} INFO - Using connection ID 'weather_map_api_connection' for task execution.
[2024-06-03T09:40:15.236+0000] {base.py:84} INFO - Using connection ID 'weather_map_api_connection' for task execution.
[2024-06-03T09:40:15.494+0000] {http.py:208} INFO - {"coord":{"lon":105.5,"lat":10.1167},"weather":[{"id":804,"main":"Clouds","description":"overcast clouds","icon":"04d"}],"base":"stations","main":{"temp":307.15,"feels_like":314.15,"temp_min":307.15,"temp_max":307.15,"pressure":1007,"humidity":68,"sea_level":1007,"grnd_level":1007},"visibility":10000,"wind":{"speed":6.22,"deg":254,"gust":9.12},"clouds":{"all":100},"dt":1717407612,"sys":{"type":1,"id":9305,"country":"VN","sunrise":1717367751,"sunset":1717413408},"timezone":25200,"id":1575627,"name":"Long Xuyen","cod":200}
[2024-06-03T09:40:15.514+0000] {python.py:237} INFO - Done. Returned value was: None
[2024-06-03T09:40:15.515+0000] {taskinstance.py:441} INFO - ::group::Post task execution logs
[2024-06-03T09:40:15.530+0000] {taskinstance.py:1206} INFO - Marking task as SUCCESS. dag_id=city_data_workflow_DAG_final, task_id=group_tasks.extract_weather_data_from_api, run_id=manual__2024-06-03T09:36:21.462350+00:00, execution_date=20240603T093621, start_date=20240603T094014, end_date=20240603T094015
[2024-06-03T09:40:15.580+0000] {local_task_job_runner.py:240} INFO - Task exited with return code 0
[2024-06-03T09:40:15.604+0000] {logging_mixin.py:188} WARNING - /home/***/.local/lib/python3.12/site-packages/***/models/baseoperator.py:1296 AirflowProviderDeprecationWarning: Call to deprecated class PostgresOperator. (Please use `***.providers.common.sql.operators.sql.SQLExecuteQueryOperator`.Also, you can provide `hook_params={'schema': <database>}`.)
[2024-06-03T09:40:15.637+0000] {taskinstance.py:3498} INFO - 1 downstream tasks scheduled from follow-on schedule check
[2024-06-03T09:40:15.640+0000] {local_task_job_runner.py:222} INFO - ::endgroup::
