[2024-06-03T08:25:25.087+0000] {local_task_job_runner.py:120} INFO - ::group::Pre task execution logs
[2024-06-03T08:25:25.114+0000] {taskinstance.py:2076} INFO - Dependencies all met for dep_context=non-requeueable deps ti=<TaskInstance: city_data_workflow_DAG_final.transform_data_city_api scheduled__2024-06-02T00:00:00+00:00 [queued]>
[2024-06-03T08:25:25.122+0000] {taskinstance.py:2076} INFO - Dependencies all met for dep_context=requeueable deps ti=<TaskInstance: city_data_workflow_DAG_final.transform_data_city_api scheduled__2024-06-02T00:00:00+00:00 [queued]>
[2024-06-03T08:25:25.123+0000] {taskinstance.py:2306} INFO - Starting attempt 1 of 6
[2024-06-03T08:25:25.138+0000] {taskinstance.py:2330} INFO - Executing <Task(PythonOperator): transform_data_city_api> on 2024-06-02 00:00:00+00:00
[2024-06-03T08:25:25.147+0000] {standard_task_runner.py:90} INFO - Running: ['***', 'tasks', 'run', 'city_data_workflow_DAG_final', 'transform_data_city_api', 'scheduled__2024-06-02T00:00:00+00:00', '--job-id', '948', '--raw', '--subdir', 'DAGS_FOLDER/tasks_flow.py', '--cfg-path', '/tmp/tmprwa795pj']
[2024-06-03T08:25:25.152+0000] {standard_task_runner.py:91} INFO - Job 948: Subtask transform_data_city_api
[2024-06-03T08:25:25.154+0000] {logging_mixin.py:188} WARNING - /home/***/.local/lib/python3.12/site-packages/***/task/task_runner/standard_task_runner.py:61 DeprecationWarning: This process (pid=182) is multi-threaded, use of fork() may lead to deadlocks in the child.
[2024-06-03T08:25:25.155+0000] {standard_task_runner.py:63} INFO - Started process 184 to run task
[2024-06-03T08:25:25.224+0000] {task_command.py:426} INFO - Running <TaskInstance: city_data_workflow_DAG_final.transform_data_city_api scheduled__2024-06-02T00:00:00+00:00 [running]> on host cd9caf1c47f0
[2024-06-03T08:25:25.327+0000] {taskinstance.py:2648} INFO - Exporting env vars: AIRFLOW_CTX_DAG_OWNER='Khang' AIRFLOW_CTX_DAG_ID='city_data_workflow_DAG_final' AIRFLOW_CTX_TASK_ID='transform_data_city_api' AIRFLOW_CTX_EXECUTION_DATE='2024-06-02T00:00:00+00:00' AIRFLOW_CTX_TRY_NUMBER='1' AIRFLOW_CTX_DAG_RUN_ID='scheduled__2024-06-02T00:00:00+00:00'
[2024-06-03T08:25:25.329+0000] {taskinstance.py:430} INFO - ::endgroup::
[2024-06-03T08:25:25.368+0000] {python.py:237} INFO - Done. Returned value was: {'wiki_id': 'Q1854', 'file_name': 'Q1854_city_data_03-06-2024.csv', 'latitude': 10.82302, 'longitude': 106.62965}
[2024-06-03T08:25:25.369+0000] {taskinstance.py:441} INFO - ::group::Post task execution logs
[2024-06-03T08:25:25.400+0000] {taskinstance.py:1206} INFO - Marking task as SUCCESS. dag_id=city_data_workflow_DAG_final, task_id=transform_data_city_api, run_id=scheduled__2024-06-02T00:00:00+00:00, execution_date=20240602T000000, start_date=20240603T082525, end_date=20240603T082525
[2024-06-03T08:25:25.450+0000] {local_task_job_runner.py:240} INFO - Task exited with return code 0
[2024-06-03T08:25:25.464+0000] {logging_mixin.py:188} WARNING - /home/***/.local/lib/python3.12/site-packages/***/models/baseoperator.py:1296 AirflowProviderDeprecationWarning: Call to deprecated class PostgresOperator. (Please use `***.providers.common.sql.operators.sql.SQLExecuteQueryOperator`.Also, you can provide `hook_params={'schema': <database>}`.)
[2024-06-03T08:25:25.484+0000] {taskinstance.py:3498} INFO - 2 downstream tasks scheduled from follow-on schedule check
[2024-06-03T08:25:25.486+0000] {local_task_job_runner.py:222} INFO - ::endgroup::
[2024-06-03T09:34:42.535+0000] {local_task_job_runner.py:120} INFO - ::group::Pre task execution logs
[2024-06-03T09:34:42.556+0000] {taskinstance.py:2076} INFO - Dependencies all met for dep_context=non-requeueable deps ti=<TaskInstance: city_data_workflow_DAG_final.transform_data_city_api scheduled__2024-06-02T00:00:00+00:00 [queued]>
[2024-06-03T09:34:42.564+0000] {taskinstance.py:2076} INFO - Dependencies all met for dep_context=requeueable deps ti=<TaskInstance: city_data_workflow_DAG_final.transform_data_city_api scheduled__2024-06-02T00:00:00+00:00 [queued]>
[2024-06-03T09:34:42.565+0000] {taskinstance.py:2306} INFO - Starting attempt 1 of 6
[2024-06-03T09:34:42.578+0000] {taskinstance.py:2330} INFO - Executing <Task(PythonOperator): transform_data_city_api> on 2024-06-02 00:00:00+00:00
[2024-06-03T09:34:42.587+0000] {standard_task_runner.py:90} INFO - Running: ['***', 'tasks', 'run', 'city_data_workflow_DAG_final', 'transform_data_city_api', 'scheduled__2024-06-02T00:00:00+00:00', '--job-id', '965', '--raw', '--subdir', 'DAGS_FOLDER/tasks_flow.py', '--cfg-path', '/tmp/tmppywco_vr']
[2024-06-03T09:34:42.590+0000] {standard_task_runner.py:91} INFO - Job 965: Subtask transform_data_city_api
[2024-06-03T09:34:42.591+0000] {logging_mixin.py:188} WARNING - /home/***/.local/lib/python3.12/site-packages/***/task/task_runner/standard_task_runner.py:61 DeprecationWarning: This process (pid=1975) is multi-threaded, use of fork() may lead to deadlocks in the child.
[2024-06-03T09:34:42.592+0000] {standard_task_runner.py:63} INFO - Started process 1977 to run task
[2024-06-03T09:34:42.652+0000] {task_command.py:426} INFO - Running <TaskInstance: city_data_workflow_DAG_final.transform_data_city_api scheduled__2024-06-02T00:00:00+00:00 [running]> on host cd9caf1c47f0
[2024-06-03T09:34:42.748+0000] {taskinstance.py:2648} INFO - Exporting env vars: AIRFLOW_CTX_DAG_OWNER='Khang' AIRFLOW_CTX_DAG_ID='city_data_workflow_DAG_final' AIRFLOW_CTX_TASK_ID='transform_data_city_api' AIRFLOW_CTX_EXECUTION_DATE='2024-06-02T00:00:00+00:00' AIRFLOW_CTX_TRY_NUMBER='1' AIRFLOW_CTX_DAG_RUN_ID='scheduled__2024-06-02T00:00:00+00:00'
[2024-06-03T09:34:42.749+0000] {taskinstance.py:430} INFO - ::endgroup::
[2024-06-03T09:34:42.791+0000] {python.py:237} INFO - Done. Returned value was: {'wiki_id': 'Q1854', 'file_name': 'Q1854_city_data_03-06-2024.csv', 'latitude': 10.82302, 'longitude': 106.62965}
[2024-06-03T09:34:42.792+0000] {taskinstance.py:441} INFO - ::group::Post task execution logs
[2024-06-03T09:34:42.836+0000] {taskinstance.py:1206} INFO - Marking task as SUCCESS. dag_id=city_data_workflow_DAG_final, task_id=transform_data_city_api, run_id=scheduled__2024-06-02T00:00:00+00:00, execution_date=20240602T000000, start_date=20240603T093442, end_date=20240603T093442
[2024-06-03T09:34:42.887+0000] {local_task_job_runner.py:240} INFO - Task exited with return code 0
[2024-06-03T09:34:42.905+0000] {logging_mixin.py:188} WARNING - /home/***/.local/lib/python3.12/site-packages/***/models/baseoperator.py:1296 AirflowProviderDeprecationWarning: Call to deprecated class PostgresOperator. (Please use `***.providers.common.sql.operators.sql.SQLExecuteQueryOperator`.Also, you can provide `hook_params={'schema': <database>}`.)
[2024-06-03T09:34:42.927+0000] {taskinstance.py:3498} INFO - 2 downstream tasks scheduled from follow-on schedule check
[2024-06-03T09:34:42.931+0000] {local_task_job_runner.py:222} INFO - ::endgroup::
