[2024-05-31T10:55:37.530+0000] {local_task_job_runner.py:120} INFO - ::group::Pre task execution logs
[2024-05-31T10:55:37.558+0000] {taskinstance.py:2076} INFO - Dependencies all met for dep_context=non-requeueable deps ti=<TaskInstance: my_weather_workflow_DAG_v04.group_tasks.check_data_is_exist manual__2024-05-31T05:49:47.133585+00:00 [queued]>
[2024-05-31T10:55:37.571+0000] {taskinstance.py:2076} INFO - Dependencies all met for dep_context=requeueable deps ti=<TaskInstance: my_weather_workflow_DAG_v04.group_tasks.check_data_is_exist manual__2024-05-31T05:49:47.133585+00:00 [queued]>
[2024-05-31T10:55:37.573+0000] {taskinstance.py:2306} INFO - Starting attempt 19 of 24
[2024-05-31T10:55:37.588+0000] {taskinstance.py:2330} INFO - Executing <Task(BranchPythonOperator): group_tasks.check_data_is_exist> on 2024-05-31 05:49:47.133585+00:00
[2024-05-31T10:55:37.597+0000] {logging_mixin.py:188} WARNING - /home/***/.local/lib/python3.12/site-packages/***/task/task_runner/standard_task_runner.py:61 DeprecationWarning: This process (pid=2262) is multi-threaded, use of fork() may lead to deadlocks in the child.
[2024-05-31T10:55:37.599+0000] {standard_task_runner.py:63} INFO - Started process 2264 to run task
[2024-05-31T10:55:37.597+0000] {standard_task_runner.py:90} INFO - Running: ['***', 'tasks', 'run', 'my_weather_workflow_DAG_v04', 'group_tasks.check_data_is_exist', 'manual__2024-05-31T05:49:47.133585+00:00', '--job-id', '351', '--raw', '--subdir', 'DAGS_FOLDER/weather_dag.py', '--cfg-path', '/tmp/tmp9zdgeb55']
[2024-05-31T10:55:37.600+0000] {standard_task_runner.py:91} INFO - Job 351: Subtask group_tasks.check_data_is_exist
[2024-05-31T10:55:37.685+0000] {task_command.py:426} INFO - Running <TaskInstance: my_weather_workflow_DAG_v04.group_tasks.check_data_is_exist manual__2024-05-31T05:49:47.133585+00:00 [running]> on host cd9caf1c47f0
[2024-05-31T10:55:37.813+0000] {taskinstance.py:2648} INFO - Exporting env vars: AIRFLOW_CTX_DAG_OWNER='Khang' AIRFLOW_CTX_DAG_ID='my_weather_workflow_DAG_v04' AIRFLOW_CTX_TASK_ID='group_tasks.check_data_is_exist' AIRFLOW_CTX_EXECUTION_DATE='2024-05-31T05:49:47.133585+00:00' AIRFLOW_CTX_TRY_NUMBER='19' AIRFLOW_CTX_DAG_RUN_ID='manual__2024-05-31T05:49:47.133585+00:00'
[2024-05-31T10:55:37.815+0000] {taskinstance.py:430} INFO - ::endgroup::
[2024-05-31T10:55:37.831+0000] {baseoperator.py:399} WARNING - BranchPythonOperator.execute cannot be called outside TaskInstance!
[2024-05-31T10:55:37.867+0000] {base.py:84} INFO - Using connection ID 'postgres_connection_id' for task execution.
[2024-05-31T10:55:37.881+0000] {sql.py:470} INFO - Running statement: SELECT COUNT(*) FROM cities WHERE wiki_id = 'Q25315';, parameters: None
[2024-05-31T10:55:37.883+0000] {sql.py:479} INFO - Rows affected: 1
[2024-05-31T10:55:37.885+0000] {python.py:237} INFO - Done. Returned value was: group_tasks.skip_insert_data
[2024-05-31T10:55:37.886+0000] {branch.py:36} INFO - Branch into group_tasks.skip_insert_data
[2024-05-31T10:55:37.887+0000] {skipmixin.py:178} INFO - Following branch group_tasks.skip_insert_data
[2024-05-31T10:55:37.925+0000] {skipmixin.py:246} INFO - Skipping tasks [('group_tasks.load_csv_to_postgres', -1)]
[2024-05-31T10:55:37.966+0000] {taskinstance.py:441} INFO - ::group::Post task execution logs
[2024-05-31T10:55:38.004+0000] {taskinstance.py:1206} INFO - Marking task as SUCCESS. dag_id=my_weather_workflow_DAG_v04, task_id=group_tasks.check_data_is_exist, run_id=manual__2024-05-31T05:49:47.133585+00:00, execution_date=20240531T054947, start_date=20240531T105537, end_date=20240531T105538
[2024-05-31T10:55:38.056+0000] {local_task_job_runner.py:240} INFO - Task exited with return code 0
[2024-05-31T10:55:38.094+0000] {taskinstance.py:3498} INFO - 0 downstream tasks scheduled from follow-on schedule check
[2024-05-31T10:55:38.103+0000] {local_task_job_runner.py:222} INFO - ::endgroup::
