[2024-06-01T05:11:54.547+0000] {local_task_job_runner.py:120} INFO - ::group::Pre task execution logs
[2024-06-01T05:11:54.575+0000] {taskinstance.py:2076} INFO - Dependencies all met for dep_context=non-requeueable deps ti=<TaskInstance: my_weather_workflow_DAG_v04.group_tasks.extract_weather_data_from_api manual__2024-06-01T04:42:53.478399+00:00 [queued]>
[2024-06-01T05:11:54.584+0000] {taskinstance.py:2076} INFO - Dependencies all met for dep_context=requeueable deps ti=<TaskInstance: my_weather_workflow_DAG_v04.group_tasks.extract_weather_data_from_api manual__2024-06-01T04:42:53.478399+00:00 [queued]>
[2024-06-01T05:11:54.585+0000] {taskinstance.py:2306} INFO - Starting attempt 11 of 16
[2024-06-01T05:11:54.599+0000] {taskinstance.py:2330} INFO - Executing <Task(PythonOperator): group_tasks.extract_weather_data_from_api> on 2024-06-01 04:42:53.478399+00:00
[2024-06-01T05:11:54.606+0000] {logging_mixin.py:188} WARNING - /home/***/.local/lib/python3.12/site-packages/***/task/task_runner/standard_task_runner.py:61 DeprecationWarning: This process (pid=5034) is multi-threaded, use of fork() may lead to deadlocks in the child.
[2024-06-01T05:11:54.608+0000] {standard_task_runner.py:63} INFO - Started process 5036 to run task
[2024-06-01T05:11:54.606+0000] {standard_task_runner.py:90} INFO - Running: ['***', 'tasks', 'run', 'my_weather_workflow_DAG_v04', 'group_tasks.extract_weather_data_from_api', 'manual__2024-06-01T04:42:53.478399+00:00', '--job-id', '561', '--raw', '--subdir', 'DAGS_FOLDER/weather_dag.py', '--cfg-path', '/tmp/tmpnkm1560_']
[2024-06-01T05:11:54.609+0000] {standard_task_runner.py:91} INFO - Job 561: Subtask group_tasks.extract_weather_data_from_api
[2024-06-01T05:11:54.675+0000] {task_command.py:426} INFO - Running <TaskInstance: my_weather_workflow_DAG_v04.group_tasks.extract_weather_data_from_api manual__2024-06-01T04:42:53.478399+00:00 [running]> on host cd9caf1c47f0
[2024-06-01T05:11:54.830+0000] {taskinstance.py:2648} INFO - Exporting env vars: AIRFLOW_CTX_DAG_OWNER='Khang' AIRFLOW_CTX_DAG_ID='my_weather_workflow_DAG_v04' AIRFLOW_CTX_TASK_ID='group_tasks.extract_weather_data_from_api' AIRFLOW_CTX_EXECUTION_DATE='2024-06-01T04:42:53.478399+00:00' AIRFLOW_CTX_TRY_NUMBER='11' AIRFLOW_CTX_DAG_RUN_ID='manual__2024-06-01T04:42:53.478399+00:00'
[2024-06-01T05:11:54.832+0000] {taskinstance.py:430} INFO - ::endgroup::
[2024-06-01T05:11:54.845+0000] {baseoperator.py:399} WARNING - SimpleHttpOperator.execute cannot be called outside TaskInstance!
[2024-06-01T05:11:54.845+0000] {http.py:169} INFO - Calling HTTP method
[2024-06-01T05:11:54.859+0000] {base.py:84} INFO - Using connection ID 'weather_map_api_connection' for task execution.
[2024-06-01T05:11:54.874+0000] {base.py:84} INFO - Using connection ID 'weather_map_api_connection' for task execution.
[2024-06-01T05:11:55.443+0000] {http.py:208} INFO - {"coord":{"lon":108.1578,"lat":10.937},"weather":[{"id":804,"main":"Clouds","description":"overcast clouds","icon":"04d"}],"base":"stations","main":{"temp":304.36,"feels_like":309.53,"temp_min":304.36,"temp_max":304.36,"pressure":1010,"humidity":64,"sea_level":1010,"grnd_level":1004},"visibility":10000,"wind":{"speed":5.49,"deg":206,"gust":6.03},"clouds":{"all":98},"dt":1717218666,"sys":{"country":"VN","sunrise":1717194224,"sunset":1717240021},"timezone":25200,"id":1571058,"name":"Phan Thiet","cod":200}
[2024-06-01T05:11:55.466+0000] {python.py:237} INFO - Done. Returned value was: None
[2024-06-01T05:11:55.467+0000] {taskinstance.py:441} INFO - ::group::Post task execution logs
[2024-06-01T05:11:55.483+0000] {taskinstance.py:1206} INFO - Marking task as SUCCESS. dag_id=my_weather_workflow_DAG_v04, task_id=group_tasks.extract_weather_data_from_api, run_id=manual__2024-06-01T04:42:53.478399+00:00, execution_date=20240601T044253, start_date=20240601T051154, end_date=20240601T051155
[2024-06-01T05:11:55.505+0000] {local_task_job_runner.py:240} INFO - Task exited with return code 0
[2024-06-01T05:11:55.520+0000] {logging_mixin.py:188} WARNING - /home/***/.local/lib/python3.12/site-packages/***/models/baseoperator.py:1296 AirflowProviderDeprecationWarning: Call to deprecated class PostgresOperator. (Please use `***.providers.common.sql.operators.sql.SQLExecuteQueryOperator`.Also, you can provide `hook_params={'schema': <database>}`.)
[2024-06-01T05:11:55.538+0000] {taskinstance.py:3498} INFO - 1 downstream tasks scheduled from follow-on schedule check
[2024-06-01T05:11:55.541+0000] {local_task_job_runner.py:222} INFO - ::endgroup::
