[2024-06-03T09:42:52.788+0000] {local_task_job_runner.py:120} INFO - ::group::Pre task execution logs
[2024-06-03T09:42:52.812+0000] {taskinstance.py:2076} INFO - Dependencies all met for dep_context=non-requeueable deps ti=<TaskInstance: city_data_workflow_DAG_final.group_tasks.create_table_city_postgresql manual__2024-06-03T09:36:21.462350+00:00 [queued]>
[2024-06-03T09:42:52.823+0000] {taskinstance.py:2076} INFO - Dependencies all met for dep_context=requeueable deps ti=<TaskInstance: city_data_workflow_DAG_final.group_tasks.create_table_city_postgresql manual__2024-06-03T09:36:21.462350+00:00 [queued]>
[2024-06-03T09:42:52.824+0000] {taskinstance.py:2306} INFO - Starting attempt 3 of 8
[2024-06-03T09:42:52.839+0000] {taskinstance.py:2330} INFO - Executing <Task(PostgresOperator): group_tasks.create_table_city_postgresql> on 2024-06-03 09:36:21.462350+00:00
[2024-06-03T09:42:52.849+0000] {logging_mixin.py:188} WARNING - /home/***/.local/lib/python3.12/site-packages/***/task/task_runner/standard_task_runner.py:61 DeprecationWarning: This process (pid=2272) is multi-threaded, use of fork() may lead to deadlocks in the child.
[2024-06-03T09:42:52.851+0000] {standard_task_runner.py:63} INFO - Started process 2277 to run task
[2024-06-03T09:42:52.849+0000] {standard_task_runner.py:90} INFO - Running: ['***', 'tasks', 'run', 'city_data_workflow_DAG_final', 'group_tasks.create_table_city_postgresql', 'manual__2024-06-03T09:36:21.462350+00:00', '--job-id', '998', '--raw', '--subdir', 'DAGS_FOLDER/tasks_flow.py', '--cfg-path', '/tmp/tmpp9ci6xxp']
[2024-06-03T09:42:52.852+0000] {standard_task_runner.py:91} INFO - Job 998: Subtask group_tasks.create_table_city_postgresql
[2024-06-03T09:42:52.931+0000] {task_command.py:426} INFO - Running <TaskInstance: city_data_workflow_DAG_final.group_tasks.create_table_city_postgresql manual__2024-06-03T09:36:21.462350+00:00 [running]> on host cd9caf1c47f0
[2024-06-03T09:42:53.076+0000] {taskinstance.py:2648} INFO - Exporting env vars: AIRFLOW_CTX_DAG_OWNER='Khang' AIRFLOW_CTX_DAG_ID='city_data_workflow_DAG_final' AIRFLOW_CTX_TASK_ID='group_tasks.create_table_city_postgresql' AIRFLOW_CTX_EXECUTION_DATE='2024-06-03T09:36:21.462350+00:00' AIRFLOW_CTX_TRY_NUMBER='3' AIRFLOW_CTX_DAG_RUN_ID='manual__2024-06-03T09:36:21.462350+00:00'
[2024-06-03T09:42:53.077+0000] {taskinstance.py:430} INFO - ::endgroup::
[2024-06-03T09:42:53.094+0000] {sql.py:276} INFO - Executing: CREATE TABLE IF NOT EXISTS cities(
  wiki_id VARCHAR(20) PRIMARY KEY,
  name VARCHAR(50) NOT NULL,
  country VARCHAR(100) NOT NULL,
  population BIGINT NOT NULL,
  latitude DOUBLE PRECISION NOT NULL,
  longitude DOUBLE PRECISION NOT NULL
);
[2024-06-03T09:42:53.108+0000] {base.py:84} INFO - Using connection ID 'postgres_connection_id' for task execution.
[2024-06-03T09:42:53.123+0000] {base.py:84} INFO - Using connection ID 'postgres_connection_id' for task execution.
[2024-06-03T09:42:53.132+0000] {sql.py:470} INFO - Running statement: CREATE TABLE IF NOT EXISTS cities(
  wiki_id VARCHAR(20) PRIMARY KEY,
  name VARCHAR(50) NOT NULL,
  country VARCHAR(100) NOT NULL,
  population BIGINT NOT NULL,
  latitude DOUBLE PRECISION NOT NULL,
  longitude DOUBLE PRECISION NOT NULL
);, parameters: None
[2024-06-03T09:42:53.134+0000] {taskinstance.py:441} INFO - ::group::Post task execution logs
[2024-06-03T09:42:53.149+0000] {taskinstance.py:1206} INFO - Marking task as SUCCESS. dag_id=city_data_workflow_DAG_final, task_id=group_tasks.create_table_city_postgresql, run_id=manual__2024-06-03T09:36:21.462350+00:00, execution_date=20240603T093621, start_date=20240603T094252, end_date=20240603T094253
[2024-06-03T09:42:53.187+0000] {local_task_job_runner.py:240} INFO - Task exited with return code 0
[2024-06-03T09:42:53.232+0000] {logging_mixin.py:188} WARNING - /home/***/.local/lib/python3.12/site-packages/***/models/baseoperator.py:1296 AirflowProviderDeprecationWarning: Call to deprecated class PostgresOperator. (Please use `***.providers.common.sql.operators.sql.SQLExecuteQueryOperator`.Also, you can provide `hook_params={'schema': <database>}`.)
[2024-06-03T09:42:53.256+0000] {taskinstance.py:3498} INFO - 1 downstream tasks scheduled from follow-on schedule check
[2024-06-03T09:42:53.259+0000] {local_task_job_runner.py:222} INFO - ::endgroup::
