[2024-06-02T10:39:33.261+0000] {local_task_job_runner.py:120} INFO - ::group::Pre task execution logs
[2024-06-02T10:39:33.288+0000] {taskinstance.py:2076} INFO - Dependencies all met for dep_context=non-requeueable deps ti=<TaskInstance: city_data_workflow_DAG_final.group_tasks.create_table_city_postgresql scheduled__2024-06-01T00:00:00+00:00 [queued]>
[2024-06-02T10:39:33.299+0000] {taskinstance.py:2076} INFO - Dependencies all met for dep_context=requeueable deps ti=<TaskInstance: city_data_workflow_DAG_final.group_tasks.create_table_city_postgresql scheduled__2024-06-01T00:00:00+00:00 [queued]>
[2024-06-02T10:39:33.301+0000] {taskinstance.py:2306} INFO - Starting attempt 1 of 6
[2024-06-02T10:39:33.320+0000] {taskinstance.py:2330} INFO - Executing <Task(PostgresOperator): group_tasks.create_table_city_postgresql> on 2024-06-01 00:00:00+00:00
[2024-06-02T10:39:33.331+0000] {standard_task_runner.py:90} INFO - Running: ['***', 'tasks', 'run', 'city_data_workflow_DAG_final', 'group_tasks.create_table_city_postgresql', 'scheduled__2024-06-01T00:00:00+00:00', '--job-id', '940', '--raw', '--subdir', 'DAGS_FOLDER/tasks_flow.py', '--cfg-path', '/tmp/tmpb_p88j9n']
[2024-06-02T10:39:33.334+0000] {standard_task_runner.py:91} INFO - Job 940: Subtask group_tasks.create_table_city_postgresql
[2024-06-02T10:39:33.338+0000] {logging_mixin.py:188} WARNING - /home/***/.local/lib/python3.12/site-packages/***/task/task_runner/standard_task_runner.py:61 DeprecationWarning: This process (pid=184) is multi-threaded, use of fork() may lead to deadlocks in the child.
[2024-06-02T10:39:33.339+0000] {standard_task_runner.py:63} INFO - Started process 189 to run task
[2024-06-02T10:39:33.408+0000] {task_command.py:426} INFO - Running <TaskInstance: city_data_workflow_DAG_final.group_tasks.create_table_city_postgresql scheduled__2024-06-01T00:00:00+00:00 [running]> on host cd9caf1c47f0
[2024-06-02T10:39:33.516+0000] {taskinstance.py:2648} INFO - Exporting env vars: AIRFLOW_CTX_DAG_OWNER='Khang' AIRFLOW_CTX_DAG_ID='city_data_workflow_DAG_final' AIRFLOW_CTX_TASK_ID='group_tasks.create_table_city_postgresql' AIRFLOW_CTX_EXECUTION_DATE='2024-06-01T00:00:00+00:00' AIRFLOW_CTX_TRY_NUMBER='1' AIRFLOW_CTX_DAG_RUN_ID='scheduled__2024-06-01T00:00:00+00:00'
[2024-06-02T10:39:33.518+0000] {taskinstance.py:430} INFO - ::endgroup::
[2024-06-02T10:39:33.533+0000] {sql.py:276} INFO - Executing: CREATE TABLE IF NOT EXISTS cities(
  wiki_id VARCHAR(20) PRIMARY KEY,
  name VARCHAR(50) NOT NULL,
  country VARCHAR(100) NOT NULL,
  population BIGINT NOT NULL,
  latitude DOUBLE PRECISION NOT NULL,
  longitude DOUBLE PRECISION NOT NULL
);
[2024-06-02T10:39:33.548+0000] {base.py:84} INFO - Using connection ID 'postgres_connection_id' for task execution.
[2024-06-02T10:39:33.562+0000] {base.py:84} INFO - Using connection ID 'postgres_connection_id' for task execution.
[2024-06-02T10:39:33.584+0000] {sql.py:470} INFO - Running statement: CREATE TABLE IF NOT EXISTS cities(
  wiki_id VARCHAR(20) PRIMARY KEY,
  name VARCHAR(50) NOT NULL,
  country VARCHAR(100) NOT NULL,
  population BIGINT NOT NULL,
  latitude DOUBLE PRECISION NOT NULL,
  longitude DOUBLE PRECISION NOT NULL
);, parameters: None
[2024-06-02T10:39:33.590+0000] {taskinstance.py:441} INFO - ::group::Post task execution logs
[2024-06-02T10:39:33.606+0000] {taskinstance.py:1206} INFO - Marking task as SUCCESS. dag_id=city_data_workflow_DAG_final, task_id=group_tasks.create_table_city_postgresql, run_id=scheduled__2024-06-01T00:00:00+00:00, execution_date=20240601T000000, start_date=20240602T103933, end_date=20240602T103933
[2024-06-02T10:39:33.634+0000] {local_task_job_runner.py:240} INFO - Task exited with return code 0
[2024-06-02T10:39:33.652+0000] {logging_mixin.py:188} WARNING - /home/***/.local/lib/python3.12/site-packages/***/models/baseoperator.py:1296 AirflowProviderDeprecationWarning: Call to deprecated class PostgresOperator. (Please use `***.providers.common.sql.operators.sql.SQLExecuteQueryOperator`.Also, you can provide `hook_params={'schema': <database>}`.)
[2024-06-02T10:39:33.677+0000] {taskinstance.py:3498} INFO - 1 downstream tasks scheduled from follow-on schedule check
[2024-06-02T10:39:33.680+0000] {local_task_job_runner.py:222} INFO - ::endgroup::
