[2024-05-31T10:36:35.085+0000] {local_task_job_runner.py:120} INFO - ::group::Pre task execution logs
[2024-05-31T10:36:35.114+0000] {taskinstance.py:2076} INFO - Dependencies all met for dep_context=non-requeueable deps ti=<TaskInstance: my_weather_workflow_DAG_v04.check_data_is_exist manual__2024-05-31T05:49:47.133585+00:00 [queued]>
[2024-05-31T10:36:35.127+0000] {taskinstance.py:2076} INFO - Dependencies all met for dep_context=requeueable deps ti=<TaskInstance: my_weather_workflow_DAG_v04.check_data_is_exist manual__2024-05-31T05:49:47.133585+00:00 [queued]>
[2024-05-31T10:36:35.128+0000] {taskinstance.py:2306} INFO - Starting attempt 1 of 6
[2024-05-31T10:36:35.142+0000] {taskinstance.py:2330} INFO - Executing <Task(BranchPythonOperator): check_data_is_exist> on 2024-05-31 05:49:47.133585+00:00
[2024-05-31T10:36:35.150+0000] {logging_mixin.py:188} WARNING - /home/***/.local/lib/python3.12/site-packages/***/task/task_runner/standard_task_runner.py:61 DeprecationWarning: This process (pid=1712) is multi-threaded, use of fork() may lead to deadlocks in the child.
[2024-05-31T10:36:35.151+0000] {standard_task_runner.py:63} INFO - Started process 1714 to run task
[2024-05-31T10:36:35.150+0000] {standard_task_runner.py:90} INFO - Running: ['***', 'tasks', 'run', 'my_weather_workflow_DAG_v04', 'check_data_is_exist', 'manual__2024-05-31T05:49:47.133585+00:00', '--job-id', '322', '--raw', '--subdir', 'DAGS_FOLDER/weather_dag.py', '--cfg-path', '/tmp/tmp27je8oq3']
[2024-05-31T10:36:35.152+0000] {standard_task_runner.py:91} INFO - Job 322: Subtask check_data_is_exist
[2024-05-31T10:36:35.227+0000] {task_command.py:426} INFO - Running <TaskInstance: my_weather_workflow_DAG_v04.check_data_is_exist manual__2024-05-31T05:49:47.133585+00:00 [running]> on host cd9caf1c47f0
[2024-05-31T10:36:35.362+0000] {taskinstance.py:2648} INFO - Exporting env vars: AIRFLOW_CTX_DAG_OWNER='Khang' AIRFLOW_CTX_DAG_ID='my_weather_workflow_DAG_v04' AIRFLOW_CTX_TASK_ID='check_data_is_exist' AIRFLOW_CTX_EXECUTION_DATE='2024-05-31T05:49:47.133585+00:00' AIRFLOW_CTX_TRY_NUMBER='1' AIRFLOW_CTX_DAG_RUN_ID='manual__2024-05-31T05:49:47.133585+00:00'
[2024-05-31T10:36:35.364+0000] {taskinstance.py:430} INFO - ::endgroup::
[2024-05-31T10:36:35.380+0000] {baseoperator.py:399} WARNING - BranchPythonOperator.execute cannot be called outside TaskInstance!
[2024-05-31T10:36:35.417+0000] {base.py:84} INFO - Using connection ID 'postgres_connection_id' for task execution.
[2024-05-31T10:36:35.428+0000] {sql.py:470} INFO - Running statement: SELECT COUNT(*) FROM cities WHERE wiki_id = 'Q25315';, parameters: None
[2024-05-31T10:36:35.431+0000] {sql.py:479} INFO - Rows affected: 1
[2024-05-31T10:36:35.432+0000] {python.py:237} INFO - Done. Returned value was: skip_insert_data
[2024-05-31T10:36:35.432+0000] {branch.py:36} INFO - Branch into skip_insert_data
[2024-05-31T10:36:35.433+0000] {skipmixin.py:178} INFO - Following branch skip_insert_data
[2024-05-31T10:36:35.471+0000] {skipmixin.py:246} INFO - Skipping tasks [('load_csv_to_postgres', -1)]
[2024-05-31T10:36:35.517+0000] {taskinstance.py:441} INFO - ::group::Post task execution logs
[2024-05-31T10:36:35.550+0000] {taskinstance.py:1206} INFO - Marking task as SUCCESS. dag_id=my_weather_workflow_DAG_v04, task_id=check_data_is_exist, run_id=manual__2024-05-31T05:49:47.133585+00:00, execution_date=20240531T054947, start_date=20240531T103635, end_date=20240531T103635
[2024-05-31T10:36:35.607+0000] {local_task_job_runner.py:240} INFO - Task exited with return code 0
[2024-05-31T10:36:35.649+0000] {taskinstance.py:3498} INFO - 0 downstream tasks scheduled from follow-on schedule check
[2024-05-31T10:36:35.657+0000] {local_task_job_runner.py:222} INFO - ::endgroup::
