[2024-05-25T15:22:43.162+0000] {local_task_job_runner.py:120} INFO - ::group::Pre task execution logs
[2024-05-25T15:22:43.184+0000] {taskinstance.py:2076} INFO - Dependencies all met for dep_context=non-requeueable deps ti=<TaskInstance: my_weather_workflow_DAG_v03.up_load_to_s3 manual__2024-05-25T15:22:35.369972+00:00 [queued]>
[2024-05-25T15:22:43.193+0000] {taskinstance.py:2076} INFO - Dependencies all met for dep_context=requeueable deps ti=<TaskInstance: my_weather_workflow_DAG_v03.up_load_to_s3 manual__2024-05-25T15:22:35.369972+00:00 [queued]>
[2024-05-25T15:22:43.194+0000] {taskinstance.py:2306} INFO - Starting attempt 1 of 6
[2024-05-25T15:22:43.208+0000] {taskinstance.py:2330} INFO - Executing <Task(PythonOperator): up_load_to_s3> on 2024-05-25 15:22:35.369972+00:00
[2024-05-25T15:22:43.216+0000] {standard_task_runner.py:90} INFO - Running: ['***', 'tasks', 'run', 'my_weather_workflow_DAG_v03', 'up_load_to_s3', 'manual__2024-05-25T15:22:35.369972+00:00', '--job-id', '148', '--raw', '--subdir', 'DAGS_FOLDER/weather_dag.py', '--cfg-path', '/tmp/tmphy6dx_e7']
[2024-05-25T15:22:43.219+0000] {standard_task_runner.py:91} INFO - Job 148: Subtask up_load_to_s3
[2024-05-25T15:22:43.220+0000] {logging_mixin.py:188} WARNING - /home/***/.local/lib/python3.12/site-packages/***/task/task_runner/standard_task_runner.py:61 DeprecationWarning: This process (pid=2296) is multi-threaded, use of fork() may lead to deadlocks in the child.
[2024-05-25T15:22:43.221+0000] {standard_task_runner.py:63} INFO - Started process 2298 to run task
[2024-05-25T15:22:43.284+0000] {task_command.py:426} INFO - Running <TaskInstance: my_weather_workflow_DAG_v03.up_load_to_s3 manual__2024-05-25T15:22:35.369972+00:00 [running]> on host c0a968b5acd8
[2024-05-25T15:22:43.387+0000] {taskinstance.py:2648} INFO - Exporting env vars: AIRFLOW_CTX_DAG_OWNER='Khang' AIRFLOW_CTX_DAG_ID='my_weather_workflow_DAG_v03' AIRFLOW_CTX_TASK_ID='up_load_to_s3' AIRFLOW_CTX_EXECUTION_DATE='2024-05-25T15:22:35.369972+00:00' AIRFLOW_CTX_TRY_NUMBER='1' AIRFLOW_CTX_DAG_RUN_ID='manual__2024-05-25T15:22:35.369972+00:00'
[2024-05-25T15:22:43.388+0000] {taskinstance.py:430} INFO - ::endgroup::
[2024-05-25T15:22:43.431+0000] {base.py:84} INFO - Using connection ID 'weather_map_s3_connection' for task execution.
[2024-05-25T15:22:43.432+0000] {connection_wrapper.py:384} INFO - AWS Connection (conn_id='weather_map_s3_connection', conn_type='aws') credentials retrieved from login and password.
[2024-05-25T15:22:44.987+0000] {taskinstance.py:441} INFO - ::group::Post task execution logs
[2024-05-25T15:22:44.987+0000] {taskinstance.py:2905} ERROR - Task failed with exception
Traceback (most recent call last):
  File "/home/airflow/.local/lib/python3.12/site-packages/airflow/models/taskinstance.py", line 465, in _execute_task
    result = _execute_callable(context=context, **execute_callable_kwargs)
             ^^^^^^^^^^^^^^^^^^^^^^^^^^^^^^^^^^^^^^^^^^^^^^^^^^^^^^^^^^^^^
  File "/home/airflow/.local/lib/python3.12/site-packages/airflow/models/taskinstance.py", line 432, in _execute_callable
    return execute_callable(context=context, **execute_callable_kwargs)
           ^^^^^^^^^^^^^^^^^^^^^^^^^^^^^^^^^^^^^^^^^^^^^^^^^^^^^^^^^^^^
  File "/home/airflow/.local/lib/python3.12/site-packages/airflow/models/baseoperator.py", line 400, in wrapper
    return func(self, *args, **kwargs)
           ^^^^^^^^^^^^^^^^^^^^^^^^^^^
  File "/home/airflow/.local/lib/python3.12/site-packages/airflow/operators/python.py", line 235, in execute
    return_value = self.execute_callable()
                   ^^^^^^^^^^^^^^^^^^^^^^^
  File "/home/airflow/.local/lib/python3.12/site-packages/airflow/operators/python.py", line 252, in execute_callable
    return self.python_callable(*self.op_args, **self.op_kwargs)
           ^^^^^^^^^^^^^^^^^^^^^^^^^^^^^^^^^^^^^^^^^^^^^^^^^^^^^
  File "/opt/airflow/dags/weather_dag.py", line 64, in up_load_to_s3
    hook.load_file(filename='/opt/airflow/data-transform/{file_name}', key=file_name, bucket_name='weather-api-airflow')
  File "/home/airflow/.local/lib/python3.12/site-packages/airflow/providers/amazon/aws/hooks/s3.py", line 135, in wrapper
    return func(*bound_args.args, **bound_args.kwargs)
           ^^^^^^^^^^^^^^^^^^^^^^^^^^^^^^^^^^^^^^^^^^^
  File "/home/airflow/.local/lib/python3.12/site-packages/airflow/providers/amazon/aws/hooks/s3.py", line 89, in wrapper
    return func(*bound_args.args, **bound_args.kwargs)
           ^^^^^^^^^^^^^^^^^^^^^^^^^^^^^^^^^^^^^^^^^^^
  File "/home/airflow/.local/lib/python3.12/site-packages/airflow/providers/amazon/aws/hooks/s3.py", line 1098, in load_file
    client.upload_file(filename, bucket_name, key, ExtraArgs=extra_args, Config=self.transfer_config)
  File "/home/airflow/.local/lib/python3.12/site-packages/boto3/s3/inject.py", line 145, in upload_file
    return transfer.upload_file(
           ^^^^^^^^^^^^^^^^^^^^^
  File "/home/airflow/.local/lib/python3.12/site-packages/boto3/s3/transfer.py", line 371, in upload_file
    future.result()
  File "/home/airflow/.local/lib/python3.12/site-packages/s3transfer/futures.py", line 103, in result
    return self._coordinator.result()
           ^^^^^^^^^^^^^^^^^^^^^^^^^^
  File "/home/airflow/.local/lib/python3.12/site-packages/s3transfer/futures.py", line 266, in result
    raise self._exception
  File "/home/airflow/.local/lib/python3.12/site-packages/s3transfer/tasks.py", line 269, in _main
    self._submit(transfer_future=transfer_future, **kwargs)
  File "/home/airflow/.local/lib/python3.12/site-packages/s3transfer/upload.py", line 591, in _submit
    upload_input_manager.provide_transfer_size(transfer_future)
  File "/home/airflow/.local/lib/python3.12/site-packages/s3transfer/upload.py", line 244, in provide_transfer_size
    self._osutil.get_file_size(transfer_future.meta.call_args.fileobj)
  File "/home/airflow/.local/lib/python3.12/site-packages/s3transfer/utils.py", line 256, in get_file_size
    return os.path.getsize(filename)
           ^^^^^^^^^^^^^^^^^^^^^^^^^
  File "<frozen genericpath>", line 62, in getsize
FileNotFoundError: [Errno 2] No such file or directory: '/opt/airflow/data-transform/{file_name}'
[2024-05-25T15:22:45.003+0000] {taskinstance.py:1206} INFO - Marking task as UP_FOR_RETRY. dag_id=my_weather_workflow_DAG_v03, task_id=up_load_to_s3, run_id=manual__2024-05-25T15:22:35.369972+00:00, execution_date=20240525T152235, start_date=20240525T152243, end_date=20240525T152245
[2024-05-25T15:22:45.016+0000] {standard_task_runner.py:110} ERROR - Failed to execute job 148 for task up_load_to_s3 ([Errno 2] No such file or directory: '/opt/airflow/data-transform/{file_name}'; 2298)
[2024-05-25T15:22:45.044+0000] {local_task_job_runner.py:240} INFO - Task exited with return code 1
[2024-05-25T15:22:45.070+0000] {taskinstance.py:3498} INFO - 0 downstream tasks scheduled from follow-on schedule check
[2024-05-25T15:22:45.073+0000] {local_task_job_runner.py:222} INFO - ::endgroup::
