[2024-06-01T04:38:57.689+0000] {local_task_job_runner.py:120} INFO - ::group::Pre task execution logs
[2024-06-01T04:38:57.716+0000] {taskinstance.py:2076} INFO - Dependencies all met for dep_context=non-requeueable deps ti=<TaskInstance: my_weather_workflow_DAG_v04.extract_city_data_from_api manual__2024-06-01T04:21:04.663663+00:00 [queued]>
[2024-06-01T04:38:57.726+0000] {taskinstance.py:2076} INFO - Dependencies all met for dep_context=requeueable deps ti=<TaskInstance: my_weather_workflow_DAG_v04.extract_city_data_from_api manual__2024-06-01T04:21:04.663663+00:00 [queued]>
[2024-06-01T04:38:57.727+0000] {taskinstance.py:2306} INFO - Starting attempt 6 of 11
[2024-06-01T04:38:57.741+0000] {taskinstance.py:2330} INFO - Executing <Task(SimpleHttpOperator): extract_city_data_from_api> on 2024-06-01 04:21:04.663663+00:00
[2024-06-01T04:38:57.749+0000] {logging_mixin.py:188} WARNING - /home/***/.local/lib/python3.12/site-packages/***/task/task_runner/standard_task_runner.py:61 DeprecationWarning: This process (pid=3952) is multi-threaded, use of fork() may lead to deadlocks in the child.
[2024-06-01T04:38:57.748+0000] {standard_task_runner.py:90} INFO - Running: ['***', 'tasks', 'run', 'my_weather_workflow_DAG_v04', 'extract_city_data_from_api', 'manual__2024-06-01T04:21:04.663663+00:00', '--job-id', '480', '--raw', '--subdir', 'DAGS_FOLDER/weather_dag.py', '--cfg-path', '/tmp/tmpgmz156nm']
[2024-06-01T04:38:57.751+0000] {standard_task_runner.py:63} INFO - Started process 3954 to run task
[2024-06-01T04:38:57.752+0000] {standard_task_runner.py:91} INFO - Job 480: Subtask extract_city_data_from_api
[2024-06-01T04:38:57.812+0000] {task_command.py:426} INFO - Running <TaskInstance: my_weather_workflow_DAG_v04.extract_city_data_from_api manual__2024-06-01T04:21:04.663663+00:00 [running]> on host cd9caf1c47f0
[2024-06-01T04:38:57.911+0000] {taskinstance.py:2648} INFO - Exporting env vars: AIRFLOW_CTX_DAG_OWNER='Khang' AIRFLOW_CTX_DAG_ID='my_weather_workflow_DAG_v04' AIRFLOW_CTX_TASK_ID='extract_city_data_from_api' AIRFLOW_CTX_EXECUTION_DATE='2024-06-01T04:21:04.663663+00:00' AIRFLOW_CTX_TRY_NUMBER='6' AIRFLOW_CTX_DAG_RUN_ID='manual__2024-06-01T04:21:04.663663+00:00'
[2024-06-01T04:38:57.912+0000] {taskinstance.py:430} INFO - ::endgroup::
[2024-06-01T04:38:57.924+0000] {http.py:169} INFO - Calling HTTP method
[2024-06-01T04:38:57.937+0000] {base.py:84} INFO - Using connection ID 'city_map_api_connection' for task execution.
[2024-06-01T04:38:57.949+0000] {base.py:84} INFO - Using connection ID 'city_map_api_connection' for task execution.
[2024-06-01T04:38:58.360+0000] {http.py:208} INFO - {"data":{"id":173558,"wikiDataId":"Q25315","type":"CITY","city":"Phan Thiết","name":"Phan Thiết","country":"Vietnam","countryCode":"VN","region":"Bình Thuận","regionCode":"40","regionWdId":"Q36869","latitude":10.937,"longitude":108.15778,"population":205333,"timezone":"Asia__Ho_Chi_Minh","deleted":false}}
[2024-06-01T04:38:58.364+0000] {taskinstance.py:441} INFO - ::group::Post task execution logs
[2024-06-01T04:38:58.401+0000] {taskinstance.py:1206} INFO - Marking task as SUCCESS. dag_id=my_weather_workflow_DAG_v04, task_id=extract_city_data_from_api, run_id=manual__2024-06-01T04:21:04.663663+00:00, execution_date=20240601T042104, start_date=20240601T043857, end_date=20240601T043858
[2024-06-01T04:38:58.449+0000] {local_task_job_runner.py:240} INFO - Task exited with return code 0
[2024-06-01T04:38:58.465+0000] {logging_mixin.py:188} WARNING - /home/***/.local/lib/python3.12/site-packages/***/models/baseoperator.py:1296 AirflowProviderDeprecationWarning: Call to deprecated class SimpleHttpOperator. (Class `SimpleHttpOperator` is deprecated and will be removed in a future release. Please use `HttpOperator` instead.)
[2024-06-01T04:38:58.483+0000] {taskinstance.py:3498} INFO - 1 downstream tasks scheduled from follow-on schedule check
[2024-06-01T04:38:58.486+0000] {local_task_job_runner.py:222} INFO - ::endgroup::
