[2024-05-29T10:28:38.918+0000] {local_task_job_runner.py:120} INFO - ::group::Pre task execution logs
[2024-05-29T10:28:38.954+0000] {taskinstance.py:2076} INFO - Dependencies all met for dep_context=non-requeueable deps ti=<TaskInstance: my_weather_workflow_DAG_v03.extract_data_from_api manual__2024-05-29T10:23:13.183699+00:00 [queued]>
[2024-05-29T10:28:38.966+0000] {taskinstance.py:2076} INFO - Dependencies all met for dep_context=requeueable deps ti=<TaskInstance: my_weather_workflow_DAG_v03.extract_data_from_api manual__2024-05-29T10:23:13.183699+00:00 [queued]>
[2024-05-29T10:28:38.967+0000] {taskinstance.py:2306} INFO - Starting attempt 2 of 7
[2024-05-29T10:28:38.984+0000] {taskinstance.py:2330} INFO - Executing <Task(SimpleHttpOperator): extract_data_from_api> on 2024-05-29 10:23:13.183699+00:00
[2024-05-29T10:28:38.995+0000] {standard_task_runner.py:90} INFO - Running: ['***', 'tasks', 'run', 'my_weather_workflow_DAG_v03', 'extract_data_from_api', 'manual__2024-05-29T10:23:13.183699+00:00', '--job-id', '8', '--raw', '--subdir', 'DAGS_FOLDER/weather_dag.py', '--cfg-path', '/tmp/tmp1c911a6f']
[2024-05-29T10:28:38.999+0000] {standard_task_runner.py:91} INFO - Job 8: Subtask extract_data_from_api
[2024-05-29T10:28:39.003+0000] {logging_mixin.py:188} WARNING - /home/***/.local/lib/python3.12/site-packages/***/task/task_runner/standard_task_runner.py:61 DeprecationWarning: This process (pid=356) is multi-threaded, use of fork() may lead to deadlocks in the child.
[2024-05-29T10:28:39.005+0000] {standard_task_runner.py:63} INFO - Started process 360 to run task
[2024-05-29T10:28:39.063+0000] {task_command.py:426} INFO - Running <TaskInstance: my_weather_workflow_DAG_v03.extract_data_from_api manual__2024-05-29T10:23:13.183699+00:00 [running]> on host cd9caf1c47f0
[2024-05-29T10:28:39.181+0000] {taskinstance.py:2648} INFO - Exporting env vars: AIRFLOW_CTX_DAG_OWNER='Khang' AIRFLOW_CTX_DAG_ID='my_weather_workflow_DAG_v03' AIRFLOW_CTX_TASK_ID='extract_data_from_api' AIRFLOW_CTX_EXECUTION_DATE='2024-05-29T10:23:13.183699+00:00' AIRFLOW_CTX_TRY_NUMBER='2' AIRFLOW_CTX_DAG_RUN_ID='manual__2024-05-29T10:23:13.183699+00:00'
[2024-05-29T10:28:39.182+0000] {taskinstance.py:430} INFO - ::endgroup::
[2024-05-29T10:28:39.195+0000] {http.py:169} INFO - Calling HTTP method
[2024-05-29T10:28:39.208+0000] {base.py:84} INFO - Using connection ID 'weather_map_api_connection' for task execution.
[2024-05-29T10:28:39.219+0000] {base.py:84} INFO - Using connection ID 'weather_map_api_connection' for task execution.
[2024-05-29T10:28:39.467+0000] {http.py:208} INFO - {"coord":{"lon":106.6602,"lat":10.7626},"weather":[{"id":803,"main":"Clouds","description":"broken clouds","icon":"04d"}],"base":"stations","main":{"temp":305.4,"feels_like":312.4,"temp_min":305.14,"temp_max":305.4,"pressure":1005,"humidity":69},"visibility":10000,"wind":{"speed":3.6,"deg":350},"clouds":{"all":75},"dt":1716978498,"sys":{"type":2,"id":2093009,"country":"VN","sunrise":1716935400,"sunset":1716981114},"timezone":25200,"id":1566083,"name":"Ho Chi Minh City","cod":200}
[2024-05-29T10:28:39.469+0000] {taskinstance.py:441} INFO - ::group::Post task execution logs
[2024-05-29T10:28:39.500+0000] {taskinstance.py:1206} INFO - Marking task as SUCCESS. dag_id=my_weather_workflow_DAG_v03, task_id=extract_data_from_api, run_id=manual__2024-05-29T10:23:13.183699+00:00, execution_date=20240529T102313, start_date=20240529T102838, end_date=20240529T102839
[2024-05-29T10:28:39.541+0000] {local_task_job_runner.py:240} INFO - Task exited with return code 0
[2024-05-29T10:28:39.581+0000] {logging_mixin.py:188} WARNING - /home/***/.local/lib/python3.12/site-packages/***/models/baseoperator.py:1296 AirflowProviderDeprecationWarning: Call to deprecated class SimpleHttpOperator. (Class `SimpleHttpOperator` is deprecated and will be removed in a future release. Please use `HttpOperator` instead.)
[2024-05-29T10:28:39.602+0000] {taskinstance.py:3498} INFO - 1 downstream tasks scheduled from follow-on schedule check
[2024-05-29T10:28:39.606+0000] {local_task_job_runner.py:222} INFO - ::endgroup::
