[2024-05-25T15:45:43.587+0000] {local_task_job_runner.py:120} INFO - ::group::Pre task execution logs
[2024-05-25T15:45:43.615+0000] {taskinstance.py:2076} INFO - Dependencies all met for dep_context=non-requeueable deps ti=<TaskInstance: my_weather_workflow_DAG_v03.is_weather_api_ready_task manual__2024-05-25T15:22:35.369972+00:00 [queued]>
[2024-05-25T15:45:43.625+0000] {taskinstance.py:2076} INFO - Dependencies all met for dep_context=requeueable deps ti=<TaskInstance: my_weather_workflow_DAG_v03.is_weather_api_ready_task manual__2024-05-25T15:22:35.369972+00:00 [queued]>
[2024-05-25T15:45:43.626+0000] {taskinstance.py:2306} INFO - Starting attempt 4 of 9
[2024-05-25T15:45:43.642+0000] {taskinstance.py:2330} INFO - Executing <Task(HttpSensor): is_weather_api_ready_task> on 2024-05-25 15:22:35.369972+00:00
[2024-05-25T15:45:43.650+0000] {logging_mixin.py:188} WARNING - /home/***/.local/lib/python3.12/site-packages/***/task/task_runner/standard_task_runner.py:61 DeprecationWarning: This process (pid=2885) is multi-threaded, use of fork() may lead to deadlocks in the child.
[2024-05-25T15:45:43.652+0000] {standard_task_runner.py:63} INFO - Started process 2887 to run task
[2024-05-25T15:45:43.650+0000] {standard_task_runner.py:90} INFO - Running: ['***', 'tasks', 'run', 'my_weather_workflow_DAG_v03', 'is_weather_api_ready_task', 'manual__2024-05-25T15:22:35.369972+00:00', '--job-id', '157', '--raw', '--subdir', 'DAGS_FOLDER/weather_dag.py', '--cfg-path', '/tmp/tmpbihpz_oh']
[2024-05-25T15:45:43.653+0000] {standard_task_runner.py:91} INFO - Job 157: Subtask is_weather_api_ready_task
[2024-05-25T15:45:43.740+0000] {task_command.py:426} INFO - Running <TaskInstance: my_weather_workflow_DAG_v03.is_weather_api_ready_task manual__2024-05-25T15:22:35.369972+00:00 [running]> on host c0a968b5acd8
[2024-05-25T15:45:43.861+0000] {taskinstance.py:2648} INFO - Exporting env vars: AIRFLOW_CTX_DAG_OWNER='Khang' AIRFLOW_CTX_DAG_ID='my_weather_workflow_DAG_v03' AIRFLOW_CTX_TASK_ID='is_weather_api_ready_task' AIRFLOW_CTX_EXECUTION_DATE='2024-05-25T15:22:35.369972+00:00' AIRFLOW_CTX_TRY_NUMBER='4' AIRFLOW_CTX_DAG_RUN_ID='manual__2024-05-25T15:22:35.369972+00:00'
[2024-05-25T15:45:43.862+0000] {taskinstance.py:430} INFO - ::endgroup::
[2024-05-25T15:45:43.877+0000] {baseoperator.py:399} WARNING - HttpSensor.execute cannot be called outside TaskInstance!
[2024-05-25T15:45:43.878+0000] {http.py:137} INFO - Poking: /data/2.5/weather?lat=10.762622&lon=106.660172&appid=9881854b04470f3cd966ec1ffdf5ff08
[2024-05-25T15:45:43.893+0000] {base.py:84} INFO - Using connection ID 'weather_map_api_connection' for task execution.
[2024-05-25T15:45:44.350+0000] {base.py:294} INFO - Success criteria met. Exiting.
[2024-05-25T15:45:44.352+0000] {taskinstance.py:441} INFO - ::group::Post task execution logs
[2024-05-25T15:45:44.376+0000] {taskinstance.py:1206} INFO - Marking task as SUCCESS. dag_id=my_weather_workflow_DAG_v03, task_id=is_weather_api_ready_task, run_id=manual__2024-05-25T15:22:35.369972+00:00, execution_date=20240525T152235, start_date=20240525T154543, end_date=20240525T154544
[2024-05-25T15:45:44.429+0000] {local_task_job_runner.py:240} INFO - Task exited with return code 0
[2024-05-25T15:45:44.452+0000] {logging_mixin.py:188} WARNING - /home/***/.local/lib/python3.12/site-packages/***/models/baseoperator.py:1296 AirflowProviderDeprecationWarning: Call to deprecated class SimpleHttpOperator. (Class `SimpleHttpOperator` is deprecated and will be removed in a future release. Please use `HttpOperator` instead.)
[2024-05-25T15:45:44.489+0000] {taskinstance.py:3498} INFO - 1 downstream tasks scheduled from follow-on schedule check
[2024-05-25T15:45:44.493+0000] {local_task_job_runner.py:222} INFO - ::endgroup::
