[2024-05-24T11:21:04.973+0000] {local_task_job_runner.py:120} INFO - ::group::Pre task execution logs
[2024-05-24T11:21:04.999+0000] {taskinstance.py:2076} INFO - Dependencies all met for dep_context=non-requeueable deps ti=<TaskInstance: my_weather_workflow_DAG_v03.extract_data_from_api manual__2024-05-24T11:21:01.618042+00:00 [queued]>
[2024-05-24T11:21:05.010+0000] {taskinstance.py:2076} INFO - Dependencies all met for dep_context=requeueable deps ti=<TaskInstance: my_weather_workflow_DAG_v03.extract_data_from_api manual__2024-05-24T11:21:01.618042+00:00 [queued]>
[2024-05-24T11:21:05.011+0000] {taskinstance.py:2306} INFO - Starting attempt 1 of 6
[2024-05-24T11:21:05.025+0000] {taskinstance.py:2330} INFO - Executing <Task(SimpleHttpOperator): extract_data_from_api> on 2024-05-24 11:21:01.618042+00:00
[2024-05-24T11:21:05.034+0000] {logging_mixin.py:188} WARNING - /home/***/.local/lib/python3.12/site-packages/***/task/task_runner/standard_task_runner.py:61 DeprecationWarning: This process (pid=2253) is multi-threaded, use of fork() may lead to deadlocks in the child.
[2024-05-24T11:21:05.032+0000] {standard_task_runner.py:90} INFO - Running: ['***', 'tasks', 'run', 'my_weather_workflow_DAG_v03', 'extract_data_from_api', 'manual__2024-05-24T11:21:01.618042+00:00', '--job-id', '67', '--raw', '--subdir', 'DAGS_FOLDER/weather_dag.py', '--cfg-path', '/tmp/tmppogrlct4']
[2024-05-24T11:21:05.036+0000] {standard_task_runner.py:63} INFO - Started process 2255 to run task
[2024-05-24T11:21:05.036+0000] {standard_task_runner.py:91} INFO - Job 67: Subtask extract_data_from_api
[2024-05-24T11:21:05.098+0000] {task_command.py:426} INFO - Running <TaskInstance: my_weather_workflow_DAG_v03.extract_data_from_api manual__2024-05-24T11:21:01.618042+00:00 [running]> on host 6ab40057742d
[2024-05-24T11:21:05.340+0000] {taskinstance.py:2648} INFO - Exporting env vars: AIRFLOW_CTX_DAG_OWNER='Khang' AIRFLOW_CTX_DAG_ID='my_weather_workflow_DAG_v03' AIRFLOW_CTX_TASK_ID='extract_data_from_api' AIRFLOW_CTX_EXECUTION_DATE='2024-05-24T11:21:01.618042+00:00' AIRFLOW_CTX_TRY_NUMBER='1' AIRFLOW_CTX_DAG_RUN_ID='manual__2024-05-24T11:21:01.618042+00:00'
[2024-05-24T11:21:05.341+0000] {taskinstance.py:430} INFO - ::endgroup::
[2024-05-24T11:21:05.352+0000] {http.py:169} INFO - Calling HTTP method
[2024-05-24T11:21:05.364+0000] {base.py:84} INFO - Using connection ID 'weather_map_api_connection' for task execution.
[2024-05-24T11:21:05.375+0000] {base.py:84} INFO - Using connection ID 'weather_map_api_connection' for task execution.
[2024-05-24T11:21:05.518+0000] {http.py:208} INFO - {"coord":{"lon":106.6602,"lat":10.7626},"weather":[{"id":501,"main":"Rain","description":"moderate rain","icon":"10n"}],"base":"stations","main":{"temp":304.85,"feels_like":311.85,"temp_min":303.14,"temp_max":304.85,"pressure":1006,"humidity":72},"visibility":10000,"wind":{"speed":0.51,"deg":0},"rain":{"1h":3.65},"clouds":{"all":40},"dt":1716549663,"sys":{"type":2,"id":2093009,"country":"VN","sunrise":1716503411,"sunset":1716549033},"timezone":25200,"id":1566083,"name":"Ho Chi Minh City","cod":200}
[2024-05-24T11:21:05.520+0000] {taskinstance.py:441} INFO - ::group::Post task execution logs
[2024-05-24T11:21:05.553+0000] {taskinstance.py:1206} INFO - Marking task as SUCCESS. dag_id=my_weather_workflow_DAG_v03, task_id=extract_data_from_api, run_id=manual__2024-05-24T11:21:01.618042+00:00, execution_date=20240524T112101, start_date=20240524T112105, end_date=20240524T112105
[2024-05-24T11:21:05.612+0000] {local_task_job_runner.py:240} INFO - Task exited with return code 0
[2024-05-24T11:21:05.630+0000] {logging_mixin.py:188} WARNING - /home/***/.local/lib/python3.12/site-packages/***/models/baseoperator.py:1296 AirflowProviderDeprecationWarning: Call to deprecated class SimpleHttpOperator. (Class `SimpleHttpOperator` is deprecated and will be removed in a future release. Please use `HttpOperator` instead.)
[2024-05-24T11:21:05.647+0000] {taskinstance.py:3498} INFO - 1 downstream tasks scheduled from follow-on schedule check
[2024-05-24T11:21:05.652+0000] {local_task_job_runner.py:222} INFO - ::endgroup::
