[2024-06-01T08:03:18.177+0000] {local_task_job_runner.py:120} INFO - ::group::Pre task execution logs
[2024-06-01T08:03:18.202+0000] {taskinstance.py:2076} INFO - Dependencies all met for dep_context=non-requeueable deps ti=<TaskInstance: my_weather_workflow_DAG_v04.group_tasks.create_table_weather_postgresql manual__2024-06-01T08:03:02.551642+00:00 [queued]>
[2024-06-01T08:03:18.212+0000] {taskinstance.py:2076} INFO - Dependencies all met for dep_context=requeueable deps ti=<TaskInstance: my_weather_workflow_DAG_v04.group_tasks.create_table_weather_postgresql manual__2024-06-01T08:03:02.551642+00:00 [queued]>
[2024-06-01T08:03:18.213+0000] {taskinstance.py:2306} INFO - Starting attempt 1 of 6
[2024-06-01T08:03:18.229+0000] {taskinstance.py:2330} INFO - Executing <Task(PostgresOperator): group_tasks.create_table_weather_postgresql> on 2024-06-01 08:03:02.551642+00:00
[2024-06-01T08:03:18.238+0000] {logging_mixin.py:188} WARNING - /home/***/.local/lib/python3.12/site-packages/***/task/task_runner/standard_task_runner.py:61 DeprecationWarning: This process (pid=8589) is multi-threaded, use of fork() may lead to deadlocks in the child.
[2024-06-01T08:03:18.239+0000] {standard_task_runner.py:63} INFO - Started process 8591 to run task
[2024-06-01T08:03:18.238+0000] {standard_task_runner.py:90} INFO - Running: ['***', 'tasks', 'run', 'my_weather_workflow_DAG_v04', 'group_tasks.create_table_weather_postgresql', 'manual__2024-06-01T08:03:02.551642+00:00', '--job-id', '636', '--raw', '--subdir', 'DAGS_FOLDER/tasks_flow.py', '--cfg-path', '/tmp/tmp5dvu1nou']
[2024-06-01T08:03:18.241+0000] {standard_task_runner.py:91} INFO - Job 636: Subtask group_tasks.create_table_weather_postgresql
[2024-06-01T08:03:18.336+0000] {task_command.py:426} INFO - Running <TaskInstance: my_weather_workflow_DAG_v04.group_tasks.create_table_weather_postgresql manual__2024-06-01T08:03:02.551642+00:00 [running]> on host cd9caf1c47f0
[2024-06-01T08:03:18.456+0000] {taskinstance.py:2648} INFO - Exporting env vars: AIRFLOW_CTX_DAG_OWNER='Khang' AIRFLOW_CTX_DAG_ID='my_weather_workflow_DAG_v04' AIRFLOW_CTX_TASK_ID='group_tasks.create_table_weather_postgresql' AIRFLOW_CTX_EXECUTION_DATE='2024-06-01T08:03:02.551642+00:00' AIRFLOW_CTX_TRY_NUMBER='1' AIRFLOW_CTX_DAG_RUN_ID='manual__2024-06-01T08:03:02.551642+00:00'
[2024-06-01T08:03:18.459+0000] {taskinstance.py:430} INFO - ::endgroup::
[2024-06-01T08:03:18.475+0000] {sql.py:276} INFO - Executing: CREATE TABLE IF NOT EXISTS weathers(
  fk_city varchar(20) REFERENCES cities(wiki_id),

  weather_description VARCHAR(255) NOT NULL,
  temp_celsius DOUBLE PRECISION NOT NULL,
  min_temp_celsius DOUBLE PRECISION,
  max_temp_celsius DOUBLE PRECISION,
  pressure DOUBLE PRECISION,
  humidity DOUBLE PRECISION NOT NULL,
  wind_speed DOUBLE PRECISION NOT NULL,
  time_of_record timestamp NOT NULL,
  sunrise_time timestamp,
  sunset_time timestamp
);
[2024-06-01T08:03:18.487+0000] {base.py:84} INFO - Using connection ID 'postgres_connection_id' for task execution.
[2024-06-01T08:03:18.506+0000] {base.py:84} INFO - Using connection ID 'postgres_connection_id' for task execution.
[2024-06-01T08:03:18.515+0000] {sql.py:470} INFO - Running statement: CREATE TABLE IF NOT EXISTS weathers(
  fk_city varchar(20) REFERENCES cities(wiki_id),

  weather_description VARCHAR(255) NOT NULL,
  temp_celsius DOUBLE PRECISION NOT NULL,
  min_temp_celsius DOUBLE PRECISION,
  max_temp_celsius DOUBLE PRECISION,
  pressure DOUBLE PRECISION,
  humidity DOUBLE PRECISION NOT NULL,
  wind_speed DOUBLE PRECISION NOT NULL,
  time_of_record timestamp NOT NULL,
  sunrise_time timestamp,
  sunset_time timestamp
);, parameters: None
[2024-06-01T08:03:18.517+0000] {taskinstance.py:441} INFO - ::group::Post task execution logs
[2024-06-01T08:03:18.532+0000] {taskinstance.py:1206} INFO - Marking task as SUCCESS. dag_id=my_weather_workflow_DAG_v04, task_id=group_tasks.create_table_weather_postgresql, run_id=manual__2024-06-01T08:03:02.551642+00:00, execution_date=20240601T080302, start_date=20240601T080318, end_date=20240601T080318
[2024-06-01T08:03:18.576+0000] {local_task_job_runner.py:240} INFO - Task exited with return code 0
[2024-06-01T08:03:18.617+0000] {logging_mixin.py:188} WARNING - /home/***/.local/lib/python3.12/site-packages/***/models/baseoperator.py:1296 AirflowProviderDeprecationWarning: Call to deprecated class PostgresOperator. (Please use `***.providers.common.sql.operators.sql.SQLExecuteQueryOperator`.Also, you can provide `hook_params={'schema': <database>}`.)
[2024-06-01T08:03:18.638+0000] {taskinstance.py:3498} INFO - 1 downstream tasks scheduled from follow-on schedule check
[2024-06-01T08:03:18.641+0000] {local_task_job_runner.py:222} INFO - ::endgroup::
