[2024-06-01T16:26:52.454+0000] {local_task_job_runner.py:120} INFO - ::group::Pre task execution logs
[2024-06-01T16:26:52.486+0000] {taskinstance.py:2076} INFO - Dependencies all met for dep_context=non-requeueable deps ti=<TaskInstance: city_data_workflow_DAG_final.group_tasks.extract_weather_data_from_api manual__2024-06-01T16:19:32.823021+00:00 [queued]>
[2024-06-01T16:26:52.504+0000] {taskinstance.py:2076} INFO - Dependencies all met for dep_context=requeueable deps ti=<TaskInstance: city_data_workflow_DAG_final.group_tasks.extract_weather_data_from_api manual__2024-06-01T16:19:32.823021+00:00 [queued]>
[2024-06-01T16:26:52.507+0000] {taskinstance.py:2306} INFO - Starting attempt 3 of 8
[2024-06-01T16:26:52.531+0000] {taskinstance.py:2330} INFO - Executing <Task(PythonOperator): group_tasks.extract_weather_data_from_api> on 2024-06-01 16:19:32.823021+00:00
[2024-06-01T16:26:52.547+0000] {logging_mixin.py:188} WARNING - /home/***/.local/lib/python3.12/site-packages/***/task/task_runner/standard_task_runner.py:61 DeprecationWarning: This process (pid=3494) is multi-threaded, use of fork() may lead to deadlocks in the child.
[2024-06-01T16:26:52.545+0000] {standard_task_runner.py:90} INFO - Running: ['***', 'tasks', 'run', 'city_data_workflow_DAG_final', 'group_tasks.extract_weather_data_from_api', 'manual__2024-06-01T16:19:32.823021+00:00', '--job-id', '884', '--raw', '--subdir', 'DAGS_FOLDER/tasks_flow.py', '--cfg-path', '/tmp/tmp3hvn9_0l']
[2024-06-01T16:26:52.551+0000] {standard_task_runner.py:63} INFO - Started process 3498 to run task
[2024-06-01T16:26:52.551+0000] {standard_task_runner.py:91} INFO - Job 884: Subtask group_tasks.extract_weather_data_from_api
[2024-06-01T16:26:52.657+0000] {task_command.py:426} INFO - Running <TaskInstance: city_data_workflow_DAG_final.group_tasks.extract_weather_data_from_api manual__2024-06-01T16:19:32.823021+00:00 [running]> on host cd9caf1c47f0
[2024-06-01T16:26:52.823+0000] {taskinstance.py:2648} INFO - Exporting env vars: AIRFLOW_CTX_DAG_OWNER='Khang' AIRFLOW_CTX_DAG_ID='city_data_workflow_DAG_final' AIRFLOW_CTX_TASK_ID='group_tasks.extract_weather_data_from_api' AIRFLOW_CTX_EXECUTION_DATE='2024-06-01T16:19:32.823021+00:00' AIRFLOW_CTX_TRY_NUMBER='3' AIRFLOW_CTX_DAG_RUN_ID='manual__2024-06-01T16:19:32.823021+00:00'
[2024-06-01T16:26:52.824+0000] {taskinstance.py:430} INFO - ::endgroup::
[2024-06-01T16:26:52.840+0000] {baseoperator.py:399} WARNING - SimpleHttpOperator.execute cannot be called outside TaskInstance!
[2024-06-01T16:26:52.841+0000] {http.py:169} INFO - Calling HTTP method
[2024-06-01T16:26:52.857+0000] {base.py:84} INFO - Using connection ID 'weather_map_api_connection' for task execution.
[2024-06-01T16:26:52.869+0000] {base.py:84} INFO - Using connection ID 'weather_map_api_connection' for task execution.
[2024-06-01T16:26:53.856+0000] {http.py:208} INFO - {"coord":{"lon":105.8412,"lat":21.0245},"weather":[{"id":801,"main":"Clouds","description":"few clouds","icon":"02n"}],"base":"stations","main":{"temp":302.15,"feels_like":308.56,"temp_min":302.15,"temp_max":302.15,"pressure":1008,"humidity":83,"sea_level":1008,"grnd_level":1006},"visibility":10000,"wind":{"speed":3.51,"deg":135,"gust":7.33},"clouds":{"all":22},"dt":1717259102,"sys":{"type":1,"id":9308,"country":"VN","sunrise":1717193693,"sunset":1717241664},"timezone":25200,"id":1581130,"name":"Hanoi","cod":200}
[2024-06-01T16:26:53.882+0000] {python.py:237} INFO - Done. Returned value was: None
[2024-06-01T16:26:53.883+0000] {taskinstance.py:441} INFO - ::group::Post task execution logs
[2024-06-01T16:26:53.898+0000] {taskinstance.py:1206} INFO - Marking task as SUCCESS. dag_id=city_data_workflow_DAG_final, task_id=group_tasks.extract_weather_data_from_api, run_id=manual__2024-06-01T16:19:32.823021+00:00, execution_date=20240601T161932, start_date=20240601T162652, end_date=20240601T162653
[2024-06-01T16:26:53.933+0000] {local_task_job_runner.py:240} INFO - Task exited with return code 0
[2024-06-01T16:26:53.957+0000] {logging_mixin.py:188} WARNING - /home/***/.local/lib/python3.12/site-packages/***/models/baseoperator.py:1296 AirflowProviderDeprecationWarning: Call to deprecated class PostgresOperator. (Please use `***.providers.common.sql.operators.sql.SQLExecuteQueryOperator`.Also, you can provide `hook_params={'schema': <database>}`.)
[2024-06-01T16:26:53.986+0000] {taskinstance.py:3498} INFO - 1 downstream tasks scheduled from follow-on schedule check
[2024-06-01T16:26:53.990+0000] {local_task_job_runner.py:222} INFO - ::endgroup::
