[2024-06-01T16:19:44.936+0000] {local_task_job_runner.py:120} INFO - ::group::Pre task execution logs
[2024-06-01T16:19:44.961+0000] {taskinstance.py:2076} INFO - Dependencies all met for dep_context=non-requeueable deps ti=<TaskInstance: city_data_workflow_DAG_final.group_tasks.extract_weather_data_from_api manual__2024-06-01T16:19:32.823021+00:00 [queued]>
[2024-06-01T16:19:44.973+0000] {taskinstance.py:2076} INFO - Dependencies all met for dep_context=requeueable deps ti=<TaskInstance: city_data_workflow_DAG_final.group_tasks.extract_weather_data_from_api manual__2024-06-01T16:19:32.823021+00:00 [queued]>
[2024-06-01T16:19:44.975+0000] {taskinstance.py:2306} INFO - Starting attempt 1 of 6
[2024-06-01T16:19:44.995+0000] {taskinstance.py:2330} INFO - Executing <Task(PythonOperator): group_tasks.extract_weather_data_from_api> on 2024-06-01 16:19:32.823021+00:00
[2024-06-01T16:19:45.004+0000] {logging_mixin.py:188} WARNING - /home/***/.local/lib/python3.12/site-packages/***/task/task_runner/standard_task_runner.py:61 DeprecationWarning: This process (pid=3248) is multi-threaded, use of fork() may lead to deadlocks in the child.
[2024-06-01T16:19:45.006+0000] {standard_task_runner.py:63} INFO - Started process 3252 to run task
[2024-06-01T16:19:45.004+0000] {standard_task_runner.py:90} INFO - Running: ['***', 'tasks', 'run', 'city_data_workflow_DAG_final', 'group_tasks.extract_weather_data_from_api', 'manual__2024-06-01T16:19:32.823021+00:00', '--job-id', '862', '--raw', '--subdir', 'DAGS_FOLDER/tasks_flow.py', '--cfg-path', '/tmp/tmpkgv1hpjk']
[2024-06-01T16:19:45.008+0000] {standard_task_runner.py:91} INFO - Job 862: Subtask group_tasks.extract_weather_data_from_api
[2024-06-01T16:19:45.078+0000] {task_command.py:426} INFO - Running <TaskInstance: city_data_workflow_DAG_final.group_tasks.extract_weather_data_from_api manual__2024-06-01T16:19:32.823021+00:00 [running]> on host cd9caf1c47f0
[2024-06-01T16:19:45.250+0000] {taskinstance.py:2648} INFO - Exporting env vars: AIRFLOW_CTX_DAG_OWNER='Khang' AIRFLOW_CTX_DAG_ID='city_data_workflow_DAG_final' AIRFLOW_CTX_TASK_ID='group_tasks.extract_weather_data_from_api' AIRFLOW_CTX_EXECUTION_DATE='2024-06-01T16:19:32.823021+00:00' AIRFLOW_CTX_TRY_NUMBER='1' AIRFLOW_CTX_DAG_RUN_ID='manual__2024-06-01T16:19:32.823021+00:00'
[2024-06-01T16:19:45.252+0000] {taskinstance.py:430} INFO - ::endgroup::
[2024-06-01T16:19:45.272+0000] {baseoperator.py:399} WARNING - SimpleHttpOperator.execute cannot be called outside TaskInstance!
[2024-06-01T16:19:45.273+0000] {http.py:169} INFO - Calling HTTP method
[2024-06-01T16:19:45.289+0000] {base.py:84} INFO - Using connection ID 'weather_map_api_connection' for task execution.
[2024-06-01T16:19:45.312+0000] {base.py:84} INFO - Using connection ID 'weather_map_api_connection' for task execution.
[2024-06-01T16:19:45.492+0000] {http.py:208} INFO - {"coord":{"lon":106.6297,"lat":10.823},"weather":[{"id":802,"main":"Clouds","description":"scattered clouds","icon":"03n"}],"base":"stations","main":{"temp":301.16,"feels_like":307.65,"temp_min":301.16,"temp_max":302.09,"pressure":1012,"humidity":94},"visibility":8000,"wind":{"speed":0.51,"deg":0},"clouds":{"all":40},"dt":1717258783,"sys":{"type":1,"id":9314,"country":"VN","sunrise":1717194603,"sunset":1717240376},"timezone":25200,"id":1565593,"name":"Thong Tay Hoi","cod":200}
[2024-06-01T16:19:45.536+0000] {python.py:237} INFO - Done. Returned value was: None
[2024-06-01T16:19:45.536+0000] {taskinstance.py:441} INFO - ::group::Post task execution logs
[2024-06-01T16:19:45.561+0000] {taskinstance.py:1206} INFO - Marking task as SUCCESS. dag_id=city_data_workflow_DAG_final, task_id=group_tasks.extract_weather_data_from_api, run_id=manual__2024-06-01T16:19:32.823021+00:00, execution_date=20240601T161932, start_date=20240601T161944, end_date=20240601T161945
[2024-06-01T16:19:45.624+0000] {local_task_job_runner.py:240} INFO - Task exited with return code 0
[2024-06-01T16:19:45.669+0000] {logging_mixin.py:188} WARNING - /home/***/.local/lib/python3.12/site-packages/***/models/baseoperator.py:1296 AirflowProviderDeprecationWarning: Call to deprecated class PostgresOperator. (Please use `***.providers.common.sql.operators.sql.SQLExecuteQueryOperator`.Also, you can provide `hook_params={'schema': <database>}`.)
[2024-06-01T16:19:45.708+0000] {taskinstance.py:3498} INFO - 1 downstream tasks scheduled from follow-on schedule check
[2024-06-01T16:19:45.711+0000] {local_task_job_runner.py:222} INFO - ::endgroup::
