[2024-06-01T16:48:45.364+0000] {local_task_job_runner.py:120} INFO - ::group::Pre task execution logs
[2024-06-01T16:48:45.388+0000] {taskinstance.py:2076} INFO - Dependencies all met for dep_context=non-requeueable deps ti=<TaskInstance: city_data_workflow_DAG_final.group_tasks.is_weather_api_ready manual__2024-06-01T16:47:20.837201+00:00 [queued]>
[2024-06-01T16:48:45.397+0000] {taskinstance.py:2076} INFO - Dependencies all met for dep_context=requeueable deps ti=<TaskInstance: city_data_workflow_DAG_final.group_tasks.is_weather_api_ready manual__2024-06-01T16:47:20.837201+00:00 [queued]>
[2024-06-01T16:48:45.398+0000] {taskinstance.py:2306} INFO - Starting attempt 2 of 7
[2024-06-01T16:48:45.414+0000] {taskinstance.py:2330} INFO - Executing <Task(PythonOperator): group_tasks.is_weather_api_ready> on 2024-06-01 16:47:20.837201+00:00
[2024-06-01T16:48:45.423+0000] {logging_mixin.py:188} WARNING - /home/***/.local/lib/python3.12/site-packages/***/task/task_runner/standard_task_runner.py:61 DeprecationWarning: This process (pid=4135) is multi-threaded, use of fork() may lead to deadlocks in the child.
[2024-06-01T16:48:45.425+0000] {standard_task_runner.py:63} INFO - Started process 4140 to run task
[2024-06-01T16:48:45.423+0000] {standard_task_runner.py:90} INFO - Running: ['***', 'tasks', 'run', 'city_data_workflow_DAG_final', 'group_tasks.is_weather_api_ready', 'manual__2024-06-01T16:47:20.837201+00:00', '--job-id', '915', '--raw', '--subdir', 'DAGS_FOLDER/tasks_flow.py', '--cfg-path', '/tmp/tmpslcjjige']
[2024-06-01T16:48:45.427+0000] {standard_task_runner.py:91} INFO - Job 915: Subtask group_tasks.is_weather_api_ready
[2024-06-01T16:48:45.532+0000] {task_command.py:426} INFO - Running <TaskInstance: city_data_workflow_DAG_final.group_tasks.is_weather_api_ready manual__2024-06-01T16:47:20.837201+00:00 [running]> on host cd9caf1c47f0
[2024-06-01T16:48:45.684+0000] {taskinstance.py:2648} INFO - Exporting env vars: AIRFLOW_CTX_DAG_OWNER='Khang' AIRFLOW_CTX_DAG_ID='city_data_workflow_DAG_final' AIRFLOW_CTX_TASK_ID='group_tasks.is_weather_api_ready' AIRFLOW_CTX_EXECUTION_DATE='2024-06-01T16:47:20.837201+00:00' AIRFLOW_CTX_TRY_NUMBER='2' AIRFLOW_CTX_DAG_RUN_ID='manual__2024-06-01T16:47:20.837201+00:00'
[2024-06-01T16:48:45.686+0000] {taskinstance.py:430} INFO - ::endgroup::
[2024-06-01T16:48:45.702+0000] {http.py:137} INFO - Poking: /data/2.5/weather?lat=21.0245&lon=105.84117&appid=cb9774016f254a4cb1aa6516bf401afa
[2024-06-01T16:48:45.718+0000] {base.py:84} INFO - Using connection ID 'weather_map_api_connection' for task execution.
[2024-06-01T16:48:46.533+0000] {python.py:237} INFO - Done. Returned value was: None
[2024-06-01T16:48:46.533+0000] {taskinstance.py:441} INFO - ::group::Post task execution logs
[2024-06-01T16:48:46.551+0000] {taskinstance.py:1206} INFO - Marking task as SUCCESS. dag_id=city_data_workflow_DAG_final, task_id=group_tasks.is_weather_api_ready, run_id=manual__2024-06-01T16:47:20.837201+00:00, execution_date=20240601T164720, start_date=20240601T164845, end_date=20240601T164846
[2024-06-01T16:48:46.607+0000] {local_task_job_runner.py:240} INFO - Task exited with return code 0
[2024-06-01T16:48:46.635+0000] {logging_mixin.py:188} WARNING - /home/***/.local/lib/python3.12/site-packages/***/models/baseoperator.py:1296 AirflowProviderDeprecationWarning: Call to deprecated class PostgresOperator. (Please use `***.providers.common.sql.operators.sql.SQLExecuteQueryOperator`.Also, you can provide `hook_params={'schema': <database>}`.)
[2024-06-01T16:48:46.671+0000] {taskinstance.py:3498} INFO - 0 downstream tasks scheduled from follow-on schedule check
[2024-06-01T16:48:46.675+0000] {local_task_job_runner.py:222} INFO - ::endgroup::
