[2024-06-01T16:49:48.621+0000] {local_task_job_runner.py:120} INFO - ::group::Pre task execution logs
[2024-06-01T16:49:48.647+0000] {taskinstance.py:2076} INFO - Dependencies all met for dep_context=non-requeueable deps ti=<TaskInstance: city_data_workflow_DAG_final.group_tasks.is_weather_api_ready manual__2024-06-01T16:47:20.837201+00:00 [queued]>
[2024-06-01T16:49:48.658+0000] {taskinstance.py:2076} INFO - Dependencies all met for dep_context=requeueable deps ti=<TaskInstance: city_data_workflow_DAG_final.group_tasks.is_weather_api_ready manual__2024-06-01T16:47:20.837201+00:00 [queued]>
[2024-06-01T16:49:48.660+0000] {taskinstance.py:2306} INFO - Starting attempt 3 of 8
[2024-06-01T16:49:48.683+0000] {taskinstance.py:2330} INFO - Executing <Task(PythonOperator): group_tasks.is_weather_api_ready> on 2024-06-01 16:47:20.837201+00:00
[2024-06-01T16:49:48.698+0000] {logging_mixin.py:188} WARNING - /home/***/.local/lib/python3.12/site-packages/***/task/task_runner/standard_task_runner.py:61 DeprecationWarning: This process (pid=4184) is multi-threaded, use of fork() may lead to deadlocks in the child.
[2024-06-01T16:49:48.700+0000] {standard_task_runner.py:63} INFO - Started process 4188 to run task
[2024-06-01T16:49:48.698+0000] {standard_task_runner.py:90} INFO - Running: ['***', 'tasks', 'run', 'city_data_workflow_DAG_final', 'group_tasks.is_weather_api_ready', 'manual__2024-06-01T16:47:20.837201+00:00', '--job-id', '923', '--raw', '--subdir', 'DAGS_FOLDER/tasks_flow.py', '--cfg-path', '/tmp/tmp235g4q7g']
[2024-06-01T16:49:48.701+0000] {standard_task_runner.py:91} INFO - Job 923: Subtask group_tasks.is_weather_api_ready
[2024-06-01T16:49:48.785+0000] {task_command.py:426} INFO - Running <TaskInstance: city_data_workflow_DAG_final.group_tasks.is_weather_api_ready manual__2024-06-01T16:47:20.837201+00:00 [running]> on host cd9caf1c47f0
[2024-06-01T16:49:48.959+0000] {taskinstance.py:2648} INFO - Exporting env vars: AIRFLOW_CTX_DAG_OWNER='Khang' AIRFLOW_CTX_DAG_ID='city_data_workflow_DAG_final' AIRFLOW_CTX_TASK_ID='group_tasks.is_weather_api_ready' AIRFLOW_CTX_EXECUTION_DATE='2024-06-01T16:47:20.837201+00:00' AIRFLOW_CTX_TRY_NUMBER='3' AIRFLOW_CTX_DAG_RUN_ID='manual__2024-06-01T16:47:20.837201+00:00'
[2024-06-01T16:49:48.963+0000] {taskinstance.py:430} INFO - ::endgroup::
[2024-06-01T16:49:48.988+0000] {http.py:137} INFO - Poking: /data/2.5/weather?lat=10.82302&lon=106.62965&appid=cb9774016f254a4cb1aa6516bf401afa
[2024-06-01T16:49:49.009+0000] {base.py:84} INFO - Using connection ID 'weather_map_api_connection' for task execution.
[2024-06-01T16:49:50.040+0000] {python.py:237} INFO - Done. Returned value was: None
[2024-06-01T16:49:50.041+0000] {taskinstance.py:441} INFO - ::group::Post task execution logs
[2024-06-01T16:49:50.066+0000] {taskinstance.py:1206} INFO - Marking task as SUCCESS. dag_id=city_data_workflow_DAG_final, task_id=group_tasks.is_weather_api_ready, run_id=manual__2024-06-01T16:47:20.837201+00:00, execution_date=20240601T164720, start_date=20240601T164948, end_date=20240601T164950
[2024-06-01T16:49:50.120+0000] {local_task_job_runner.py:240} INFO - Task exited with return code 0
[2024-06-01T16:49:50.143+0000] {logging_mixin.py:188} WARNING - /home/***/.local/lib/python3.12/site-packages/***/models/baseoperator.py:1296 AirflowProviderDeprecationWarning: Call to deprecated class PostgresOperator. (Please use `***.providers.common.sql.operators.sql.SQLExecuteQueryOperator`.Also, you can provide `hook_params={'schema': <database>}`.)
[2024-06-01T16:49:50.169+0000] {taskinstance.py:3498} INFO - 1 downstream tasks scheduled from follow-on schedule check
[2024-06-01T16:49:50.173+0000] {local_task_job_runner.py:222} INFO - ::endgroup::
