[2024-05-31T04:01:34.979+0000] {local_task_job_runner.py:120} INFO - ::group::Pre task execution logs
[2024-05-31T04:01:35.001+0000] {taskinstance.py:2076} INFO - Dependencies all met for dep_context=non-requeueable deps ti=<TaskInstance: my_weather_workflow_DAG_v04.transform_data_city_api manual__2024-05-31T04:01:29.520053+00:00 [queued]>
[2024-05-31T04:01:35.010+0000] {taskinstance.py:2076} INFO - Dependencies all met for dep_context=requeueable deps ti=<TaskInstance: my_weather_workflow_DAG_v04.transform_data_city_api manual__2024-05-31T04:01:29.520053+00:00 [queued]>
[2024-05-31T04:01:35.011+0000] {taskinstance.py:2306} INFO - Starting attempt 1 of 6
[2024-05-31T04:01:35.027+0000] {taskinstance.py:2330} INFO - Executing <Task(PythonOperator): transform_data_city_api> on 2024-05-31 04:01:29.520053+00:00
[2024-05-31T04:01:35.035+0000] {standard_task_runner.py:90} INFO - Running: ['***', 'tasks', 'run', 'my_weather_workflow_DAG_v04', 'transform_data_city_api', 'manual__2024-05-31T04:01:29.520053+00:00', '--job-id', '175', '--raw', '--subdir', 'DAGS_FOLDER/weather_dag.py', '--cfg-path', '/tmp/tmpkvgasox3']
[2024-05-31T04:01:35.038+0000] {standard_task_runner.py:91} INFO - Job 175: Subtask transform_data_city_api
[2024-05-31T04:01:35.039+0000] {logging_mixin.py:188} WARNING - /home/***/.local/lib/python3.12/site-packages/***/task/task_runner/standard_task_runner.py:61 DeprecationWarning: This process (pid=1169) is multi-threaded, use of fork() may lead to deadlocks in the child.
[2024-05-31T04:01:35.041+0000] {standard_task_runner.py:63} INFO - Started process 1171 to run task
[2024-05-31T04:01:35.107+0000] {task_command.py:426} INFO - Running <TaskInstance: my_weather_workflow_DAG_v04.transform_data_city_api manual__2024-05-31T04:01:29.520053+00:00 [running]> on host cd9caf1c47f0
[2024-05-31T04:01:35.222+0000] {taskinstance.py:2648} INFO - Exporting env vars: AIRFLOW_CTX_DAG_OWNER='Khang' AIRFLOW_CTX_DAG_ID='my_weather_workflow_DAG_v04' AIRFLOW_CTX_TASK_ID='transform_data_city_api' AIRFLOW_CTX_EXECUTION_DATE='2024-05-31T04:01:29.520053+00:00' AIRFLOW_CTX_TRY_NUMBER='1' AIRFLOW_CTX_DAG_RUN_ID='manual__2024-05-31T04:01:29.520053+00:00'
[2024-05-31T04:01:35.225+0000] {taskinstance.py:430} INFO - ::endgroup::
[2024-05-31T04:01:35.253+0000] {taskinstance.py:441} INFO - ::group::Post task execution logs
[2024-05-31T04:01:35.255+0000] {taskinstance.py:2905} ERROR - Task failed with exception
Traceback (most recent call last):
  File "/home/airflow/.local/lib/python3.12/site-packages/airflow/models/taskinstance.py", line 465, in _execute_task
    result = _execute_callable(context=context, **execute_callable_kwargs)
             ^^^^^^^^^^^^^^^^^^^^^^^^^^^^^^^^^^^^^^^^^^^^^^^^^^^^^^^^^^^^^
  File "/home/airflow/.local/lib/python3.12/site-packages/airflow/models/taskinstance.py", line 432, in _execute_callable
    return execute_callable(context=context, **execute_callable_kwargs)
           ^^^^^^^^^^^^^^^^^^^^^^^^^^^^^^^^^^^^^^^^^^^^^^^^^^^^^^^^^^^^
  File "/home/airflow/.local/lib/python3.12/site-packages/airflow/models/baseoperator.py", line 400, in wrapper
    return func(self, *args, **kwargs)
           ^^^^^^^^^^^^^^^^^^^^^^^^^^^
  File "/home/airflow/.local/lib/python3.12/site-packages/airflow/operators/python.py", line 235, in execute
    return_value = self.execute_callable()
                   ^^^^^^^^^^^^^^^^^^^^^^^
  File "/home/airflow/.local/lib/python3.12/site-packages/airflow/operators/python.py", line 252, in execute_callable
    return self.python_callable(*self.op_args, **self.op_kwargs)
           ^^^^^^^^^^^^^^^^^^^^^^^^^^^^^^^^^^^^^^^^^^^^^^^^^^^^^
  File "/opt/airflow/dags/weather_dag.py", line 81, in transform_data_city
    data = res['data']
           ~~~^^^^^^^^
TypeError: 'NoneType' object is not subscriptable
[2024-05-31T04:01:35.275+0000] {taskinstance.py:1206} INFO - Marking task as UP_FOR_RETRY. dag_id=my_weather_workflow_DAG_v04, task_id=transform_data_city_api, run_id=manual__2024-05-31T04:01:29.520053+00:00, execution_date=20240531T040129, start_date=20240531T040135, end_date=20240531T040135
[2024-05-31T04:01:35.289+0000] {standard_task_runner.py:110} ERROR - Failed to execute job 175 for task transform_data_city_api ('NoneType' object is not subscriptable; 1171)
[2024-05-31T04:01:35.297+0000] {local_task_job_runner.py:240} INFO - Task exited with return code 1
[2024-05-31T04:01:35.325+0000] {taskinstance.py:3498} INFO - 0 downstream tasks scheduled from follow-on schedule check
[2024-05-31T04:01:35.331+0000] {local_task_job_runner.py:222} INFO - ::endgroup::
