[2024-06-01T15:25:23.218+0000] {local_task_job_runner.py:120} INFO - ::group::Pre task execution logs
[2024-06-01T15:25:23.248+0000] {taskinstance.py:2076} INFO - Dependencies all met for dep_context=non-requeueable deps ti=<TaskInstance: my_weather_workflow_DAG_v04.group_tasks.is_weather_api_ready manual__2024-06-01T14:44:02.662915+00:00 [queued]>
[2024-06-01T15:25:23.259+0000] {taskinstance.py:2076} INFO - Dependencies all met for dep_context=requeueable deps ti=<TaskInstance: my_weather_workflow_DAG_v04.group_tasks.is_weather_api_ready manual__2024-06-01T14:44:02.662915+00:00 [queued]>
[2024-06-01T15:25:23.260+0000] {taskinstance.py:2306} INFO - Starting attempt 6 of 11
[2024-06-01T15:25:23.280+0000] {taskinstance.py:2330} INFO - Executing <Task(PythonOperator): group_tasks.is_weather_api_ready> on 2024-06-01 14:44:02.662915+00:00
[2024-06-01T15:25:23.288+0000] {logging_mixin.py:188} WARNING - /home/***/.local/lib/python3.12/site-packages/***/task/task_runner/standard_task_runner.py:61 DeprecationWarning: This process (pid=1637) is multi-threaded, use of fork() may lead to deadlocks in the child.
[2024-06-01T15:25:23.290+0000] {standard_task_runner.py:63} INFO - Started process 1647 to run task
[2024-06-01T15:25:23.288+0000] {standard_task_runner.py:90} INFO - Running: ['***', 'tasks', 'run', 'my_weather_workflow_DAG_v04', 'group_tasks.is_weather_api_ready', 'manual__2024-06-01T14:44:02.662915+00:00', '--job-id', '786', '--raw', '--subdir', 'DAGS_FOLDER/tasks_flow.py', '--cfg-path', '/tmp/tmp0u45ert8']
[2024-06-01T15:25:23.291+0000] {standard_task_runner.py:91} INFO - Job 786: Subtask group_tasks.is_weather_api_ready
[2024-06-01T15:25:23.363+0000] {task_command.py:426} INFO - Running <TaskInstance: my_weather_workflow_DAG_v04.group_tasks.is_weather_api_ready manual__2024-06-01T14:44:02.662915+00:00 [running]> on host cd9caf1c47f0
[2024-06-01T15:25:23.502+0000] {taskinstance.py:2648} INFO - Exporting env vars: AIRFLOW_CTX_DAG_OWNER='Khang' AIRFLOW_CTX_DAG_ID='my_weather_workflow_DAG_v04' AIRFLOW_CTX_TASK_ID='group_tasks.is_weather_api_ready' AIRFLOW_CTX_EXECUTION_DATE='2024-06-01T14:44:02.662915+00:00' AIRFLOW_CTX_TRY_NUMBER='6' AIRFLOW_CTX_DAG_RUN_ID='manual__2024-06-01T14:44:02.662915+00:00'
[2024-06-01T15:25:23.504+0000] {taskinstance.py:430} INFO - ::endgroup::
[2024-06-01T15:25:23.521+0000] {http.py:137} INFO - Poking: /data/2.5/weather?lat=10.82302&lon=106.62965&appid=cb9774016f254a4cb1aa6516bf401afa
[2024-06-01T15:25:23.536+0000] {base.py:84} INFO - Using connection ID 'weather_map_api_connection' for task execution.
[2024-06-01T15:25:24.578+0000] {python.py:237} INFO - Done. Returned value was: None
[2024-06-01T15:25:24.579+0000] {taskinstance.py:441} INFO - ::group::Post task execution logs
[2024-06-01T15:25:24.596+0000] {taskinstance.py:1206} INFO - Marking task as SUCCESS. dag_id=my_weather_workflow_DAG_v04, task_id=group_tasks.is_weather_api_ready, run_id=manual__2024-06-01T14:44:02.662915+00:00, execution_date=20240601T144402, start_date=20240601T152523, end_date=20240601T152524
[2024-06-01T15:25:24.630+0000] {local_task_job_runner.py:240} INFO - Task exited with return code 0
[2024-06-01T15:25:24.647+0000] {logging_mixin.py:188} WARNING - /home/***/.local/lib/python3.12/site-packages/***/models/baseoperator.py:1296 AirflowProviderDeprecationWarning: Call to deprecated class PostgresOperator. (Please use `***.providers.common.sql.operators.sql.SQLExecuteQueryOperator`.Also, you can provide `hook_params={'schema': <database>}`.)
[2024-06-01T15:25:24.670+0000] {taskinstance.py:3498} INFO - 0 downstream tasks scheduled from follow-on schedule check
[2024-06-01T15:25:24.673+0000] {local_task_job_runner.py:222} INFO - ::endgroup::
