[2024-05-25T08:13:55.670+0000] {local_task_job_runner.py:120} INFO - ::group::Pre task execution logs
[2024-05-25T08:13:55.698+0000] {taskinstance.py:2076} INFO - Dependencies all met for dep_context=non-requeueable deps ti=<TaskInstance: my_weather_workflow_DAG_v03.extract_data_from_api manual__2024-05-25T08:13:51.839954+00:00 [queued]>
[2024-05-25T08:13:55.710+0000] {taskinstance.py:2076} INFO - Dependencies all met for dep_context=requeueable deps ti=<TaskInstance: my_weather_workflow_DAG_v03.extract_data_from_api manual__2024-05-25T08:13:51.839954+00:00 [queued]>
[2024-05-25T08:13:55.711+0000] {taskinstance.py:2306} INFO - Starting attempt 1 of 6
[2024-05-25T08:13:55.726+0000] {taskinstance.py:2330} INFO - Executing <Task(SimpleHttpOperator): extract_data_from_api> on 2024-05-25 08:13:51.839954+00:00
[2024-05-25T08:13:55.734+0000] {standard_task_runner.py:90} INFO - Running: ['***', 'tasks', 'run', 'my_weather_workflow_DAG_v03', 'extract_data_from_api', 'manual__2024-05-25T08:13:51.839954+00:00', '--job-id', '95', '--raw', '--subdir', 'DAGS_FOLDER/weather_dag.py', '--cfg-path', '/tmp/tmp220ij1y4']
[2024-05-25T08:13:55.737+0000] {standard_task_runner.py:91} INFO - Job 95: Subtask extract_data_from_api
[2024-05-25T08:13:55.737+0000] {logging_mixin.py:188} WARNING - /home/***/.local/lib/python3.12/site-packages/***/task/task_runner/standard_task_runner.py:61 DeprecationWarning: This process (pid=4598) is multi-threaded, use of fork() may lead to deadlocks in the child.
[2024-05-25T08:13:55.738+0000] {standard_task_runner.py:63} INFO - Started process 4600 to run task
[2024-05-25T08:13:55.804+0000] {task_command.py:426} INFO - Running <TaskInstance: my_weather_workflow_DAG_v03.extract_data_from_api manual__2024-05-25T08:13:51.839954+00:00 [running]> on host 6ab40057742d
[2024-05-25T08:13:56.061+0000] {taskinstance.py:2648} INFO - Exporting env vars: AIRFLOW_CTX_DAG_OWNER='Khang' AIRFLOW_CTX_DAG_ID='my_weather_workflow_DAG_v03' AIRFLOW_CTX_TASK_ID='extract_data_from_api' AIRFLOW_CTX_EXECUTION_DATE='2024-05-25T08:13:51.839954+00:00' AIRFLOW_CTX_TRY_NUMBER='1' AIRFLOW_CTX_DAG_RUN_ID='manual__2024-05-25T08:13:51.839954+00:00'
[2024-05-25T08:13:56.062+0000] {taskinstance.py:430} INFO - ::endgroup::
[2024-05-25T08:13:56.078+0000] {http.py:169} INFO - Calling HTTP method
[2024-05-25T08:13:56.095+0000] {base.py:84} INFO - Using connection ID 'weather_map_api_connection' for task execution.
[2024-05-25T08:13:56.110+0000] {base.py:84} INFO - Using connection ID 'weather_map_api_connection' for task execution.
[2024-05-25T08:13:56.321+0000] {http.py:208} INFO - {"coord":{"lon":106.6602,"lat":10.7626},"weather":[{"id":802,"main":"Clouds","description":"scattered clouds","icon":"03d"}],"base":"stations","main":{"temp":308.18,"feels_like":315.18,"temp_min":308.14,"temp_max":308.18,"pressure":1005,"humidity":61},"visibility":10000,"wind":{"speed":5.14,"deg":180},"clouds":{"all":40},"dt":1716624833,"sys":{"type":2,"id":2093009,"country":"VN","sunrise":1716589807,"sunset":1716635449},"timezone":25200,"id":1566083,"name":"Ho Chi Minh City","cod":200}
[2024-05-25T08:13:56.324+0000] {taskinstance.py:441} INFO - ::group::Post task execution logs
[2024-05-25T08:13:56.386+0000] {taskinstance.py:1206} INFO - Marking task as SUCCESS. dag_id=my_weather_workflow_DAG_v03, task_id=extract_data_from_api, run_id=manual__2024-05-25T08:13:51.839954+00:00, execution_date=20240525T081351, start_date=20240525T081355, end_date=20240525T081356
[2024-05-25T08:13:56.436+0000] {local_task_job_runner.py:240} INFO - Task exited with return code 0
[2024-05-25T08:13:56.459+0000] {logging_mixin.py:188} WARNING - /home/***/.local/lib/python3.12/site-packages/***/models/baseoperator.py:1296 AirflowProviderDeprecationWarning: Call to deprecated class SimpleHttpOperator. (Class `SimpleHttpOperator` is deprecated and will be removed in a future release. Please use `HttpOperator` instead.)
[2024-05-25T08:13:56.478+0000] {taskinstance.py:3498} INFO - 1 downstream tasks scheduled from follow-on schedule check
[2024-05-25T08:13:56.482+0000] {local_task_job_runner.py:222} INFO - ::endgroup::
