[2024-06-01T16:42:13.882+0000] {local_task_job_runner.py:120} INFO - ::group::Pre task execution logs
[2024-06-01T16:42:13.904+0000] {taskinstance.py:2076} INFO - Dependencies all met for dep_context=non-requeueable deps ti=<TaskInstance: city_data_workflow_DAG_final.up_load_data_joined_to_s3 manual__2024-06-01T16:19:32.823021+00:00 [queued]>
[2024-06-01T16:42:13.912+0000] {taskinstance.py:2076} INFO - Dependencies all met for dep_context=requeueable deps ti=<TaskInstance: city_data_workflow_DAG_final.up_load_data_joined_to_s3 manual__2024-06-01T16:19:32.823021+00:00 [queued]>
[2024-06-01T16:42:13.913+0000] {taskinstance.py:2306} INFO - Starting attempt 5 of 7
[2024-06-01T16:42:13.926+0000] {taskinstance.py:2330} INFO - Executing <Task(PythonOperator): up_load_data_joined_to_s3> on 2024-06-01 16:19:32.823021+00:00
[2024-06-01T16:42:13.933+0000] {logging_mixin.py:188} WARNING - /home/***/.local/lib/python3.12/site-packages/***/task/task_runner/standard_task_runner.py:61 DeprecationWarning: This process (pid=3904) is multi-threaded, use of fork() may lead to deadlocks in the child.
[2024-06-01T16:42:13.934+0000] {standard_task_runner.py:63} INFO - Started process 3906 to run task
[2024-06-01T16:42:13.933+0000] {standard_task_runner.py:90} INFO - Running: ['***', 'tasks', 'run', 'city_data_workflow_DAG_final', 'up_load_data_joined_to_s3', 'manual__2024-06-01T16:19:32.823021+00:00', '--job-id', '894', '--raw', '--subdir', 'DAGS_FOLDER/tasks_flow.py', '--cfg-path', '/tmp/tmp35es7g1h']
[2024-06-01T16:42:13.935+0000] {standard_task_runner.py:91} INFO - Job 894: Subtask up_load_data_joined_to_s3
[2024-06-01T16:42:13.992+0000] {task_command.py:426} INFO - Running <TaskInstance: city_data_workflow_DAG_final.up_load_data_joined_to_s3 manual__2024-06-01T16:19:32.823021+00:00 [running]> on host cd9caf1c47f0
[2024-06-01T16:42:14.079+0000] {taskinstance.py:2648} INFO - Exporting env vars: AIRFLOW_CTX_DAG_OWNER='Khang' AIRFLOW_CTX_DAG_ID='city_data_workflow_DAG_final' AIRFLOW_CTX_TASK_ID='up_load_data_joined_to_s3' AIRFLOW_CTX_EXECUTION_DATE='2024-06-01T16:19:32.823021+00:00' AIRFLOW_CTX_TRY_NUMBER='5' AIRFLOW_CTX_DAG_RUN_ID='manual__2024-06-01T16:19:32.823021+00:00'
[2024-06-01T16:42:14.081+0000] {taskinstance.py:430} INFO - ::endgroup::
[2024-06-01T16:42:14.117+0000] {base.py:84} INFO - Using connection ID 'weather_map_s3_connection' for task execution.
[2024-06-01T16:42:14.118+0000] {connection_wrapper.py:384} INFO - AWS Connection (conn_id='weather_map_s3_connection', conn_type='aws') credentials retrieved from login and password.
[2024-06-01T16:42:15.674+0000] {taskinstance.py:441} INFO - ::group::Post task execution logs
[2024-06-01T16:42:15.675+0000] {taskinstance.py:2905} ERROR - Task failed with exception
Traceback (most recent call last):
  File "/home/airflow/.local/lib/python3.12/site-packages/airflow/models/taskinstance.py", line 465, in _execute_task
    result = _execute_callable(context=context, **execute_callable_kwargs)
             ^^^^^^^^^^^^^^^^^^^^^^^^^^^^^^^^^^^^^^^^^^^^^^^^^^^^^^^^^^^^^
  File "/home/airflow/.local/lib/python3.12/site-packages/airflow/models/taskinstance.py", line 432, in _execute_callable
    return execute_callable(context=context, **execute_callable_kwargs)
           ^^^^^^^^^^^^^^^^^^^^^^^^^^^^^^^^^^^^^^^^^^^^^^^^^^^^^^^^^^^^
  File "/home/airflow/.local/lib/python3.12/site-packages/airflow/models/baseoperator.py", line 400, in wrapper
    return func(self, *args, **kwargs)
           ^^^^^^^^^^^^^^^^^^^^^^^^^^^
  File "/home/airflow/.local/lib/python3.12/site-packages/airflow/operators/python.py", line 235, in execute
    return_value = self.execute_callable()
                   ^^^^^^^^^^^^^^^^^^^^^^^
  File "/home/airflow/.local/lib/python3.12/site-packages/airflow/operators/python.py", line 252, in execute_callable
    return self.python_callable(*self.op_args, **self.op_kwargs)
           ^^^^^^^^^^^^^^^^^^^^^^^^^^^^^^^^^^^^^^^^^^^^^^^^^^^^^
  File "/opt/airflow/dags/tasks_flow.py", line 74, in up_load_data_joined_to_s3
    hook.load_file(filename=f'/opt/airflow/data-transformed/{file_name}', key=file_name, bucket_name='data-about-city')
  File "/home/airflow/.local/lib/python3.12/site-packages/airflow/providers/amazon/aws/hooks/s3.py", line 135, in wrapper
    return func(*bound_args.args, **bound_args.kwargs)
           ^^^^^^^^^^^^^^^^^^^^^^^^^^^^^^^^^^^^^^^^^^^
  File "/home/airflow/.local/lib/python3.12/site-packages/airflow/providers/amazon/aws/hooks/s3.py", line 89, in wrapper
    return func(*bound_args.args, **bound_args.kwargs)
           ^^^^^^^^^^^^^^^^^^^^^^^^^^^^^^^^^^^^^^^^^^^
  File "/home/airflow/.local/lib/python3.12/site-packages/airflow/providers/amazon/aws/hooks/s3.py", line 1083, in load_file
    raise ValueError(f"The key {key} already exists.")
ValueError: The key joined_data_01-06-2024.csv already exists.
[2024-06-01T16:42:15.690+0000] {taskinstance.py:1206} INFO - Marking task as UP_FOR_RETRY. dag_id=city_data_workflow_DAG_final, task_id=up_load_data_joined_to_s3, run_id=manual__2024-06-01T16:19:32.823021+00:00, execution_date=20240601T161932, start_date=20240601T164213, end_date=20240601T164215
[2024-06-01T16:42:15.711+0000] {standard_task_runner.py:110} ERROR - Failed to execute job 894 for task up_load_data_joined_to_s3 (The key joined_data_01-06-2024.csv already exists.; 3906)
[2024-06-01T16:42:15.759+0000] {local_task_job_runner.py:240} INFO - Task exited with return code 1
[2024-06-01T16:42:15.806+0000] {taskinstance.py:3498} INFO - 0 downstream tasks scheduled from follow-on schedule check
[2024-06-01T16:42:15.810+0000] {local_task_job_runner.py:222} INFO - ::endgroup::
