[2024-06-01T08:03:20.282+0000] {local_task_job_runner.py:120} INFO - ::group::Pre task execution logs
[2024-06-01T08:03:20.312+0000] {taskinstance.py:2076} INFO - Dependencies all met for dep_context=non-requeueable deps ti=<TaskInstance: my_weather_workflow_DAG_v04.group_tasks.check_data_is_exist manual__2024-06-01T08:03:02.551642+00:00 [queued]>
[2024-06-01T08:03:20.323+0000] {taskinstance.py:2076} INFO - Dependencies all met for dep_context=requeueable deps ti=<TaskInstance: my_weather_workflow_DAG_v04.group_tasks.check_data_is_exist manual__2024-06-01T08:03:02.551642+00:00 [queued]>
[2024-06-01T08:03:20.324+0000] {taskinstance.py:2306} INFO - Starting attempt 1 of 6
[2024-06-01T08:03:20.338+0000] {taskinstance.py:2330} INFO - Executing <Task(BranchPythonOperator): group_tasks.check_data_is_exist> on 2024-06-01 08:03:02.551642+00:00
[2024-06-01T08:03:20.345+0000] {logging_mixin.py:188} WARNING - /home/***/.local/lib/python3.12/site-packages/***/task/task_runner/standard_task_runner.py:61 DeprecationWarning: This process (pid=8592) is multi-threaded, use of fork() may lead to deadlocks in the child.
[2024-06-01T08:03:20.347+0000] {standard_task_runner.py:63} INFO - Started process 8594 to run task
[2024-06-01T08:03:20.346+0000] {standard_task_runner.py:90} INFO - Running: ['***', 'tasks', 'run', 'my_weather_workflow_DAG_v04', 'group_tasks.check_data_is_exist', 'manual__2024-06-01T08:03:02.551642+00:00', '--job-id', '637', '--raw', '--subdir', 'DAGS_FOLDER/tasks_flow.py', '--cfg-path', '/tmp/tmph8ichyje']
[2024-06-01T08:03:20.348+0000] {standard_task_runner.py:91} INFO - Job 637: Subtask group_tasks.check_data_is_exist
[2024-06-01T08:03:20.419+0000] {task_command.py:426} INFO - Running <TaskInstance: my_weather_workflow_DAG_v04.group_tasks.check_data_is_exist manual__2024-06-01T08:03:02.551642+00:00 [running]> on host cd9caf1c47f0
[2024-06-01T08:03:20.528+0000] {taskinstance.py:2648} INFO - Exporting env vars: AIRFLOW_CTX_DAG_OWNER='Khang' AIRFLOW_CTX_DAG_ID='my_weather_workflow_DAG_v04' AIRFLOW_CTX_TASK_ID='group_tasks.check_data_is_exist' AIRFLOW_CTX_EXECUTION_DATE='2024-06-01T08:03:02.551642+00:00' AIRFLOW_CTX_TRY_NUMBER='1' AIRFLOW_CTX_DAG_RUN_ID='manual__2024-06-01T08:03:02.551642+00:00'
[2024-06-01T08:03:20.530+0000] {taskinstance.py:430} INFO - ::endgroup::
[2024-06-01T08:03:20.543+0000] {baseoperator.py:399} WARNING - BranchPythonOperator.execute cannot be called outside TaskInstance!
[2024-06-01T08:03:20.576+0000] {base.py:84} INFO - Using connection ID 'postgres_connection_id' for task execution.
[2024-06-01T08:03:20.584+0000] {sql.py:470} INFO - Running statement: SELECT COUNT(*) FROM weathers WHERE fk_city = 'Q36167';, parameters: None
[2024-06-01T08:03:20.587+0000] {sql.py:479} INFO - Rows affected: 1
[2024-06-01T08:03:20.588+0000] {python.py:237} INFO - Done. Returned value was: group_tasks.load_csv_to_postgres
[2024-06-01T08:03:20.595+0000] {branch.py:36} INFO - Branch into group_tasks.load_csv_to_postgres
[2024-06-01T08:03:20.597+0000] {skipmixin.py:178} INFO - Following branch group_tasks.load_csv_to_postgres
[2024-06-01T08:03:20.624+0000] {skipmixin.py:246} INFO - Skipping tasks [('group_tasks.skip_insert_data', -1)]
[2024-06-01T08:03:20.665+0000] {taskinstance.py:441} INFO - ::group::Post task execution logs
[2024-06-01T08:03:20.698+0000] {taskinstance.py:1206} INFO - Marking task as SUCCESS. dag_id=my_weather_workflow_DAG_v04, task_id=group_tasks.check_data_is_exist, run_id=manual__2024-06-01T08:03:02.551642+00:00, execution_date=20240601T080302, start_date=20240601T080320, end_date=20240601T080320
[2024-06-01T08:03:20.722+0000] {local_task_job_runner.py:240} INFO - Task exited with return code 0
[2024-06-01T08:03:20.764+0000] {taskinstance.py:3498} INFO - 1 downstream tasks scheduled from follow-on schedule check
[2024-06-01T08:03:20.770+0000] {local_task_job_runner.py:222} INFO - ::endgroup::
