[2024-06-03T11:35:20.808+0000] {local_task_job_runner.py:120} INFO - ::group::Pre task execution logs
[2024-06-03T11:35:20.828+0000] {taskinstance.py:2076} INFO - Dependencies all met for dep_context=non-requeueable deps ti=<TaskInstance: city_data_workflow_DAG_final.up_load_data_joined_to_s3 manual__2024-06-03T11:05:27.638846+00:00 [queued]>
[2024-06-03T11:35:20.837+0000] {taskinstance.py:2076} INFO - Dependencies all met for dep_context=requeueable deps ti=<TaskInstance: city_data_workflow_DAG_final.up_load_data_joined_to_s3 manual__2024-06-03T11:05:27.638846+00:00 [queued]>
[2024-06-03T11:35:20.838+0000] {taskinstance.py:2306} INFO - Starting attempt 3 of 8
[2024-06-03T11:35:20.852+0000] {taskinstance.py:2330} INFO - Executing <Task(PythonOperator): up_load_data_joined_to_s3> on 2024-06-03 11:05:27.638846+00:00
[2024-06-03T11:35:20.860+0000] {logging_mixin.py:188} WARNING - /home/***/.local/lib/python3.12/site-packages/***/task/task_runner/standard_task_runner.py:61 DeprecationWarning: This process (pid=1796) is multi-threaded, use of fork() may lead to deadlocks in the child.
[2024-06-03T11:35:20.860+0000] {standard_task_runner.py:90} INFO - Running: ['***', 'tasks', 'run', 'city_data_workflow_DAG_final', 'up_load_data_joined_to_s3', 'manual__2024-06-03T11:05:27.638846+00:00', '--job-id', '1099', '--raw', '--subdir', 'DAGS_FOLDER/tasks_flow.py', '--cfg-path', '/tmp/tmpkfehouwk']
[2024-06-03T11:35:20.862+0000] {standard_task_runner.py:63} INFO - Started process 1798 to run task
[2024-06-03T11:35:20.862+0000] {standard_task_runner.py:91} INFO - Job 1099: Subtask up_load_data_joined_to_s3
[2024-06-03T11:35:20.936+0000] {task_command.py:426} INFO - Running <TaskInstance: city_data_workflow_DAG_final.up_load_data_joined_to_s3 manual__2024-06-03T11:05:27.638846+00:00 [running]> on host cd9caf1c47f0
[2024-06-03T11:35:21.040+0000] {taskinstance.py:2648} INFO - Exporting env vars: AIRFLOW_CTX_DAG_OWNER='Khang' AIRFLOW_CTX_DAG_ID='city_data_workflow_DAG_final' AIRFLOW_CTX_TASK_ID='up_load_data_joined_to_s3' AIRFLOW_CTX_EXECUTION_DATE='2024-06-03T11:05:27.638846+00:00' AIRFLOW_CTX_TRY_NUMBER='3' AIRFLOW_CTX_DAG_RUN_ID='manual__2024-06-03T11:05:27.638846+00:00'
[2024-06-03T11:35:21.042+0000] {taskinstance.py:430} INFO - ::endgroup::
[2024-06-03T11:35:21.085+0000] {base.py:84} INFO - Using connection ID 'weather_map_s3_connection' for task execution.
[2024-06-03T11:35:21.086+0000] {connection_wrapper.py:384} INFO - AWS Connection (conn_id='weather_map_s3_connection', conn_type='aws') credentials retrieved from login and password.
[2024-06-03T11:35:23.196+0000] {python.py:237} INFO - Done. Returned value was: None
[2024-06-03T11:35:23.198+0000] {taskinstance.py:441} INFO - ::group::Post task execution logs
[2024-06-03T11:35:23.227+0000] {taskinstance.py:1206} INFO - Marking task as SUCCESS. dag_id=city_data_workflow_DAG_final, task_id=up_load_data_joined_to_s3, run_id=manual__2024-06-03T11:05:27.638846+00:00, execution_date=20240603T110527, start_date=20240603T113520, end_date=20240603T113523
[2024-06-03T11:35:23.288+0000] {local_task_job_runner.py:240} INFO - Task exited with return code 0
[2024-06-03T11:35:23.308+0000] {logging_mixin.py:188} WARNING - /home/***/.local/lib/python3.12/site-packages/***/models/baseoperator.py:1296 AirflowProviderDeprecationWarning: Call to deprecated class PostgresOperator. (Please use `***.providers.common.sql.operators.sql.SQLExecuteQueryOperator`.Also, you can provide `hook_params={'schema': <database>}`.)
[2024-06-03T11:35:23.336+0000] {taskinstance.py:3498} INFO - 1 downstream tasks scheduled from follow-on schedule check
[2024-06-03T11:35:23.340+0000] {local_task_job_runner.py:222} INFO - ::endgroup::
