[2024-06-03T09:27:12.303+0000] {local_task_job_runner.py:120} INFO - ::group::Pre task execution logs
[2024-06-03T09:27:12.324+0000] {taskinstance.py:2076} INFO - Dependencies all met for dep_context=non-requeueable deps ti=<TaskInstance: city_data_workflow_DAG_final.group_tasks.extract_weather_data_from_api scheduled__2024-06-02T00:00:00+00:00 [queued]>
[2024-06-03T09:27:12.334+0000] {taskinstance.py:2076} INFO - Dependencies all met for dep_context=requeueable deps ti=<TaskInstance: city_data_workflow_DAG_final.group_tasks.extract_weather_data_from_api scheduled__2024-06-02T00:00:00+00:00 [queued]>
[2024-06-03T09:27:12.335+0000] {taskinstance.py:2306} INFO - Starting attempt 2 of 7
[2024-06-03T09:27:12.351+0000] {taskinstance.py:2330} INFO - Executing <Task(PythonOperator): group_tasks.extract_weather_data_from_api> on 2024-06-02 00:00:00+00:00
[2024-06-03T09:27:12.360+0000] {standard_task_runner.py:90} INFO - Running: ['***', 'tasks', 'run', 'city_data_workflow_DAG_final', 'group_tasks.extract_weather_data_from_api', 'scheduled__2024-06-02T00:00:00+00:00', '--job-id', '960', '--raw', '--subdir', 'DAGS_FOLDER/tasks_flow.py', '--cfg-path', '/tmp/tmp_tqgtver']
[2024-06-03T09:27:12.363+0000] {standard_task_runner.py:91} INFO - Job 960: Subtask group_tasks.extract_weather_data_from_api
[2024-06-03T09:27:12.364+0000] {logging_mixin.py:188} WARNING - /home/***/.local/lib/python3.12/site-packages/***/task/task_runner/standard_task_runner.py:61 DeprecationWarning: This process (pid=1753) is multi-threaded, use of fork() may lead to deadlocks in the child.
[2024-06-03T09:27:12.364+0000] {standard_task_runner.py:63} INFO - Started process 1758 to run task
[2024-06-03T09:27:12.430+0000] {task_command.py:426} INFO - Running <TaskInstance: city_data_workflow_DAG_final.group_tasks.extract_weather_data_from_api scheduled__2024-06-02T00:00:00+00:00 [running]> on host cd9caf1c47f0
[2024-06-03T09:27:12.587+0000] {taskinstance.py:2648} INFO - Exporting env vars: AIRFLOW_CTX_DAG_OWNER='Khang' AIRFLOW_CTX_DAG_ID='city_data_workflow_DAG_final' AIRFLOW_CTX_TASK_ID='group_tasks.extract_weather_data_from_api' AIRFLOW_CTX_EXECUTION_DATE='2024-06-02T00:00:00+00:00' AIRFLOW_CTX_TRY_NUMBER='2' AIRFLOW_CTX_DAG_RUN_ID='scheduled__2024-06-02T00:00:00+00:00'
[2024-06-03T09:27:12.588+0000] {taskinstance.py:430} INFO - ::endgroup::
[2024-06-03T09:27:12.605+0000] {baseoperator.py:399} WARNING - SimpleHttpOperator.execute cannot be called outside TaskInstance!
[2024-06-03T09:27:12.606+0000] {http.py:169} INFO - Calling HTTP method
[2024-06-03T09:27:12.621+0000] {base.py:84} INFO - Using connection ID 'weather_map_api_connection' for task execution.
[2024-06-03T09:27:12.633+0000] {base.py:84} INFO - Using connection ID 'weather_map_api_connection' for task execution.
[2024-06-03T09:27:12.832+0000] {http.py:208} INFO - {"coord":{"lon":106.6296,"lat":10.823},"weather":[{"id":802,"main":"Clouds","description":"scattered clouds","icon":"03d"}],"base":"stations","main":{"temp":309.16,"feels_like":314.59,"temp_min":308.76,"temp_max":309.16,"pressure":1007,"humidity":46},"visibility":10000,"wind":{"speed":3.6,"deg":330},"clouds":{"all":40},"dt":1717406213,"sys":{"type":1,"id":9314,"country":"VN","sunrise":1717367407,"sunset":1717413209},"timezone":25200,"id":1565593,"name":"Thong Tay Hoi","cod":200}
[2024-06-03T09:27:12.860+0000] {python.py:237} INFO - Done. Returned value was: None
[2024-06-03T09:27:12.861+0000] {taskinstance.py:441} INFO - ::group::Post task execution logs
[2024-06-03T09:27:12.875+0000] {taskinstance.py:1206} INFO - Marking task as SUCCESS. dag_id=city_data_workflow_DAG_final, task_id=group_tasks.extract_weather_data_from_api, run_id=scheduled__2024-06-02T00:00:00+00:00, execution_date=20240602T000000, start_date=20240603T092712, end_date=20240603T092712
[2024-06-03T09:27:12.901+0000] {local_task_job_runner.py:240} INFO - Task exited with return code 0
[2024-06-03T09:27:12.917+0000] {logging_mixin.py:188} WARNING - /home/***/.local/lib/python3.12/site-packages/***/models/baseoperator.py:1296 AirflowProviderDeprecationWarning: Call to deprecated class PostgresOperator. (Please use `***.providers.common.sql.operators.sql.SQLExecuteQueryOperator`.Also, you can provide `hook_params={'schema': <database>}`.)
[2024-06-03T09:27:12.936+0000] {taskinstance.py:3498} INFO - 1 downstream tasks scheduled from follow-on schedule check
[2024-06-03T09:27:12.941+0000] {local_task_job_runner.py:222} INFO - ::endgroup::
