[2024-06-03T08:25:29.122+0000] {local_task_job_runner.py:120} INFO - ::group::Pre task execution logs
[2024-06-03T08:25:29.140+0000] {taskinstance.py:2076} INFO - Dependencies all met for dep_context=non-requeueable deps ti=<TaskInstance: city_data_workflow_DAG_final.group_tasks.extract_weather_data_from_api scheduled__2024-06-02T00:00:00+00:00 [queued]>
[2024-06-03T08:25:29.148+0000] {taskinstance.py:2076} INFO - Dependencies all met for dep_context=requeueable deps ti=<TaskInstance: city_data_workflow_DAG_final.group_tasks.extract_weather_data_from_api scheduled__2024-06-02T00:00:00+00:00 [queued]>
[2024-06-03T08:25:29.149+0000] {taskinstance.py:2306} INFO - Starting attempt 1 of 6
[2024-06-03T08:25:29.163+0000] {taskinstance.py:2330} INFO - Executing <Task(PythonOperator): group_tasks.extract_weather_data_from_api> on 2024-06-02 00:00:00+00:00
[2024-06-03T08:25:29.173+0000] {standard_task_runner.py:90} INFO - Running: ['***', 'tasks', 'run', 'city_data_workflow_DAG_final', 'group_tasks.extract_weather_data_from_api', 'scheduled__2024-06-02T00:00:00+00:00', '--job-id', '952', '--raw', '--subdir', 'DAGS_FOLDER/tasks_flow.py', '--cfg-path', '/tmp/tmpqudveg18']
[2024-06-03T08:25:29.177+0000] {standard_task_runner.py:91} INFO - Job 952: Subtask group_tasks.extract_weather_data_from_api
[2024-06-03T08:25:29.179+0000] {logging_mixin.py:188} WARNING - /home/***/.local/lib/python3.12/site-packages/***/task/task_runner/standard_task_runner.py:61 DeprecationWarning: This process (pid=191) is multi-threaded, use of fork() may lead to deadlocks in the child.
[2024-06-03T08:25:29.181+0000] {standard_task_runner.py:63} INFO - Started process 196 to run task
[2024-06-03T08:25:29.274+0000] {task_command.py:426} INFO - Running <TaskInstance: city_data_workflow_DAG_final.group_tasks.extract_weather_data_from_api scheduled__2024-06-02T00:00:00+00:00 [running]> on host cd9caf1c47f0
[2024-06-03T08:25:29.467+0000] {taskinstance.py:2648} INFO - Exporting env vars: AIRFLOW_CTX_DAG_OWNER='Khang' AIRFLOW_CTX_DAG_ID='city_data_workflow_DAG_final' AIRFLOW_CTX_TASK_ID='group_tasks.extract_weather_data_from_api' AIRFLOW_CTX_EXECUTION_DATE='2024-06-02T00:00:00+00:00' AIRFLOW_CTX_TRY_NUMBER='1' AIRFLOW_CTX_DAG_RUN_ID='scheduled__2024-06-02T00:00:00+00:00'
[2024-06-03T08:25:29.469+0000] {taskinstance.py:430} INFO - ::endgroup::
[2024-06-03T08:25:29.497+0000] {baseoperator.py:399} WARNING - SimpleHttpOperator.execute cannot be called outside TaskInstance!
[2024-06-03T08:25:29.498+0000] {http.py:169} INFO - Calling HTTP method
[2024-06-03T08:25:29.514+0000] {base.py:84} INFO - Using connection ID 'weather_map_api_connection' for task execution.
[2024-06-03T08:25:29.528+0000] {base.py:84} INFO - Using connection ID 'weather_map_api_connection' for task execution.
[2024-06-03T08:25:29.737+0000] {http.py:208} INFO - {"coord":{"lon":106.6257,"lat":10.822},"weather":[{"id":802,"main":"Clouds","description":"scattered clouds","icon":"03d"}],"base":"stations","main":{"temp":308.18,"feels_like":312.4,"temp_min":308.18,"temp_max":308.77,"pressure":1007,"humidity":46},"visibility":10000,"wind":{"speed":5.36,"deg":342,"gust":6.71},"clouds":{"all":40},"dt":1717403062,"sys":{"type":1,"id":9314,"country":"VN","sunrise":1717367408,"sunset":1717413210},"timezone":25200,"id":1565593,"name":"Thong Tay Hoi","cod":200}
[2024-06-03T08:25:29.755+0000] {python.py:237} INFO - Done. Returned value was: None
[2024-06-03T08:25:29.756+0000] {taskinstance.py:441} INFO - ::group::Post task execution logs
[2024-06-03T08:25:29.769+0000] {taskinstance.py:1206} INFO - Marking task as SUCCESS. dag_id=city_data_workflow_DAG_final, task_id=group_tasks.extract_weather_data_from_api, run_id=scheduled__2024-06-02T00:00:00+00:00, execution_date=20240602T000000, start_date=20240603T082529, end_date=20240603T082529
[2024-06-03T08:25:29.798+0000] {local_task_job_runner.py:240} INFO - Task exited with return code 0
[2024-06-03T08:25:29.814+0000] {logging_mixin.py:188} WARNING - /home/***/.local/lib/python3.12/site-packages/***/models/baseoperator.py:1296 AirflowProviderDeprecationWarning: Call to deprecated class PostgresOperator. (Please use `***.providers.common.sql.operators.sql.SQLExecuteQueryOperator`.Also, you can provide `hook_params={'schema': <database>}`.)
[2024-06-03T08:25:29.831+0000] {taskinstance.py:3498} INFO - 1 downstream tasks scheduled from follow-on schedule check
[2024-06-03T08:25:29.836+0000] {local_task_job_runner.py:222} INFO - ::endgroup::
[2024-06-03T09:34:46.339+0000] {local_task_job_runner.py:120} INFO - ::group::Pre task execution logs
[2024-06-03T09:34:46.365+0000] {taskinstance.py:2076} INFO - Dependencies all met for dep_context=non-requeueable deps ti=<TaskInstance: city_data_workflow_DAG_final.group_tasks.extract_weather_data_from_api scheduled__2024-06-02T00:00:00+00:00 [queued]>
[2024-06-03T09:34:46.377+0000] {taskinstance.py:2076} INFO - Dependencies all met for dep_context=requeueable deps ti=<TaskInstance: city_data_workflow_DAG_final.group_tasks.extract_weather_data_from_api scheduled__2024-06-02T00:00:00+00:00 [queued]>
[2024-06-03T09:34:46.378+0000] {taskinstance.py:2306} INFO - Starting attempt 1 of 6
[2024-06-03T09:34:46.395+0000] {taskinstance.py:2330} INFO - Executing <Task(PythonOperator): group_tasks.extract_weather_data_from_api> on 2024-06-02 00:00:00+00:00
[2024-06-03T09:34:46.406+0000] {standard_task_runner.py:90} INFO - Running: ['***', 'tasks', 'run', 'city_data_workflow_DAG_final', 'group_tasks.extract_weather_data_from_api', 'scheduled__2024-06-02T00:00:00+00:00', '--job-id', '968', '--raw', '--subdir', 'DAGS_FOLDER/tasks_flow.py', '--cfg-path', '/tmp/tmptmwmulxw']
[2024-06-03T09:34:46.410+0000] {standard_task_runner.py:91} INFO - Job 968: Subtask group_tasks.extract_weather_data_from_api
[2024-06-03T09:34:46.414+0000] {logging_mixin.py:188} WARNING - /home/***/.local/lib/python3.12/site-packages/***/task/task_runner/standard_task_runner.py:61 DeprecationWarning: This process (pid=1985) is multi-threaded, use of fork() may lead to deadlocks in the child.
[2024-06-03T09:34:46.415+0000] {standard_task_runner.py:63} INFO - Started process 1988 to run task
[2024-06-03T09:34:46.492+0000] {task_command.py:426} INFO - Running <TaskInstance: city_data_workflow_DAG_final.group_tasks.extract_weather_data_from_api scheduled__2024-06-02T00:00:00+00:00 [running]> on host cd9caf1c47f0
[2024-06-03T09:34:46.653+0000] {taskinstance.py:2648} INFO - Exporting env vars: AIRFLOW_CTX_DAG_OWNER='Khang' AIRFLOW_CTX_DAG_ID='city_data_workflow_DAG_final' AIRFLOW_CTX_TASK_ID='group_tasks.extract_weather_data_from_api' AIRFLOW_CTX_EXECUTION_DATE='2024-06-02T00:00:00+00:00' AIRFLOW_CTX_TRY_NUMBER='1' AIRFLOW_CTX_DAG_RUN_ID='scheduled__2024-06-02T00:00:00+00:00'
[2024-06-03T09:34:46.654+0000] {taskinstance.py:430} INFO - ::endgroup::
[2024-06-03T09:34:46.671+0000] {baseoperator.py:399} WARNING - SimpleHttpOperator.execute cannot be called outside TaskInstance!
[2024-06-03T09:34:46.672+0000] {http.py:169} INFO - Calling HTTP method
[2024-06-03T09:34:46.692+0000] {base.py:84} INFO - Using connection ID 'weather_map_api_connection' for task execution.
[2024-06-03T09:34:46.708+0000] {base.py:84} INFO - Using connection ID 'weather_map_api_connection' for task execution.
[2024-06-03T09:34:47.249+0000] {http.py:208} INFO - {"coord":{"lon":106.6297,"lat":10.823},"weather":[{"id":802,"main":"Clouds","description":"scattered clouds","icon":"03d"}],"base":"stations","main":{"temp":309.16,"feels_like":314.59,"temp_min":308.76,"temp_max":309.16,"pressure":1007,"humidity":46},"visibility":10000,"wind":{"speed":4.02,"deg":311,"gust":6.26},"clouds":{"all":40},"dt":1717407283,"sys":{"type":1,"id":9314,"country":"VN","sunrise":1717367407,"sunset":1717413209},"timezone":25200,"id":1565593,"name":"Thong Tay Hoi","cod":200}
[2024-06-03T09:34:47.270+0000] {python.py:237} INFO - Done. Returned value was: None
[2024-06-03T09:34:47.271+0000] {taskinstance.py:441} INFO - ::group::Post task execution logs
[2024-06-03T09:34:47.286+0000] {taskinstance.py:1206} INFO - Marking task as SUCCESS. dag_id=city_data_workflow_DAG_final, task_id=group_tasks.extract_weather_data_from_api, run_id=scheduled__2024-06-02T00:00:00+00:00, execution_date=20240602T000000, start_date=20240603T093446, end_date=20240603T093447
[2024-06-03T09:34:47.314+0000] {local_task_job_runner.py:240} INFO - Task exited with return code 0
[2024-06-03T09:34:47.332+0000] {logging_mixin.py:188} WARNING - /home/***/.local/lib/python3.12/site-packages/***/models/baseoperator.py:1296 AirflowProviderDeprecationWarning: Call to deprecated class PostgresOperator. (Please use `***.providers.common.sql.operators.sql.SQLExecuteQueryOperator`.Also, you can provide `hook_params={'schema': <database>}`.)
[2024-06-03T09:34:47.351+0000] {taskinstance.py:3498} INFO - 1 downstream tasks scheduled from follow-on schedule check
[2024-06-03T09:34:47.357+0000] {local_task_job_runner.py:222} INFO - ::endgroup::
