[2024-06-01T08:26:09.418+0000] {local_task_job_runner.py:120} INFO - ::group::Pre task execution logs
[2024-06-01T08:26:09.443+0000] {taskinstance.py:2076} INFO - Dependencies all met for dep_context=non-requeueable deps ti=<TaskInstance: my_weather_workflow_DAG_v04.group_tasks.is_weather_api_ready manual__2024-06-01T08:03:02.551642+00:00 [queued]>
[2024-06-01T08:26:09.454+0000] {taskinstance.py:2076} INFO - Dependencies all met for dep_context=requeueable deps ti=<TaskInstance: my_weather_workflow_DAG_v04.group_tasks.is_weather_api_ready manual__2024-06-01T08:03:02.551642+00:00 [queued]>
[2024-06-01T08:26:09.455+0000] {taskinstance.py:2306} INFO - Starting attempt 1 of 6
[2024-06-01T08:26:09.481+0000] {taskinstance.py:2330} INFO - Executing <Task(PythonOperator): group_tasks.is_weather_api_ready> on 2024-06-01 08:03:02.551642+00:00
[2024-06-01T08:26:09.493+0000] {logging_mixin.py:188} WARNING - /home/***/.local/lib/python3.12/site-packages/***/task/task_runner/standard_task_runner.py:61 DeprecationWarning: This process (pid=9250) is multi-threaded, use of fork() may lead to deadlocks in the child.
[2024-06-01T08:26:09.495+0000] {standard_task_runner.py:63} INFO - Started process 9256 to run task
[2024-06-01T08:26:09.493+0000] {standard_task_runner.py:90} INFO - Running: ['***', 'tasks', 'run', 'my_weather_workflow_DAG_v04', 'group_tasks.is_weather_api_ready', 'manual__2024-06-01T08:03:02.551642+00:00', '--job-id', '661', '--raw', '--subdir', 'DAGS_FOLDER/tasks_flow.py', '--cfg-path', '/tmp/tmpnvy72led']
[2024-06-01T08:26:09.496+0000] {standard_task_runner.py:91} INFO - Job 661: Subtask group_tasks.is_weather_api_ready
[2024-06-01T08:26:09.628+0000] {task_command.py:426} INFO - Running <TaskInstance: my_weather_workflow_DAG_v04.group_tasks.is_weather_api_ready manual__2024-06-01T08:03:02.551642+00:00 [running]> on host cd9caf1c47f0
[2024-06-01T08:26:09.788+0000] {taskinstance.py:2648} INFO - Exporting env vars: AIRFLOW_CTX_DAG_OWNER='Khang' AIRFLOW_CTX_DAG_ID='my_weather_workflow_DAG_v04' AIRFLOW_CTX_TASK_ID='group_tasks.is_weather_api_ready' AIRFLOW_CTX_EXECUTION_DATE='2024-06-01T08:03:02.551642+00:00' AIRFLOW_CTX_TRY_NUMBER='1' AIRFLOW_CTX_DAG_RUN_ID='manual__2024-06-01T08:03:02.551642+00:00'
[2024-06-01T08:26:09.790+0000] {taskinstance.py:430} INFO - ::endgroup::
[2024-06-01T08:26:09.808+0000] {http.py:137} INFO - Poking: /data/2.5/weather?lat=16.456111111&lon=107.576388888&appid=cb9774016f254a4cb1aa6516bf401afa
[2024-06-01T08:26:09.827+0000] {base.py:84} INFO - Using connection ID 'weather_map_api_connection' for task execution.
[2024-06-01T08:26:10.563+0000] {python.py:237} INFO - Done. Returned value was: None
[2024-06-01T08:26:10.564+0000] {taskinstance.py:441} INFO - ::group::Post task execution logs
[2024-06-01T08:26:10.579+0000] {taskinstance.py:1206} INFO - Marking task as SUCCESS. dag_id=my_weather_workflow_DAG_v04, task_id=group_tasks.is_weather_api_ready, run_id=manual__2024-06-01T08:03:02.551642+00:00, execution_date=20240601T080302, start_date=20240601T082609, end_date=20240601T082610
[2024-06-01T08:26:10.634+0000] {local_task_job_runner.py:240} INFO - Task exited with return code 0
[2024-06-01T08:26:10.654+0000] {logging_mixin.py:188} WARNING - /home/***/.local/lib/python3.12/site-packages/***/models/baseoperator.py:1296 AirflowProviderDeprecationWarning: Call to deprecated class PostgresOperator. (Please use `***.providers.common.sql.operators.sql.SQLExecuteQueryOperator`.Also, you can provide `hook_params={'schema': <database>}`.)
[2024-06-01T08:26:10.676+0000] {taskinstance.py:3498} INFO - 1 downstream tasks scheduled from follow-on schedule check
[2024-06-01T08:26:10.679+0000] {local_task_job_runner.py:222} INFO - ::endgroup::
