[2024-06-01T16:47:22.631+0000] {local_task_job_runner.py:120} INFO - ::group::Pre task execution logs
[2024-06-01T16:47:22.657+0000] {taskinstance.py:2076} INFO - Dependencies all met for dep_context=non-requeueable deps ti=<TaskInstance: city_data_workflow_DAG_final.is_api_city_ready manual__2024-06-01T16:47:20.837201+00:00 [queued]>
[2024-06-01T16:47:22.670+0000] {taskinstance.py:2076} INFO - Dependencies all met for dep_context=requeueable deps ti=<TaskInstance: city_data_workflow_DAG_final.is_api_city_ready manual__2024-06-01T16:47:20.837201+00:00 [queued]>
[2024-06-01T16:47:22.671+0000] {taskinstance.py:2306} INFO - Starting attempt 1 of 6
[2024-06-01T16:47:22.688+0000] {taskinstance.py:2330} INFO - Executing <Task(HttpSensor): is_api_city_ready> on 2024-06-01 16:47:20.837201+00:00
[2024-06-01T16:47:22.697+0000] {logging_mixin.py:188} WARNING - /home/***/.local/lib/python3.12/site-packages/***/task/task_runner/standard_task_runner.py:61 DeprecationWarning: This process (pid=4042) is multi-threaded, use of fork() may lead to deadlocks in the child.
[2024-06-01T16:47:22.700+0000] {standard_task_runner.py:63} INFO - Started process 4044 to run task
[2024-06-01T16:47:22.698+0000] {standard_task_runner.py:90} INFO - Running: ['***', 'tasks', 'run', 'city_data_workflow_DAG_final', 'is_api_city_ready', 'manual__2024-06-01T16:47:20.837201+00:00', '--job-id', '896', '--raw', '--subdir', 'DAGS_FOLDER/tasks_flow.py', '--cfg-path', '/tmp/tmpgir_d0tj']
[2024-06-01T16:47:22.702+0000] {standard_task_runner.py:91} INFO - Job 896: Subtask is_api_city_ready
[2024-06-01T16:47:22.782+0000] {task_command.py:426} INFO - Running <TaskInstance: city_data_workflow_DAG_final.is_api_city_ready manual__2024-06-01T16:47:20.837201+00:00 [running]> on host cd9caf1c47f0
[2024-06-01T16:47:22.901+0000] {taskinstance.py:2648} INFO - Exporting env vars: AIRFLOW_CTX_DAG_OWNER='Khang' AIRFLOW_CTX_DAG_ID='city_data_workflow_DAG_final' AIRFLOW_CTX_TASK_ID='is_api_city_ready' AIRFLOW_CTX_EXECUTION_DATE='2024-06-01T16:47:20.837201+00:00' AIRFLOW_CTX_TRY_NUMBER='1' AIRFLOW_CTX_DAG_RUN_ID='manual__2024-06-01T16:47:20.837201+00:00'
[2024-06-01T16:47:22.903+0000] {taskinstance.py:430} INFO - ::endgroup::
[2024-06-01T16:47:22.921+0000] {baseoperator.py:399} WARNING - HttpSensor.execute cannot be called outside TaskInstance!
[2024-06-01T16:47:22.921+0000] {http.py:137} INFO - Poking: /v1/geo/cities/Q1858
[2024-06-01T16:47:22.939+0000] {base.py:84} INFO - Using connection ID 'city_map_api_connection' for task execution.
[2024-06-01T16:47:23.429+0000] {base.py:294} INFO - Success criteria met. Exiting.
[2024-06-01T16:47:23.430+0000] {taskinstance.py:441} INFO - ::group::Post task execution logs
[2024-06-01T16:47:23.447+0000] {taskinstance.py:1206} INFO - Marking task as SUCCESS. dag_id=city_data_workflow_DAG_final, task_id=is_api_city_ready, run_id=manual__2024-06-01T16:47:20.837201+00:00, execution_date=20240601T164720, start_date=20240601T164722, end_date=20240601T164723
[2024-06-01T16:47:23.480+0000] {local_task_job_runner.py:240} INFO - Task exited with return code 0
[2024-06-01T16:47:23.498+0000] {logging_mixin.py:188} WARNING - /home/***/.local/lib/python3.12/site-packages/***/models/baseoperator.py:1296 AirflowProviderDeprecationWarning: Call to deprecated class SimpleHttpOperator. (Class `SimpleHttpOperator` is deprecated and will be removed in a future release. Please use `HttpOperator` instead.)
[2024-06-01T16:47:23.502+0000] {logging_mixin.py:188} WARNING - /home/***/.local/lib/python3.12/site-packages/***/models/baseoperator.py:1296 AirflowProviderDeprecationWarning: Call to deprecated class PostgresOperator. (Please use `***.providers.common.sql.operators.sql.SQLExecuteQueryOperator`.Also, you can provide `hook_params={'schema': <database>}`.)
[2024-06-01T16:47:23.536+0000] {taskinstance.py:3498} INFO - 1 downstream tasks scheduled from follow-on schedule check
[2024-06-01T16:47:23.539+0000] {local_task_job_runner.py:222} INFO - ::endgroup::
