[2024-06-01T16:49:41.988+0000] {local_task_job_runner.py:120} INFO - ::group::Pre task execution logs
[2024-06-01T16:49:42.010+0000] {taskinstance.py:2076} INFO - Dependencies all met for dep_context=non-requeueable deps ti=<TaskInstance: city_data_workflow_DAG_final.is_api_city_ready manual__2024-06-01T16:47:20.837201+00:00 [queued]>
[2024-06-01T16:49:42.020+0000] {taskinstance.py:2076} INFO - Dependencies all met for dep_context=requeueable deps ti=<TaskInstance: city_data_workflow_DAG_final.is_api_city_ready manual__2024-06-01T16:47:20.837201+00:00 [queued]>
[2024-06-01T16:49:42.021+0000] {taskinstance.py:2306} INFO - Starting attempt 3 of 8
[2024-06-01T16:49:42.035+0000] {taskinstance.py:2330} INFO - Executing <Task(HttpSensor): is_api_city_ready> on 2024-06-01 16:47:20.837201+00:00
[2024-06-01T16:49:42.044+0000] {logging_mixin.py:188} WARNING - /home/***/.local/lib/python3.12/site-packages/***/task/task_runner/standard_task_runner.py:61 DeprecationWarning: This process (pid=4174) is multi-threaded, use of fork() may lead to deadlocks in the child.
[2024-06-01T16:49:42.043+0000] {standard_task_runner.py:90} INFO - Running: ['***', 'tasks', 'run', 'city_data_workflow_DAG_final', 'is_api_city_ready', 'manual__2024-06-01T16:47:20.837201+00:00', '--job-id', '919', '--raw', '--subdir', 'DAGS_FOLDER/tasks_flow.py', '--cfg-path', '/tmp/tmp7brbr8h3']
[2024-06-01T16:49:42.046+0000] {standard_task_runner.py:63} INFO - Started process 4176 to run task
[2024-06-01T16:49:42.046+0000] {standard_task_runner.py:91} INFO - Job 919: Subtask is_api_city_ready
[2024-06-01T16:49:42.114+0000] {task_command.py:426} INFO - Running <TaskInstance: city_data_workflow_DAG_final.is_api_city_ready manual__2024-06-01T16:47:20.837201+00:00 [running]> on host cd9caf1c47f0
[2024-06-01T16:49:42.216+0000] {taskinstance.py:2648} INFO - Exporting env vars: AIRFLOW_CTX_DAG_OWNER='Khang' AIRFLOW_CTX_DAG_ID='city_data_workflow_DAG_final' AIRFLOW_CTX_TASK_ID='is_api_city_ready' AIRFLOW_CTX_EXECUTION_DATE='2024-06-01T16:47:20.837201+00:00' AIRFLOW_CTX_TRY_NUMBER='3' AIRFLOW_CTX_DAG_RUN_ID='manual__2024-06-01T16:47:20.837201+00:00'
[2024-06-01T16:49:42.218+0000] {taskinstance.py:430} INFO - ::endgroup::
[2024-06-01T16:49:42.232+0000] {baseoperator.py:399} WARNING - HttpSensor.execute cannot be called outside TaskInstance!
[2024-06-01T16:49:42.233+0000] {http.py:137} INFO - Poking: /v1/geo/cities/Q1854
[2024-06-01T16:49:42.249+0000] {base.py:84} INFO - Using connection ID 'city_map_api_connection' for task execution.
[2024-06-01T16:49:42.675+0000] {base.py:294} INFO - Success criteria met. Exiting.
[2024-06-01T16:49:42.676+0000] {taskinstance.py:441} INFO - ::group::Post task execution logs
[2024-06-01T16:49:42.692+0000] {taskinstance.py:1206} INFO - Marking task as SUCCESS. dag_id=city_data_workflow_DAG_final, task_id=is_api_city_ready, run_id=manual__2024-06-01T16:47:20.837201+00:00, execution_date=20240601T164720, start_date=20240601T164942, end_date=20240601T164942
[2024-06-01T16:49:42.745+0000] {local_task_job_runner.py:240} INFO - Task exited with return code 0
[2024-06-01T16:49:42.778+0000] {logging_mixin.py:188} WARNING - /home/***/.local/lib/python3.12/site-packages/***/models/baseoperator.py:1296 AirflowProviderDeprecationWarning: Call to deprecated class SimpleHttpOperator. (Class `SimpleHttpOperator` is deprecated and will be removed in a future release. Please use `HttpOperator` instead.)
[2024-06-01T16:49:42.781+0000] {logging_mixin.py:188} WARNING - /home/***/.local/lib/python3.12/site-packages/***/models/baseoperator.py:1296 AirflowProviderDeprecationWarning: Call to deprecated class PostgresOperator. (Please use `***.providers.common.sql.operators.sql.SQLExecuteQueryOperator`.Also, you can provide `hook_params={'schema': <database>}`.)
[2024-06-01T16:49:42.812+0000] {taskinstance.py:3498} INFO - 1 downstream tasks scheduled from follow-on schedule check
[2024-06-01T16:49:42.815+0000] {local_task_job_runner.py:222} INFO - ::endgroup::
