[2024-06-03T11:35:00.514+0000] {local_task_job_runner.py:120} INFO - ::group::Pre task execution logs
[2024-06-03T11:35:00.535+0000] {taskinstance.py:2076} INFO - Dependencies all met for dep_context=non-requeueable deps ti=<TaskInstance: city_data_workflow_DAG_final.is_api_city_ready manual__2024-06-03T11:05:27.638846+00:00 [queued]>
[2024-06-03T11:35:00.542+0000] {taskinstance.py:2076} INFO - Dependencies all met for dep_context=requeueable deps ti=<TaskInstance: city_data_workflow_DAG_final.is_api_city_ready manual__2024-06-03T11:05:27.638846+00:00 [queued]>
[2024-06-03T11:35:00.543+0000] {taskinstance.py:2306} INFO - Starting attempt 6 of 11
[2024-06-03T11:35:00.555+0000] {taskinstance.py:2330} INFO - Executing <Task(HttpSensor): is_api_city_ready> on 2024-06-03 11:05:27.638846+00:00
[2024-06-03T11:35:00.562+0000] {logging_mixin.py:188} WARNING - /home/***/.local/lib/python3.12/site-packages/***/task/task_runner/standard_task_runner.py:61 DeprecationWarning: This process (pid=1748) is multi-threaded, use of fork() may lead to deadlocks in the child.
[2024-06-03T11:35:00.564+0000] {standard_task_runner.py:63} INFO - Started process 1750 to run task
[2024-06-03T11:35:00.562+0000] {standard_task_runner.py:90} INFO - Running: ['***', 'tasks', 'run', 'city_data_workflow_DAG_final', 'is_api_city_ready', 'manual__2024-06-03T11:05:27.638846+00:00', '--job-id', '1087', '--raw', '--subdir', 'DAGS_FOLDER/tasks_flow.py', '--cfg-path', '/tmp/tmp9ny1qisl']
[2024-06-03T11:35:00.565+0000] {standard_task_runner.py:91} INFO - Job 1087: Subtask is_api_city_ready
[2024-06-03T11:35:00.627+0000] {task_command.py:426} INFO - Running <TaskInstance: city_data_workflow_DAG_final.is_api_city_ready manual__2024-06-03T11:05:27.638846+00:00 [running]> on host cd9caf1c47f0
[2024-06-03T11:35:00.718+0000] {taskinstance.py:2648} INFO - Exporting env vars: AIRFLOW_CTX_DAG_OWNER='Khang' AIRFLOW_CTX_DAG_ID='city_data_workflow_DAG_final' AIRFLOW_CTX_TASK_ID='is_api_city_ready' AIRFLOW_CTX_EXECUTION_DATE='2024-06-03T11:05:27.638846+00:00' AIRFLOW_CTX_TRY_NUMBER='6' AIRFLOW_CTX_DAG_RUN_ID='manual__2024-06-03T11:05:27.638846+00:00'
[2024-06-03T11:35:00.719+0000] {taskinstance.py:430} INFO - ::endgroup::
[2024-06-03T11:35:00.731+0000] {baseoperator.py:399} WARNING - HttpSensor.execute cannot be called outside TaskInstance!
[2024-06-03T11:35:00.732+0000] {http.py:137} INFO - Poking: /v1/geo/cities/Q1854
[2024-06-03T11:35:00.744+0000] {base.py:84} INFO - Using connection ID 'city_map_api_connection' for task execution.
[2024-06-03T11:35:01.222+0000] {base.py:294} INFO - Success criteria met. Exiting.
[2024-06-03T11:35:01.223+0000] {taskinstance.py:441} INFO - ::group::Post task execution logs
[2024-06-03T11:35:01.239+0000] {taskinstance.py:1206} INFO - Marking task as SUCCESS. dag_id=city_data_workflow_DAG_final, task_id=is_api_city_ready, run_id=manual__2024-06-03T11:05:27.638846+00:00, execution_date=20240603T110527, start_date=20240603T113500, end_date=20240603T113501
[2024-06-03T11:35:01.261+0000] {local_task_job_runner.py:240} INFO - Task exited with return code 0
[2024-06-03T11:35:01.277+0000] {logging_mixin.py:188} WARNING - /home/***/.local/lib/python3.12/site-packages/***/models/baseoperator.py:1296 AirflowProviderDeprecationWarning: Call to deprecated class SimpleHttpOperator. (Class `SimpleHttpOperator` is deprecated and will be removed in a future release. Please use `HttpOperator` instead.)
[2024-06-03T11:35:01.280+0000] {logging_mixin.py:188} WARNING - /home/***/.local/lib/python3.12/site-packages/***/models/baseoperator.py:1296 AirflowProviderDeprecationWarning: Call to deprecated class PostgresOperator. (Please use `***.providers.common.sql.operators.sql.SQLExecuteQueryOperator`.Also, you can provide `hook_params={'schema': <database>}`.)
[2024-06-03T11:35:01.309+0000] {taskinstance.py:3498} INFO - 1 downstream tasks scheduled from follow-on schedule check
[2024-06-03T11:35:01.313+0000] {local_task_job_runner.py:222} INFO - ::endgroup::
