[2024-05-24T04:56:38.975+0000] {local_task_job_runner.py:120} INFO - ::group::Pre task execution logs
[2024-05-24T04:56:39.000+0000] {taskinstance.py:2076} INFO - Dependencies all met for dep_context=non-requeueable deps ti=<TaskInstance: my_weather_workflow_DAG_v01.is_weather_api_ready_task scheduled__2024-05-23T00:00:00+00:00 [queued]>
[2024-05-24T04:56:39.010+0000] {taskinstance.py:2076} INFO - Dependencies all met for dep_context=requeueable deps ti=<TaskInstance: my_weather_workflow_DAG_v01.is_weather_api_ready_task scheduled__2024-05-23T00:00:00+00:00 [queued]>
[2024-05-24T04:56:39.011+0000] {taskinstance.py:2306} INFO - Starting attempt 1 of 6
[2024-05-24T04:56:39.028+0000] {taskinstance.py:2330} INFO - Executing <Task(HttpSensor): is_weather_api_ready_task> on 2024-05-23 00:00:00+00:00
[2024-05-24T04:56:39.036+0000] {standard_task_runner.py:90} INFO - Running: ['***', 'tasks', 'run', 'my_weather_workflow_DAG_v01', 'is_weather_api_ready_task', 'scheduled__2024-05-23T00:00:00+00:00', '--job-id', '16', '--raw', '--subdir', 'DAGS_FOLDER/weather_dag.py', '--cfg-path', '/tmp/tmpcjuhza4o']
[2024-05-24T04:56:39.040+0000] {standard_task_runner.py:91} INFO - Job 16: Subtask is_weather_api_ready_task
[2024-05-24T04:56:39.042+0000] {logging_mixin.py:188} WARNING - /home/***/.local/lib/python3.12/site-packages/***/task/task_runner/standard_task_runner.py:61 DeprecationWarning: This process (pid=175) is multi-threaded, use of fork() may lead to deadlocks in the child.
[2024-05-24T04:56:39.043+0000] {standard_task_runner.py:63} INFO - Started process 176 to run task
[2024-05-24T04:56:39.132+0000] {task_command.py:426} INFO - Running <TaskInstance: my_weather_workflow_DAG_v01.is_weather_api_ready_task scheduled__2024-05-23T00:00:00+00:00 [running]> on host 6ab40057742d
[2024-05-24T04:56:39.269+0000] {taskinstance.py:2648} INFO - Exporting env vars: AIRFLOW_CTX_DAG_OWNER='Khang' AIRFLOW_CTX_DAG_ID='my_weather_workflow_DAG_v01' AIRFLOW_CTX_TASK_ID='is_weather_api_ready_task' AIRFLOW_CTX_EXECUTION_DATE='2024-05-23T00:00:00+00:00' AIRFLOW_CTX_TRY_NUMBER='1' AIRFLOW_CTX_DAG_RUN_ID='scheduled__2024-05-23T00:00:00+00:00'
[2024-05-24T04:56:39.270+0000] {taskinstance.py:430} INFO - ::endgroup::
[2024-05-24T04:56:39.294+0000] {baseoperator.py:399} WARNING - HttpSensor.execute cannot be called outside TaskInstance!
[2024-05-24T04:56:39.295+0000] {http.py:137} INFO - Poking: /data/2.5/weather?lat=10.762622&lon=106.660172&appid=9881854b04470f3cd966ec1ffdf5ff08
[2024-05-24T04:56:39.314+0000] {base.py:84} INFO - Using connection ID 'weather_map_api_connection' for task execution.
[2024-05-24T04:56:39.591+0000] {base.py:294} INFO - Success criteria met. Exiting.
[2024-05-24T04:56:39.592+0000] {taskinstance.py:441} INFO - ::group::Post task execution logs
[2024-05-24T04:56:39.613+0000] {taskinstance.py:1206} INFO - Marking task as SUCCESS. dag_id=my_weather_workflow_DAG_v01, task_id=is_weather_api_ready_task, run_id=scheduled__2024-05-23T00:00:00+00:00, execution_date=20240523T000000, start_date=20240524T045639, end_date=20240524T045639
[2024-05-24T04:56:39.659+0000] {local_task_job_runner.py:240} INFO - Task exited with return code 0
[2024-05-24T04:56:39.704+0000] {taskinstance.py:3498} INFO - 0 downstream tasks scheduled from follow-on schedule check
[2024-05-24T04:56:39.708+0000] {local_task_job_runner.py:222} INFO - ::endgroup::
