[2024-05-29T10:49:20.467+0000] {local_task_job_runner.py:120} INFO - ::group::Pre task execution logs
[2024-05-29T10:49:20.491+0000] {taskinstance.py:2076} INFO - Dependencies all met for dep_context=non-requeueable deps ti=<TaskInstance: my_weather_workflow_DAG_v03.transform_data_response manual__2024-05-29T10:37:16.739803+00:00 [queued]>
[2024-05-29T10:49:20.501+0000] {taskinstance.py:2076} INFO - Dependencies all met for dep_context=requeueable deps ti=<TaskInstance: my_weather_workflow_DAG_v03.transform_data_response manual__2024-05-29T10:37:16.739803+00:00 [queued]>
[2024-05-29T10:49:20.502+0000] {taskinstance.py:2306} INFO - Starting attempt 5 of 10
[2024-05-29T10:49:20.517+0000] {taskinstance.py:2330} INFO - Executing <Task(PythonOperator): transform_data_response> on 2024-05-29 10:37:16.739803+00:00
[2024-05-29T10:49:20.525+0000] {standard_task_runner.py:90} INFO - Running: ['***', 'tasks', 'run', 'my_weather_workflow_DAG_v03', 'transform_data_response', 'manual__2024-05-29T10:37:16.739803+00:00', '--job-id', '27', '--raw', '--subdir', 'DAGS_FOLDER/weather_dag.py', '--cfg-path', '/tmp/tmpyq9k4jqu']
[2024-05-29T10:49:20.528+0000] {standard_task_runner.py:91} INFO - Job 27: Subtask transform_data_response
[2024-05-29T10:49:20.532+0000] {logging_mixin.py:188} WARNING - /home/***/.local/lib/python3.12/site-packages/***/task/task_runner/standard_task_runner.py:61 DeprecationWarning: This process (pid=936) is multi-threaded, use of fork() may lead to deadlocks in the child.
[2024-05-29T10:49:20.533+0000] {standard_task_runner.py:63} INFO - Started process 938 to run task
[2024-05-29T10:49:20.587+0000] {task_command.py:426} INFO - Running <TaskInstance: my_weather_workflow_DAG_v03.transform_data_response manual__2024-05-29T10:37:16.739803+00:00 [running]> on host cd9caf1c47f0
[2024-05-29T10:49:20.697+0000] {taskinstance.py:2648} INFO - Exporting env vars: AIRFLOW_CTX_DAG_OWNER='Khang' AIRFLOW_CTX_DAG_ID='my_weather_workflow_DAG_v03' AIRFLOW_CTX_TASK_ID='transform_data_response' AIRFLOW_CTX_EXECUTION_DATE='2024-05-29T10:37:16.739803+00:00' AIRFLOW_CTX_TRY_NUMBER='5' AIRFLOW_CTX_DAG_RUN_ID='manual__2024-05-29T10:37:16.739803+00:00'
[2024-05-29T10:49:20.699+0000] {taskinstance.py:430} INFO - ::endgroup::
[2024-05-29T10:49:20.733+0000] {python.py:237} INFO - Done. Returned value was:   Country              City  ... Sunrise (Local Time)  Sunset (Local Time)
0      VN  Ho Chi Minh City  ...  2024-05-29 05:30:00  2024-05-29 18:11:54

[1 rows x 12 columns]
[2024-05-29T10:49:20.757+0000] {taskinstance.py:441} INFO - ::group::Post task execution logs
[2024-05-29T10:49:20.843+0000] {taskinstance.py:1206} INFO - Marking task as SUCCESS. dag_id=my_weather_workflow_DAG_v03, task_id=transform_data_response, run_id=manual__2024-05-29T10:37:16.739803+00:00, execution_date=20240529T103716, start_date=20240529T104920, end_date=20240529T104920
[2024-05-29T10:49:20.869+0000] {local_task_job_runner.py:240} INFO - Task exited with return code 0
[2024-05-29T10:49:20.890+0000] {taskinstance.py:3498} INFO - 0 downstream tasks scheduled from follow-on schedule check
[2024-05-29T10:49:20.893+0000] {local_task_job_runner.py:222} INFO - ::endgroup::
