[2024-05-30T05:53:19.624+0000] {local_task_job_runner.py:120} INFO - ::group::Pre task execution logs
[2024-05-30T05:53:19.646+0000] {taskinstance.py:2076} INFO - Dependencies all met for dep_context=non-requeueable deps ti=<TaskInstance: my_weather_workflow_DAG_v04.is_city_api_ready manual__2024-05-30T03:47:59.479456+00:00 [queued]>
[2024-05-30T05:53:19.654+0000] {taskinstance.py:2076} INFO - Dependencies all met for dep_context=requeueable deps ti=<TaskInstance: my_weather_workflow_DAG_v04.is_city_api_ready manual__2024-05-30T03:47:59.479456+00:00 [queued]>
[2024-05-30T05:53:19.655+0000] {taskinstance.py:2306} INFO - Starting attempt 11 of 16
[2024-05-30T05:53:19.668+0000] {taskinstance.py:2330} INFO - Executing <Task(HttpSensor): is_city_api_ready> on 2024-05-30 03:47:59.479456+00:00
[2024-05-30T05:53:19.675+0000] {logging_mixin.py:188} WARNING - /home/***/.local/lib/python3.12/site-packages/***/task/task_runner/standard_task_runner.py:61 DeprecationWarning: This process (pid=4590) is multi-threaded, use of fork() may lead to deadlocks in the child.
[2024-05-30T05:53:19.675+0000] {standard_task_runner.py:90} INFO - Running: ['***', 'tasks', 'run', 'my_weather_workflow_DAG_v04', 'is_city_api_ready', 'manual__2024-05-30T03:47:59.479456+00:00', '--job-id', '103', '--raw', '--subdir', 'DAGS_FOLDER/weather_dag.py', '--cfg-path', '/tmp/tmp5hsdw1ui']
[2024-05-30T05:53:19.677+0000] {standard_task_runner.py:63} INFO - Started process 4598 to run task
[2024-05-30T05:53:19.678+0000] {standard_task_runner.py:91} INFO - Job 103: Subtask is_city_api_ready
[2024-05-30T05:53:19.738+0000] {task_command.py:426} INFO - Running <TaskInstance: my_weather_workflow_DAG_v04.is_city_api_ready manual__2024-05-30T03:47:59.479456+00:00 [running]> on host cd9caf1c47f0
[2024-05-30T05:53:19.829+0000] {taskinstance.py:2648} INFO - Exporting env vars: AIRFLOW_CTX_DAG_OWNER='Khang' AIRFLOW_CTX_DAG_ID='my_weather_workflow_DAG_v04' AIRFLOW_CTX_TASK_ID='is_city_api_ready' AIRFLOW_CTX_EXECUTION_DATE='2024-05-30T03:47:59.479456+00:00' AIRFLOW_CTX_TRY_NUMBER='11' AIRFLOW_CTX_DAG_RUN_ID='manual__2024-05-30T03:47:59.479456+00:00'
[2024-05-30T05:53:19.830+0000] {taskinstance.py:430} INFO - ::endgroup::
[2024-05-30T05:53:19.845+0000] {baseoperator.py:399} WARNING - HttpSensor.execute cannot be called outside TaskInstance!
[2024-05-30T05:53:19.846+0000] {http.py:137} INFO - Poking: /v1/geo/cities/Q1854
[2024-05-30T05:53:19.861+0000] {base.py:84} INFO - Using connection ID 'city_map_api_connection' for task execution.
[2024-05-30T05:53:20.470+0000] {base.py:294} INFO - Success criteria met. Exiting.
[2024-05-30T05:53:20.471+0000] {taskinstance.py:441} INFO - ::group::Post task execution logs
[2024-05-30T05:53:20.485+0000] {taskinstance.py:1206} INFO - Marking task as SUCCESS. dag_id=my_weather_workflow_DAG_v04, task_id=is_city_api_ready, run_id=manual__2024-05-30T03:47:59.479456+00:00, execution_date=20240530T034759, start_date=20240530T055319, end_date=20240530T055320
[2024-05-30T05:53:20.535+0000] {local_task_job_runner.py:240} INFO - Task exited with return code 0
[2024-05-30T05:53:20.551+0000] {logging_mixin.py:188} WARNING - /home/***/.local/lib/python3.12/site-packages/***/models/baseoperator.py:1296 AirflowProviderDeprecationWarning: Call to deprecated class SimpleHttpOperator. (Class `SimpleHttpOperator` is deprecated and will be removed in a future release. Please use `HttpOperator` instead.)
[2024-05-30T05:53:20.554+0000] {logging_mixin.py:188} WARNING - /home/***/.local/lib/python3.12/site-packages/***/models/baseoperator.py:1296 AirflowProviderDeprecationWarning: Call to deprecated class PostgresOperator. (Please use `***.providers.common.sql.operators.sql.SQLExecuteQueryOperator`.Also, you can provide `hook_params={'schema': <database>}`.)
[2024-05-30T05:53:20.579+0000] {taskinstance.py:3498} INFO - 1 downstream tasks scheduled from follow-on schedule check
[2024-05-30T05:53:20.581+0000] {local_task_job_runner.py:222} INFO - ::endgroup::
