[2024-05-30T11:28:40.325+0000] {local_task_job_runner.py:120} INFO - ::group::Pre task execution logs
[2024-05-30T11:28:40.346+0000] {taskinstance.py:2076} INFO - Dependencies all met for dep_context=non-requeueable deps ti=<TaskInstance: my_weather_workflow_DAG_v04.is_city_api_ready manual__2024-05-30T03:47:59.479456+00:00 [queued]>
[2024-05-30T11:28:40.355+0000] {taskinstance.py:2076} INFO - Dependencies all met for dep_context=requeueable deps ti=<TaskInstance: my_weather_workflow_DAG_v04.is_city_api_ready manual__2024-05-30T03:47:59.479456+00:00 [queued]>
[2024-05-30T11:28:40.357+0000] {taskinstance.py:2306} INFO - Starting attempt 23 of 28
[2024-05-30T11:28:40.374+0000] {taskinstance.py:2330} INFO - Executing <Task(PythonOperator): is_city_api_ready> on 2024-05-30 03:47:59.479456+00:00
[2024-05-30T11:28:40.381+0000] {standard_task_runner.py:90} INFO - Running: ['***', 'tasks', 'run', 'my_weather_workflow_DAG_v04', 'is_city_api_ready', 'manual__2024-05-30T03:47:59.479456+00:00', '--job-id', '159', '--raw', '--subdir', 'DAGS_FOLDER/weather_dag.py', '--cfg-path', '/tmp/tmp956py4ku']
[2024-05-30T11:28:40.384+0000] {standard_task_runner.py:91} INFO - Job 159: Subtask is_city_api_ready
[2024-05-30T11:28:40.385+0000] {logging_mixin.py:188} WARNING - /home/***/.local/lib/python3.12/site-packages/***/task/task_runner/standard_task_runner.py:61 DeprecationWarning: This process (pid=2446) is multi-threaded, use of fork() may lead to deadlocks in the child.
[2024-05-30T11:28:40.386+0000] {standard_task_runner.py:63} INFO - Started process 2448 to run task
[2024-05-30T11:28:40.448+0000] {task_command.py:426} INFO - Running <TaskInstance: my_weather_workflow_DAG_v04.is_city_api_ready manual__2024-05-30T03:47:59.479456+00:00 [running]> on host cd9caf1c47f0
[2024-05-30T11:28:40.554+0000] {taskinstance.py:2648} INFO - Exporting env vars: AIRFLOW_CTX_DAG_OWNER='Khang' AIRFLOW_CTX_DAG_ID='my_weather_workflow_DAG_v04' AIRFLOW_CTX_TASK_ID='is_city_api_ready' AIRFLOW_CTX_EXECUTION_DATE='2024-05-30T03:47:59.479456+00:00' AIRFLOW_CTX_TRY_NUMBER='23' AIRFLOW_CTX_DAG_RUN_ID='manual__2024-05-30T03:47:59.479456+00:00'
[2024-05-30T11:28:40.555+0000] {taskinstance.py:430} INFO - ::endgroup::
[2024-05-30T11:28:40.570+0000] {http.py:137} INFO - Poking: /v1/geo/cities/Q25282
[2024-05-30T11:28:40.585+0000] {base.py:84} INFO - Using connection ID 'city_map_api_connection' for task execution.
[2024-05-30T11:28:42.562+0000] {python.py:237} INFO - Done. Returned value was: None
[2024-05-30T11:28:42.565+0000] {taskinstance.py:441} INFO - ::group::Post task execution logs
[2024-05-30T11:28:42.582+0000] {taskinstance.py:1206} INFO - Marking task as SUCCESS. dag_id=my_weather_workflow_DAG_v04, task_id=is_city_api_ready, run_id=manual__2024-05-30T03:47:59.479456+00:00, execution_date=20240530T034759, start_date=20240530T112840, end_date=20240530T112842
[2024-05-30T11:28:42.611+0000] {local_task_job_runner.py:240} INFO - Task exited with return code 0
[2024-05-30T11:28:42.632+0000] {taskinstance.py:3498} INFO - 0 downstream tasks scheduled from follow-on schedule check
[2024-05-30T11:28:42.635+0000] {local_task_job_runner.py:222} INFO - ::endgroup::
