[2024-05-30T05:14:06.730+0000] {local_task_job_runner.py:120} INFO - ::group::Pre task execution logs
[2024-05-30T05:14:06.752+0000] {taskinstance.py:2076} INFO - Dependencies all met for dep_context=non-requeueable deps ti=<TaskInstance: my_weather_workflow_DAG_v04.is_city_api_ready manual__2024-05-30T03:47:59.479456+00:00 [queued]>
[2024-05-30T05:14:06.760+0000] {taskinstance.py:2076} INFO - Dependencies all met for dep_context=requeueable deps ti=<TaskInstance: my_weather_workflow_DAG_v04.is_city_api_ready manual__2024-05-30T03:47:59.479456+00:00 [queued]>
[2024-05-30T05:14:06.761+0000] {taskinstance.py:2306} INFO - Starting attempt 8 of 13
[2024-05-30T05:14:06.775+0000] {taskinstance.py:2330} INFO - Executing <Task(HttpSensor): is_city_api_ready> on 2024-05-30 03:47:59.479456+00:00
[2024-05-30T05:14:06.783+0000] {logging_mixin.py:188} WARNING - /home/***/.local/lib/python3.12/site-packages/***/task/task_runner/standard_task_runner.py:61 DeprecationWarning: This process (pid=3861) is multi-threaded, use of fork() may lead to deadlocks in the child.
[2024-05-30T05:14:06.783+0000] {standard_task_runner.py:90} INFO - Running: ['***', 'tasks', 'run', 'my_weather_workflow_DAG_v04', 'is_city_api_ready', 'manual__2024-05-30T03:47:59.479456+00:00', '--job-id', '83', '--raw', '--subdir', 'DAGS_FOLDER/weather_dag.py', '--cfg-path', '/tmp/tmpcqv0wt8z']
[2024-05-30T05:14:06.785+0000] {standard_task_runner.py:63} INFO - Started process 3863 to run task
[2024-05-30T05:14:06.785+0000] {standard_task_runner.py:91} INFO - Job 83: Subtask is_city_api_ready
[2024-05-30T05:14:06.850+0000] {task_command.py:426} INFO - Running <TaskInstance: my_weather_workflow_DAG_v04.is_city_api_ready manual__2024-05-30T03:47:59.479456+00:00 [running]> on host cd9caf1c47f0
[2024-05-30T05:14:06.978+0000] {taskinstance.py:2648} INFO - Exporting env vars: AIRFLOW_CTX_DAG_OWNER='Khang' AIRFLOW_CTX_DAG_ID='my_weather_workflow_DAG_v04' AIRFLOW_CTX_TASK_ID='is_city_api_ready' AIRFLOW_CTX_EXECUTION_DATE='2024-05-30T03:47:59.479456+00:00' AIRFLOW_CTX_TRY_NUMBER='8' AIRFLOW_CTX_DAG_RUN_ID='manual__2024-05-30T03:47:59.479456+00:00'
[2024-05-30T05:14:06.980+0000] {taskinstance.py:430} INFO - ::endgroup::
[2024-05-30T05:14:07.002+0000] {baseoperator.py:399} WARNING - HttpSensor.execute cannot be called outside TaskInstance!
[2024-05-30T05:14:07.003+0000] {http.py:137} INFO - Poking: /v1/geo/cities/Q1854
[2024-05-30T05:14:07.025+0000] {base.py:84} INFO - Using connection ID 'city_map_api_connection' for task execution.
[2024-05-30T05:14:07.487+0000] {base.py:294} INFO - Success criteria met. Exiting.
[2024-05-30T05:14:07.490+0000] {taskinstance.py:441} INFO - ::group::Post task execution logs
[2024-05-30T05:14:07.511+0000] {taskinstance.py:1206} INFO - Marking task as SUCCESS. dag_id=my_weather_workflow_DAG_v04, task_id=is_city_api_ready, run_id=manual__2024-05-30T03:47:59.479456+00:00, execution_date=20240530T034759, start_date=20240530T051406, end_date=20240530T051407
[2024-05-30T05:14:07.563+0000] {local_task_job_runner.py:240} INFO - Task exited with return code 0
[2024-05-30T05:14:07.578+0000] {logging_mixin.py:188} WARNING - /home/***/.local/lib/python3.12/site-packages/***/models/baseoperator.py:1296 AirflowProviderDeprecationWarning: Call to deprecated class SimpleHttpOperator. (Class `SimpleHttpOperator` is deprecated and will be removed in a future release. Please use `HttpOperator` instead.)
[2024-05-30T05:14:07.581+0000] {logging_mixin.py:188} WARNING - /home/***/.local/lib/python3.12/site-packages/***/models/baseoperator.py:1296 AirflowProviderDeprecationWarning: Call to deprecated class PostgresOperator. (Please use `***.providers.common.sql.operators.sql.SQLExecuteQueryOperator`.Also, you can provide `hook_params={'schema': <database>}`.)
[2024-05-30T05:14:07.604+0000] {taskinstance.py:3498} INFO - 1 downstream tasks scheduled from follow-on schedule check
[2024-05-30T05:14:07.607+0000] {local_task_job_runner.py:222} INFO - ::endgroup::
