[2024-05-29T11:02:51.744+0000] {local_task_job_runner.py:120} INFO - ::group::Pre task execution logs
[2024-05-29T11:02:51.765+0000] {taskinstance.py:2076} INFO - Dependencies all met for dep_context=non-requeueable deps ti=<TaskInstance: my_weather_workflow_DAG_v03.up_load_to_s3 manual__2024-05-29T11:02:44.778495+00:00 [queued]>
[2024-05-29T11:02:51.774+0000] {taskinstance.py:2076} INFO - Dependencies all met for dep_context=requeueable deps ti=<TaskInstance: my_weather_workflow_DAG_v03.up_load_to_s3 manual__2024-05-29T11:02:44.778495+00:00 [queued]>
[2024-05-29T11:02:51.775+0000] {taskinstance.py:2306} INFO - Starting attempt 1 of 6
[2024-05-29T11:02:51.789+0000] {taskinstance.py:2330} INFO - Executing <Task(PythonOperator): up_load_to_s3> on 2024-05-29 11:02:44.778495+00:00
[2024-05-29T11:02:51.796+0000] {standard_task_runner.py:90} INFO - Running: ['***', 'tasks', 'run', 'my_weather_workflow_DAG_v03', 'up_load_to_s3', 'manual__2024-05-29T11:02:44.778495+00:00', '--job-id', '37', '--raw', '--subdir', 'DAGS_FOLDER/weather_dag.py', '--cfg-path', '/tmp/tmpshxaznow']
[2024-05-29T11:02:51.798+0000] {standard_task_runner.py:91} INFO - Job 37: Subtask up_load_to_s3
[2024-05-29T11:02:51.799+0000] {logging_mixin.py:188} WARNING - /home/***/.local/lib/python3.12/site-packages/***/task/task_runner/standard_task_runner.py:61 DeprecationWarning: This process (pid=329) is multi-threaded, use of fork() may lead to deadlocks in the child.
[2024-05-29T11:02:51.800+0000] {standard_task_runner.py:63} INFO - Started process 331 to run task
[2024-05-29T11:02:51.857+0000] {task_command.py:426} INFO - Running <TaskInstance: my_weather_workflow_DAG_v03.up_load_to_s3 manual__2024-05-29T11:02:44.778495+00:00 [running]> on host cd9caf1c47f0
[2024-05-29T11:02:51.957+0000] {taskinstance.py:2648} INFO - Exporting env vars: AIRFLOW_CTX_DAG_OWNER='Khang' AIRFLOW_CTX_DAG_ID='my_weather_workflow_DAG_v03' AIRFLOW_CTX_TASK_ID='up_load_to_s3' AIRFLOW_CTX_EXECUTION_DATE='2024-05-29T11:02:44.778495+00:00' AIRFLOW_CTX_TRY_NUMBER='1' AIRFLOW_CTX_DAG_RUN_ID='manual__2024-05-29T11:02:44.778495+00:00'
[2024-05-29T11:02:51.958+0000] {taskinstance.py:430} INFO - ::endgroup::
[2024-05-29T11:02:52.015+0000] {base.py:84} INFO - Using connection ID 'weather_map_s3_connection' for task execution.
[2024-05-29T11:02:52.016+0000] {connection_wrapper.py:384} INFO - AWS Connection (conn_id='weather_map_s3_connection', conn_type='aws') credentials retrieved from login and password.
[2024-05-29T11:02:54.101+0000] {python.py:237} INFO - Done. Returned value was: None
[2024-05-29T11:02:54.102+0000] {taskinstance.py:441} INFO - ::group::Post task execution logs
[2024-05-29T11:02:54.115+0000] {taskinstance.py:1206} INFO - Marking task as SUCCESS. dag_id=my_weather_workflow_DAG_v03, task_id=up_load_to_s3, run_id=manual__2024-05-29T11:02:44.778495+00:00, execution_date=20240529T110244, start_date=20240529T110251, end_date=20240529T110254
[2024-05-29T11:02:54.145+0000] {local_task_job_runner.py:240} INFO - Task exited with return code 0
[2024-05-29T11:02:54.169+0000] {taskinstance.py:3498} INFO - 1 downstream tasks scheduled from follow-on schedule check
[2024-05-29T11:02:54.172+0000] {local_task_job_runner.py:222} INFO - ::endgroup::
