[2024-06-01T07:22:41.585+0000] {local_task_job_runner.py:120} INFO - ::group::Pre task execution logs
[2024-06-01T07:22:41.624+0000] {taskinstance.py:2076} INFO - Dependencies all met for dep_context=non-requeueable deps ti=<TaskInstance: my_weather_workflow_DAG_v04.group_tasks.is_api_weather_ready manual__2024-06-01T07:22:32.449327+00:00 [queued]>
[2024-06-01T07:22:41.637+0000] {taskinstance.py:2076} INFO - Dependencies all met for dep_context=requeueable deps ti=<TaskInstance: my_weather_workflow_DAG_v04.group_tasks.is_api_weather_ready manual__2024-06-01T07:22:32.449327+00:00 [queued]>
[2024-06-01T07:22:41.639+0000] {taskinstance.py:2306} INFO - Starting attempt 1 of 6
[2024-06-01T07:22:41.659+0000] {taskinstance.py:2330} INFO - Executing <Task(PythonOperator): group_tasks.is_api_weather_ready> on 2024-06-01 07:22:32.449327+00:00
[2024-06-01T07:22:41.670+0000] {logging_mixin.py:188} WARNING - /home/***/.local/lib/python3.12/site-packages/***/task/task_runner/standard_task_runner.py:61 DeprecationWarning: This process (pid=7336) is multi-threaded, use of fork() may lead to deadlocks in the child.
[2024-06-01T07:22:41.672+0000] {standard_task_runner.py:63} INFO - Started process 7338 to run task
[2024-06-01T07:22:41.671+0000] {standard_task_runner.py:90} INFO - Running: ['***', 'tasks', 'run', 'my_weather_workflow_DAG_v04', 'group_tasks.is_api_weather_ready', 'manual__2024-06-01T07:22:32.449327+00:00', '--job-id', '574', '--raw', '--subdir', 'DAGS_FOLDER/weather_dag.py', '--cfg-path', '/tmp/tmptpyk1kys']
[2024-06-01T07:22:41.676+0000] {standard_task_runner.py:91} INFO - Job 574: Subtask group_tasks.is_api_weather_ready
[2024-06-01T07:22:41.767+0000] {task_command.py:426} INFO - Running <TaskInstance: my_weather_workflow_DAG_v04.group_tasks.is_api_weather_ready manual__2024-06-01T07:22:32.449327+00:00 [running]> on host cd9caf1c47f0
[2024-06-01T07:22:41.990+0000] {taskinstance.py:2648} INFO - Exporting env vars: AIRFLOW_CTX_DAG_OWNER='Khang' AIRFLOW_CTX_DAG_ID='my_weather_workflow_DAG_v04' AIRFLOW_CTX_TASK_ID='group_tasks.is_api_weather_ready' AIRFLOW_CTX_EXECUTION_DATE='2024-06-01T07:22:32.449327+00:00' AIRFLOW_CTX_TRY_NUMBER='1' AIRFLOW_CTX_DAG_RUN_ID='manual__2024-06-01T07:22:32.449327+00:00'
[2024-06-01T07:22:41.993+0000] {taskinstance.py:430} INFO - ::endgroup::
[2024-06-01T07:22:42.014+0000] {http.py:137} INFO - Poking: /data/2.5/weather?lat=10.937&lon=108.15778&appid=cb9774016f254a4cb1aa6516bf401afa
[2024-06-01T07:22:42.033+0000] {base.py:84} INFO - Using connection ID 'weather_map_api_connection' for task execution.
[2024-06-01T07:22:42.483+0000] {python.py:237} INFO - Done. Returned value was: None
[2024-06-01T07:22:42.485+0000] {taskinstance.py:441} INFO - ::group::Post task execution logs
[2024-06-01T07:22:42.511+0000] {taskinstance.py:1206} INFO - Marking task as SUCCESS. dag_id=my_weather_workflow_DAG_v04, task_id=group_tasks.is_api_weather_ready, run_id=manual__2024-06-01T07:22:32.449327+00:00, execution_date=20240601T072232, start_date=20240601T072241, end_date=20240601T072242
[2024-06-01T07:22:42.573+0000] {local_task_job_runner.py:240} INFO - Task exited with return code 0
[2024-06-01T07:22:42.596+0000] {logging_mixin.py:188} WARNING - /home/***/.local/lib/python3.12/site-packages/***/models/baseoperator.py:1296 AirflowProviderDeprecationWarning: Call to deprecated class PostgresOperator. (Please use `***.providers.common.sql.operators.sql.SQLExecuteQueryOperator`.Also, you can provide `hook_params={'schema': <database>}`.)
[2024-06-01T07:22:42.622+0000] {taskinstance.py:3498} INFO - 1 downstream tasks scheduled from follow-on schedule check
[2024-06-01T07:22:42.626+0000] {local_task_job_runner.py:222} INFO - ::endgroup::
