[2024-06-03T11:35:27.452+0000] {local_task_job_runner.py:120} INFO - ::group::Pre task execution logs
[2024-06-03T11:35:27.474+0000] {taskinstance.py:2076} INFO - Dependencies all met for dep_context=non-requeueable deps ti=<TaskInstance: city_data_workflow_DAG_final.delete_data_in_postgres manual__2024-06-03T11:05:27.638846+00:00 [queued]>
[2024-06-03T11:35:27.483+0000] {taskinstance.py:2076} INFO - Dependencies all met for dep_context=requeueable deps ti=<TaskInstance: city_data_workflow_DAG_final.delete_data_in_postgres manual__2024-06-03T11:05:27.638846+00:00 [queued]>
[2024-06-03T11:35:27.484+0000] {taskinstance.py:2306} INFO - Starting attempt 3 of 8
[2024-06-03T11:35:27.497+0000] {taskinstance.py:2330} INFO - Executing <Task(PostgresOperator): delete_data_in_postgres> on 2024-06-03 11:05:27.638846+00:00
[2024-06-03T11:35:27.504+0000] {logging_mixin.py:188} WARNING - /home/***/.local/lib/python3.12/site-packages/***/task/task_runner/standard_task_runner.py:61 DeprecationWarning: This process (pid=1810) is multi-threaded, use of fork() may lead to deadlocks in the child.
[2024-06-03T11:35:27.506+0000] {standard_task_runner.py:63} INFO - Started process 1812 to run task
[2024-06-03T11:35:27.504+0000] {standard_task_runner.py:90} INFO - Running: ['***', 'tasks', 'run', 'city_data_workflow_DAG_final', 'delete_data_in_postgres', 'manual__2024-06-03T11:05:27.638846+00:00', '--job-id', '1101', '--raw', '--subdir', 'DAGS_FOLDER/tasks_flow.py', '--cfg-path', '/tmp/tmp4rvnlpz_']
[2024-06-03T11:35:27.507+0000] {standard_task_runner.py:91} INFO - Job 1101: Subtask delete_data_in_postgres
[2024-06-03T11:35:27.563+0000] {task_command.py:426} INFO - Running <TaskInstance: city_data_workflow_DAG_final.delete_data_in_postgres manual__2024-06-03T11:05:27.638846+00:00 [running]> on host cd9caf1c47f0
[2024-06-03T11:35:27.650+0000] {taskinstance.py:2648} INFO - Exporting env vars: AIRFLOW_CTX_DAG_OWNER='Khang' AIRFLOW_CTX_DAG_ID='city_data_workflow_DAG_final' AIRFLOW_CTX_TASK_ID='delete_data_in_postgres' AIRFLOW_CTX_EXECUTION_DATE='2024-06-03T11:05:27.638846+00:00' AIRFLOW_CTX_TRY_NUMBER='3' AIRFLOW_CTX_DAG_RUN_ID='manual__2024-06-03T11:05:27.638846+00:00'
[2024-06-03T11:35:27.651+0000] {taskinstance.py:430} INFO - ::endgroup::
[2024-06-03T11:35:27.663+0000] {sql.py:276} INFO - Executing: DELETE FROM cities;
[2024-06-03T11:35:27.675+0000] {base.py:84} INFO - Using connection ID 'postgres_connection_id' for task execution.
[2024-06-03T11:35:27.687+0000] {base.py:84} INFO - Using connection ID 'postgres_connection_id' for task execution.
[2024-06-03T11:35:27.695+0000] {sql.py:470} INFO - Running statement: DELETE FROM cities;, parameters: None
[2024-06-03T11:35:27.696+0000] {sql.py:479} INFO - Rows affected: 1
[2024-06-03T11:35:27.699+0000] {taskinstance.py:441} INFO - ::group::Post task execution logs
[2024-06-03T11:35:27.713+0000] {taskinstance.py:1206} INFO - Marking task as SUCCESS. dag_id=city_data_workflow_DAG_final, task_id=delete_data_in_postgres, run_id=manual__2024-06-03T11:05:27.638846+00:00, execution_date=20240603T110527, start_date=20240603T113527, end_date=20240603T113527
[2024-06-03T11:35:27.761+0000] {local_task_job_runner.py:240} INFO - Task exited with return code 0
[2024-06-03T11:35:27.777+0000] {logging_mixin.py:188} WARNING - /home/***/.local/lib/python3.12/site-packages/***/models/baseoperator.py:1296 AirflowProviderDeprecationWarning: Call to deprecated class PostgresOperator. (Please use `***.providers.common.sql.operators.sql.SQLExecuteQueryOperator`.Also, you can provide `hook_params={'schema': <database>}`.)
[2024-06-03T11:35:27.786+0000] {taskinstance.py:3498} INFO - 0 downstream tasks scheduled from follow-on schedule check
[2024-06-03T11:35:27.789+0000] {local_task_job_runner.py:222} INFO - ::endgroup::
