[2024-06-03T11:22:43.945+0000] {local_task_job_runner.py:120} INFO - ::group::Pre task execution logs
[2024-06-03T11:22:43.966+0000] {taskinstance.py:2076} INFO - Dependencies all met for dep_context=non-requeueable deps ti=<TaskInstance: city_data_workflow_DAG_final.delete_data_in_postgres manual__2024-06-03T11:05:27.638846+00:00 [queued]>
[2024-06-03T11:22:43.975+0000] {taskinstance.py:2076} INFO - Dependencies all met for dep_context=requeueable deps ti=<TaskInstance: city_data_workflow_DAG_final.delete_data_in_postgres manual__2024-06-03T11:05:27.638846+00:00 [queued]>
[2024-06-03T11:22:43.976+0000] {taskinstance.py:2306} INFO - Starting attempt 1 of 6
[2024-06-03T11:22:43.989+0000] {taskinstance.py:2330} INFO - Executing <Task(PostgresOperator): delete_data_in_postgres> on 2024-06-03 11:05:27.638846+00:00
[2024-06-03T11:22:43.997+0000] {logging_mixin.py:188} WARNING - /home/***/.local/lib/python3.12/site-packages/***/task/task_runner/standard_task_runner.py:61 DeprecationWarning: This process (pid=1386) is multi-threaded, use of fork() may lead to deadlocks in the child.
[2024-06-03T11:22:43.996+0000] {standard_task_runner.py:90} INFO - Running: ['***', 'tasks', 'run', 'city_data_workflow_DAG_final', 'delete_data_in_postgres', 'manual__2024-06-03T11:05:27.638846+00:00', '--job-id', '1071', '--raw', '--subdir', 'DAGS_FOLDER/tasks_flow.py', '--cfg-path', '/tmp/tmppoglwyar']
[2024-06-03T11:22:43.998+0000] {standard_task_runner.py:63} INFO - Started process 1388 to run task
[2024-06-03T11:22:43.999+0000] {standard_task_runner.py:91} INFO - Job 1071: Subtask delete_data_in_postgres
[2024-06-03T11:22:44.058+0000] {task_command.py:426} INFO - Running <TaskInstance: city_data_workflow_DAG_final.delete_data_in_postgres manual__2024-06-03T11:05:27.638846+00:00 [running]> on host cd9caf1c47f0
[2024-06-03T11:22:44.150+0000] {taskinstance.py:2648} INFO - Exporting env vars: AIRFLOW_CTX_DAG_OWNER='Khang' AIRFLOW_CTX_DAG_ID='city_data_workflow_DAG_final' AIRFLOW_CTX_TASK_ID='delete_data_in_postgres' AIRFLOW_CTX_EXECUTION_DATE='2024-06-03T11:05:27.638846+00:00' AIRFLOW_CTX_TRY_NUMBER='1' AIRFLOW_CTX_DAG_RUN_ID='manual__2024-06-03T11:05:27.638846+00:00'
[2024-06-03T11:22:44.151+0000] {taskinstance.py:430} INFO - ::endgroup::
[2024-06-03T11:22:44.162+0000] {sql.py:276} INFO - Executing: DELETE FROM cities;
[2024-06-03T11:22:44.175+0000] {base.py:84} INFO - Using connection ID 'postgres_connection_id' for task execution.
[2024-06-03T11:22:44.186+0000] {base.py:84} INFO - Using connection ID 'postgres_connection_id' for task execution.
[2024-06-03T11:22:44.194+0000] {sql.py:470} INFO - Running statement: DELETE FROM cities;, parameters: None
[2024-06-03T11:22:44.196+0000] {sql.py:479} INFO - Rows affected: 2
[2024-06-03T11:22:44.199+0000] {taskinstance.py:441} INFO - ::group::Post task execution logs
[2024-06-03T11:22:44.212+0000] {taskinstance.py:1206} INFO - Marking task as SUCCESS. dag_id=city_data_workflow_DAG_final, task_id=delete_data_in_postgres, run_id=manual__2024-06-03T11:05:27.638846+00:00, execution_date=20240603T110527, start_date=20240603T112243, end_date=20240603T112244
[2024-06-03T11:22:44.254+0000] {local_task_job_runner.py:240} INFO - Task exited with return code 0
[2024-06-03T11:22:44.287+0000] {logging_mixin.py:188} WARNING - /home/***/.local/lib/python3.12/site-packages/***/models/baseoperator.py:1296 AirflowProviderDeprecationWarning: Call to deprecated class PostgresOperator. (Please use `***.providers.common.sql.operators.sql.SQLExecuteQueryOperator`.Also, you can provide `hook_params={'schema': <database>}`.)
[2024-06-03T11:22:44.299+0000] {taskinstance.py:3498} INFO - 0 downstream tasks scheduled from follow-on schedule check
[2024-06-03T11:22:44.302+0000] {local_task_job_runner.py:222} INFO - ::endgroup::
