[2024-06-01T16:26:52.396+0000] {local_task_job_runner.py:120} INFO - ::group::Pre task execution logs
[2024-06-01T16:26:52.422+0000] {taskinstance.py:2076} INFO - Dependencies all met for dep_context=non-requeueable deps ti=<TaskInstance: city_data_workflow_DAG_final.group_tasks.check_data_city_is_exist manual__2024-06-01T16:19:32.823021+00:00 [queued]>
[2024-06-01T16:26:52.433+0000] {taskinstance.py:2076} INFO - Dependencies all met for dep_context=requeueable deps ti=<TaskInstance: city_data_workflow_DAG_final.group_tasks.check_data_city_is_exist manual__2024-06-01T16:19:32.823021+00:00 [queued]>
[2024-06-01T16:26:52.435+0000] {taskinstance.py:2306} INFO - Starting attempt 3 of 8
[2024-06-01T16:26:52.453+0000] {taskinstance.py:2330} INFO - Executing <Task(BranchPythonOperator): group_tasks.check_data_city_is_exist> on 2024-06-01 16:19:32.823021+00:00
[2024-06-01T16:26:52.462+0000] {logging_mixin.py:188} WARNING - /home/***/.local/lib/python3.12/site-packages/***/task/task_runner/standard_task_runner.py:61 DeprecationWarning: This process (pid=3493) is multi-threaded, use of fork() may lead to deadlocks in the child.
[2024-06-01T16:26:52.464+0000] {standard_task_runner.py:63} INFO - Started process 3497 to run task
[2024-06-01T16:26:52.462+0000] {standard_task_runner.py:90} INFO - Running: ['***', 'tasks', 'run', 'city_data_workflow_DAG_final', 'group_tasks.check_data_city_is_exist', 'manual__2024-06-01T16:19:32.823021+00:00', '--job-id', '883', '--raw', '--subdir', 'DAGS_FOLDER/tasks_flow.py', '--cfg-path', '/tmp/tmpy5j07ksr']
[2024-06-01T16:26:52.466+0000] {standard_task_runner.py:91} INFO - Job 883: Subtask group_tasks.check_data_city_is_exist
[2024-06-01T16:26:52.587+0000] {task_command.py:426} INFO - Running <TaskInstance: city_data_workflow_DAG_final.group_tasks.check_data_city_is_exist manual__2024-06-01T16:19:32.823021+00:00 [running]> on host cd9caf1c47f0
[2024-06-01T16:26:52.732+0000] {taskinstance.py:2648} INFO - Exporting env vars: AIRFLOW_CTX_DAG_OWNER='Khang' AIRFLOW_CTX_DAG_ID='city_data_workflow_DAG_final' AIRFLOW_CTX_TASK_ID='group_tasks.check_data_city_is_exist' AIRFLOW_CTX_EXECUTION_DATE='2024-06-01T16:19:32.823021+00:00' AIRFLOW_CTX_TRY_NUMBER='3' AIRFLOW_CTX_DAG_RUN_ID='manual__2024-06-01T16:19:32.823021+00:00'
[2024-06-01T16:26:52.734+0000] {taskinstance.py:430} INFO - ::endgroup::
[2024-06-01T16:26:52.755+0000] {baseoperator.py:399} WARNING - BranchPythonOperator.execute cannot be called outside TaskInstance!
[2024-06-01T16:26:52.790+0000] {base.py:84} INFO - Using connection ID 'postgres_connection_id' for task execution.
[2024-06-01T16:26:52.801+0000] {sql.py:470} INFO - Running statement: SELECT COUNT(*) FROM cities WHERE wiki_id = 'Q1858';, parameters: None
[2024-06-01T16:26:52.803+0000] {sql.py:479} INFO - Rows affected: 1
[2024-06-01T16:26:52.804+0000] {python.py:237} INFO - Done. Returned value was: group_tasks.load_csv_city_to_postgres
[2024-06-01T16:26:52.805+0000] {branch.py:36} INFO - Branch into group_tasks.load_csv_city_to_postgres
[2024-06-01T16:26:52.805+0000] {skipmixin.py:178} INFO - Following branch group_tasks.load_csv_city_to_postgres
[2024-06-01T16:26:52.836+0000] {skipmixin.py:246} INFO - Skipping tasks [('end_tasks_flow', -1)]
[2024-06-01T16:26:52.871+0000] {taskinstance.py:441} INFO - ::group::Post task execution logs
[2024-06-01T16:26:52.907+0000] {taskinstance.py:1206} INFO - Marking task as SUCCESS. dag_id=city_data_workflow_DAG_final, task_id=group_tasks.check_data_city_is_exist, run_id=manual__2024-06-01T16:19:32.823021+00:00, execution_date=20240601T161932, start_date=20240601T162652, end_date=20240601T162652
[2024-06-01T16:26:52.961+0000] {local_task_job_runner.py:240} INFO - Task exited with return code 0
[2024-06-01T16:26:52.997+0000] {logging_mixin.py:188} WARNING - /home/***/.local/lib/python3.12/site-packages/***/models/baseoperator.py:1296 AirflowProviderDeprecationWarning: Call to deprecated class PostgresOperator. (Please use `***.providers.common.sql.operators.sql.SQLExecuteQueryOperator`.Also, you can provide `hook_params={'schema': <database>}`.)
[2024-06-01T16:26:53.031+0000] {taskinstance.py:3498} INFO - 1 downstream tasks scheduled from follow-on schedule check
[2024-06-01T16:26:53.034+0000] {local_task_job_runner.py:222} INFO - ::endgroup::
