[2024-06-01T08:30:11.836+0000] {local_task_job_runner.py:120} INFO - ::group::Pre task execution logs
[2024-06-01T08:30:11.874+0000] {taskinstance.py:2076} INFO - Dependencies all met for dep_context=non-requeueable deps ti=<TaskInstance: my_weather_workflow_DAG_v04.group_tasks.check_data_city_is_exist manual__2024-06-01T08:27:41.010622+00:00 [queued]>
[2024-06-01T08:30:11.895+0000] {taskinstance.py:2076} INFO - Dependencies all met for dep_context=requeueable deps ti=<TaskInstance: my_weather_workflow_DAG_v04.group_tasks.check_data_city_is_exist manual__2024-06-01T08:27:41.010622+00:00 [queued]>
[2024-06-01T08:30:11.896+0000] {taskinstance.py:2306} INFO - Starting attempt 2 of 7
[2024-06-01T08:30:11.917+0000] {taskinstance.py:2330} INFO - Executing <Task(BranchPythonOperator): group_tasks.check_data_city_is_exist> on 2024-06-01 08:27:41.010622+00:00
[2024-06-01T08:30:11.928+0000] {logging_mixin.py:188} WARNING - /home/***/.local/lib/python3.12/site-packages/***/task/task_runner/standard_task_runner.py:61 DeprecationWarning: This process (pid=9421) is multi-threaded, use of fork() may lead to deadlocks in the child.
[2024-06-01T08:30:11.931+0000] {standard_task_runner.py:63} INFO - Started process 9424 to run task
[2024-06-01T08:30:11.928+0000] {standard_task_runner.py:90} INFO - Running: ['***', 'tasks', 'run', 'my_weather_workflow_DAG_v04', 'group_tasks.check_data_city_is_exist', 'manual__2024-06-01T08:27:41.010622+00:00', '--job-id', '684', '--raw', '--subdir', 'DAGS_FOLDER/tasks_flow.py', '--cfg-path', '/tmp/tmpuzgzqgwu']
[2024-06-01T08:30:11.933+0000] {standard_task_runner.py:91} INFO - Job 684: Subtask group_tasks.check_data_city_is_exist
[2024-06-01T08:30:12.022+0000] {task_command.py:426} INFO - Running <TaskInstance: my_weather_workflow_DAG_v04.group_tasks.check_data_city_is_exist manual__2024-06-01T08:27:41.010622+00:00 [running]> on host cd9caf1c47f0
[2024-06-01T08:30:12.156+0000] {taskinstance.py:2648} INFO - Exporting env vars: AIRFLOW_CTX_DAG_OWNER='Khang' AIRFLOW_CTX_DAG_ID='my_weather_workflow_DAG_v04' AIRFLOW_CTX_TASK_ID='group_tasks.check_data_city_is_exist' AIRFLOW_CTX_EXECUTION_DATE='2024-06-01T08:27:41.010622+00:00' AIRFLOW_CTX_TRY_NUMBER='2' AIRFLOW_CTX_DAG_RUN_ID='manual__2024-06-01T08:27:41.010622+00:00'
[2024-06-01T08:30:12.158+0000] {taskinstance.py:430} INFO - ::endgroup::
[2024-06-01T08:30:12.179+0000] {baseoperator.py:399} WARNING - BranchPythonOperator.execute cannot be called outside TaskInstance!
[2024-06-01T08:30:12.229+0000] {base.py:84} INFO - Using connection ID 'postgres_connection_id' for task execution.
[2024-06-01T08:30:12.243+0000] {sql.py:470} INFO - Running statement: SELECT COUNT(*) FROM cities WHERE wiki_id = 'Q36167';, parameters: None
[2024-06-01T08:30:12.246+0000] {sql.py:479} INFO - Rows affected: 1
[2024-06-01T08:30:12.248+0000] {python.py:237} INFO - Done. Returned value was: group_tasks.load_csv_city_to_postgres
[2024-06-01T08:30:12.248+0000] {branch.py:36} INFO - Branch into group_tasks.load_csv_city_to_postgres
[2024-06-01T08:30:12.249+0000] {skipmixin.py:178} INFO - Following branch group_tasks.load_csv_city_to_postgres
[2024-06-01T08:30:12.288+0000] {skipmixin.py:246} INFO - Skipping tasks [('group_tasks.skip_insert_data_city', -1)]
[2024-06-01T08:30:12.327+0000] {taskinstance.py:441} INFO - ::group::Post task execution logs
[2024-06-01T08:30:12.361+0000] {taskinstance.py:1206} INFO - Marking task as SUCCESS. dag_id=my_weather_workflow_DAG_v04, task_id=group_tasks.check_data_city_is_exist, run_id=manual__2024-06-01T08:27:41.010622+00:00, execution_date=20240601T082741, start_date=20240601T083011, end_date=20240601T083012
[2024-06-01T08:30:12.387+0000] {local_task_job_runner.py:240} INFO - Task exited with return code 0
[2024-06-01T08:30:12.437+0000] {taskinstance.py:3498} INFO - 1 downstream tasks scheduled from follow-on schedule check
[2024-06-01T08:30:12.445+0000] {local_task_job_runner.py:222} INFO - ::endgroup::
