[2024-05-31T04:18:57.091+0000] {local_task_job_runner.py:120} INFO - ::group::Pre task execution logs
[2024-05-31T04:18:57.113+0000] {taskinstance.py:2076} INFO - Dependencies all met for dep_context=non-requeueable deps ti=<TaskInstance: my_weather_workflow_DAG_v04.check_data_is_exist manual__2024-05-31T04:06:10.739308+00:00 [queued]>
[2024-05-31T04:18:57.121+0000] {taskinstance.py:2076} INFO - Dependencies all met for dep_context=requeueable deps ti=<TaskInstance: my_weather_workflow_DAG_v04.check_data_is_exist manual__2024-05-31T04:06:10.739308+00:00 [queued]>
[2024-05-31T04:18:57.122+0000] {taskinstance.py:2306} INFO - Starting attempt 1 of 6
[2024-05-31T04:18:57.135+0000] {taskinstance.py:2330} INFO - Executing <Task(BranchPythonOperator): check_data_is_exist> on 2024-05-31 04:06:10.739308+00:00
[2024-05-31T04:18:57.143+0000] {standard_task_runner.py:90} INFO - Running: ['***', 'tasks', 'run', 'my_weather_workflow_DAG_v04', 'check_data_is_exist', 'manual__2024-05-31T04:06:10.739308+00:00', '--job-id', '183', '--raw', '--subdir', 'DAGS_FOLDER/weather_dag.py', '--cfg-path', '/tmp/tmp61ngfl2f']
[2024-05-31T04:18:57.146+0000] {standard_task_runner.py:91} INFO - Job 183: Subtask check_data_is_exist
[2024-05-31T04:18:57.147+0000] {logging_mixin.py:188} WARNING - /home/***/.local/lib/python3.12/site-packages/***/task/task_runner/standard_task_runner.py:61 DeprecationWarning: This process (pid=1640) is multi-threaded, use of fork() may lead to deadlocks in the child.
[2024-05-31T04:18:57.148+0000] {standard_task_runner.py:63} INFO - Started process 1642 to run task
[2024-05-31T04:18:57.213+0000] {task_command.py:426} INFO - Running <TaskInstance: my_weather_workflow_DAG_v04.check_data_is_exist manual__2024-05-31T04:06:10.739308+00:00 [running]> on host cd9caf1c47f0
[2024-05-31T04:18:57.308+0000] {taskinstance.py:2648} INFO - Exporting env vars: AIRFLOW_CTX_DAG_OWNER='Khang' AIRFLOW_CTX_DAG_ID='my_weather_workflow_DAG_v04' AIRFLOW_CTX_TASK_ID='check_data_is_exist' AIRFLOW_CTX_EXECUTION_DATE='2024-05-31T04:06:10.739308+00:00' AIRFLOW_CTX_TRY_NUMBER='1' AIRFLOW_CTX_DAG_RUN_ID='manual__2024-05-31T04:06:10.739308+00:00'
[2024-05-31T04:18:57.309+0000] {taskinstance.py:430} INFO - ::endgroup::
[2024-05-31T04:18:57.324+0000] {baseoperator.py:399} WARNING - BranchPythonOperator.execute cannot be called outside TaskInstance!
[2024-05-31T04:18:57.353+0000] {base.py:84} INFO - Using connection ID 'postgres_connection_id' for task execution.
[2024-05-31T04:18:57.362+0000] {sql.py:470} INFO - Running statement: SELECT COUNT(*) FROM cities WHERE wiki_id = 'Q25282';, parameters: None
[2024-05-31T04:18:57.366+0000] {sql.py:479} INFO - Rows affected: 1
[2024-05-31T04:18:57.367+0000] {python.py:237} INFO - Done. Returned value was: skip_insert_data_city
[2024-05-31T04:18:57.367+0000] {branch.py:36} INFO - Branch into skip_insert_data_city
[2024-05-31T04:18:57.368+0000] {skipmixin.py:178} INFO - Following branch skip_insert_data_city
[2024-05-31T04:18:57.397+0000] {skipmixin.py:246} INFO - Skipping tasks [('load_csv_to_postgres', -1)]
[2024-05-31T04:18:57.428+0000] {taskinstance.py:441} INFO - ::group::Post task execution logs
[2024-05-31T04:18:57.456+0000] {taskinstance.py:1206} INFO - Marking task as SUCCESS. dag_id=my_weather_workflow_DAG_v04, task_id=check_data_is_exist, run_id=manual__2024-05-31T04:06:10.739308+00:00, execution_date=20240531T040610, start_date=20240531T041857, end_date=20240531T041857
[2024-05-31T04:18:57.483+0000] {local_task_job_runner.py:240} INFO - Task exited with return code 0
[2024-05-31T04:18:57.512+0000] {taskinstance.py:3498} INFO - 0 downstream tasks scheduled from follow-on schedule check
[2024-05-31T04:18:57.515+0000] {local_task_job_runner.py:222} INFO - ::endgroup::
