[2024-05-30T06:08:48.379+0000] {local_task_job_runner.py:120} INFO - ::group::Pre task execution logs
[2024-05-30T06:08:48.408+0000] {taskinstance.py:2076} INFO - Dependencies all met for dep_context=non-requeueable deps ti=<TaskInstance: my_weather_workflow_DAG_v04.check_data_is_exist manual__2024-05-30T03:47:59.479456+00:00 [queued]>
[2024-05-30T06:08:48.417+0000] {taskinstance.py:2076} INFO - Dependencies all met for dep_context=requeueable deps ti=<TaskInstance: my_weather_workflow_DAG_v04.check_data_is_exist manual__2024-05-30T03:47:59.479456+00:00 [queued]>
[2024-05-30T06:08:48.419+0000] {taskinstance.py:2306} INFO - Starting attempt 19 of 24
[2024-05-30T06:08:48.435+0000] {taskinstance.py:2330} INFO - Executing <Task(BranchPythonOperator): check_data_is_exist> on 2024-05-30 03:47:59.479456+00:00
[2024-05-30T06:08:48.443+0000] {logging_mixin.py:188} WARNING - /home/***/.local/lib/python3.12/site-packages/***/task/task_runner/standard_task_runner.py:61 DeprecationWarning: This process (pid=5133) is multi-threaded, use of fork() may lead to deadlocks in the child.
[2024-05-30T06:08:48.444+0000] {standard_task_runner.py:63} INFO - Started process 5135 to run task
[2024-05-30T06:08:48.443+0000] {standard_task_runner.py:90} INFO - Running: ['***', 'tasks', 'run', 'my_weather_workflow_DAG_v04', 'check_data_is_exist', 'manual__2024-05-30T03:47:59.479456+00:00', '--job-id', '152', '--raw', '--subdir', 'DAGS_FOLDER/weather_dag.py', '--cfg-path', '/tmp/tmp4moauicl']
[2024-05-30T06:08:48.446+0000] {standard_task_runner.py:91} INFO - Job 152: Subtask check_data_is_exist
[2024-05-30T06:08:48.509+0000] {task_command.py:426} INFO - Running <TaskInstance: my_weather_workflow_DAG_v04.check_data_is_exist manual__2024-05-30T03:47:59.479456+00:00 [running]> on host cd9caf1c47f0
[2024-05-30T06:08:48.607+0000] {taskinstance.py:2648} INFO - Exporting env vars: AIRFLOW_CTX_DAG_OWNER='Khang' AIRFLOW_CTX_DAG_ID='my_weather_workflow_DAG_v04' AIRFLOW_CTX_TASK_ID='check_data_is_exist' AIRFLOW_CTX_EXECUTION_DATE='2024-05-30T03:47:59.479456+00:00' AIRFLOW_CTX_TRY_NUMBER='19' AIRFLOW_CTX_DAG_RUN_ID='manual__2024-05-30T03:47:59.479456+00:00'
[2024-05-30T06:08:48.609+0000] {taskinstance.py:430} INFO - ::endgroup::
[2024-05-30T06:08:48.623+0000] {baseoperator.py:399} WARNING - BranchPythonOperator.execute cannot be called outside TaskInstance!
[2024-05-30T06:08:48.652+0000] {base.py:84} INFO - Using connection ID 'postgres_connection_id' for task execution.
[2024-05-30T06:08:48.661+0000] {sql.py:470} INFO - Running statement: SELECT COUNT(*) FROM cities WHERE wiki_id = 'Q25282';, parameters: None
[2024-05-30T06:08:48.663+0000] {sql.py:479} INFO - Rows affected: 1
[2024-05-30T06:08:48.665+0000] {python.py:237} INFO - Done. Returned value was: load_csv_to_postgres
[2024-05-30T06:08:48.665+0000] {branch.py:36} INFO - Branch into load_csv_to_postgres
[2024-05-30T06:08:48.666+0000] {skipmixin.py:178} INFO - Following branch load_csv_to_postgres
[2024-05-30T06:08:48.697+0000] {skipmixin.py:246} INFO - Skipping tasks [('skip_insert_data_city', -1)]
[2024-05-30T06:08:48.734+0000] {taskinstance.py:441} INFO - ::group::Post task execution logs
[2024-05-30T06:08:48.761+0000] {taskinstance.py:1206} INFO - Marking task as SUCCESS. dag_id=my_weather_workflow_DAG_v04, task_id=check_data_is_exist, run_id=manual__2024-05-30T03:47:59.479456+00:00, execution_date=20240530T034759, start_date=20240530T060848, end_date=20240530T060848
[2024-05-30T06:08:48.780+0000] {local_task_job_runner.py:240} INFO - Task exited with return code 0
[2024-05-30T06:08:48.818+0000] {taskinstance.py:3498} INFO - 1 downstream tasks scheduled from follow-on schedule check
[2024-05-30T06:08:48.823+0000] {local_task_job_runner.py:222} INFO - ::endgroup::
