[2024-05-29T16:40:08.788+0000] {local_task_job_runner.py:120} INFO - ::group::Pre task execution logs
[2024-05-29T16:40:08.811+0000] {taskinstance.py:2076} INFO - Dependencies all met for dep_context=non-requeueable deps ti=<TaskInstance: my_weather_workflow_DAG_v04.is_city_api_ready manual__2024-05-29T16:33:57.030469+00:00 [queued]>
[2024-05-29T16:40:08.820+0000] {taskinstance.py:2076} INFO - Dependencies all met for dep_context=requeueable deps ti=<TaskInstance: my_weather_workflow_DAG_v04.is_city_api_ready manual__2024-05-29T16:33:57.030469+00:00 [queued]>
[2024-05-29T16:40:08.821+0000] {taskinstance.py:2306} INFO - Starting attempt 2 of 7
[2024-05-29T16:40:08.836+0000] {taskinstance.py:2330} INFO - Executing <Task(HttpSensor): is_city_api_ready> on 2024-05-29 16:33:57.030469+00:00
[2024-05-29T16:40:08.843+0000] {standard_task_runner.py:90} INFO - Running: ['***', 'tasks', 'run', 'my_weather_workflow_DAG_v04', 'is_city_api_ready', 'manual__2024-05-29T16:33:57.030469+00:00', '--job-id', '43', '--raw', '--subdir', 'DAGS_FOLDER/weather_dag.py', '--cfg-path', '/tmp/tmpwagxfaqs']
[2024-05-29T16:40:08.846+0000] {standard_task_runner.py:91} INFO - Job 43: Subtask is_city_api_ready
[2024-05-29T16:40:08.847+0000] {logging_mixin.py:188} WARNING - /home/***/.local/lib/python3.12/site-packages/***/task/task_runner/standard_task_runner.py:61 DeprecationWarning: This process (pid=650) is multi-threaded, use of fork() may lead to deadlocks in the child.
[2024-05-29T16:40:08.848+0000] {standard_task_runner.py:63} INFO - Started process 652 to run task
[2024-05-29T16:40:08.908+0000] {task_command.py:426} INFO - Running <TaskInstance: my_weather_workflow_DAG_v04.is_city_api_ready manual__2024-05-29T16:33:57.030469+00:00 [running]> on host cd9caf1c47f0
[2024-05-29T16:40:09.007+0000] {taskinstance.py:2648} INFO - Exporting env vars: AIRFLOW_CTX_DAG_OWNER='Khang' AIRFLOW_CTX_DAG_ID='my_weather_workflow_DAG_v04' AIRFLOW_CTX_TASK_ID='is_city_api_ready' AIRFLOW_CTX_EXECUTION_DATE='2024-05-29T16:33:57.030469+00:00' AIRFLOW_CTX_TRY_NUMBER='2' AIRFLOW_CTX_DAG_RUN_ID='manual__2024-05-29T16:33:57.030469+00:00'
[2024-05-29T16:40:09.008+0000] {taskinstance.py:430} INFO - ::endgroup::
[2024-05-29T16:40:09.021+0000] {baseoperator.py:399} WARNING - HttpSensor.execute cannot be called outside TaskInstance!
[2024-05-29T16:40:09.022+0000] {http.py:137} INFO - Poking: /v1/geo/cities/Q1854
[2024-05-29T16:40:09.036+0000] {base.py:84} INFO - Using connection ID 'city_map_api_connection' for task execution.
[2024-05-29T16:41:04.462+0000] {local_task_job_runner.py:310} WARNING - State of this instance has been externally set to None. Terminating instance.
[2024-05-29T16:41:04.465+0000] {local_task_job_runner.py:222} INFO - ::endgroup::
[2024-05-29T16:41:04.471+0000] {process_utils.py:132} INFO - Sending 15 to group 652. PIDs of all processes in the group: [652]
[2024-05-29T16:41:04.471+0000] {process_utils.py:87} INFO - Sending the signal 15 to group 652
[2024-05-29T16:41:04.473+0000] {taskinstance.py:2611} ERROR - Received SIGTERM. Terminating subprocesses.
[2024-05-29T16:41:04.475+0000] {taskinstance.py:441} INFO - ::group::Post task execution logs
[2024-05-29T16:41:04.492+0000] {taskinstance.py:2905} ERROR - Task failed with exception
Traceback (most recent call last):
  File "/home/airflow/.local/lib/python3.12/site-packages/airflow/models/taskinstance.py", line 465, in _execute_task
    result = _execute_callable(context=context, **execute_callable_kwargs)
             ^^^^^^^^^^^^^^^^^^^^^^^^^^^^^^^^^^^^^^^^^^^^^^^^^^^^^^^^^^^^^
  File "/home/airflow/.local/lib/python3.12/site-packages/airflow/models/taskinstance.py", line 432, in _execute_callable
    return execute_callable(context=context, **execute_callable_kwargs)
           ^^^^^^^^^^^^^^^^^^^^^^^^^^^^^^^^^^^^^^^^^^^^^^^^^^^^^^^^^^^^
  File "/home/airflow/.local/lib/python3.12/site-packages/airflow/models/baseoperator.py", line 400, in wrapper
    return func(self, *args, **kwargs)
           ^^^^^^^^^^^^^^^^^^^^^^^^^^^
  File "/home/airflow/.local/lib/python3.12/site-packages/airflow/providers/http/sensors/http.py", line 164, in execute
    super().execute(context=context)
  File "/home/airflow/.local/lib/python3.12/site-packages/airflow/models/baseoperator.py", line 400, in wrapper
    return func(self, *args, **kwargs)
           ^^^^^^^^^^^^^^^^^^^^^^^^^^^
  File "/home/airflow/.local/lib/python3.12/site-packages/airflow/sensors/base.py", line 292, in execute
    time.sleep(self._get_next_poke_interval(started_at, run_duration, try_number))
  File "/home/airflow/.local/lib/python3.12/site-packages/airflow/models/taskinstance.py", line 2613, in signal_handler
    raise AirflowTaskTerminated("Task received SIGTERM signal")
airflow.exceptions.AirflowTaskTerminated: Task received SIGTERM signal
[2024-05-29T16:41:04.497+0000] {taskinstance.py:1206} INFO - Marking task as UP_FOR_RETRY. dag_id=my_weather_workflow_DAG_v04, task_id=is_city_api_ready, run_id=manual__2024-05-29T16:33:57.030469+00:00, execution_date=20240529T163357, start_date=20240529T164008, end_date=20240529T164104
[2024-05-29T16:41:04.525+0000] {process_utils.py:80} INFO - Process psutil.Process(pid=652, status='terminated', exitcode=2, started='16:40:08') (652) terminated with exit code 2
