[2024-05-29T16:45:21.136+0000] {local_task_job_runner.py:120} INFO - ::group::Pre task execution logs
[2024-05-29T16:45:21.166+0000] {taskinstance.py:2076} INFO - Dependencies all met for dep_context=non-requeueable deps ti=<TaskInstance: my_weather_workflow_DAG_v04.is_city_api_ready manual__2024-05-29T16:33:57.030469+00:00 [queued]>
[2024-05-29T16:45:21.177+0000] {taskinstance.py:2076} INFO - Dependencies all met for dep_context=requeueable deps ti=<TaskInstance: my_weather_workflow_DAG_v04.is_city_api_ready manual__2024-05-29T16:33:57.030469+00:00 [queued]>
[2024-05-29T16:45:21.178+0000] {taskinstance.py:2306} INFO - Starting attempt 3 of 8
[2024-05-29T16:45:21.194+0000] {taskinstance.py:2330} INFO - Executing <Task(HttpSensor): is_city_api_ready> on 2024-05-29 16:33:57.030469+00:00
[2024-05-29T16:45:21.203+0000] {standard_task_runner.py:90} INFO - Running: ['***', 'tasks', 'run', 'my_weather_workflow_DAG_v04', 'is_city_api_ready', 'manual__2024-05-29T16:33:57.030469+00:00', '--job-id', '44', '--raw', '--subdir', 'DAGS_FOLDER/weather_dag.py', '--cfg-path', '/tmp/tmp7szpqtme']
[2024-05-29T16:45:21.205+0000] {standard_task_runner.py:91} INFO - Job 44: Subtask is_city_api_ready
[2024-05-29T16:45:21.207+0000] {logging_mixin.py:188} WARNING - /home/***/.local/lib/python3.12/site-packages/***/task/task_runner/standard_task_runner.py:61 DeprecationWarning: This process (pid=773) is multi-threaded, use of fork() may lead to deadlocks in the child.
[2024-05-29T16:45:21.209+0000] {standard_task_runner.py:63} INFO - Started process 775 to run task
[2024-05-29T16:45:21.274+0000] {task_command.py:426} INFO - Running <TaskInstance: my_weather_workflow_DAG_v04.is_city_api_ready manual__2024-05-29T16:33:57.030469+00:00 [running]> on host cd9caf1c47f0
[2024-05-29T16:45:21.386+0000] {taskinstance.py:2648} INFO - Exporting env vars: AIRFLOW_CTX_DAG_OWNER='Khang' AIRFLOW_CTX_DAG_ID='my_weather_workflow_DAG_v04' AIRFLOW_CTX_TASK_ID='is_city_api_ready' AIRFLOW_CTX_EXECUTION_DATE='2024-05-29T16:33:57.030469+00:00' AIRFLOW_CTX_TRY_NUMBER='3' AIRFLOW_CTX_DAG_RUN_ID='manual__2024-05-29T16:33:57.030469+00:00'
[2024-05-29T16:45:21.387+0000] {taskinstance.py:430} INFO - ::endgroup::
[2024-05-29T16:45:21.404+0000] {baseoperator.py:399} WARNING - HttpSensor.execute cannot be called outside TaskInstance!
[2024-05-29T16:45:21.405+0000] {http.py:137} INFO - Poking: /v1/geo/cities/Q1854
[2024-05-29T16:45:21.421+0000] {base.py:84} INFO - Using connection ID 'city_map_api_connection' for task execution.
[2024-05-29T16:45:21.896+0000] {logging_mixin.py:188} INFO - <Response [200]>
[2024-05-29T16:45:21.898+0000] {base.py:294} INFO - Success criteria met. Exiting.
[2024-05-29T16:45:21.899+0000] {taskinstance.py:441} INFO - ::group::Post task execution logs
[2024-05-29T16:45:21.913+0000] {taskinstance.py:1206} INFO - Marking task as SUCCESS. dag_id=my_weather_workflow_DAG_v04, task_id=is_city_api_ready, run_id=manual__2024-05-29T16:33:57.030469+00:00, execution_date=20240529T163357, start_date=20240529T164521, end_date=20240529T164521
[2024-05-29T16:45:21.946+0000] {local_task_job_runner.py:240} INFO - Task exited with return code 0
[2024-05-29T16:45:21.968+0000] {taskinstance.py:3498} INFO - 0 downstream tasks scheduled from follow-on schedule check
[2024-05-29T16:45:21.970+0000] {local_task_job_runner.py:222} INFO - ::endgroup::
