[2024-06-02T10:39:25.666+0000] {local_task_job_runner.py:120} INFO - ::group::Pre task execution logs
[2024-06-02T10:39:25.690+0000] {taskinstance.py:2076} INFO - Dependencies all met for dep_context=non-requeueable deps ti=<TaskInstance: city_data_workflow_DAG_final.is_api_city_ready scheduled__2024-06-01T00:00:00+00:00 [queued]>
[2024-06-02T10:39:25.700+0000] {taskinstance.py:2076} INFO - Dependencies all met for dep_context=requeueable deps ti=<TaskInstance: city_data_workflow_DAG_final.is_api_city_ready scheduled__2024-06-01T00:00:00+00:00 [queued]>
[2024-06-02T10:39:25.701+0000] {taskinstance.py:2306} INFO - Starting attempt 1 of 6
[2024-06-02T10:39:25.718+0000] {taskinstance.py:2330} INFO - Executing <Task(HttpSensor): is_api_city_ready> on 2024-06-01 00:00:00+00:00
[2024-06-02T10:39:25.728+0000] {standard_task_runner.py:90} INFO - Running: ['***', 'tasks', 'run', 'city_data_workflow_DAG_final', 'is_api_city_ready', 'scheduled__2024-06-01T00:00:00+00:00', '--job-id', '936', '--raw', '--subdir', 'DAGS_FOLDER/tasks_flow.py', '--cfg-path', '/tmp/tmpolkyqvsx']
[2024-06-02T10:39:25.730+0000] {standard_task_runner.py:91} INFO - Job 936: Subtask is_api_city_ready
[2024-06-02T10:39:25.731+0000] {logging_mixin.py:188} WARNING - /home/***/.local/lib/python3.12/site-packages/***/task/task_runner/standard_task_runner.py:61 DeprecationWarning: This process (pid=169) is multi-threaded, use of fork() may lead to deadlocks in the child.
[2024-06-02T10:39:25.732+0000] {standard_task_runner.py:63} INFO - Started process 177 to run task
[2024-06-02T10:39:25.798+0000] {task_command.py:426} INFO - Running <TaskInstance: city_data_workflow_DAG_final.is_api_city_ready scheduled__2024-06-01T00:00:00+00:00 [running]> on host cd9caf1c47f0
[2024-06-02T10:39:25.901+0000] {taskinstance.py:2648} INFO - Exporting env vars: AIRFLOW_CTX_DAG_OWNER='Khang' AIRFLOW_CTX_DAG_ID='city_data_workflow_DAG_final' AIRFLOW_CTX_TASK_ID='is_api_city_ready' AIRFLOW_CTX_EXECUTION_DATE='2024-06-01T00:00:00+00:00' AIRFLOW_CTX_TRY_NUMBER='1' AIRFLOW_CTX_DAG_RUN_ID='scheduled__2024-06-01T00:00:00+00:00'
[2024-06-02T10:39:25.903+0000] {taskinstance.py:430} INFO - ::endgroup::
[2024-06-02T10:39:25.922+0000] {baseoperator.py:399} WARNING - HttpSensor.execute cannot be called outside TaskInstance!
[2024-06-02T10:39:25.923+0000] {http.py:137} INFO - Poking: /v1/geo/cities/Q1854
[2024-06-02T10:39:25.940+0000] {base.py:84} INFO - Using connection ID 'city_map_api_connection' for task execution.
[2024-06-02T10:39:26.494+0000] {base.py:294} INFO - Success criteria met. Exiting.
[2024-06-02T10:39:26.496+0000] {taskinstance.py:441} INFO - ::group::Post task execution logs
[2024-06-02T10:39:26.514+0000] {taskinstance.py:1206} INFO - Marking task as SUCCESS. dag_id=city_data_workflow_DAG_final, task_id=is_api_city_ready, run_id=scheduled__2024-06-01T00:00:00+00:00, execution_date=20240601T000000, start_date=20240602T103925, end_date=20240602T103926
[2024-06-02T10:39:26.550+0000] {local_task_job_runner.py:240} INFO - Task exited with return code 0
[2024-06-02T10:39:26.569+0000] {logging_mixin.py:188} WARNING - /home/***/.local/lib/python3.12/site-packages/***/models/baseoperator.py:1296 AirflowProviderDeprecationWarning: Call to deprecated class SimpleHttpOperator. (Class `SimpleHttpOperator` is deprecated and will be removed in a future release. Please use `HttpOperator` instead.)
[2024-06-02T10:39:26.573+0000] {logging_mixin.py:188} WARNING - /home/***/.local/lib/python3.12/site-packages/***/models/baseoperator.py:1296 AirflowProviderDeprecationWarning: Call to deprecated class PostgresOperator. (Please use `***.providers.common.sql.operators.sql.SQLExecuteQueryOperator`.Also, you can provide `hook_params={'schema': <database>}`.)
[2024-06-02T10:39:26.603+0000] {taskinstance.py:3498} INFO - 1 downstream tasks scheduled from follow-on schedule check
[2024-06-02T10:39:26.607+0000] {local_task_job_runner.py:222} INFO - ::endgroup::
