[2024-05-25T05:36:01.408+0000] {local_task_job_runner.py:120} INFO - ::group::Pre task execution logs
[2024-05-25T05:36:01.431+0000] {taskinstance.py:2076} INFO - Dependencies all met for dep_context=non-requeueable deps ti=<TaskInstance: my_weather_workflow_DAG_v03.transform_data_response manual__2024-05-25T05:20:54.595502+00:00 [queued]>
[2024-05-25T05:36:01.442+0000] {taskinstance.py:2076} INFO - Dependencies all met for dep_context=requeueable deps ti=<TaskInstance: my_weather_workflow_DAG_v03.transform_data_response manual__2024-05-25T05:20:54.595502+00:00 [queued]>
[2024-05-25T05:36:01.443+0000] {taskinstance.py:2306} INFO - Starting attempt 4 of 6
[2024-05-25T05:36:01.457+0000] {taskinstance.py:2330} INFO - Executing <Task(PythonOperator): transform_data_response> on 2024-05-25 05:20:54.595502+00:00
[2024-05-25T05:36:01.466+0000] {standard_task_runner.py:90} INFO - Running: ['***', 'tasks', 'run', 'my_weather_workflow_DAG_v03', 'transform_data_response', 'manual__2024-05-25T05:20:54.595502+00:00', '--job-id', '89', '--raw', '--subdir', 'DAGS_FOLDER/weather_dag.py', '--cfg-path', '/tmp/tmp86yy9e6p']
[2024-05-25T05:36:01.470+0000] {standard_task_runner.py:91} INFO - Job 89: Subtask transform_data_response
[2024-05-25T05:36:01.472+0000] {logging_mixin.py:188} WARNING - /home/***/.local/lib/python3.12/site-packages/***/task/task_runner/standard_task_runner.py:61 DeprecationWarning: This process (pid=830) is multi-threaded, use of fork() may lead to deadlocks in the child.
[2024-05-25T05:36:01.473+0000] {standard_task_runner.py:63} INFO - Started process 835 to run task
[2024-05-25T05:36:01.533+0000] {task_command.py:426} INFO - Running <TaskInstance: my_weather_workflow_DAG_v03.transform_data_response manual__2024-05-25T05:20:54.595502+00:00 [running]> on host 6ab40057742d
[2024-05-25T05:36:01.769+0000] {taskinstance.py:2648} INFO - Exporting env vars: AIRFLOW_CTX_DAG_OWNER='Khang' AIRFLOW_CTX_DAG_ID='my_weather_workflow_DAG_v03' AIRFLOW_CTX_TASK_ID='transform_data_response' AIRFLOW_CTX_EXECUTION_DATE='2024-05-25T05:20:54.595502+00:00' AIRFLOW_CTX_TRY_NUMBER='4' AIRFLOW_CTX_DAG_RUN_ID='manual__2024-05-25T05:20:54.595502+00:00'
[2024-05-25T05:36:01.770+0000] {taskinstance.py:430} INFO - ::endgroup::
[2024-05-25T05:36:01.781+0000] {taskinstance.py:441} INFO - ::group::Post task execution logs
[2024-05-25T05:36:01.782+0000] {taskinstance.py:2905} ERROR - Task failed with exception
Traceback (most recent call last):
  File "/home/airflow/.local/lib/python3.12/site-packages/airflow/models/taskinstance.py", line 465, in _execute_task
    result = _execute_callable(context=context, **execute_callable_kwargs)
             ^^^^^^^^^^^^^^^^^^^^^^^^^^^^^^^^^^^^^^^^^^^^^^^^^^^^^^^^^^^^^
  File "/home/airflow/.local/lib/python3.12/site-packages/airflow/models/taskinstance.py", line 432, in _execute_callable
    return execute_callable(context=context, **execute_callable_kwargs)
           ^^^^^^^^^^^^^^^^^^^^^^^^^^^^^^^^^^^^^^^^^^^^^^^^^^^^^^^^^^^^
  File "/home/airflow/.local/lib/python3.12/site-packages/airflow/models/baseoperator.py", line 400, in wrapper
    return func(self, *args, **kwargs)
           ^^^^^^^^^^^^^^^^^^^^^^^^^^^
  File "/home/airflow/.local/lib/python3.12/site-packages/airflow/operators/python.py", line 235, in execute
    return_value = self.execute_callable()
                   ^^^^^^^^^^^^^^^^^^^^^^^
  File "/home/airflow/.local/lib/python3.12/site-packages/airflow/operators/python.py", line 252, in execute_callable
    return self.python_callable(*self.op_args, **self.op_kwargs)
           ^^^^^^^^^^^^^^^^^^^^^^^^^^^^^^^^^^^^^^^^^^^^^^^^^^^^^
  File "/opt/airflow/dags/weather_dag.py", line 61, in to_csv
    os.mkdir(directory)
PermissionError: [Errno 13] Permission denied: '/opt/test'
[2024-05-25T05:36:01.797+0000] {taskinstance.py:1206} INFO - Marking task as UP_FOR_RETRY. dag_id=my_weather_workflow_DAG_v03, task_id=transform_data_response, run_id=manual__2024-05-25T05:20:54.595502+00:00, execution_date=20240525T052054, start_date=20240525T053601, end_date=20240525T053601
[2024-05-25T05:36:01.809+0000] {standard_task_runner.py:110} ERROR - Failed to execute job 89 for task transform_data_response ([Errno 13] Permission denied: '/opt/test'; 835)
[2024-05-25T05:36:01.849+0000] {local_task_job_runner.py:240} INFO - Task exited with return code 1
[2024-05-25T05:36:01.870+0000] {taskinstance.py:3498} INFO - 0 downstream tasks scheduled from follow-on schedule check
[2024-05-25T05:36:01.873+0000] {local_task_job_runner.py:222} INFO - ::endgroup::
