[2024-06-01T07:45:21.028+0000] {local_task_job_runner.py:120} INFO - ::group::Pre task execution logs
[2024-06-01T07:45:21.055+0000] {taskinstance.py:2076} INFO - Dependencies all met for dep_context=non-requeueable deps ti=<TaskInstance: my_weather_workflow_DAG_v04.group_tasks.create_table_weather_postgresql manual__2024-06-01T07:22:32.449327+00:00 [queued]>
[2024-06-01T07:45:21.067+0000] {taskinstance.py:2076} INFO - Dependencies all met for dep_context=requeueable deps ti=<TaskInstance: my_weather_workflow_DAG_v04.group_tasks.create_table_weather_postgresql manual__2024-06-01T07:22:32.449327+00:00 [queued]>
[2024-06-01T07:45:21.068+0000] {taskinstance.py:2306} INFO - Starting attempt 3 of 8
[2024-06-01T07:45:21.087+0000] {taskinstance.py:2330} INFO - Executing <Task(PostgresOperator): group_tasks.create_table_weather_postgresql> on 2024-06-01 07:22:32.449327+00:00
[2024-06-01T07:45:21.098+0000] {logging_mixin.py:188} WARNING - /home/***/.local/lib/python3.12/site-packages/***/task/task_runner/standard_task_runner.py:61 DeprecationWarning: This process (pid=7974) is multi-threaded, use of fork() may lead to deadlocks in the child.
[2024-06-01T07:45:21.100+0000] {standard_task_runner.py:63} INFO - Started process 7976 to run task
[2024-06-01T07:45:21.098+0000] {standard_task_runner.py:90} INFO - Running: ['***', 'tasks', 'run', 'my_weather_workflow_DAG_v04', 'group_tasks.create_table_weather_postgresql', 'manual__2024-06-01T07:22:32.449327+00:00', '--job-id', '593', '--raw', '--subdir', 'DAGS_FOLDER/weather_dag.py', '--cfg-path', '/tmp/tmp3dqtk82j']
[2024-06-01T07:45:21.101+0000] {standard_task_runner.py:91} INFO - Job 593: Subtask group_tasks.create_table_weather_postgresql
[2024-06-01T07:45:21.182+0000] {task_command.py:426} INFO - Running <TaskInstance: my_weather_workflow_DAG_v04.group_tasks.create_table_weather_postgresql manual__2024-06-01T07:22:32.449327+00:00 [running]> on host cd9caf1c47f0
[2024-06-01T07:45:21.294+0000] {taskinstance.py:2648} INFO - Exporting env vars: AIRFLOW_CTX_DAG_OWNER='Khang' AIRFLOW_CTX_DAG_ID='my_weather_workflow_DAG_v04' AIRFLOW_CTX_TASK_ID='group_tasks.create_table_weather_postgresql' AIRFLOW_CTX_EXECUTION_DATE='2024-06-01T07:22:32.449327+00:00' AIRFLOW_CTX_TRY_NUMBER='3' AIRFLOW_CTX_DAG_RUN_ID='manual__2024-06-01T07:22:32.449327+00:00'
[2024-06-01T07:45:21.296+0000] {taskinstance.py:430} INFO - ::endgroup::
[2024-06-01T07:45:21.310+0000] {sql.py:276} INFO - Executing: CREATE TABLE IF NOT EXISTS weathers(
  fk_city varchar(20) REFERENCES cities(wiki_id),

  weather_description VARCHAR(255) NOT NULL,
  temp_celsius DOUBLE PRECISION NOT NULL,
  min_temp_celsius DOUBLE PRECISION,
  max_temp_celsius DOUBLE PRECISION,
  pressure DOUBLE PRECISION,
  humidity DOUBLE PRECISION NOT NULL,
  wind_speed DOUBLE PRECISION NOT NULL,
  time_of_record timestamp NOT NULL,
  sunrise_time timestamp,
  sunset_time timestamp
);
[2024-06-01T07:45:21.325+0000] {base.py:84} INFO - Using connection ID 'postgres_connection_id' for task execution.
[2024-06-01T07:45:21.338+0000] {base.py:84} INFO - Using connection ID 'postgres_connection_id' for task execution.
[2024-06-01T07:45:21.347+0000] {sql.py:470} INFO - Running statement: CREATE TABLE IF NOT EXISTS weathers(
  fk_city varchar(20) REFERENCES cities(wiki_id),

  weather_description VARCHAR(255) NOT NULL,
  temp_celsius DOUBLE PRECISION NOT NULL,
  min_temp_celsius DOUBLE PRECISION,
  max_temp_celsius DOUBLE PRECISION,
  pressure DOUBLE PRECISION,
  humidity DOUBLE PRECISION NOT NULL,
  wind_speed DOUBLE PRECISION NOT NULL,
  time_of_record timestamp NOT NULL,
  sunrise_time timestamp,
  sunset_time timestamp
);, parameters: None
[2024-06-01T07:45:21.350+0000] {taskinstance.py:441} INFO - ::group::Post task execution logs
[2024-06-01T07:45:21.366+0000] {taskinstance.py:1206} INFO - Marking task as SUCCESS. dag_id=my_weather_workflow_DAG_v04, task_id=group_tasks.create_table_weather_postgresql, run_id=manual__2024-06-01T07:22:32.449327+00:00, execution_date=20240601T072232, start_date=20240601T074521, end_date=20240601T074521
[2024-06-01T07:45:21.396+0000] {local_task_job_runner.py:240} INFO - Task exited with return code 0
[2024-06-01T07:45:21.415+0000] {logging_mixin.py:188} WARNING - /home/***/.local/lib/python3.12/site-packages/***/models/baseoperator.py:1296 AirflowProviderDeprecationWarning: Call to deprecated class PostgresOperator. (Please use `***.providers.common.sql.operators.sql.SQLExecuteQueryOperator`.Also, you can provide `hook_params={'schema': <database>}`.)
[2024-06-01T07:45:21.435+0000] {taskinstance.py:3498} INFO - 1 downstream tasks scheduled from follow-on schedule check
[2024-06-01T07:45:21.438+0000] {local_task_job_runner.py:222} INFO - ::endgroup::
