[2024-05-24T11:25:47.110+0000] {local_task_job_runner.py:120} INFO - ::group::Pre task execution logs
[2024-05-24T11:25:47.135+0000] {taskinstance.py:2076} INFO - Dependencies all met for dep_context=non-requeueable deps ti=<TaskInstance: my_weather_workflow_DAG_v03.extract_data_from_api manual__2024-05-24T11:25:43.664220+00:00 [queued]>
[2024-05-24T11:25:47.145+0000] {taskinstance.py:2076} INFO - Dependencies all met for dep_context=requeueable deps ti=<TaskInstance: my_weather_workflow_DAG_v03.extract_data_from_api manual__2024-05-24T11:25:43.664220+00:00 [queued]>
[2024-05-24T11:25:47.146+0000] {taskinstance.py:2306} INFO - Starting attempt 1 of 6
[2024-05-24T11:25:47.160+0000] {taskinstance.py:2330} INFO - Executing <Task(SimpleHttpOperator): extract_data_from_api> on 2024-05-24 11:25:43.664220+00:00
[2024-05-24T11:25:47.168+0000] {logging_mixin.py:188} WARNING - /home/***/.local/lib/python3.12/site-packages/***/task/task_runner/standard_task_runner.py:61 DeprecationWarning: This process (pid=2382) is multi-threaded, use of fork() may lead to deadlocks in the child.
[2024-05-24T11:25:47.167+0000] {standard_task_runner.py:90} INFO - Running: ['***', 'tasks', 'run', 'my_weather_workflow_DAG_v03', 'extract_data_from_api', 'manual__2024-05-24T11:25:43.664220+00:00', '--job-id', '70', '--raw', '--subdir', 'DAGS_FOLDER/weather_dag.py', '--cfg-path', '/tmp/tmpl6nvwi9r']
[2024-05-24T11:25:47.169+0000] {standard_task_runner.py:63} INFO - Started process 2384 to run task
[2024-05-24T11:25:47.170+0000] {standard_task_runner.py:91} INFO - Job 70: Subtask extract_data_from_api
[2024-05-24T11:25:47.241+0000] {task_command.py:426} INFO - Running <TaskInstance: my_weather_workflow_DAG_v03.extract_data_from_api manual__2024-05-24T11:25:43.664220+00:00 [running]> on host 6ab40057742d
[2024-05-24T11:25:47.461+0000] {taskinstance.py:2648} INFO - Exporting env vars: AIRFLOW_CTX_DAG_OWNER='Khang' AIRFLOW_CTX_DAG_ID='my_weather_workflow_DAG_v03' AIRFLOW_CTX_TASK_ID='extract_data_from_api' AIRFLOW_CTX_EXECUTION_DATE='2024-05-24T11:25:43.664220+00:00' AIRFLOW_CTX_TRY_NUMBER='1' AIRFLOW_CTX_DAG_RUN_ID='manual__2024-05-24T11:25:43.664220+00:00'
[2024-05-24T11:25:47.463+0000] {taskinstance.py:430} INFO - ::endgroup::
[2024-05-24T11:25:47.474+0000] {http.py:169} INFO - Calling HTTP method
[2024-05-24T11:25:47.486+0000] {base.py:84} INFO - Using connection ID 'weather_map_api_connection' for task execution.
[2024-05-24T11:25:47.498+0000] {base.py:84} INFO - Using connection ID 'weather_map_api_connection' for task execution.
[2024-05-24T11:25:47.691+0000] {http.py:208} INFO - {"coord":{"lon":106.6619,"lat":10.7561},"weather":[{"id":501,"main":"Rain","description":"moderate rain","icon":"10n"}],"base":"stations","main":{"temp":304.83,"feels_like":311.83,"temp_min":303.12,"temp_max":304.83,"pressure":1006,"humidity":72},"visibility":10000,"wind":{"speed":0.51,"deg":0},"rain":{"1h":3.65},"clouds":{"all":40},"dt":1716549698,"sys":{"type":2,"id":2093009,"country":"VN","sunrise":1716503411,"sunset":1716549032},"timezone":25200,"id":1566083,"name":"Ho Chi Minh City","cod":200}
[2024-05-24T11:25:47.694+0000] {taskinstance.py:441} INFO - ::group::Post task execution logs
[2024-05-24T11:25:47.736+0000] {taskinstance.py:1206} INFO - Marking task as SUCCESS. dag_id=my_weather_workflow_DAG_v03, task_id=extract_data_from_api, run_id=manual__2024-05-24T11:25:43.664220+00:00, execution_date=20240524T112543, start_date=20240524T112547, end_date=20240524T112547
[2024-05-24T11:25:47.787+0000] {local_task_job_runner.py:240} INFO - Task exited with return code 0
[2024-05-24T11:25:47.805+0000] {logging_mixin.py:188} WARNING - /home/***/.local/lib/python3.12/site-packages/***/models/baseoperator.py:1296 AirflowProviderDeprecationWarning: Call to deprecated class SimpleHttpOperator. (Class `SimpleHttpOperator` is deprecated and will be removed in a future release. Please use `HttpOperator` instead.)
[2024-05-24T11:25:47.818+0000] {taskinstance.py:3498} INFO - 1 downstream tasks scheduled from follow-on schedule check
[2024-05-24T11:25:47.821+0000] {local_task_job_runner.py:222} INFO - ::endgroup::
