[2024-05-31T16:26:05.474+0000] {local_task_job_runner.py:120} INFO - ::group::Pre task execution logs
[2024-05-31T16:26:05.496+0000] {taskinstance.py:2076} INFO - Dependencies all met for dep_context=non-requeueable deps ti=<TaskInstance: my_weather_workflow_DAG_v04.group_tasks.transform_data_weather manual__2024-05-31T11:14:41.858816+00:00 [queued]>
[2024-05-31T16:26:05.505+0000] {taskinstance.py:2076} INFO - Dependencies all met for dep_context=requeueable deps ti=<TaskInstance: my_weather_workflow_DAG_v04.group_tasks.transform_data_weather manual__2024-05-31T11:14:41.858816+00:00 [queued]>
[2024-05-31T16:26:05.506+0000] {taskinstance.py:2306} INFO - Starting attempt 4 of 9
[2024-05-31T16:26:05.520+0000] {taskinstance.py:2330} INFO - Executing <Task(PythonOperator): group_tasks.transform_data_weather> on 2024-05-31 11:14:41.858816+00:00
[2024-05-31T16:26:05.528+0000] {logging_mixin.py:188} WARNING - /home/***/.local/lib/python3.12/site-packages/***/task/task_runner/standard_task_runner.py:61 DeprecationWarning: This process (pid=1481) is multi-threaded, use of fork() may lead to deadlocks in the child.
[2024-05-31T16:26:05.530+0000] {standard_task_runner.py:63} INFO - Started process 1483 to run task
[2024-05-31T16:26:05.529+0000] {standard_task_runner.py:90} INFO - Running: ['***', 'tasks', 'run', 'my_weather_workflow_DAG_v04', 'group_tasks.transform_data_weather', 'manual__2024-05-31T11:14:41.858816+00:00', '--job-id', '415', '--raw', '--subdir', 'DAGS_FOLDER/weather_dag.py', '--cfg-path', '/tmp/tmpfb1tte5i']
[2024-05-31T16:26:05.532+0000] {standard_task_runner.py:91} INFO - Job 415: Subtask group_tasks.transform_data_weather
[2024-05-31T16:26:05.597+0000] {task_command.py:426} INFO - Running <TaskInstance: my_weather_workflow_DAG_v04.group_tasks.transform_data_weather manual__2024-05-31T11:14:41.858816+00:00 [running]> on host cd9caf1c47f0
[2024-05-31T16:26:05.700+0000] {taskinstance.py:2648} INFO - Exporting env vars: AIRFLOW_CTX_DAG_OWNER='Khang' AIRFLOW_CTX_DAG_ID='my_weather_workflow_DAG_v04' AIRFLOW_CTX_TASK_ID='group_tasks.transform_data_weather' AIRFLOW_CTX_EXECUTION_DATE='2024-05-31T11:14:41.858816+00:00' AIRFLOW_CTX_TRY_NUMBER='4' AIRFLOW_CTX_DAG_RUN_ID='manual__2024-05-31T11:14:41.858816+00:00'
[2024-05-31T16:26:05.702+0000] {taskinstance.py:430} INFO - ::endgroup::
[2024-05-31T16:26:05.729+0000] {taskinstance.py:441} INFO - ::group::Post task execution logs
[2024-05-31T16:26:05.730+0000] {taskinstance.py:2905} ERROR - Task failed with exception
Traceback (most recent call last):
  File "/home/airflow/.local/lib/python3.12/site-packages/airflow/models/taskinstance.py", line 465, in _execute_task
    result = _execute_callable(context=context, **execute_callable_kwargs)
             ^^^^^^^^^^^^^^^^^^^^^^^^^^^^^^^^^^^^^^^^^^^^^^^^^^^^^^^^^^^^^
  File "/home/airflow/.local/lib/python3.12/site-packages/airflow/models/taskinstance.py", line 432, in _execute_callable
    return execute_callable(context=context, **execute_callable_kwargs)
           ^^^^^^^^^^^^^^^^^^^^^^^^^^^^^^^^^^^^^^^^^^^^^^^^^^^^^^^^^^^^
  File "/home/airflow/.local/lib/python3.12/site-packages/airflow/models/baseoperator.py", line 400, in wrapper
    return func(self, *args, **kwargs)
           ^^^^^^^^^^^^^^^^^^^^^^^^^^^
  File "/home/airflow/.local/lib/python3.12/site-packages/airflow/operators/python.py", line 235, in execute
    return_value = self.execute_callable()
                   ^^^^^^^^^^^^^^^^^^^^^^^
  File "/home/airflow/.local/lib/python3.12/site-packages/airflow/operators/python.py", line 252, in execute_callable
    return self.python_callable(*self.op_args, **self.op_kwargs)
           ^^^^^^^^^^^^^^^^^^^^^^^^^^^^^^^^^^^^^^^^^^^^^^^^^^^^^
  File "/opt/airflow/dags/weather_dag.py", line 134, in transform_data_weather
    weather_description = data['weather'][0]['description']
                          ~~~~^^^^^^^^^^^
TypeError: 'NoneType' object is not subscriptable
[2024-05-31T16:26:05.748+0000] {taskinstance.py:1206} INFO - Marking task as UP_FOR_RETRY. dag_id=my_weather_workflow_DAG_v04, task_id=group_tasks.transform_data_weather, run_id=manual__2024-05-31T11:14:41.858816+00:00, execution_date=20240531T111441, start_date=20240531T162605, end_date=20240531T162605
[2024-05-31T16:26:05.762+0000] {standard_task_runner.py:110} ERROR - Failed to execute job 415 for task group_tasks.transform_data_weather ('NoneType' object is not subscriptable; 1483)
[2024-05-31T16:26:05.786+0000] {local_task_job_runner.py:240} INFO - Task exited with return code 1
[2024-05-31T16:26:05.807+0000] {taskinstance.py:3498} INFO - 0 downstream tasks scheduled from follow-on schedule check
[2024-05-31T16:26:05.810+0000] {local_task_job_runner.py:222} INFO - ::endgroup::
