[2024-05-23T05:59:36.648+0000] {local_task_job_runner.py:120} INFO - ::group::Pre task execution logs
[2024-05-23T05:59:36.670+0000] {taskinstance.py:2076} INFO - Dependencies all met for dep_context=non-requeueable deps ti=<TaskInstance: my_weather_workflow_DAG_v01.is_weather_api_ready_task manual__2024-05-23T05:49:33.411601+00:00 [queued]>
[2024-05-23T05:59:36.677+0000] {taskinstance.py:2076} INFO - Dependencies all met for dep_context=requeueable deps ti=<TaskInstance: my_weather_workflow_DAG_v01.is_weather_api_ready_task manual__2024-05-23T05:49:33.411601+00:00 [queued]>
[2024-05-23T05:59:36.678+0000] {taskinstance.py:2306} INFO - Starting attempt 3 of 6
[2024-05-23T05:59:36.693+0000] {taskinstance.py:2330} INFO - Executing <Task(HttpSensor): is_weather_api_ready_task> on 2024-05-23 05:49:33.411601+00:00
[2024-05-23T05:59:36.700+0000] {standard_task_runner.py:90} INFO - Running: ['***', 'tasks', 'run', 'my_weather_workflow_DAG_v01', 'is_weather_api_ready_task', 'manual__2024-05-23T05:49:33.411601+00:00', '--job-id', '10', '--raw', '--subdir', 'DAGS_FOLDER/weather_dag.py', '--cfg-path', '/tmp/tmp3qt93xbs']
[2024-05-23T05:59:36.704+0000] {standard_task_runner.py:91} INFO - Job 10: Subtask is_weather_api_ready_task
[2024-05-23T05:59:36.707+0000] {logging_mixin.py:188} WARNING - /home/***/.local/lib/python3.12/site-packages/***/task/task_runner/standard_task_runner.py:61 DeprecationWarning: This process (pid=1279) is multi-threaded, use of fork() may lead to deadlocks in the child.
[2024-05-23T05:59:36.708+0000] {standard_task_runner.py:63} INFO - Started process 1280 to run task
[2024-05-23T05:59:36.765+0000] {task_command.py:426} INFO - Running <TaskInstance: my_weather_workflow_DAG_v01.is_weather_api_ready_task manual__2024-05-23T05:49:33.411601+00:00 [running]> on host 6ab40057742d
[2024-05-23T05:59:36.857+0000] {taskinstance.py:2648} INFO - Exporting env vars: AIRFLOW_CTX_DAG_OWNER='Khang' AIRFLOW_CTX_DAG_ID='my_weather_workflow_DAG_v01' AIRFLOW_CTX_TASK_ID='is_weather_api_ready_task' AIRFLOW_CTX_EXECUTION_DATE='2024-05-23T05:49:33.411601+00:00' AIRFLOW_CTX_TRY_NUMBER='3' AIRFLOW_CTX_DAG_RUN_ID='manual__2024-05-23T05:49:33.411601+00:00'
[2024-05-23T05:59:36.858+0000] {taskinstance.py:430} INFO - ::endgroup::
[2024-05-23T05:59:36.875+0000] {baseoperator.py:399} WARNING - HttpSensor.execute cannot be called outside TaskInstance!
[2024-05-23T05:59:36.875+0000] {http.py:137} INFO - Poking: /data/2.5/weather?lat=10.762622&lon=106.660172&appid=9881854b04470f3cd966ec1ffdf5ff08
[2024-05-23T05:59:36.888+0000] {base.py:84} INFO - Using connection ID 'weather_map_api_connection' for task execution.
[2024-05-23T05:59:37.334+0000] {base.py:294} INFO - Success criteria met. Exiting.
[2024-05-23T05:59:37.335+0000] {taskinstance.py:441} INFO - ::group::Post task execution logs
[2024-05-23T05:59:37.347+0000] {taskinstance.py:1206} INFO - Marking task as SUCCESS. dag_id=my_weather_workflow_DAG_v01, task_id=is_weather_api_ready_task, run_id=manual__2024-05-23T05:49:33.411601+00:00, execution_date=20240523T054933, start_date=20240523T055936, end_date=20240523T055937
[2024-05-23T05:59:37.366+0000] {local_task_job_runner.py:240} INFO - Task exited with return code 0
[2024-05-23T05:59:37.386+0000] {taskinstance.py:3498} INFO - 0 downstream tasks scheduled from follow-on schedule check
[2024-05-23T05:59:37.388+0000] {local_task_job_runner.py:222} INFO - ::endgroup::
