[2024-05-31T04:01:31.007+0000] {local_task_job_runner.py:120} INFO - ::group::Pre task execution logs
[2024-05-31T04:01:31.027+0000] {taskinstance.py:2076} INFO - Dependencies all met for dep_context=non-requeueable deps ti=<TaskInstance: my_weather_workflow_DAG_v04.is_api_city_ready manual__2024-05-31T04:01:29.520053+00:00 [queued]>
[2024-05-31T04:01:31.035+0000] {taskinstance.py:2076} INFO - Dependencies all met for dep_context=requeueable deps ti=<TaskInstance: my_weather_workflow_DAG_v04.is_api_city_ready manual__2024-05-31T04:01:29.520053+00:00 [queued]>
[2024-05-31T04:01:31.036+0000] {taskinstance.py:2306} INFO - Starting attempt 1 of 6
[2024-05-31T04:01:31.048+0000] {taskinstance.py:2330} INFO - Executing <Task(PythonOperator): is_api_city_ready> on 2024-05-31 04:01:29.520053+00:00
[2024-05-31T04:01:31.062+0000] {standard_task_runner.py:90} INFO - Running: ['***', 'tasks', 'run', 'my_weather_workflow_DAG_v04', 'is_api_city_ready', 'manual__2024-05-31T04:01:29.520053+00:00', '--job-id', '173', '--raw', '--subdir', 'DAGS_FOLDER/weather_dag.py', '--cfg-path', '/tmp/tmp_hu3ibsc']
[2024-05-31T04:01:31.066+0000] {standard_task_runner.py:91} INFO - Job 173: Subtask is_api_city_ready
[2024-05-31T04:01:31.067+0000] {logging_mixin.py:188} WARNING - /home/***/.local/lib/python3.12/site-packages/***/task/task_runner/standard_task_runner.py:61 DeprecationWarning: This process (pid=1163) is multi-threaded, use of fork() may lead to deadlocks in the child.
[2024-05-31T04:01:31.068+0000] {standard_task_runner.py:63} INFO - Started process 1165 to run task
[2024-05-31T04:01:31.135+0000] {task_command.py:426} INFO - Running <TaskInstance: my_weather_workflow_DAG_v04.is_api_city_ready manual__2024-05-31T04:01:29.520053+00:00 [running]> on host cd9caf1c47f0
[2024-05-31T04:01:31.267+0000] {taskinstance.py:2648} INFO - Exporting env vars: AIRFLOW_CTX_DAG_OWNER='Khang' AIRFLOW_CTX_DAG_ID='my_weather_workflow_DAG_v04' AIRFLOW_CTX_TASK_ID='is_api_city_ready' AIRFLOW_CTX_EXECUTION_DATE='2024-05-31T04:01:29.520053+00:00' AIRFLOW_CTX_TRY_NUMBER='1' AIRFLOW_CTX_DAG_RUN_ID='manual__2024-05-31T04:01:29.520053+00:00'
[2024-05-31T04:01:31.269+0000] {taskinstance.py:430} INFO - ::endgroup::
[2024-05-31T04:01:31.283+0000] {http.py:137} INFO - Poking: /v1/geo/cities/Q25282
[2024-05-31T04:01:31.297+0000] {base.py:84} INFO - Using connection ID 'city_map_api_connection' for task execution.
[2024-05-31T04:01:31.754+0000] {python.py:237} INFO - Done. Returned value was: None
[2024-05-31T04:01:31.755+0000] {taskinstance.py:441} INFO - ::group::Post task execution logs
[2024-05-31T04:01:31.771+0000] {taskinstance.py:1206} INFO - Marking task as SUCCESS. dag_id=my_weather_workflow_DAG_v04, task_id=is_api_city_ready, run_id=manual__2024-05-31T04:01:29.520053+00:00, execution_date=20240531T040129, start_date=20240531T040131, end_date=20240531T040131
[2024-05-31T04:01:31.806+0000] {local_task_job_runner.py:240} INFO - Task exited with return code 0
[2024-05-31T04:01:31.846+0000] {taskinstance.py:3498} INFO - 1 downstream tasks scheduled from follow-on schedule check
[2024-05-31T04:01:31.849+0000] {local_task_job_runner.py:222} INFO - ::endgroup::
