[2024-06-01T16:26:45.839+0000] {local_task_job_runner.py:120} INFO - ::group::Pre task execution logs
[2024-06-01T16:26:45.884+0000] {taskinstance.py:2076} INFO - Dependencies all met for dep_context=non-requeueable deps ti=<TaskInstance: city_data_workflow_DAG_final.extract_city_data_from_api manual__2024-06-01T16:19:32.823021+00:00 [queued]>
[2024-06-01T16:26:45.896+0000] {taskinstance.py:2076} INFO - Dependencies all met for dep_context=requeueable deps ti=<TaskInstance: city_data_workflow_DAG_final.extract_city_data_from_api manual__2024-06-01T16:19:32.823021+00:00 [queued]>
[2024-06-01T16:26:45.897+0000] {taskinstance.py:2306} INFO - Starting attempt 3 of 8
[2024-06-01T16:26:45.918+0000] {taskinstance.py:2330} INFO - Executing <Task(SimpleHttpOperator): extract_city_data_from_api> on 2024-06-01 16:19:32.823021+00:00
[2024-06-01T16:26:45.926+0000] {logging_mixin.py:188} WARNING - /home/***/.local/lib/python3.12/site-packages/***/task/task_runner/standard_task_runner.py:61 DeprecationWarning: This process (pid=3481) is multi-threaded, use of fork() may lead to deadlocks in the child.
[2024-06-01T16:26:45.928+0000] {standard_task_runner.py:63} INFO - Started process 3483 to run task
[2024-06-01T16:26:45.927+0000] {standard_task_runner.py:90} INFO - Running: ['***', 'tasks', 'run', 'city_data_workflow_DAG_final', 'extract_city_data_from_api', 'manual__2024-06-01T16:19:32.823021+00:00', '--job-id', '879', '--raw', '--subdir', 'DAGS_FOLDER/tasks_flow.py', '--cfg-path', '/tmp/tmpyh8nvh3j']
[2024-06-01T16:26:45.930+0000] {standard_task_runner.py:91} INFO - Job 879: Subtask extract_city_data_from_api
[2024-06-01T16:26:46.005+0000] {task_command.py:426} INFO - Running <TaskInstance: city_data_workflow_DAG_final.extract_city_data_from_api manual__2024-06-01T16:19:32.823021+00:00 [running]> on host cd9caf1c47f0
[2024-06-01T16:26:46.112+0000] {taskinstance.py:2648} INFO - Exporting env vars: AIRFLOW_CTX_DAG_OWNER='Khang' AIRFLOW_CTX_DAG_ID='city_data_workflow_DAG_final' AIRFLOW_CTX_TASK_ID='extract_city_data_from_api' AIRFLOW_CTX_EXECUTION_DATE='2024-06-01T16:19:32.823021+00:00' AIRFLOW_CTX_TRY_NUMBER='3' AIRFLOW_CTX_DAG_RUN_ID='manual__2024-06-01T16:19:32.823021+00:00'
[2024-06-01T16:26:46.114+0000] {taskinstance.py:430} INFO - ::endgroup::
[2024-06-01T16:26:46.129+0000] {http.py:169} INFO - Calling HTTP method
[2024-06-01T16:26:46.144+0000] {base.py:84} INFO - Using connection ID 'city_map_api_connection' for task execution.
[2024-06-01T16:26:46.159+0000] {base.py:84} INFO - Using connection ID 'city_map_api_connection' for task execution.
[2024-06-01T16:26:46.536+0000] {http.py:208} INFO - {"data":{"id":3453078,"wikiDataId":"Q1858","type":"CITY","city":"Hanoi","name":"Hanoi","country":"Vietnam","countryCode":"VN","region":"Hanoi","regionCode":"HN","regionWdId":"Q1858","latitude":21.0245,"longitude":105.84117,"population":8435650,"timezone":"Asia__Bangkok","deleted":false}}
[2024-06-01T16:26:46.538+0000] {taskinstance.py:441} INFO - ::group::Post task execution logs
[2024-06-01T16:26:46.573+0000] {taskinstance.py:1206} INFO - Marking task as SUCCESS. dag_id=city_data_workflow_DAG_final, task_id=extract_city_data_from_api, run_id=manual__2024-06-01T16:19:32.823021+00:00, execution_date=20240601T161932, start_date=20240601T162645, end_date=20240601T162646
[2024-06-01T16:26:46.626+0000] {local_task_job_runner.py:240} INFO - Task exited with return code 0
[2024-06-01T16:26:46.664+0000] {logging_mixin.py:188} WARNING - /home/***/.local/lib/python3.12/site-packages/***/models/baseoperator.py:1296 AirflowProviderDeprecationWarning: Call to deprecated class PostgresOperator. (Please use `***.providers.common.sql.operators.sql.SQLExecuteQueryOperator`.Also, you can provide `hook_params={'schema': <database>}`.)
[2024-06-01T16:26:46.668+0000] {logging_mixin.py:188} WARNING - /home/***/.local/lib/python3.12/site-packages/***/models/baseoperator.py:1296 AirflowProviderDeprecationWarning: Call to deprecated class SimpleHttpOperator. (Class `SimpleHttpOperator` is deprecated and will be removed in a future release. Please use `HttpOperator` instead.)
[2024-06-01T16:26:46.687+0000] {taskinstance.py:3498} INFO - 1 downstream tasks scheduled from follow-on schedule check
[2024-06-01T16:26:46.691+0000] {local_task_job_runner.py:222} INFO - ::endgroup::
