[2024-06-03T10:48:42.259+0000] {local_task_job_runner.py:120} INFO - ::group::Pre task execution logs
[2024-06-03T10:48:42.281+0000] {taskinstance.py:2076} INFO - Dependencies all met for dep_context=non-requeueable deps ti=<TaskInstance: city_data_workflow_DAG_final.is_api_city_ready manual__2024-06-03T10:48:40.858423+00:00 [queued]>
[2024-06-03T10:48:42.290+0000] {taskinstance.py:2076} INFO - Dependencies all met for dep_context=requeueable deps ti=<TaskInstance: city_data_workflow_DAG_final.is_api_city_ready manual__2024-06-03T10:48:40.858423+00:00 [queued]>
[2024-06-03T10:48:42.291+0000] {taskinstance.py:2306} INFO - Starting attempt 1 of 6
[2024-06-03T10:48:42.304+0000] {taskinstance.py:2330} INFO - Executing <Task(HttpSensor): is_api_city_ready> on 2024-06-03 10:48:40.858423+00:00
[2024-06-03T10:48:42.312+0000] {standard_task_runner.py:90} INFO - Running: ['***', 'tasks', 'run', 'city_data_workflow_DAG_final', 'is_api_city_ready', 'manual__2024-06-03T10:48:40.858423+00:00', '--job-id', '1011', '--raw', '--subdir', 'DAGS_FOLDER/tasks_flow.py', '--cfg-path', '/tmp/tmpx03v4ns3']
[2024-06-03T10:48:42.316+0000] {standard_task_runner.py:91} INFO - Job 1011: Subtask is_api_city_ready
[2024-06-03T10:48:42.319+0000] {logging_mixin.py:188} WARNING - /home/***/.local/lib/python3.12/site-packages/***/task/task_runner/standard_task_runner.py:61 DeprecationWarning: This process (pid=374) is multi-threaded, use of fork() may lead to deadlocks in the child.
[2024-06-03T10:48:42.321+0000] {standard_task_runner.py:63} INFO - Started process 376 to run task
[2024-06-03T10:48:42.380+0000] {task_command.py:426} INFO - Running <TaskInstance: city_data_workflow_DAG_final.is_api_city_ready manual__2024-06-03T10:48:40.858423+00:00 [running]> on host cd9caf1c47f0
[2024-06-03T10:48:42.476+0000] {taskinstance.py:2648} INFO - Exporting env vars: AIRFLOW_CTX_DAG_OWNER='Khang' AIRFLOW_CTX_DAG_ID='city_data_workflow_DAG_final' AIRFLOW_CTX_TASK_ID='is_api_city_ready' AIRFLOW_CTX_EXECUTION_DATE='2024-06-03T10:48:40.858423+00:00' AIRFLOW_CTX_TRY_NUMBER='1' AIRFLOW_CTX_DAG_RUN_ID='manual__2024-06-03T10:48:40.858423+00:00'
[2024-06-03T10:48:42.477+0000] {taskinstance.py:430} INFO - ::endgroup::
[2024-06-03T10:48:42.495+0000] {baseoperator.py:399} WARNING - HttpSensor.execute cannot be called outside TaskInstance!
[2024-06-03T10:48:42.496+0000] {http.py:137} INFO - Poking: /v1/geo/cities/Q25282
[2024-06-03T10:48:42.509+0000] {base.py:84} INFO - Using connection ID 'city_map_api_connection' for task execution.
[2024-06-03T10:48:43.009+0000] {base.py:294} INFO - Success criteria met. Exiting.
[2024-06-03T10:48:43.010+0000] {taskinstance.py:441} INFO - ::group::Post task execution logs
[2024-06-03T10:48:43.027+0000] {taskinstance.py:1206} INFO - Marking task as SUCCESS. dag_id=city_data_workflow_DAG_final, task_id=is_api_city_ready, run_id=manual__2024-06-03T10:48:40.858423+00:00, execution_date=20240603T104840, start_date=20240603T104842, end_date=20240603T104843
[2024-06-03T10:48:43.058+0000] {local_task_job_runner.py:240} INFO - Task exited with return code 0
[2024-06-03T10:48:43.074+0000] {logging_mixin.py:188} WARNING - /home/***/.local/lib/python3.12/site-packages/***/models/baseoperator.py:1296 AirflowProviderDeprecationWarning: Call to deprecated class SimpleHttpOperator. (Class `SimpleHttpOperator` is deprecated and will be removed in a future release. Please use `HttpOperator` instead.)
[2024-06-03T10:48:43.076+0000] {logging_mixin.py:188} WARNING - /home/***/.local/lib/python3.12/site-packages/***/models/baseoperator.py:1296 AirflowProviderDeprecationWarning: Call to deprecated class PostgresOperator. (Please use `***.providers.common.sql.operators.sql.SQLExecuteQueryOperator`.Also, you can provide `hook_params={'schema': <database>}`.)
[2024-06-03T10:48:43.087+0000] {dagrun.py:941} ERROR - Failed to get task for ti <TaskInstance: city_data_workflow_DAG_final.delete_data_in_postgresql manual__2024-06-03T10:48:40.858423+00:00 [None]>. Marking it as removed.
[2024-06-03T10:48:43.107+0000] {taskinstance.py:3498} INFO - 1 downstream tasks scheduled from follow-on schedule check
[2024-06-03T10:48:43.110+0000] {local_task_job_runner.py:222} INFO - ::endgroup::
