[2024-06-01T09:20:54.502+0000] {local_task_job_runner.py:120} INFO - ::group::Pre task execution logs
[2024-06-01T09:20:54.527+0000] {taskinstance.py:2076} INFO - Dependencies all met for dep_context=non-requeueable deps ti=<TaskInstance: my_weather_workflow_DAG_v04.extract_city_data_from_api manual__2024-06-01T09:17:56.157602+00:00 [queued]>
[2024-06-01T09:20:54.536+0000] {taskinstance.py:2076} INFO - Dependencies all met for dep_context=requeueable deps ti=<TaskInstance: my_weather_workflow_DAG_v04.extract_city_data_from_api manual__2024-06-01T09:17:56.157602+00:00 [queued]>
[2024-06-01T09:20:54.537+0000] {taskinstance.py:2306} INFO - Starting attempt 3 of 8
[2024-06-01T09:20:54.552+0000] {taskinstance.py:2330} INFO - Executing <Task(SimpleHttpOperator): extract_city_data_from_api> on 2024-06-01 09:17:56.157602+00:00
[2024-06-01T09:20:54.560+0000] {logging_mixin.py:188} WARNING - /home/***/.local/lib/python3.12/site-packages/***/task/task_runner/standard_task_runner.py:61 DeprecationWarning: This process (pid=10796) is multi-threaded, use of fork() may lead to deadlocks in the child.
[2024-06-01T09:20:54.560+0000] {standard_task_runner.py:90} INFO - Running: ['***', 'tasks', 'run', 'my_weather_workflow_DAG_v04', 'extract_city_data_from_api', 'manual__2024-06-01T09:17:56.157602+00:00', '--job-id', '724', '--raw', '--subdir', 'DAGS_FOLDER/tasks_flow.py', '--cfg-path', '/tmp/tmpxfh_ax_e']
[2024-06-01T09:20:54.562+0000] {standard_task_runner.py:63} INFO - Started process 10798 to run task
[2024-06-01T09:20:54.562+0000] {standard_task_runner.py:91} INFO - Job 724: Subtask extract_city_data_from_api
[2024-06-01T09:20:54.622+0000] {task_command.py:426} INFO - Running <TaskInstance: my_weather_workflow_DAG_v04.extract_city_data_from_api manual__2024-06-01T09:17:56.157602+00:00 [running]> on host cd9caf1c47f0
[2024-06-01T09:20:54.717+0000] {taskinstance.py:2648} INFO - Exporting env vars: AIRFLOW_CTX_DAG_OWNER='Khang' AIRFLOW_CTX_DAG_ID='my_weather_workflow_DAG_v04' AIRFLOW_CTX_TASK_ID='extract_city_data_from_api' AIRFLOW_CTX_EXECUTION_DATE='2024-06-01T09:17:56.157602+00:00' AIRFLOW_CTX_TRY_NUMBER='3' AIRFLOW_CTX_DAG_RUN_ID='manual__2024-06-01T09:17:56.157602+00:00'
[2024-06-01T09:20:54.719+0000] {taskinstance.py:430} INFO - ::endgroup::
[2024-06-01T09:20:54.731+0000] {http.py:169} INFO - Calling HTTP method
[2024-06-01T09:20:54.743+0000] {base.py:84} INFO - Using connection ID 'city_map_api_connection' for task execution.
[2024-06-01T09:20:54.757+0000] {base.py:84} INFO - Using connection ID 'city_map_api_connection' for task execution.
[2024-06-01T09:20:55.206+0000] {http.py:208} INFO - {"data":{"id":3237541,"wikiDataId":"Q36167","type":"CITY","city":"Huế","name":"Huế","country":"Vietnam","countryCode":"VN","region":"Thừa Thiên Huế","regionCode":"26","regionWdId":"Q36399","elevationMeters":12,"latitude":16.456111111,"longitude":107.576388888,"population":652572,"timezone":"Asia__Bangkok","deleted":false}}
[2024-06-01T09:20:55.211+0000] {taskinstance.py:441} INFO - ::group::Post task execution logs
[2024-06-01T09:20:55.253+0000] {taskinstance.py:1206} INFO - Marking task as SUCCESS. dag_id=my_weather_workflow_DAG_v04, task_id=extract_city_data_from_api, run_id=manual__2024-06-01T09:17:56.157602+00:00, execution_date=20240601T091756, start_date=20240601T092054, end_date=20240601T092055
[2024-06-01T09:20:55.301+0000] {local_task_job_runner.py:240} INFO - Task exited with return code 0
[2024-06-01T09:20:55.321+0000] {logging_mixin.py:188} WARNING - /home/***/.local/lib/python3.12/site-packages/***/models/baseoperator.py:1296 AirflowProviderDeprecationWarning: Call to deprecated class PostgresOperator. (Please use `***.providers.common.sql.operators.sql.SQLExecuteQueryOperator`.Also, you can provide `hook_params={'schema': <database>}`.)
[2024-06-01T09:20:55.326+0000] {logging_mixin.py:188} WARNING - /home/***/.local/lib/python3.12/site-packages/***/models/baseoperator.py:1296 AirflowProviderDeprecationWarning: Call to deprecated class SimpleHttpOperator. (Class `SimpleHttpOperator` is deprecated and will be removed in a future release. Please use `HttpOperator` instead.)
[2024-06-01T09:20:55.349+0000] {taskinstance.py:3498} INFO - 1 downstream tasks scheduled from follow-on schedule check
[2024-06-01T09:20:55.353+0000] {local_task_job_runner.py:222} INFO - ::endgroup::
