[2024-06-03T08:25:19.720+0000] {local_task_job_runner.py:120} INFO - ::group::Pre task execution logs
[2024-06-03T08:25:19.750+0000] {taskinstance.py:2076} INFO - Dependencies all met for dep_context=non-requeueable deps ti=<TaskInstance: city_data_workflow_DAG_final.is_api_city_ready scheduled__2024-06-02T00:00:00+00:00 [queued]>
[2024-06-03T08:25:19.765+0000] {taskinstance.py:2076} INFO - Dependencies all met for dep_context=requeueable deps ti=<TaskInstance: city_data_workflow_DAG_final.is_api_city_ready scheduled__2024-06-02T00:00:00+00:00 [queued]>
[2024-06-03T08:25:19.766+0000] {taskinstance.py:2306} INFO - Starting attempt 1 of 6
[2024-06-03T08:25:19.786+0000] {taskinstance.py:2330} INFO - Executing <Task(HttpSensor): is_api_city_ready> on 2024-06-02 00:00:00+00:00
[2024-06-03T08:25:19.796+0000] {standard_task_runner.py:90} INFO - Running: ['***', 'tasks', 'run', 'city_data_workflow_DAG_final', 'is_api_city_ready', 'scheduled__2024-06-02T00:00:00+00:00', '--job-id', '946', '--raw', '--subdir', 'DAGS_FOLDER/tasks_flow.py', '--cfg-path', '/tmp/tmpi5ywol2w']
[2024-06-03T08:25:19.801+0000] {standard_task_runner.py:91} INFO - Job 946: Subtask is_api_city_ready
[2024-06-03T08:25:19.806+0000] {logging_mixin.py:188} WARNING - /home/***/.local/lib/python3.12/site-packages/***/task/task_runner/standard_task_runner.py:61 DeprecationWarning: This process (pid=170) is multi-threaded, use of fork() may lead to deadlocks in the child.
[2024-06-03T08:25:19.807+0000] {standard_task_runner.py:63} INFO - Started process 178 to run task
[2024-06-03T08:25:19.869+0000] {task_command.py:426} INFO - Running <TaskInstance: city_data_workflow_DAG_final.is_api_city_ready scheduled__2024-06-02T00:00:00+00:00 [running]> on host cd9caf1c47f0
[2024-06-03T08:25:19.982+0000] {taskinstance.py:2648} INFO - Exporting env vars: AIRFLOW_CTX_DAG_OWNER='Khang' AIRFLOW_CTX_DAG_ID='city_data_workflow_DAG_final' AIRFLOW_CTX_TASK_ID='is_api_city_ready' AIRFLOW_CTX_EXECUTION_DATE='2024-06-02T00:00:00+00:00' AIRFLOW_CTX_TRY_NUMBER='1' AIRFLOW_CTX_DAG_RUN_ID='scheduled__2024-06-02T00:00:00+00:00'
[2024-06-03T08:25:19.983+0000] {taskinstance.py:430} INFO - ::endgroup::
[2024-06-03T08:25:20.006+0000] {baseoperator.py:399} WARNING - HttpSensor.execute cannot be called outside TaskInstance!
[2024-06-03T08:25:20.007+0000] {http.py:137} INFO - Poking: /v1/geo/cities/Q1854
[2024-06-03T08:25:20.024+0000] {base.py:84} INFO - Using connection ID 'city_map_api_connection' for task execution.
[2024-06-03T08:25:21.858+0000] {base.py:294} INFO - Success criteria met. Exiting.
[2024-06-03T08:25:21.859+0000] {taskinstance.py:441} INFO - ::group::Post task execution logs
[2024-06-03T08:25:21.872+0000] {taskinstance.py:1206} INFO - Marking task as SUCCESS. dag_id=city_data_workflow_DAG_final, task_id=is_api_city_ready, run_id=scheduled__2024-06-02T00:00:00+00:00, execution_date=20240602T000000, start_date=20240603T082519, end_date=20240603T082521
[2024-06-03T08:25:21.909+0000] {local_task_job_runner.py:240} INFO - Task exited with return code 0
[2024-06-03T08:25:21.934+0000] {logging_mixin.py:188} WARNING - /home/***/.local/lib/python3.12/site-packages/***/models/baseoperator.py:1296 AirflowProviderDeprecationWarning: Call to deprecated class SimpleHttpOperator. (Class `SimpleHttpOperator` is deprecated and will be removed in a future release. Please use `HttpOperator` instead.)
[2024-06-03T08:25:21.939+0000] {logging_mixin.py:188} WARNING - /home/***/.local/lib/python3.12/site-packages/***/models/baseoperator.py:1296 AirflowProviderDeprecationWarning: Call to deprecated class PostgresOperator. (Please use `***.providers.common.sql.operators.sql.SQLExecuteQueryOperator`.Also, you can provide `hook_params={'schema': <database>}`.)
[2024-06-03T08:25:21.983+0000] {taskinstance.py:3498} INFO - 1 downstream tasks scheduled from follow-on schedule check
[2024-06-03T08:25:21.987+0000] {local_task_job_runner.py:222} INFO - ::endgroup::
[2024-06-03T09:34:38.319+0000] {local_task_job_runner.py:120} INFO - ::group::Pre task execution logs
[2024-06-03T09:34:38.344+0000] {taskinstance.py:2076} INFO - Dependencies all met for dep_context=non-requeueable deps ti=<TaskInstance: city_data_workflow_DAG_final.is_api_city_ready scheduled__2024-06-02T00:00:00+00:00 [queued]>
[2024-06-03T09:34:38.354+0000] {taskinstance.py:2076} INFO - Dependencies all met for dep_context=requeueable deps ti=<TaskInstance: city_data_workflow_DAG_final.is_api_city_ready scheduled__2024-06-02T00:00:00+00:00 [queued]>
[2024-06-03T09:34:38.355+0000] {taskinstance.py:2306} INFO - Starting attempt 1 of 6
[2024-06-03T09:34:38.371+0000] {taskinstance.py:2330} INFO - Executing <Task(HttpSensor): is_api_city_ready> on 2024-06-02 00:00:00+00:00
[2024-06-03T09:34:38.380+0000] {standard_task_runner.py:90} INFO - Running: ['***', 'tasks', 'run', 'city_data_workflow_DAG_final', 'is_api_city_ready', 'scheduled__2024-06-02T00:00:00+00:00', '--job-id', '962', '--raw', '--subdir', 'DAGS_FOLDER/tasks_flow.py', '--cfg-path', '/tmp/tmpgi9a5u0p']
[2024-06-03T09:34:38.383+0000] {standard_task_runner.py:91} INFO - Job 962: Subtask is_api_city_ready
[2024-06-03T09:34:38.388+0000] {logging_mixin.py:188} WARNING - /home/***/.local/lib/python3.12/site-packages/***/task/task_runner/standard_task_runner.py:61 DeprecationWarning: This process (pid=1961) is multi-threaded, use of fork() may lead to deadlocks in the child.
[2024-06-03T09:34:38.389+0000] {standard_task_runner.py:63} INFO - Started process 1964 to run task
[2024-06-03T09:34:38.457+0000] {task_command.py:426} INFO - Running <TaskInstance: city_data_workflow_DAG_final.is_api_city_ready scheduled__2024-06-02T00:00:00+00:00 [running]> on host cd9caf1c47f0
[2024-06-03T09:34:38.566+0000] {taskinstance.py:2648} INFO - Exporting env vars: AIRFLOW_CTX_DAG_OWNER='Khang' AIRFLOW_CTX_DAG_ID='city_data_workflow_DAG_final' AIRFLOW_CTX_TASK_ID='is_api_city_ready' AIRFLOW_CTX_EXECUTION_DATE='2024-06-02T00:00:00+00:00' AIRFLOW_CTX_TRY_NUMBER='1' AIRFLOW_CTX_DAG_RUN_ID='scheduled__2024-06-02T00:00:00+00:00'
[2024-06-03T09:34:38.568+0000] {taskinstance.py:430} INFO - ::endgroup::
[2024-06-03T09:34:38.583+0000] {baseoperator.py:399} WARNING - HttpSensor.execute cannot be called outside TaskInstance!
[2024-06-03T09:34:38.584+0000] {http.py:137} INFO - Poking: /v1/geo/cities/Q1854
[2024-06-03T09:34:38.598+0000] {base.py:84} INFO - Using connection ID 'city_map_api_connection' for task execution.
[2024-06-03T09:34:39.128+0000] {base.py:294} INFO - Success criteria met. Exiting.
[2024-06-03T09:34:39.130+0000] {taskinstance.py:441} INFO - ::group::Post task execution logs
[2024-06-03T09:34:39.148+0000] {taskinstance.py:1206} INFO - Marking task as SUCCESS. dag_id=city_data_workflow_DAG_final, task_id=is_api_city_ready, run_id=scheduled__2024-06-02T00:00:00+00:00, execution_date=20240602T000000, start_date=20240603T093438, end_date=20240603T093439
[2024-06-03T09:34:39.208+0000] {local_task_job_runner.py:240} INFO - Task exited with return code 0
[2024-06-03T09:34:39.231+0000] {logging_mixin.py:188} WARNING - /home/***/.local/lib/python3.12/site-packages/***/models/baseoperator.py:1296 AirflowProviderDeprecationWarning: Call to deprecated class SimpleHttpOperator. (Class `SimpleHttpOperator` is deprecated and will be removed in a future release. Please use `HttpOperator` instead.)
[2024-06-03T09:34:39.234+0000] {logging_mixin.py:188} WARNING - /home/***/.local/lib/python3.12/site-packages/***/models/baseoperator.py:1296 AirflowProviderDeprecationWarning: Call to deprecated class PostgresOperator. (Please use `***.providers.common.sql.operators.sql.SQLExecuteQueryOperator`.Also, you can provide `hook_params={'schema': <database>}`.)
[2024-06-03T09:34:39.262+0000] {taskinstance.py:3498} INFO - 1 downstream tasks scheduled from follow-on schedule check
[2024-06-03T09:34:39.266+0000] {local_task_job_runner.py:222} INFO - ::endgroup::
